Reading Image: 
Creating Para Surface Mesh: 
Euler Number ok = 2
flag = 0 iterations performed: 156
flag = 0 iterations performed: 159
initially active: {}.
fromC[expr_] := expr /. (mant_Real)*e + (expon_Integer) :> mant*10^expon;
  0 0 i152 -6e-02   15410 i139  0.001  2.5e+00  1e-05  29.770728  3.0e-01  1.6e-01
]]] newton : constraint 1541 -> level 1                              7.881e-01  6.984e+00  3.502e-03
  1 0 i146 -3e-02   15410 i137 -0.123  1.4e+00  8e-06  25.293872  1.1e-01  2.7e-01
]]] newton : constraint 1541 -> level 2                              7.635e-01  2.599e+00  2.703e-03
  2 0 i144 -3e-02   15410 i136  0.129  1.2e+00  3e-06  23.316165  5.8e-02  1.7e-01
]]] newton : constraint 1541 -> level 3                            >>> newton activates constraint 1541 (pos 0); now active: 1
                                                                     7.398e-01  2.228e+00  1.092e-03
  3 0 i143 -2e-02   22230 i136 -0.126  6.1e-01  5e-06  19.682466  4.5e-02  3.4e-01
]]] newton : constraint 2223 -> level 1                              7.282e-01  1.095e+00  7.823e-04
  4 0 i143 -2e-02   22230 i135
[[[ constraint   1541 -> level 4;            0.497  6.7e-01  2e-06  19.720858  4.2e-02  1.7e-01
]]] newton : constraint 2223 -> level 2                              7.169e-01  1.167e+00  7.823e-04
  5 0 i143 -2e-02   22230 i135
[[[ constraint   1541 -> level 3;          <<< inactivate constraint 1541 at postition 0; now active: 0

]]] in_out : constraint 2223 -> level 3                            >>> in_out activates constraint 2223 (pos 0); now active: 1
                                                                   
  6 0 i142 -2e-02   15410 i135  0.627  9.0e-01  2e-06  21.225850  4.1e-02  1.2e-01
]]] newton : constraint 1541 -> level 3                            >>> newton activates constraint 1541 (pos 0); now active: 2
                                                                     6.947e-01  1.498e+00  7.823e-04
  7 0 i142 -2e-02   30560 i134
[[[ constraint   2223 -> level 4;          
[[[ constraint   1541 -> level 4;           -0.160  5.3e-01  3e-06  18.908718  4.1e-02  2.4e-01
]]] newton : constraint 3056 -> level 1                              6.839e-01  9.600e-01  7.823e-04
  8 0 i141 -2e-02   32730 i133
[[[ constraint   1541 -> level 3;          <<< inactivate constraint 1541 at postition 0; now active: 1

]]] in_out : constraint 3273 -> level 1                            
  9 0 i140 -4e-03   32730 i133  1.255  8.2e-01  2e-06  20.407230  4.1e-02  1.4e-01
]]] newton : constraint 3273 -> level 2                              6.706e-01  1.344e+00  6.175e-04
 10 0 i139 -2e-02   15410 i133 -0.197  4.9e-01  1e-06  18.363582  4.1e-02  2.3e-01
]]] newton : constraint 1541 -> level 3                            >>> newton activates constraint 1541 (pos 0); now active: 2
                                                                     6.601e-01  9.035e-01  6.175e-04
 11 0 i138 -8e-03   30560 i132  0.332  4.6e-01  2e-06  18.259496  4.1e-02  2.2e-01
]]] newton : constraint 3056 -> level 2                              6.550e-01  8.647e-01  6.175e-04
 12 0 i139 -2e-02   30560 i132 -0.082  3.6e-01  2e-06  17.852837  4.1e-02  2.9e-01
]]] newton : constraint 3056 -> level 3                            >>> newton activates constraint 3056 (pos 2); now active: 3
                                                                     6.448e-01  7.776e-01  6.175e-04
 13 0 i139 -3e-02   32730 i132  2.491  7.6e-01  3e-06  19.596637  4.1e-02  1.0e-01
]]] newton : constraint 3273 -> level 3                            >>> newton activates constraint 3273 (pos 3); now active: 4
                                                                     6.248e-01  1.208e+00  6.175e-04
 14 0 i140 -3e-02  199220 i131  0.020  7.7e-01  1e-06  19.447426  4.1e-02  1.7e-01
]]] newton : constraint 19922 -> level 1                              6.054e-01  1.200e+00  6.175e-04
 15 0 i139 -3e-02  199220 i131
[[[ constraint   3273 -> level 4;            0.024  7.8e-01  2e-06  19.323496  4.1e-02  1.8e-01
]]] newton : constraint 19922 -> level 2                              5.866e-01  1.188e+00  6.175e-04
 16 0 i138 -3e-02  199220 i131
[[[ constraint   3273 -> level 3;          <<< inactivate constraint 3273 at postition 3; now active: 3

[[[ constraint   1541 -> level 4;          
]]] in_out : constraint 19922 -> level 3                            >>> in_out activates constraint 19922 (pos 3); now active: 4
                                                                   
 17 0 i136 -2e-02   19410 i132
[[[ constraint  19922 -> level 4;          
[[[ constraint   1541 -> level 3;          <<< inactivate constraint 1541 at postition 0; now active: 3

]]] in_out : constraint 1941 -> level 1                            
 18 0 i138 -2e-03   19410 i132
[[[ constraint  19922 -> level 3;          <<< inactivate constraint 19922 at postition 2; now active: 2

]]] in_out : constraint 1941 -> level 2                            
 19 0 i137 -1e-04   19410 i132  0.669  1.1e+00  3e-06  20.570468  4.1e-02  1.2e-01
]]] newton : constraint 1941 -> level 3                            >>> newton activates constraint 1941 (pos 0); now active: 3
                                                                     5.583e-01  1.823e+00  6.175e-04
 20 0 i138 -3e-02   32730 i132
[[[ constraint   1941 -> level 4;           -0.201  7.3e-01  6e-06  18.791754  4.1e-02  2.4e-01
]]] newton : constraint 3273 -> level 3                            >>> newton activates constraint 3273 (pos 3); now active: 4
                                                                     5.410e-01  1.081e+00  6.175e-04
 21 0 i139 -3e-02   15410 i134  0.442  9.5e-01  3e-06  19.488412  4.1e-02  1.6e-01
]]] newton : constraint 1541 -> level 3                            >>> newton activates constraint 1541 (pos 0); now active: 5
                                                                     5.242e-01  1.435e+00  6.175e-04
 22 0 i138 -3e-02  199220 i134 -0.194  6.6e-01  5e-06  18.186509  4.1e-02  3.1e-01
]]] newton : constraint 19922 -> level 3                            >>> newton activates constraint 19922 (pos 5); now active: 6
                                                                     5.080e-01  9.448e-01  6.175e-04
 23 0 i137 -6e-02  202780 i133
[[[ constraint   3273 -> level 4;          
[[[ constraint   1541 -> level 4;            1.823  1.3e+00  3e-06  19.942504  4.1e-02  1.1e-01
]]] newton : constraint 20278 -> level 1                              4.766e-01  2.068e+00  6.175e-04
 24 0 i138 -3e-02  202780 i133
[[[ constraint   3273 -> level 3;          <<< inactivate constraint 3273 at postition 4; now active: 5

[[[ constraint   1941 -> level 3;          <<< inactivate constraint 1941 at postition 1; now active: 4

[[[ constraint   1541 -> level 3;          <<< inactivate constraint 1541 at postition 0; now active: 3

]]] in_out : constraint 20278 -> level 2                            
 25 0 i138 -2e-02  202780 i134 -0.191  8.9e-01  1e-05  18.641361  4.1e-02  3.1e-01
]]] newton : constraint 20278 -> level 3                            >>> newton activates constraint 20278 (pos 3); now active: 4
                                                                     4.547e-01  1.248e+00  6.175e-04
 26 0 i137 -6e-02   32730 i132  0.482  1.2e+00  3e-06  19.174744  4.1e-02  1.5e-01
]]] newton : constraint 3273 -> level 3                            >>> newton activates constraint 3273 (pos 2); now active: 5
                                                                     4.267e-01  1.846e+00  6.175e-04
 27 0 i138 -6e-02   15410 i133
[[[ constraint  19922 -> level 4;          
[[[ constraint   3273 -> level 4;           -0.062  1.1e+00  4e-06  18.699056  4.1e-02  2.0e-01
]]] newton : constraint 1541 -> level 3                            >>> newton activates constraint 1541 (pos 0); now active: 6
                                                                     4.004e-01  1.605e+00  6.175e-04
 28 0 i138 -6e-02   33410 i130
[[[ constraint  19922 -> level 3;          <<< inactivate constraint 19922 at postition 4; now active: 5

[[[ constraint   3273 -> level 3;          <<< inactivate constraint 3273 at postition 3; now active: 4

[[[ constraint   1541 -> level 4;          
]]] in_out : constraint 3341 -> level 1                            
 29 0 i136 -2e-02   33410 i132
[[[ constraint   1541 -> level 3;          <<< inactivate constraint 1541 at postition 0; now active: 3

]]] in_out : constraint 3341 -> level 2                            
 30 0 i138 -4e-03   33410 i132  0.239  1.3e+00  2e-06  19.073414  4.1e-02  1.5e-01
]]] newton : constraint 3341 -> level 3                            >>> newton activates constraint 3341 (pos 2); now active: 4
                                                                     3.685e-01  2.076e+00  6.175e-04
 31 0 i136 -3e-02  200160 i129
[[[ constraint   3341 -> level 4;           -0.170  5.8e-01  4e-06  16.767081  4.1e-02  3.0e-01
]]] newton : constraint 20016 -> level 1                              3.570e-01  6.879e-01  6.175e-04
 32 0 i136 -6e-02   32730 i131
[[[ constraint   3341 -> level 3;          <<< inactivate constraint 3341 at postition 2; now active: 3

]]] in_out : constraint 3273 -> level 3                            >>> in_out activates constraint 3273 (pos 2); now active: 4
                                                                   
 33 0 i137 -8e-03   15410 i131  4.094  1.4e+00  1e-05  18.783979  4.1e-02  1.3e-01
]]] newton : constraint 1541 -> level 3                            >>> newton activates constraint 1541 (pos 0); now active: 5
                                                                     3.325e-01  2.260e+00  6.175e-04
 34 0 i136 -3e-02   33410 i131
[[[ constraint  20278 -> level 4;           -0.153  6.8e-01  2e-06  16.467114  4.1e-02  1.4e-01
]]] right : constraint 16575 -> level 1                            
]]] newton : constraint 3341 -> level 3                            >>> newton activates constraint 3341 (pos 4); now active: 6
                                                                     3.222e-01  7.831e-01  6.175e-04
 35 0 i136 -6e-02  199220 i130
[[[ constraint  20278 -> level 3;          <<< inactivate constraint 20278 at postition 5; now active: 5

[[[ constraint   3341 -> level 4;          
[[[ constraint   3273 -> level 4;          
[[[ constraint   1541 -> level 4;          
]]] in_out : constraint 19922 -> level 3                            >>> in_out activates constraint 19922 (pos 5); now active: 6
                                                                   
 36 0 i136 -3e-02   32410 i130
[[[ constraint   3341 -> level 3;          <<< inactivate constraint 3341 at postition 4; now active: 5

[[[ constraint   3273 -> level 3;          <<< inactivate constraint 3273 at postition 3; now active: 4

[[[ constraint   1541 -> level 3;          <<< inactivate constraint 1541 at postition 0; now active: 3

]]] in_out : constraint 3241 -> level 1                            
 37 0 i136 -4e-03   32410 i130  3.837  1.6e+00  2e-06  19.031032  4.1e-02  4.0e-02
]]] right : constraint 20016 -> level 2                            
]]] newton : constraint 3241 -> level 2                              2.918e-01  2.868e+00  6.175e-04
 38 0 i135 -1e-06  200160 i130 -0.102  1.1e+00  2e-06  17.599974  4.1e-02  1.4e-01
]]] newton : constraint 20016 -> level 3                            >>> newton activates constraint 20016 (pos 3); now active: 4
                                                                     2.918e-01  1.501e+00  6.175e-04
 39 0 i136 -6e-02   33410 i131  0.454  1.3e+00  2e-06  18.071723  4.1e-02  1.4e-01
]]] newton : constraint 3341 -> level 3                            >>> newton activates constraint 3341 (pos 2); now active: 5
                                                                     2.738e-01  1.967e+00  6.175e-04
 40 0 i136 -6e-02  202780 i132
[[[ constraint   3341 -> level 4;           -0.217  7.9e-01  3e-06  16.807162  4.1e-02  2.8e-01
]]] newton : constraint 20278 -> level 3                            >>> newton activates constraint 20278 (pos 5); now active: 6
                                                                     2.570e-01  8.850e-01  6.175e-04
 41 0 i136 -6e-02   32730 i132
[[[ constraint   3341 -> level 3;          <<< inactivate constraint 3341 at postition 2; now active: 5

]]] in_out : constraint 3273 -> level 3                            >>> in_out activates constraint 3273 (pos 2); now active: 6
                                                                   
 42 0 i136 -2e-02   33410 i132
[[[ constraint   3273 -> level 4;            0.599  1.0e+00  2e-06  17.246926  4.1e-02  1.5e-01
]]] newton : constraint 3341 -> level 3                            >>> newton activates constraint 3341 (pos 3); now active: 7
                                                                     2.374e-01  1.332e+00  3.071e-04
 43 0 i136 -6e-02   11970 i132
[[[ constraint   3341 -> level 4;          
[[[ constraint   3273 -> level 3;          <<< inactivate constraint 3273 at postition 2; now active: 6

]]] in_out : constraint 1197 -> level 1                            
 44 0 i136 -8e-03   11970 i132
[[[ constraint   3341 -> level 3;          <<< inactivate constraint 3341 at postition 2; now active: 5

]]] in_out : constraint 1197 -> level 2                            
 45 0 i136 -4e-03   11970 i132 -0.171  7.8e-01  3e-06  16.605239  4.1e-02  2.9e-01
]]] newton : constraint 1197 -> level 3                            >>> newton activates constraint 1197 (pos 0); now active: 6
                                                                     2.202e-01  8.312e-01  1.000e-06
 46 0 i136 -2e-02  166060 i132  0.006  3.2e-01  7e-07  15.435281  4.1e-02  1.8e-01
]]] right : constraint 16575 -> level 2                            
]]] newton : constraint 16606 -> level 1                              2.168e-01  3.218e-01  1.000e-06
 47 0 i136 -3e-02  166060 i132
[[[ constraint  20278 -> level 4;            0.977  4.3e-01  4e-06  15.882398  4.1e-02  2.3e-01
]]] right : constraint 16575 -> level 3                            >>> right activates constraint 16575 (pos 3); now active: 7
                                                                   
]]] newton : constraint 16606 -> level 2                              2.101e-01  3.958e-01  1.000e-06
 48 0 i136 -3e-02   32730 i132
[[[ constraint  20278 -> level 3;          <<< inactivate constraint 20278 at postition 6; now active: 6

[[[ constraint  20016 -> level 4;          
[[[ constraint   1197 -> level 4;          
]]] in_out : constraint 3273 -> level 3                            >>> in_out activates constraint 3273 (pos 3); now active: 7
                                                                   
 49 0 i136 -6e-02   15410 i132
[[[ constraint  20016 -> level 3;          <<< inactivate constraint 20016 at postition 6; now active: 6

[[[ constraint   3273 -> level 4;          
[[[ constraint   1197 -> level 3;          <<< inactivate constraint 1197 at postition 0; now active: 5

]]] in_out : constraint 1541 -> level 3                            >>> in_out activates constraint 1541 (pos 0); now active: 6
                                                                   
 50 0 i135 -4e-03  200160 i131
[[[ constraint   3273 -> level 3;          <<< inactivate constraint 3273 at postition 3; now active: 5

[[[ constraint   1541 -> level 4;          
]]] in_out : constraint 20016 -> level 3                            >>> in_out activates constraint 20016 (pos 5); now active: 6
                                                                   
 51 0 i135 -8e-03  202780 i132
[[[ constraint  20016 -> level 4;          
[[[ constraint   1541 -> level 3;          <<< inactivate constraint 1541 at postition 0; now active: 5

]]] in_out : constraint 20278 -> level 3                            >>> in_out activates constraint 20278 (pos 5); now active: 6
                                                                   
 52 0 i135 -8e-03   15410 i132
[[[ constraint  20278 -> level 4;          
[[[ constraint  20016 -> level 3;          <<< inactivate constraint 20016 at postition 4; now active: 5

]]] in_out : constraint 1541 -> level 3                            >>> in_out activates constraint 1541 (pos 0); now active: 6
                                                                   
 53 0 i135 -2e-03  200160 i131
[[[ constraint  20278 -> level 3;          <<< inactivate constraint 20278 at postition 5; now active: 5

[[[ constraint   1541 -> level 4;          
]]] in_out : constraint 20016 -> level 3                            >>> in_out activates constraint 20016 (pos 5); now active: 6
                                                                   
 54 0 i135 -2e-03   32730 i132
[[[ constraint  20016 -> level 4;          
[[[ constraint   1541 -> level 3;          <<< inactivate constraint 1541 at postition 0; now active: 5

]]] in_out : constraint 3273 -> level 3                            >>> in_out activates constraint 3273 (pos 2); now active: 6
                                                                   
 55 0 i135 -1e-04   15410 i132
[[[ constraint  20016 -> level 3;          <<< inactivate constraint 20016 at postition 5; now active: 5

[[[ constraint   3273 -> level 4;          
]]] in_out : constraint 1541 -> level 3                            >>> in_out activates constraint 1541 (pos 0); now active: 6
                                                                   
 56 0 i135 -1e-03  200160 i131
[[[ constraint   3273 -> level 3;          <<< inactivate constraint 3273 at postition 3; now active: 5

]]] in_out : constraint 20016 -> level 3                            >>> in_out activates constraint 20016 (pos 5); now active: 6
                                                                   
 57 0 i135 -1e-03   32730 i132
[[[ constraint  20016 -> level 4;            3.681  1.0e+00  6e-06  16.745158  4.1e-02  7.8e-02
]]] newton : constraint 3273 -> level 3                            >>> newton activates constraint 3273 (pos 3); now active: 7
                                                                     1.863e-01  1.268e+00  1.000e-06
 58 0 i135 -3e-02  202780 i131
[[[ constraint  20016 -> level 3;          <<< inactivate constraint 20016 at postition 6; now active: 6

[[[ constraint   3273 -> level 4;          
[[[ constraint   1541 -> level 4;          
]]] in_out : constraint 20278 -> level 3                            >>> in_out activates constraint 20278 (pos 6); now active: 7
                                                                   
 59 0 i134 -2e-03  200160 i130
[[[ constraint  20278 -> level 4;          
[[[ constraint   3273 -> level 3;          <<< inactivate constraint 3273 at postition 3; now active: 6

[[[ constraint   1541 -> level 3;          <<< inactivate constraint 1541 at postition 0; now active: 5

]]] in_out : constraint 20016 -> level 3                            >>> in_out activates constraint 20016 (pos 4); now active: 6
                                                                   
 60 0 i135 -2e-02   11970 i131
[[[ constraint  20278 -> level 3;          <<< inactivate constraint 20278 at postition 5; now active: 5

[[[ constraint  20016 -> level 4;          
]]] in_out : constraint 1197 -> level 3                            >>> in_out activates constraint 1197 (pos 0); now active: 6
                                                                   
 61 0 i135 -8e-03  202780 i132
[[[ constraint  20016 -> level 3;          <<< inactivate constraint 20016 at postition 5; now active: 5

[[[ constraint   1197 -> level 4;          
]]] in_out : constraint 20278 -> level 3                            >>> in_out activates constraint 20278 (pos 5); now active: 6
                                                                   
 62 0 i135 -5e-04  200160 i131
[[[ constraint  20278 -> level 4;          
[[[ constraint   1197 -> level 3;          <<< inactivate constraint 1197 at postition 0; now active: 5

]]] in_out : constraint 20016 -> level 3                            >>> in_out activates constraint 20016 (pos 4); now active: 6
                                                                   
 63 0 i135 -8e-03   11970 i132
[[[ constraint  20278 -> level 3;          <<< inactivate constraint 20278 at postition 5; now active: 5

]]] in_out : constraint 1197 -> level 3                            >>> in_out activates constraint 1197 (pos 0); now active: 6
                                                                   
 64 0 i135 -2e-03  202780 i132
[[[ constraint   1197 -> level 4;           -0.175  6.0e-01  8e-07  15.943180  4.1e-02  1.2e-01
]]] newton : constraint 20278 -> level 3                            >>> newton activates constraint 20278 (pos 6); now active: 7
                                                                     1.741e-01  5.340e-01  1.000e-06
 65 0 i135 -3e-02   15410 i132
[[[ constraint  20278 -> level 4;          
[[[ constraint   1197 -> level 3;          <<< inactivate constraint 1197 at postition 0; now active: 6

]]] in_out : constraint 1541 -> level 3                            >>> in_out activates constraint 1541 (pos 0); now active: 7
                                                                   
 66 0 i135 -5e-04   11970 i132
[[[ constraint  20278 -> level 3;          <<< inactivate constraint 20278 at postition 6; now active: 6

[[[ constraint   1541 -> level 4;          
]]] in_out : constraint 1197 -> level 3                            >>> in_out activates constraint 1197 (pos 0); now active: 7
                                                                   
 67 0 i135 -3e-02   33410 i132
[[[ constraint   1541 -> level 3;          <<< inactivate constraint 1541 at postition 1; now active: 6

[[[ constraint   1197 -> level 4;          
]]] in_out : constraint 3341 -> level 3                            >>> in_out activates constraint 3341 (pos 3); now active: 7
                                                                   
 68 0 i136 -8e-03   32730 i132
[[[ constraint   3341 -> level 4;          
[[[ constraint   1197 -> level 3;          <<< inactivate constraint 1197 at postition 0; now active: 6

]]] in_out : constraint 3273 -> level 3                            >>> in_out activates constraint 3273 (pos 2); now active: 7
                                                                   
 69 0 i135 -2e-04   11970 i132
[[[ constraint   3341 -> level 3;          <<< inactivate constraint 3341 at postition 3; now active: 6

[[[ constraint   3273 -> level 4;          
]]] in_out : constraint 1197 -> level 3                            >>> in_out activates constraint 1197 (pos 0); now active: 7
                                                                   
 70 0 i136 -1e-03   33410 i132
[[[ constraint   3273 -> level 3;          <<< inactivate constraint 3273 at postition 3; now active: 6

[[[ constraint   1197 -> level 4;          
]]] in_out : constraint 3341 -> level 3                            >>> in_out activates constraint 3341 (pos 3); now active: 7
                                                                   
 71 0 i136 -5e-04   32730 i132
[[[ constraint   3341 -> level 4;          
[[[ constraint   1197 -> level 3;          <<< inactivate constraint 1197 at postition 0; now active: 6

]]] in_out : constraint 3273 -> level 3                            >>> in_out activates constraint 3273 (pos 2); now active: 7
                                                                   
 72 0 i135 -1e-04   11970 i132
[[[ constraint   3341 -> level 3;          <<< inactivate constraint 3341 at postition 3; now active: 6

[[[ constraint   3273 -> level 4;          
]]] in_out : constraint 1197 -> level 3                            >>> in_out activates constraint 1197 (pos 0); now active: 7
                                                                   
 73 0 i136 -5e-04   33410 i132
[[[ constraint   3273 -> level 3;          <<< inactivate constraint 3273 at postition 3; now active: 6

]]] in_out : constraint 3341 -> level 3                            >>> in_out activates constraint 3341 (pos 3); now active: 7
                                                                   
 74 0 i136 -2e-04   32730 i132
[[[ constraint   3341 -> level 4;            1.682  1.1e+00  1e-06  16.654642  4.1e-02  1.1e-01
]]] newton : constraint 3273 -> level 3                            >>> newton activates constraint 3273 (pos 3); now active: 8
                                                                     1.617e-01  1.305e+00  1.000e-06
 75 0 i136 -6e-02  199260 i132 -0.033  8.8e-01  8e-07  16.183389  4.1e-02  1.7e-01
]]] newton : constraint 19926 -> level 1                              1.518e-01  9.303e-01  1.000e-06
 76 0 i136 -6e-02  202780 i131
[[[ constraint  20016 -> level 4;           -0.065  5.5e-01  1e-06  15.812162  4.1e-02  2.5e-01
]]] newton : constraint 20278 -> level 3                            >>> newton activates constraint 20278 (pos 8); now active: 9
                                                                     1.424e-01  4.415e-01  1.000e-06
 77 0 i135 -1e-01   15410 i130
[[[ constraint  20016 -> level 3;          <<< inactivate constraint 20016 at postition 7; now active: 8

[[[ constraint   3273 -> level 4;          
]]] in_out : constraint 1541 -> level 3                            >>> in_out activates constraint 1541 (pos 1); now active: 9
                                                                   
 78 0 i135 -2e-02  200160 i130
[[[ constraint   3273 -> level 3;          <<< inactivate constraint 3273 at postition 4; now active: 8

[[[ constraint   1541 -> level 4;          
]]] in_out : constraint 20016 -> level 3                            >>> in_out activates constraint 20016 (pos 7); now active: 9
                                                                   
 79 0 i136 -6e-02   32410 i129
[[[ constraint  20016 -> level 4;          
[[[ constraint   1541 -> level 3;          <<< inactivate constraint 1541 at postition 1; now active: 8

]]] in_out : constraint 3241 -> level 3                            >>> in_out activates constraint 3241 (pos 3); now active: 9
                                                                   
 80 0 i136 -8e-03  199260 i130
[[[ constraint  20016 -> level 3;          <<< inactivate constraint 20016 at postition 7; now active: 8

[[[ constraint   3241 -> level 4;          
]]] in_out : constraint 19926 -> level 2                            
 81 0 i135 -1e-03  199260 i129
[[[ constraint   3241 -> level 3;          <<< inactivate constraint 3241 at postition 3; now active: 7

]]] in_out : constraint 19926 -> level 3                            >>> in_out activates constraint 19926 (pos 6); now active: 8
                                                                   
 82 0 i135 -4e-03  202180 i129
[[[ constraint  19926 -> level 4;            4.135  1.4e+00  8e-07  16.612348  4.1e-02  1.4e-02
]]] right : constraint 20016 -> level 3                            >>> right activates constraint 20016 (pos 7); now active: 9
                                                                   
]]] newton : constraint 20218 -> level 1                              1.141e-01  1.953e+00  1.000e-06
 83 0 i136 -3e-02   32410 i130
[[[ constraint  19926 -> level 3;          <<< inactivate constraint 19926 at postition 6; now active: 8

]]] in_out : constraint 3241 -> level 3                            >>> in_out activates constraint 3241 (pos 3); now active: 9
                                                                   
 84 0 i136 -2e-02   15730 i130
[[[ constraint   3241 -> level 4;            0.030  1.4e+00  8e-07  16.501981  4.1e-02  1.5e-01
]]] newton : constraint 1573 -> level 1                              1.089e-01  2.034e+00  1.000e-06
 85 0 i135 -1e-01   15410 i130
[[[ constraint  20016 -> level 4;          
[[[ constraint   3241 -> level 3;          <<< inactivate constraint 3241 at postition 3; now active: 8

[[[ constraint   3056 -> level 4;          
]]] in_out : constraint 1541 -> level 3                            >>> in_out activates constraint 1541 (pos 1); now active: 9
                                                                   
 86 0 i136 -2e-02   32410 i130
[[[ constraint  20016 -> level 3;          <<< inactivate constraint 20016 at postition 7; now active: 8

[[[ constraint   3056 -> level 3;          <<< inactivate constraint 3056 at postition 3; now active: 7

[[[ constraint   1541 -> level 4;          
]]] in_out : constraint 3241 -> level 3                            >>> in_out activates constraint 3241 (pos 3); now active: 8
                                                                   
 87 0 i134 -8e-03   30560 i129
[[[ constraint   3241 -> level 4;          
[[[ constraint   1541 -> level 3;          <<< inactivate constraint 1541 at postition 1; now active: 7

]]] in_out : constraint 3056 -> level 3                            >>> in_out activates constraint 3056 (pos 2); now active: 8
                                                                   
 88 0 i135 -8e-03  199260 i130
[[[ constraint   3241 -> level 3;          <<< inactivate constraint 3241 at postition 3; now active: 7

[[[ constraint   3056 -> level 4;          
]]] in_out : constraint 19926 -> level 3                            >>> in_out activates constraint 19926 (pos 6); now active: 8
                                                                   
 89 0 i135 -8e-03   32410 i130
[[[ constraint  19926 -> level 4;          
[[[ constraint   3056 -> level 3;          <<< inactivate constraint 3056 at postition 2; now active: 7

]]] in_out : constraint 3241 -> level 3                            >>> in_out activates constraint 3241 (pos 2); now active: 8
                                                                   
 90 0 i134 -2e-03   30560 i129
[[[ constraint  19926 -> level 3;          <<< inactivate constraint 19926 at postition 6; now active: 7

[[[ constraint   3241 -> level 4;          
]]] in_out : constraint 3056 -> level 3                            >>> in_out activates constraint 3056 (pos 2); now active: 8
                                                                   
 91 0 i135 -2e-03  199260 i130
[[[ constraint   3241 -> level 3;          <<< inactivate constraint 3241 at postition 3; now active: 7

[[[ constraint   3056 -> level 4;          
]]] in_out : constraint 19926 -> level 3                            >>> in_out activates constraint 19926 (pos 6); now active: 8
                                                                   
 92 0 i135 -4e-03   32410 i130
[[[ constraint  19926 -> level 4;          
[[[ constraint   3056 -> level 3;          <<< inactivate constraint 3056 at postition 2; now active: 7

]]] in_out : constraint 3241 -> level 3                            >>> in_out activates constraint 3241 (pos 2); now active: 8
                                                                   
 93 0 i135 -1e-03   30560 i129
[[[ constraint  19926 -> level 3;          <<< inactivate constraint 19926 at postition 6; now active: 7

[[[ constraint   3241 -> level 4;          
]]] in_out : constraint 3056 -> level 3                            >>> in_out activates constraint 3056 (pos 2); now active: 8
                                                                   
 94 0 i135 -1e-03  199260 i130
[[[ constraint   3241 -> level 3;          <<< inactivate constraint 3241 at postition 3; now active: 7

[[[ constraint   3056 -> level 4;          
]]] in_out : constraint 19926 -> level 3                            >>> in_out activates constraint 19926 (pos 6); now active: 8
                                                                   
 95 0 i135 -2e-03   32410 i130
[[[ constraint  19926 -> level 4;          
[[[ constraint   3056 -> level 3;          <<< inactivate constraint 3056 at postition 2; now active: 7

]]] in_out : constraint 3241 -> level 3                            >>> in_out activates constraint 3241 (pos 2); now active: 8
                                                                   
 96 0 i135 -5e-04   30560 i129
[[[ constraint  19926 -> level 3;          <<< inactivate constraint 19926 at postition 6; now active: 7

[[[ constraint   3241 -> level 4;          
]]] in_out : constraint 3056 -> level 3                            >>> in_out activates constraint 3056 (pos 2); now active: 8
                                                                   
 97 0 i135 -2e-04  199260 i129
[[[ constraint   3241 -> level 3;          <<< inactivate constraint 3241 at postition 3; now active: 7

]]] in_out : constraint 19926 -> level 3                            >>> in_out activates constraint 19926 (pos 6); now active: 8
                                                                   
 98 0 i135 -1e-03   32410 i130
[[[ constraint  19926 -> level 4;           -0.159  9.8e-01  1e-06  16.034892  4.1e-02  2.4e-01
]]] newton : constraint 3241 -> level 3                            >>> newton activates constraint 3241 (pos 3); now active: 9
                                                                     9.074e-02  1.052e+00  1.000e-06
 99 0 i135 -1e-01   15410 i129 -0.201  5.8e-01  5e-07  15.644698  4.1e-02  2.8e-01
]]] newton : constraint 1541 -> level 3                            >>> newton activates constraint 1541 (pos 1); now active: 10
                                                                     7.970e-02  4.177e-01  1.000e-06
100 0 i135 -1e-01   32730 i129
[[[ constraint  20278 -> level 4;          
[[[ constraint   3241 -> level 4;          
[[[ constraint   1541 -> level 4;            0.050  5.2e-01  5e-07  15.559289  4.1e-02  2.2e-01
]]] newton : constraint 3273 -> level 3                            >>> newton activates constraint 3273 (pos 5); now active: 11
                                                                     7.000e-02  3.431e-01  1.000e-06
101 0 i136 -2e-01   15730 i130
[[[ constraint  20278 -> level 3;          <<< inactivate constraint 20278 at postition 10; now active: 10

[[[ constraint   3273 -> level 4;          
[[[ constraint   3241 -> level 3;          <<< inactivate constraint 3241 at postition 4; now active: 9

[[[ constraint   1541 -> level 3;          <<< inactivate constraint 1541 at postition 1; now active: 8

]]] in_out : constraint 1573 -> level 2                            
102 0 i136 -1e-01   15730 i131
[[[ constraint   3273 -> level 3;          <<< inactivate constraint 3273 at postition 3; now active: 7

]]] in_out : constraint 1573 -> level 3                            >>> in_out activates constraint 1573 (pos 1); now active: 8
                                                                   
103 0 i136 -3e-02  202780 i132
[[[ constraint   1573 -> level 4;            3.776  1.2e+00  3e-06  15.813669  4.1e-02  7.2e-02
]]] newton : constraint 20278 -> level 3                            >>> newton activates constraint 20278 (pos 8); now active: 9
                                                                     4.541e-02  1.594e+00  1.000e-06
104 0 i136 -2e-01   15410 i131
[[[ constraint  20278 -> level 4;          
[[[ constraint   3056 -> level 4;          
[[[ constraint   1573 -> level 3;          <<< inactivate constraint 1573 at postition 1; now active: 8

]]] in_out : constraint 1541 -> level 3                            >>> in_out activates constraint 1541 (pos 1); now active: 9
                                                                   
105 0 i135 -6e-02   32410 i131
[[[ constraint  20278 -> level 3;          <<< inactivate constraint 20278 at postition 8; now active: 8

[[[ constraint   3056 -> level 3;          <<< inactivate constraint 3056 at postition 3; now active: 7

[[[ constraint   1541 -> level 4;          
]]] in_out : constraint 3241 -> level 3                            >>> in_out activates constraint 3241 (pos 3); now active: 8
                                                                   
106 0 i135 -4e-03   30560 i131
[[[ constraint   3241 -> level 4;          
[[[ constraint   1541 -> level 3;          <<< inactivate constraint 1541 at postition 1; now active: 7

]]] in_out : constraint 3056 -> level 3                            >>> in_out activates constraint 3056 (pos 2); now active: 8
                                                                   
107 0 i135 -8e-03   15410 i131
[[[ constraint   3241 -> level 3;          <<< inactivate constraint 3241 at postition 3; now active: 7

[[[ constraint   3056 -> level 4;          
]]] in_out : constraint 1541 -> level 3                            >>> in_out activates constraint 1541 (pos 1); now active: 8
                                                                   
108 0 i135 -3e-02   32410 i131
[[[ constraint   3056 -> level 3;          <<< inactivate constraint 3056 at postition 3; now active: 7

[[[ constraint   1541 -> level 4;          
]]] in_out : constraint 3241 -> level 3                            >>> in_out activates constraint 3241 (pos 3); now active: 8
                                                                   
109 0 i135 -4e-03   30560 i131
[[[ constraint   3241 -> level 4;          
[[[ constraint   1541 -> level 3;          <<< inactivate constraint 1541 at postition 1; now active: 7

]]] in_out : constraint 3056 -> level 3                            >>> in_out activates constraint 3056 (pos 2); now active: 8
                                                                   
110 0 i135 -2e-03   15410 i131
[[[ constraint   3241 -> level 3;          <<< inactivate constraint 3241 at postition 3; now active: 7

]]] in_out : constraint 1541 -> level 3                            >>> in_out activates constraint 1541 (pos 1); now active: 8
                                                                   
111 0 i135 -2e-02   32410 i131
[[[ constraint   1541 -> level 4;           -0.140  9.3e-01  1e-07  15.590191  4.1e-02  1.8e-01
]]] newton : constraint 3241 -> level 3                            >>> newton activates constraint 3241 (pos 4); now active: 9
                                                                     3.040e-02  8.960e-01  1.000e-06
112 0 i135 -2e-01  202780 i131
[[[ constraint  19926 -> level 3;          <<< inactivate constraint 19926 at postition 8; now active: 8

[[[ constraint   3241 -> level 4;          
[[[ constraint   3056 -> level 4;          
]]] in_out : constraint 20278 -> level 3                            >>> in_out activates constraint 20278 (pos 8); now active: 9
                                                                   
113 0 i137 -2e-03  199260 i131
[[[ constraint  20278 -> level 4;          
[[[ constraint   3241 -> level 3;          <<< inactivate constraint 3241 at postition 4; now active: 8

[[[ constraint   3056 -> level 3;          <<< inactivate constraint 3056 at postition 3; now active: 7

]]] in_out : constraint 19926 -> level 3                            >>> in_out activates constraint 19926 (pos 6); now active: 8
                                                                   
114 0 i137 -2e-02   30560 i131
[[[ constraint  20278 -> level 3;          <<< inactivate constraint 20278 at postition 7; now active: 7

[[[ constraint  19926 -> level 4;          
]]] in_out : constraint 3056 -> level 3                            >>> in_out activates constraint 3056 (pos 3); now active: 8
                                                                   
115 0 i137 -6e-02  202780 i131
[[[ constraint  19926 -> level 3;          <<< inactivate constraint 19926 at postition 7; now active: 7

[[[ constraint   3056 -> level 4;          
]]] in_out : constraint 20278 -> level 3                            >>> in_out activates constraint 20278 (pos 7); now active: 8
                                                                   
116 0 i137 -2e-03  199260 i131
[[[ constraint  20278 -> level 4;          
[[[ constraint   3056 -> level 3;          <<< inactivate constraint 3056 at postition 3; now active: 7

]]] in_out : constraint 19926 -> level 3                            >>> in_out activates constraint 19926 (pos 6); now active: 8
                                                                   
117 0 i137 -4e-03   30560 i131
[[[ constraint  20278 -> level 3;          <<< inactivate constraint 20278 at postition 7; now active: 7

]]] in_out : constraint 3056 -> level 3                            >>> in_out activates constraint 3056 (pos 3); now active: 8
                                                                   
118 0 i137 -1e-03  202780 i131  0.247  9.1e-01  1e-07  15.535132  4.1e-02  1.6e-01
]]] newton : constraint 20278 -> level 3                            >>> newton activates constraint 20278 (pos 8); now active: 9
                                                                     2.117e-02  8.423e-01  1.000e-06
119 0 i137 -5e-01   32730 i133
[[[ constraint  20278 -> level 4;          
[[[ constraint  19926 -> level 4;          
[[[ constraint   3056 -> level 4;          
[[[ constraint   1197 -> level 4;           -0.208  5.7e-01  1e-07  15.426230  4.1e-02  3.2e-01
]]] newton : constraint 3273 -> level 3                            >>> newton activates constraint 3273 (pos 4); now active: 10
                                                                     1.137e-02  3.368e-01  1.000e-06
120 0 i138 -1e+00     -10 i134
[[[ constraint  20278 -> level 3;          <<< inactivate constraint 20278 at postition 9; now active: 9

[[[ constraint  19926 -> level 3;          <<< inactivate constraint 19926 at postition 8; now active: 8

[[[ constraint  19922 -> level 4;          
[[[ constraint   3341 -> level 3;          <<< inactivate constraint 3341 at postition 5; now active: 7

[[[ constraint   3056 -> level 3;          <<< inactivate constraint 3056 at postition 3; now active: 6

[[[ constraint   1197 -> level 3;          <<< inactivate constraint 1197 at postition 0; now active: 5
121 0 i137 -6e-02   11970 i133
[[[ constraint  19922 -> level 3;          <<< inactivate constraint 19922 at postition 4; now active: 4

]]] in_out : constraint 1197 -> level 3                            >>> in_out activates constraint 1197 (pos 0); now active: 5
                                                                   
122 0 i137 -2e-01   33410 i133
[[[ constraint   1197 -> level 4;            0.386  6.6e-01  1e-07  15.378240  4.1e-02  1.6e-01
]]] newton : constraint 3341 -> level 3                            >>> newton activates constraint 3341 (pos 4); now active: 6
                                                                     1.072e-03  4.364e-01  1.000e-06
123 0 i136 -1e+00     -10 i133
[[[ constraint  16575 -> level 4;          
[[[ constraint   2223 -> level 3;          <<< inactivate constraint 2223 at postition 2; now active: 5

[[[ constraint   1541 -> level 3;          <<< inactivate constraint 1541 at postition 1; now active: 4

[[[ constraint   1197 -> level 3;          <<< inactivate constraint 1197 at postition 0; now active: 3
124 0 i133 -5e-01   15410 i133
[[[ constraint  16575 -> level 3;          <<< inactivate constraint 16575 at postition 2; now active: 2

]]] in_out : constraint 1541 -> level 3                            >>> in_out activates constraint 1541 (pos 0); now active: 3
                                                                   
125 0 i133 -1e+00     -10 i133
[[[ constraint   3341 -> level 4;          
[[[ constraint   3273 -> level 4;          
[[[ constraint   1541 -> level 4;            0.255  3.3e-01  7e-07  15.361475  4.1e-02  3.1e-01  4.971e-04  1.094e-01  1.000e-06
126 0 i131 -1e+00     -10 i134
[[[ constraint   1541 -> level 3;          <<< inactivate constraint 1541 at postition 0; now active: 2
127 0 i131 -1e+00     -10 i134
[[[ constraint   3341 -> level 3;          <<< inactivate constraint 3341 at postition 1; now active: 1

[[[ constraint   3273 -> level 3;          <<< inactivate constraint 3273 at postition 0; now active: 0
128 0 i133 -1e+00     -10 i134  0.985  3.7e-01  3e-07  15.339078  4.1e-02  3.1e-01  1.037e-03  1.362e-01  1.000e-06
129 0 i134 -1e+00     -10 i132  0.840  3.7e-01  4e-07  15.309342  4.1e-02  4.2e-01  1.482e-03  1.372e-01  1.000e-06
130 0 i135 -1e+00     -10 i131  1.177  4.0e-01  7e-07  15.275247  4.1e-02  4.2e-01  2.224e-03  1.605e-01  1.000e-06
131 0 i135 -1e+00     -10 i133  0.958  4.0e-01  7e-07  15.244687  4.1e-02  3.6e-01  2.185e-03  1.593e-01  1.000e-06
132 0 i135 -1e+00     -10 i132  0.779  3.5e-01  5e-07  15.218297  4.1e-02  3.8e-01  1.972e-03  1.236e-01  1.000e-06
133 0 i135 -1e+00     -10 i132  0.909  3.3e-01  4e-07  15.193729  4.1e-02  4.1e-01  2.037e-03  1.081e-01  1.000e-06
134 0 i135 -1e+00     -10 i131  1.042  3.3e-01  4e-07  15.168883  4.1e-02  4.0e-01  2.137e-03  1.125e-01  1.000e-06
135 0 i135 -1e+00     -10 i132  0.923  3.2e-01  3e-07  15.147834  4.1e-02  3.6e-01  1.876e-03  1.031e-01  1.000e-06
136 0 i134 -1e+00     -10 i132  0.812  2.9e-01  2e-07  15.130514  4.1e-02  3.7e-01  1.589e-03  8.355e-02  1.000e-06
137 0 i134 -1e+00     -10 i132  0.876  2.7e-01  1e-07  15.114572  4.1e-02  3.9e-01  1.521e-03  7.321e-02  1.000e-06
138 0 i134 -1e+00     -10 i131  0.973  2.6e-01  1e-07  15.099305  4.1e-02  4.0e-01  1.561e-03  7.014e-02  1.000e-06
139 0 i133 -1e+00     -10 i131  0.952  2.6e-01  1e-07  15.085441  4.1e-02  3.8e-01  1.447e-03  6.729e-02  1.000e-06
140 0 i133 -1e+00     -10 i131  0.888  2.4e-01  9e-08  15.073127  4.1e-02  3.7e-01  1.292e-03  6.011e-02  1.000e-06
141 0 i133 -1e+00     -10 i131  0.858  2.2e-01  8e-08  15.062206  4.1e-02  3.9e-01  1.182e-03  5.121e-02  1.000e-06
142 0 i134 -1e+00     -10 i131  0.956  2.2e-01  8e-08  15.051772  4.1e-02  4.0e-01  1.186e-03  4.847e-02  1.000e-06
143 0 i134 -1e+00     -10 i130  0.958  2.1e-01  7e-08  15.042290  4.1e-02  3.8e-01  1.100e-03  4.653e-02  1.000e-06
144 0 i132 -1e+00     -10 i130  0.902  2.0e-01  6e-08  15.033606  4.1e-02  3.8e-01  1.016e-03  4.214e-02  1.000e-06
145 0 i134 -1e+00     -10 i130  0.918  1.9e-01  7e-08  15.025199  4.1e-02  4.0e-01  1.004e-03  3.872e-02  1.000e-06
146 0 i135 -1e+00     -10 i130  0.979  1.9e-01  6e-08  15.017620  4.1e-02  3.8e-01  9.441e-04  3.743e-02  1.000e-06
147 0 i135 -1e+00     -10 i130  0.878  1.8e-01  5e-08  15.010989  4.1e-02  3.7e-01  8.320e-04  3.308e-02  1.000e-06
148 0 i135 -1e+00     -10 i130  0.853  1.7e-01  4e-08  15.005224  4.1e-02  3.8e-01  7.354e-04  2.818e-02  1.000e-06
149 0 i135 -1e+00     -10 i130  0.928  1.6e-01  3e-08  14.999946  4.1e-02  3.9e-01  7.130e-04  2.579e-02  1.000e-06
150 0 i135 -1e+00     -10 i130  0.927  1.5e-01  3e-08  14.995139  4.1e-02  3.7e-01  6.446e-04  2.424e-02  1.000e-06
151 0 i135 -1e+00     -10 i130  0.871  1.4e-01  2e-08  14.990923  4.1e-02  3.7e-01  5.689e-04  2.110e-02  1.000e-06
152 0 i135 -1e+00     -10 i130  0.878  1.3e-01  2e-08  14.987350  4.1e-02  3.8e-01  5.091e-04  1.820e-02  1.000e-06
153 0 i135 -1e+00     -10 i130  0.886  1.3e-01  1e-08  14.984203  4.1e-02  3.7e-01  4.526e-04  1.627e-02  1.000e-06
154 0 i135 -1e+00     -10 i130  0.874  1.2e-01  1e-08  14.981444  4.1e-02  3.7e-01  4.003e-04  1.426e-02  1.000e-06
155 0 i135 -1e+00     -10 i130  0.862  1.1e-01  8e-09  14.979080  4.1e-02  3.8e-01  3.550e-04  1.219e-02  1.000e-06
156 0 i135 -1e+00     -10 i130  0.910  1.0e-01  7e-09  14.976940  4.1e-02  3.8e-01  3.252e-04  1.114e-02  1.000e-06
157 0 i134 -1e+00     -10 i130  0.904  9.9e-02  6e-09  14.974963  4.1e-02  3.9e-01  3.031e-04  1.009e-02  1.000e-06
158 0 i134 -1e+00     -10 i130  0.908  9.4e-02  4e-09  14.973209  4.1e-02  3.8e-01  2.722e-04  9.135e-03  1.000e-06
159 0 i134 -1e+00     -10 i130  0.893  8.9e-02  3e-09  14.971666  4.1e-02  3.7e-01  2.421e-04  8.148e-03  1.000e-06
160 0 i134 -1e+00     -10 i130  0.892  8.4e-02  3e-09  14.970281  4.1e-02  3.8e-01  2.215e-04  7.246e-03  1.000e-06
161 0 i134 -1e+00     -10 i130  0.888  7.9e-02  2e-09  14.969071  4.1e-02  3.7e-01  1.944e-04  6.448e-03  1.000e-06
162 0 i134 -1e+00     -10 i130  0.894  7.5e-02  2e-09  14.967953  4.1e-02  3.9e-01  1.806e-04  5.782e-03  1.000e-06
163 0 i134 -1e+00     -10 i130  0.935  7.2e-02  2e-09  14.966926  4.1e-02  3.8e-01  1.685e-04  5.387e-03  1.000e-06
164 0 i132 -1e+00     -10 i130  0.920  6.9e-02  1e-09  14.965970  4.1e-02  3.9e-01  1.585e-04  4.956e-03  1.000e-06
165 0 i134 -1e+00     -10 i130  0.934  6.7e-02  1e-09  14.965104  4.1e-02  3.8e-01  1.443e-04  4.632e-03  1.000e-06
166 0 i134 -1e+00     -10 i130  0.889  6.3e-02  9e-10  14.964329  4.1e-02  3.8e-01  1.301e-04  4.119e-03  1.000e-06
167 0 i134 -1e+00     -10 i130  0.897  6.0e-02  7e-10  14.963639  4.1e-02  3.8e-01  1.169e-04  3.696e-03  1.000e-06
168 0 i135 -1e+00     -10 i130  0.905  5.7e-02  6e-10  14.963014  4.1e-02  3.8e-01  1.071e-04  3.337e-03  1.000e-06
169 0 i135 -1e+00     -10 i130  0.894  5.4e-02  5e-10  14.962453  4.1e-02  3.8e-01  9.703e-05  2.988e-03  1.000e-06
170 0 i135 -1e+00     -10 i130  0.890  5.1e-02  4e-10  14.961975  4.1e-02  3.6e-01  8.280e-05  2.660e-03  1.000e-06
171 0 i135 -1e+00     -10 i130  0.860  4.7e-02  3e-10  14.961542  4.1e-02  3.9e-01  7.637e-05  2.286e-03  1.000e-06
172 0 i135 -1e+00     -10 i130  0.929  4.5e-02  3e-10  14.961141  4.1e-02  3.9e-01  7.139e-05  2.123e-03  1.000e-06
173 0 i135 -1e+00     -10 i130  0.961  4.4e-02  3e-10  14.960737  4.1e-02  4.0e-01  7.203e-05  2.048e-03  1.000e-06
174 0 i134 -1e+00     -10 i130  1.014  4.5e-02  3e-10  14.960335  4.1e-02  4.0e-01  7.230e-05  2.075e-03  1.000e-06
175 0 i133 -1e+00     -10 i130  0.987  4.4e-02  3e-10  14.959949  4.1e-02  3.9e-01  7.001e-05  2.043e-03  1.000e-06
176 0 i135 -1e+00     -10 i130  0.912  4.2e-02  2e-10  14.959605  4.1e-02  3.8e-01  6.255e-05  1.865e-03  1.000e-06
177 0 i135 -1e+00     -10 i130  0.890  4.0e-02  2e-10  14.959296  4.1e-02  3.8e-01  5.612e-05  1.662e-03  1.000e-06
178 0 i135 -1e+00     -10 i130  0.921  3.8e-02  1e-10  14.959005  4.1e-02  3.9e-01  5.333e-05  1.527e-03  1.000e-06
179 0 i134 -1e+00     -10 i130  0.962  3.8e-02  1e-10  14.958731  4.1e-02  3.8e-01  5.072e-05  1.468e-03  1.000e-06
180 0 i135 -1e+00     -10 i130  0.895  3.6e-02  1e-10  14.958493  4.1e-02  3.7e-01  4.402e-05  1.316e-03  1.000e-06
181 0 i135 -1e+00     -10 i130  0.860  3.3e-02  8e-11  14.958286  4.1e-02  3.8e-01  3.855e-05  1.132e-03  1.000e-06
182 0 i135 -1e+00     -10 i130  0.912  3.2e-02  7e-11  14.958094  4.1e-02  3.8e-01  3.592e-05  1.032e-03  1.000e-06
183 0 i135 -1e+00     -10 i130  0.905  3.0e-02  5e-11  14.957920  4.1e-02  3.8e-01  3.273e-05  9.342e-04  1.000e-06
184 0 i135 -1e+00     -10 i130  0.895  2.8e-02  4e-11  14.957770  4.1e-02  3.7e-01  2.845e-05  8.346e-04  1.000e-06
185 0 i135 -1e+00     -10 i130  0.871  2.7e-02  3e-11  14.957635  4.1e-02  3.8e-01  2.567e-05  7.289e-04  1.000e-06
186 0 i135 -1e+00     -10 i130  0.936  2.6e-02  3e-11  14.957506  4.1e-02  3.9e-01  2.472e-05  6.820e-04  1.000e-06
187 0 i135 -1e+00     -10 i130  0.936  2.5e-02  2e-11  14.957390  4.1e-02  3.8e-01  2.236e-05  6.377e-04  1.000e-06
188 0 i135 -1e+00     -10 i130  0.877  2.3e-02  2e-11  14.957289  4.1e-02  3.7e-01  1.948e-05  5.594e-04  1.000e-06
189 0 i135 -1e+00     -10 i130  0.862  2.2e-02  1e-11  14.957203  4.1e-02  3.7e-01  1.674e-05  4.816e-04  1.000e-06
190 0 i135 -1e+00     -10 i131  0.871  2.0e-02  1e-11  14.957127  4.1e-02  3.7e-01  1.488e-05  4.193e-04  1.000e-06
191 0 i135 -1e+00     -10 i130  0.859  1.9e-02  7e-12  14.957063  4.1e-02  3.7e-01  1.261e-05  3.605e-04  1.000e-06
192 0 i135 -1e+00     -10 i130  0.829  1.7e-02  5e-12  14.957011  4.1e-02  3.6e-01  1.013e-05  2.986e-04  1.000e-06
193 0 i135 -1e+00     -10 i130  0.813  1.5e-02  3e-12  14.956968  4.1e-02  3.7e-01  8.635e-06  2.429e-04  1.000e-06
194 0 i135 -1e+00     -10 i130  0.868  1.4e-02  3e-12  14.956929  4.1e-02  3.8e-01  7.775e-06  2.112e-04  1.000e-06
195 0 i135 -1e+00     -10 i130  0.904  1.4e-02  2e-12  14.956894  4.1e-02  3.8e-01  7.027e-06  1.911e-04  1.000e-06
196 0 i135 -1e+00     -10 i130  0.922  1.3e-02  2e-12  14.956861  4.1e-02  3.8e-01  6.570e-06  1.758e-04  1.000e-06
197 0 i135 -1e+00     -10 i130  0.911  1.2e-02  2e-12  14.956833  4.1e-02  3.7e-01  5.823e-06  1.604e-04  1.000e-06
198 0 i135 -1e+00     -10 i130  0.870  1.2e-02  1e-12  14.956807  4.1e-02  3.9e-01  5.283e-06  1.399e-04  1.000e-06
199 0 i135 -1e+00     -10 i130  0.920  1.1e-02  1e-12  14.956783  4.1e-02  3.8e-01  4.749e-06  1.283e-04  1.000e-06
200 0 i135 -1e+00     -10 i130  0.916  1.1e-02  9e-13  14.956761  4.1e-02  3.9e-01  4.585e-06  1.179e-04  1.000e-06
201 0 i135 -1e+00     -10 i130  0.966  1.0e-02  8e-13  14.956740  4.1e-02  3.9e-01  4.398e-06  1.139e-04  1.000e-06
202 0 i135 -1e+00     -10 i130  0.966  1.0e-02  8e-13  14.956719  4.1e-02  3.9e-01  4.284e-06  1.102e-04  1.000e-06
203 0 i135 -1e+00     -10 i130  0.943  1.0e-02  7e-13  14.956700  4.1e-02  3.8e-01  3.959e-06  1.037e-04  1.000e-06
204 0 i135 -1e+00     -10 i130  0.913  9.6e-03  5e-13  14.956683  4.1e-02  3.7e-01  3.511e-06  9.474e-05  1.000e-06
205 0 i135 -1e+00     -10 i130  0.875  8.9e-03  4e-13  14.956668  4.1e-02  3.8e-01  3.171e-06  8.290e-05  1.000e-06
206 0 i135 -1e+00     -10 i130  0.884  8.4e-03  3e-13  14.956654  4.1e-02  3.8e-01  2.769e-06  7.325e-05  1.000e-06
207 0 i135 -1e+00     -10 i130  0.903  8.0e-03  3e-13  14.956642  4.1e-02  3.8e-01  2.519e-06  6.631e-05  1.000e-06
208 0 i135 -1e+00     -10 i130  0.874  7.5e-03  2e-13  14.956632  4.1e-02  3.7e-01  2.197e-06  5.788e-05  1.000e-06
209 0 i135 -1e+00     -10 i130  0.884  7.0e-03  2e-13  14.956623  4.1e-02  3.8e-01  1.964e-06  5.121e-05  1.000e-06
210 0 i135 -1e+00     -10 i130  0.867  6.5e-03  1e-13  14.956615  4.1e-02  3.6e-01  1.644e-06  4.431e-05  1.000e-06
211 0 i135 -1e+00     -10 i130  0.821  5.9e-03  7e-14  14.956609  4.1e-02  3.6e-01  1.341e-06  3.642e-05  1.000e-06
212 0 i135 -1e+00     -10 i130  0.823  5.4e-03  5e-14  14.956603  4.1e-02  3.7e-01  1.126e-06  2.991e-05  1.000e-06
213 0 i135 -1e+00     -10 i130  0.817  4.9e-03  3e-14  14.956599  4.1e-02  3.6e-01  9.175e-07  2.452e-05  1.000e-06
214 0 i135 -1e+00     -10 i130  0.822  4.4e-03  2e-14  14.956596  4.1e-02  3.6e-01  7.523e-07  2.010e-05  1.000e-06
215 0 i135 -1e+00     -10 i130  0.832  4.0e-03  2e-14  14.956593  4.1e-02  3.7e-01  6.379e-07  1.677e-05  1.000e-06
216 0 i135 -1e+00     -10 i130  0.828  3.6e-03  1e-14  14.956590  4.1e-02  3.7e-01  5.338e-07  1.383e-05  1.000e-06
217 0 i135 -1e+00     -10 i130  0.854  3.4e-03  8e-15  14.956588  4.1e-02  3.6e-01  4.519e-07  1.188e-05  1.000e-06
218 0 i135 -1e+00     -10 i130  0.833  3.1e-03  6e-15  14.956586  4.1e-02  3.7e-01  3.804e-07  9.877e-06  1.000e-06
219 0 i135 -1e+00     -10 i130  0.854  2.8e-03  4e-15  14.956585  4.1e-02  3.7e-01  3.310e-07  8.445e-06  1.000e-06
220 0 i135 -1e+00     -10 i130  0.876  2.7e-03  3e-15  14.956583  4.1e-02  3.8e-01  2.934e-07  7.399e-06  1.000e-06
221 0 i135 -1e+00     -10 i130  0.897  2.5e-03  3e-15  14.956582  4.1e-02  3.8e-01  2.666e-07  6.675e-06  1.000e-06
222 0 i135 -1e+00     -10 i130  0.925  2.4e-03  2e-15  14.956581  4.1e-02  3.8e-01  2.499e-07  6.196e-06  1.000e-06
223 0 i135 -1e+00     -10 i130  0.909  2.3e-03  2e-15  14.956580  4.1e-02  3.8e-01  2.255e-07  5.644e-06  1.000e-06
224 0 i135 -1e+00     -10 i130  0.903  2.2e-03  1e-15  14.956579  4.1e-02  3.7e-01  1.998e-07  5.049e-06  1.000e-06
225 0 i135 -1e+00     -10 i130  0.850  2.0e-03  1e-15  14.956578  4.1e-02  3.7e-01  1.680e-07  4.335e-06  1.000e-06
226 0 i135 -1e+00     -10 i130  0.846  1.9e-03  7e-16  14.956578  4.1e-02  3.7e-01  1.427e-07  3.669e-06  1.000e-06
227 0 i135 -1e+00     -10 i130  0.847  1.7e-03  5e-16  14.956577  4.1e-02  3.7e-01  1.236e-07  3.099e-06  1.000e-06
228 0 i135 -1e+00     -10 i130  0.872  1.6e-03  4e-16  14.956577  4.1e-02  3.6e-01  1.040e-07  2.711e-06  1.000e-06
229 0 i135 -1e+00     -10 i130  0.801  1.4e-03  2e-16  14.956576  4.1e-02  3.6e-01  8.372e-08  2.186e-06  1.000e-06
230 0 i135 -1e+00     -10 i130  0.826  1.3e-03  2e-16  14.956576  4.1e-02  3.7e-01  7.101e-08  1.804e-06  1.000e-06
231 0 i135 -1e+00     -10 i130  0.876  1.2e-03  1e-16  14.956576  4.1e-02  3.7e-01  6.341e-08  1.587e-06  1.000e-06
232 0 i135 -1e+00     -10 i130  0.865  1.2e-03  1e-16  14.956576  4.1e-02  3.6e-01  5.357e-08  1.393e-06  1.000e-06
233 0 i135 -1e+00     -10 i130  0.860  1.1e-03  7e-17  14.956575  4.1e-02  3.6e-01  4.653e-08  1.198e-06  1.000e-06
234 0 i136 -1e+00     -10 i130  0.842  9.9e-04  5e-17  14.956575  4.1e-02  3.5e-01  3.763e-08  1.017e-06  1.000e-06
235 0 i136 -1e+00     -10 i130  0.796  8.9e-04  3e-17  14.956575  4.1e-02  3.6e-01  3.106e-08  8.320e-07  1.000e-06
236 0 i135 -1e+00     -10 i130  0.869  8.3e-04  2e-17  14.956575  4.1e-02  3.6e-01  2.734e-08  7.229e-07  1.000e-06
237 0 i135 -1e+00     -10 i130  0.892  8.0e-04  2e-17  14.956575  4.1e-02  3.7e-01  2.465e-08  6.592e-07  1.000e-06
238 0 i135 -1e+00     -10 i130  0.905  7.6e-04  2e-17  14.956575  4.1e-02  3.6e-01  2.201e-08  6.049e-07  1.000e-06
239 0 i135 -1e+00     -10 i130  0.860  7.2e-04  1e-17  14.956575  4.1e-02  3.6e-01  1.901e-08  5.329e-07  1.000e-06
240 0 i135 -1e+00     -10 i130  0.903  6.8e-04  1e-17  14.956575  4.1e-02  3.5e-01  1.698e-08  4.747e-07  1.000e-06
241 0 i136 -1e+00     -10 i130  0.827  6.4e-04  6e-18  14.956574  4.1e-02  3.5e-01  1.374e-08  4.199e-07  1.000e-06
242 0 i136 -1e+00     -10 i130  0.837  5.8e-04  5e-18  14.956574  4.1e-02  3.5e-01  1.182e-08  3.480e-07  1.000e-06
243 0 i136 -1e+00     -10 i130  0.892  5.6e-04  4e-18  14.956574  4.1e-02  3.7e-01  1.120e-08  3.235e-07  1.000e-06
244 0 i136 -1e+00     -10 i130  1.009  5.6e-04  4e-18  14.956574  4.1e-02  3.6e-01  1.095e-08  3.263e-07  1.000e-06
245 0 i136 -1e+00     -10 i130  0.909  5.5e-04  3e-18  14.956574  4.1e-02  3.5e-01  9.653e-09  3.156e-07  1.000e-06
246 0 i136 -1e+00     -10 i130  0.889  5.2e-04  2e-18  14.956574  4.1e-02  3.5e-01  8.667e-09  2.841e-07  1.000e-06
247 0 i136 -1e+00     -10 i130  0.888  5.1e-04  2e-18  14.956574  4.1e-02  3.6e-01  7.884e-09  2.664e-07  1.000e-06
248 0 i136 -1e+00     -10 i130  0.955  5.0e-04  2e-18  14.956574  4.1e-02  3.6e-01  7.712e-09  2.579e-07  1.000e-06
249 0 i136 -1e+00     -10 i130  0.986  5.1e-04  2e-18  14.956574  4.1e-02  3.5e-01  7.401e-09  2.636e-07  1.000e-06
250 0 i136 -1e+00     -10 i130  0.919  5.0e-04  1e-18  14.956574  4.1e-02  3.4e-01  6.577e-09  2.571e-07  1.000e-06
251 0 i136 -1e+00     -10 i130  0.882  4.7e-04  1e-18  14.956574  4.1e-02  3.4e-01  5.911e-09  2.288e-07  1.000e-06
252 0 i136 -1e+00     -10 i130  0.869  4.5e-04  7e-19  14.956574  4.1e-02  3.3e-01  4.994e-09  2.091e-07  1.000e-06
253 0 i136 -1e+00     -10 i130  0.825  4.2e-04  5e-19  14.956574  4.1e-02  3.3e-01  4.147e-09  1.809e-07  1.000e-06
254 0 i136 -1e+00     -10 i130  0.884  4.0e-04  4e-19  14.956574  4.1e-02  3.2e-01  3.542e-09  1.631e-07  1.000e-06
255 0 i136 -1e+00     -10 i130  0.803  3.8e-04  2e-19  14.956574  4.1e-02  3.1e-01  2.845e-09  1.449e-07  1.000e-06
256 0 i136 -1e+00     -10 i130  0.838  3.5e-04  2e-19  14.956574  4.1e-02  3.2e-01  2.448e-09  1.257e-07  1.000e-06
257 0 i148 -1e+00     -10 i130  0.899  3.4e-04  1e-19  14.956574  4.1e-02  3.1e-01  2.157e-09  1.196e-07  1.000e-06
258 0 i135 -1e+00     -10 i130  0.837  3.3e-04  8e-20  14.956574  4.1e-02  3.0e-01  1.777e-09  1.109e-07  1.000e-06
259 0 i148 -1e+00     -10 i130  0.806  3.1e-04  5e-20  14.956574  4.1e-02  2.9e-01  1.419e-09  9.605e-08  1.000e-06
260 0 i135 -1e+00     -10 i130  0.790  2.9e-04  3e-20  14.956574  4.1e-02  3.0e-01  1.162e-09  8.310e-08  1.000e-06
261 0 i136 -1e+00     -10 i130  0.882  2.8e-04  2e-20  14.956574  4.1e-02  2.9e-01  1.016e-09  7.913e-08  1.000e-06
262 0 i136 -1e+00     -10 i130  0.868  2.8e-04  2e-20  14.956574  4.1e-02  2.7e-01  8.672e-10  7.751e-08  1.000e-06
263 0 i136 -1e+00     -10 i130  0.755  2.6e-04  1e-20  14.956574  4.1e-02  2.7e-01  6.935e-10  6.785e-08  1.000e-06
264 0 i135 -1e+00     -10 i130  0.827  2.4e-04  6e-21  14.956574  4.1e-02  2.6e-01  5.857e-10  6.006e-08  1.000e-06
265 0 i135 -1e+00     -10 i130  0.847  2.4e-04  5e-21  14.956574  4.1e-02  2.8e-01  5.751e-10  5.947e-08  1.000e-06
266 0 i135 -1e+00     -10 i130  0.963  2.5e-04  5e-21  14.956574  4.1e-02  2.8e-01  6.124e-10  6.080e-08  1.000e-06
267 0 i135 -1e+00     -10 i130  0.909  2.5e-04  4e-21  14.956574  4.1e-02  2.6e-01  5.647e-10  6.551e-08  1.000e-06
268 0 i135 -1e+00     -10 i130  0.775  2.4e-04  2e-21  14.956574  4.1e-02  2.5e-01  4.757e-10  5.837e-08  1.000e-06
269 0 i132 -1e+00     -10 i130  0.744  2.2e-04  1e-21  14.956574  4.1e-02  2.4e-01  3.821e-10  5.065e-08  1.000e-06
270 0 i147 -1e+00     -10 i130  0.727  2.1e-04  7e-22  14.956574  4.1e-02  2.3e-01  3.166e-10  4.336e-08  1.000e-06
271 0 i147 -1e+00     -10 i130  0.819  2.0e-04  5e-22  14.956574  4.1e-02  2.3e-01  3.017e-10  4.099e-08  1.000e-06
272 0 i148 -1e+00     -10 i130  0.867  2.1e-04  4e-22  14.956574  4.1e-02  2.2e-01  3.084e-10  4.242e-08  1.000e-06
273 0 i147 -1e+00     -10 i130  0.815  2.0e-04  5e-22  14.956574  4.1e-02  2.4e-01  3.136e-10  4.133e-08  1.000e-06
274 0 i148 -1e+00     -10 i130  0.831  2.0e-04  3e-22  14.956574  4.1e-02  2.1e-01  2.742e-10  4.043e-08  1.000e-06
275 0 i135 -1e+00     -10 i130  0.709  1.9e-04  2e-22  14.956574  4.1e-02  2.0e-01  2.327e-10  3.663e-08  1.000e-06
276 0 i147 -1e+00     -10 i130  0.693  1.8e-04  1e-22  14.956574  4.1e-02  1.9e-01  1.924e-10  3.126e-08  1.000e-06
277 0 i146 -1e+00     -10 i130  0.787  1.7e-04  1e-22  14.956574  4.1e-02  1.9e-01  2.004e-10  2.975e-08  1.000e-06
278 0 i147 -1e+00     -10 i130  0.886  1.7e-04  2e-22  14.956574  4.1e-02  1.9e-01  2.150e-10  3.058e-08  1.000e-06
279 0 i132 -1e+00     -10 i130  0.864  1.8e-04  2e-22  14.956574  4.1e-02  2.0e-01  2.344e-10  3.268e-08  1.000e-06
280 0 i132 -1e+00     -10 i130  0.798  1.8e-04  2e-22  14.956574  4.1e-02  2.0e-01  2.343e-10  3.250e-08  1.000e-06
281 0 i134 -1e+00     -10 i130  0.829  1.8e-04  2e-22  14.956574  4.1e-02  1.7e-01  2.084e-10  3.183e-08  1.000e-06
282 0 i147 -1e+00     -10 i130  0.710  1.7e-04  1e-22  14.956574  4.1e-02  1.8e-01  1.972e-10  2.963e-08  1.000e-06
283 0 i135 -1e+00     -10 i130  0.784  1.7e-04  1e-22  14.956574  4.1e-02  1.6e-01  1.717e-10  2.776e-08  1.000e-06
284 0 i147 -1e+00     -10 i130  0.735  1.6e-04  8e-23  14.956574  4.1e-02  1.6e-01  1.611e-10  2.601e-08  1.000e-06
285 0 i147 -1e+00     -10 i130  0.805  1.6e-04  8e-23  14.956574  4.1e-02  1.5e-01  1.563e-10  2.572e-08  1.000e-06
286 0 i148 -1e+00     -10 i130  0.783  1.6e-04  9e-23  14.956574  4.1e-02  1.6e-01  1.688e-10  2.553e-08  1.000e-06
287 0 i147 -1e+00     -10 i130  0.848  1.6e-04  1e-22  14.956574  4.1e-02  1.6e-01  1.793e-10  2.627e-08  1.000e-06
288 0 i147 -1e+00     -10 i130  0.847  1.7e-04  2e-22  14.956574  4.1e-02  1.7e-01  1.966e-10  2.796e-08  1.000e-06
289 0 i147 -1e+00     -10 i130  0.781  1.7e-04  2e-22  14.956574  4.1e-02  1.6e-01  1.855e-10  2.744e-08  1.000e-06
290 0 i147 -1e+00     -10 i130  0.746  1.6e-04  1e-22  14.956574  4.1e-02  1.6e-01  1.734e-10  2.627e-08  1.000e-06
291 0 i147 -1e+00     -10 i130  0.794  1.6e-04  1e-22  14.956574  4.1e-02  1.5e-01  1.589e-10  2.589e-08  1.000e-06
292 0 i134 -1e+00     -10 i130  0.755  1.6e-04  1e-22  14.956574  4.1e-02  1.6e-01  1.676e-10  2.481e-08  1.000e-06
293 0 i135 -1e+00     -10 i130  0.850  1.6e-04  8e-23  14.956574  4.1e-02  1.4e-01  1.513e-10  2.495e-08  1.000e-06
294 0 i147 -1e+00     -10 i130  0.765  1.6e-04  6e-23  14.956574  4.1e-02  1.4e-01  1.482e-10  2.568e-08  1.000e-06
295 0 i147 -1e+00     -10 i130  0.702  1.5e-04  1e-22  14.956574  4.1e-02  1.5e-01  1.408e-10  2.325e-08  1.000e-06
296 0 i147 -1e+00     -10 i130  0.848  1.5e-04  1e-22  14.956574  4.1e-02  1.5e-01  1.543e-10  2.368e-08  1.000e-06
297 0 i147 -1e+00     -10 i130  0.814  1.6e-04  1e-22  14.956574  4.1e-02  1.5e-01  1.592e-10  2.457e-08  1.000e-06
298 0 i147 -1e+00     -10 i130  0.830  1.6e-04  9e-23  14.956574  4.1e-02  1.4e-01  1.554e-10  2.560e-08  1.000e-06
299 0 i147 -1e+00     -10 i130  0.737  1.6e-04  1e-22  14.956574  4.1e-02  1.5e-01  1.550e-10  2.462e-08  1.000e-06
300 0 i147 -1e+00     -10 i130  0.794  1.5e-04  3e-22  14.956574  4.1e-02  1.5e-01  1.581e-10  2.407e-08  1.000e-06
301 0 i147 -1e+00     -10 i130  0.877  1.6e-04  2e-22  14.956574  4.1e-02  1.4e-01  1.611e-10  2.527e-08  1.000e-06
302 0 i134 -1e+00     -10 i130  0.781  1.6e-04  2e-22  14.956574  4.1e-02  1.5e-01  1.718e-10  2.568e-08  1.000e-06
303 0 i134 -1e+00     -10 i130  0.761  1.6e-04  1e-22  14.956574  4.1e-02  1.5e-01  1.704e-10  2.472e-08  1.000e-06
304 0 i147 -1e+00     -10 i130  0.836  1.5e-04  1e-22  14.956574  4.1e-02  1.4e-01  1.556e-10  2.412e-08  1.000e-06
305 0 i135 -1e+00     -10 i130  0.757  1.6e-04  8e-23  14.956574  4.1e-02  1.3e-01  1.440e-10  2.429e-08  1.000e-06
306 0 i147 -1e+00     -10 i130  0.736  1.5e-04  7e-23  14.956574  4.1e-02  1.3e-01  1.366e-10  2.287e-08  1.000e-06
307 0 i134 -1e+00     -10 i130  0.832  1.5e-04  1e-22  14.956574  4.1e-02  1.4e-01  1.490e-10  2.292e-08  1.000e-06
308 0 i147 -1e+00     -10 i130  0.855  1.5e-04  8e-23  14.956574  4.1e-02  1.2e-01  1.375e-10  2.393e-08  1.000e-06
309 0 i147 -1e+00     -10 i130  0.721  1.5e-04  1e-22  14.956574  4.1e-02  1.4e-01  1.499e-10  2.336e-08  1.000e-06
310 0 i147 -1e+00     -10 i130  0.825  1.5e-04  8e-23  14.956574  4.1e-02  1.3e-01  1.418e-10  2.305e-08  1.000e-06
311 0 i134 -1e+00     -10 i130  0.783  1.5e-04  1e-22  14.956574  4.1e-02  1.3e-01  1.469e-10  2.266e-08  1.000e-06
312 0 i134 -1e+00     -10 i130  0.801  1.5e-04  8e-23  14.956574  4.1e-02  1.3e-01  1.473e-10  2.270e-08  1.000e-06
313 0 i134 -1e+00     -10 i130  0.807  1.5e-04  6e-23  14.956574  4.1e-02  1.3e-01  1.386e-10  2.229e-08  1.000e-06
314 0 i135 -1e+00     -10 i130  0.787  1.5e-04  7e-23  14.956574  4.1e-02  1.2e-01  1.319e-10  2.262e-08  1.000e-06
315 0 i134 -1e+00     -10 i130  0.771  1.5e-04  7e-23  14.956574  4.1e-02  1.3e-01  1.410e-10  2.201e-08  1.000e-06
316 0 i147 -1e+00     -10 i130  0.840  1.5e-04  1e-22  14.956574  4.1e-02  1.3e-01  1.485e-10  2.253e-08  1.000e-06
317 0 i147 -1e+00     -10 i130  0.837  1.5e-04  9e-23  14.956574  4.1e-02  1.3e-01  1.486e-10  2.319e-08  1.000e-06
318 0 i147 -1e+00     -10 i130  0.774  1.5e-04  9e-23  14.956574  4.1e-02  1.5e-01  1.652e-10  2.298e-08  1.000e-06
319 0 i147 -1e+00     -10 i130  0.842  1.5e-04  8e-23  14.956574  4.1e-02  1.3e-01  1.558e-10  2.292e-08  1.000e-06
320 0 i147 -1e+00     -10 i130  0.820  1.5e-04  7e-23  14.956574  4.1e-02  1.3e-01  1.485e-10  2.399e-08  1.000e-06
321 0 i147 -1e+00     -10 i130  0.744  1.5e-04  1e-22  14.956574  4.1e-02  1.2e-01  1.320e-10  2.295e-08  1.000e-06
322 0 i132 -1e+00     -10 i130  0.722  1.5e-04  8e-23  14.956574  4.1e-02  1.3e-01  1.368e-10  2.129e-08  1.000e-06
323 0 i147 -1e+00     -10 i130  0.849  1.5e-04  1e-22  14.956574  4.1e-02  1.4e-01  1.461e-10  2.134e-08  1.000e-06
324 0 i147 -1e+00     -10 i130  0.912  1.5e-04  7e-23  14.956574  4.1e-02  1.1e-01  1.293e-10  2.374e-08  1.000e-06
325 0 i147 -1e+00     -10 i130  0.708  1.5e-04  8e-23  14.956574  4.1e-02  1.4e-01  1.534e-10  2.294e-08  1.000e-06
326 0 i145 -1e+00     -10 i130  0.847  1.5e-04  4e-23  14.956574  4.1e-02  9.8e-02  1.134e-10  2.311e-08  1.000e-06
327 0 i148 -1e+00     -10 i130  0.669  1.5e-04  4e-23  14.956574  4.1e-02  1.1e-01  1.106e-10  2.174e-08  1.000e-06
328 0 i147 -1e+00     -10 i130  0.754  1.4e-04  2e-23  14.956574  4.1e-02  8.3e-02  8.119e-11  1.956e-08  1.000e-06
329 0 i134 -1e+00     -10 i130  0.750  1.4e-04  3e-23  14.956574  4.1e-02  9.6e-02  9.252e-11  1.963e-08  1.000e-06
330 0 i135 -1e+00     -10 i130  0.813  1.4e-04  2e-23  14.956574  4.1e-02  7.2e-02  7.316e-11  1.905e-08  1.000e-06
331 0 i147 -1e+00     -10 i130  0.768  1.4e-04  3e-23  14.956574  4.1e-02  9.0e-02  8.989e-11  1.915e-08  1.000e-06
332 0 i147 -1e+00     -10 i130  0.795  1.4e-04  4e-23  14.956574  4.1e-02  8.6e-02  8.792e-11  1.902e-08  1.000e-06
333 0 i135 -1e+00     -10 i130  0.853  1.4e-04  5e-23  14.956574  4.1e-02  9.1e-02  1.015e-10  1.959e-08  1.000e-06
334 0 i148 -1e+00     -10 i130  0.826  1.4e-04  4e-23  14.956574  4.1e-02  8.5e-02  9.829e-11  2.005e-08  1.000e-06
335 0 i136 -1e+00     -10 i130  0.713  1.4e-04  5e-23  14.956574  4.1e-02  1.0e-01  1.082e-10  1.930e-08  1.000e-06
336 0 i136 -1e+00     -10 i130  0.808  1.4e-04  3e-23  14.956574  4.1e-02  9.1e-02  9.676e-11  1.893e-08  1.000e-06
337 0 i135 -1e+00     -10 i130  0.834  1.4e-04  2e-23  14.956574  4.1e-02  8.2e-02  9.139e-11  1.919e-08  1.000e-06
338 0 i135 -1e+00     -10 i130  0.746  1.4e-04  5e-23  14.956574  4.1e-02  1.1e-01  1.115e-10  1.851e-08  1.000e-06
339 0 i135 -1e+00     -10 i130  0.868  1.4e-04  3e-23  14.956574  4.1e-02  8.6e-02  9.757e-11  1.872e-08  1.000e-06
340 0 i135 -1e+00     -10 i130  0.840  1.4e-04  3e-23  14.956574  4.1e-02  7.6e-02  8.931e-11  1.995e-08  1.000e-06
341 0 i135 -1e+00     -10 i130  0.730  1.4e-04  7e-23  14.956574  4.1e-02  1.1e-01  1.217e-10  1.884e-08  1.000e-06
342 0 i135 -1e+00     -10 i130  0.897  1.4e-04  4e-23  14.956574  4.1e-02  8.1e-02  9.632e-11  1.902e-08  1.000e-06
343 0 i147 -1e+00     -10 i130  0.761  1.4e-04  4e-23  14.956574  4.1e-02  1.0e-01  1.151e-10  1.961e-08  1.000e-06
344 0 i148 -1e+00     -10 i130  0.837  1.4e-04  3e-23  14.956574  4.1e-02  7.8e-02  9.034e-11  2.007e-08  1.000e-06
345 0 i134 -1e+00     -10 i130  0.722  1.4e-04  3e-23  14.956574  4.1e-02  9.7e-02  1.024e-10  1.918e-08  1.000e-06
346 0 i147 -1e+00     -10 i130  0.820  1.4e-04  5e-23  14.956574  4.1e-02  9.8e-02  1.067e-10  1.913e-08  1.000e-06
347 0 i147 -1e+00     -10 i130  0.865  1.4e-04  3e-23  14.956574  4.1e-02  8.2e-02  9.657e-11  1.996e-08  1.000e-06
348 0 i147 -1e+00     -10 i130  0.770  1.4e-04  4e-23  14.956574  4.1e-02  1.0e-01  1.156e-10  2.013e-08  1.000e-06
349 0 i147 -1e+00     -10 i130  0.801  1.4e-04  2e-23  14.956574  4.1e-02  7.7e-02  8.639e-11  1.924e-08  1.000e-06
350 0 i147 -1e+00     -10 i130  0.742  1.4e-04  4e-23  14.956574  4.1e-02  1.0e-01  1.054e-10  1.929e-08  1.000e-06
351 0 i147 -1e+00     -10 i130  0.773  1.3e-04  4e-23  14.956574  4.1e-02  9.2e-02  9.438e-11  1.797e-08  1.000e-06
352 0 i147 -1e+00     -10 i130  0.894  1.4e-04  6e-23  14.956574  4.1e-02  8.7e-02  9.973e-11  1.946e-08  1.000e-06
353 0 i148 -1e+00     -10 i130  0.779  1.4e-04  3e-23  14.956574  4.1e-02  6.8e-02  7.493e-11  1.906e-08  1.000e-06
354 0 i135 -1e+00     -10 i130  0.733  1.4e-04  3e-23  14.956574  4.1e-02  9.0e-02  9.285e-11  1.893e-08  1.000e-06
355 0 i148 -1e+00     -10 i130  0.835  1.4e-04  3e-23  14.956574  4.1e-02  7.9e-02  8.595e-11  1.847e-08  1.000e-06
356 0 i135 -1e+00     -10 i130  0.864  1.4e-04  3e-23  14.956574  4.1e-02  8.9e-02  1.032e-10  1.938e-08  1.000e-06
357 0 i147 -1e+00     -10 i130  0.788  1.4e-04  2e-23  14.956574  4.1e-02  6.7e-02  7.597e-11  1.908e-08  1.000e-06
358 0 i135 -1e+00     -10 i130  0.752  1.4e-04  2e-23  14.956574  4.1e-02  8.3e-02  8.950e-11  1.936e-08  1.000e-06
359 0 i134 -1e+00     -10 i130  0.738  1.3e-04  2e-23  14.956574  4.1e-02  8.0e-02  8.109e-11  1.765e-08  1.000e-06
360 0 i148 -1e+00     -10 i130  0.838  1.3e-04  2e-23  14.956574  4.1e-02  7.0e-02  7.596e-11  1.814e-08  1.000e-06
361 0 i147 -1e+00     -10 i130  0.808  1.4e-04  3e-23  14.956574  4.1e-02  7.9e-02  8.675e-11  1.864e-08  1.000e-06
362 0 i135 -1e+00     -10 i130  0.797  1.4e-04  4e-23  14.956574  4.1e-02  7.9e-02  8.701e-11  1.836e-08  1.000e-06
363 0 i147 -1e+00     -10 i130  0.815  1.4e-04  5e-23  14.956574  4.1e-02  9.9e-02  1.098e-10  1.837e-08  1.000e-06
364 0 i146 -1e+00     -10 i130  0.852  1.4e-04  3e-23  14.956574  4.1e-02  8.0e-02  9.352e-11  1.891e-08  1.000e-06
365 0 i147 -1e+00     -10 i130  0.785  1.4e-04  3e-23  14.956574  4.1e-02  8.1e-02  9.158e-11  1.938e-08  1.000e-06
366 0 i134 -1e+00     -10 i130  0.758  1.4e-04  2e-23  14.956574  4.1e-02  7.7e-02  8.348e-11  1.865e-08  1.000e-06
367 0 i147 -1e+00     -10 i130  0.774  1.4e-04  2e-23  14.956574  4.1e-02  8.1e-02  8.522e-11  1.831e-08  1.000e-06
368 0 i133 -1e+00     -10 i130  0.786  1.3e-04  1e-23  14.956574  4.1e-02  6.5e-02  6.914e-11  1.811e-08  1.000e-06
369 0 i147 -1e+00     -10 i130  0.743  1.3e-04  6e-23  14.956574  4.1e-02  1.1e-01  1.138e-10  1.767e-08  1.000e-06
370 0 i147 -1e+00     -10 i130  0.942  1.3e-04  2e-23  14.956574  4.1e-02  5.9e-02  6.937e-11  1.801e-08  1.000e-06
371 0 i135 -1e+00     -10 i130  0.803  1.4e-04  2e-23  14.956574  4.1e-02  5.9e-02  6.851e-11  1.942e-08  1.000e-06
372 0 i134 -1e+00     -10 i130  0.696  1.4e-04  1e-23  14.956574  4.1e-02  5.9e-02  6.176e-11  1.843e-08  1.000e-06
373 0 i132 -1e+00     -10 i130  0.713  1.3e-04  2e-23  14.956574  4.1e-02  8.8e-02  8.371e-11  1.700e-08  1.000e-06
374 0 i135 -1e+00     -10 i130  0.848  1.3e-04  1e-23  14.956574  4.1e-02  5.6e-02  5.777e-11  1.597e-08  1.000e-06
375 0 i134 -1e+00     -10 i130  0.860  1.3e-04  2e-23  14.956574  4.1e-02  6.3e-02  6.920e-11  1.742e-08  1.000e-06
376 0 i147 -1e+00     -10 i130  0.802  1.3e-04  3e-23  14.956574  4.1e-02  7.9e-02  8.631e-11  1.774e-08  1.000e-06
377 0 i147 -1e+00     -10 i130  0.849  1.3e-04  6e-24  14.956574  4.1e-02  4.2e-02  4.942e-11  1.779e-08  1.000e-06
378 0 i147 -1e+00     -10 i130  0.695  1.3e-04  2e-23  14.956574  4.1e-02  7.5e-02  7.601e-11  1.697e-08  1.000e-06
379 0 i147 -1e+00     -10 i130  0.834  1.3e-04  1e-23  14.956574  4.1e-02  5.7e-02  6.152e-11  1.668e-08  1.000e-06
380 0 i147 -1e+00     -10 i130  0.791  1.3e-04  2e-23  14.956574  4.1e-02  7.1e-02  7.535e-11  1.645e-08  1.000e-06
381 0 i147 -1e+00     -10 i130  0.852  1.3e-04  2e-23  14.956574  4.1e-02  6.2e-02  6.995e-11  1.668e-08  1.000e-06
382 0 i147 -1e+00     -10 i130  0.828  1.3e-04  2e-23  14.956574  4.1e-02  6.2e-02  7.134e-11  1.752e-08  1.000e-06
383 0 i147 -1e+00     -10 i130  0.813  1.3e-04  1e-23  14.956574  4.1e-02  5.5e-02  6.403e-11  1.782e-08  1.000e-06
384 0 i148 -1e+00     -10 i130  0.774  1.3e-04  2e-23  14.956574  4.1e-02  6.7e-02  7.452e-11  1.726e-08  1.000e-06
385 0 i134 -1e+00     -10 i130  0.827  1.3e-04  2e-23  14.956574  4.1e-02  5.8e-02  6.729e-11  1.705e-08  1.000e-06
386 0 i14