Reading Image: 
Creating Para Surface Mesh: 
Euler Number ok = 2
flag = 0 iterations performed: 176
flag = 0 iterations performed: 180
initially active: {}.
fromC[expr_] := expr /. (mant_Real)*e + (expon_Integer) :> mant*10^expon;
  0 0 i151 -3e-02  109240 i145  0.000  1.8e+00  6e-06  29.929469  2.9e-01  1.6e-01
]]] newton : constraint 10924 -> level 1                              8.142e-01  3.896e+00  2.203e-03
  1 0 i150 -3e-02   25320 i139  0.065  1.7e+00  9e-06  31.597104  1.1e-01  1.7e-01
]]] newton : constraint 2532 -> level 1                              7.888e-01  3.634e+00  2.203e-03
  2 0 i146 -2e-02  109320 i137 -0.175  8.7e-01  2e-05  24.132693  5.9e-02  4.0e-01
]]] newton : constraint 10932 -> level 1                              7.764e-01  1.537e+00  2.203e-03
  3 0 i145 -4e-03  116280 i136  0.127  4.9e-01  2e-06  18.773161  4.5e-02  1.8e-01
]]] newton : constraint 11628 -> level 1                              7.734e-01  1.015e+00  2.203e-03
  4 0 i144 -8e-03  116280 i136  0.178  3.7e-01  2e-06  19.291280  4.2e-02  2.2e-01
]]] newton : constraint 11628 -> level 2                              7.674e-01  9.024e-01  2.203e-03
  5 0 i142 -8e-03  116280 i135 -0.066  3.2e-01  2e-06  18.869860  4.1e-02  3.3e-01
]]] newton : constraint 11628 -> level 3                            >>> newton activates constraint 11628 (pos 0); now active: 1
                                                                     7.614e-01  8.606e-01  2.203e-03
  6 0 i143 -2e-02  109320 i136  2.402  6.4e-01  2e-06  21.424445  4.1e-02  1.1e-01
]]] newton : constraint 10932 -> level 2                              7.495e-01  1.153e+00  2.203e-03
  7 0 i142 -3e-02   25320 i136  2.493  1.4e+00  1e-05  26.125308  4.1e-02  5.9e-02
]]] newton : constraint 2532 -> level 2                              7.261e-01  2.586e+00  2.203e-03
  8 0 i143 -3e-02   25320 i136 -0.020  1.3e+00  4e-06  25.852779  4.1e-02  1.6e-01
]]] newton : constraint 2532 -> level 3                            >>> newton activates constraint 2532 (pos 0); now active: 2
                                                                     7.035e-01  2.427e+00  2.203e-03
  9 0 i142 -3e-02   33040 i136
[[[ constraint   2532 -> level 4;            0.106  1.4e+00  6e-06  26.493909  4.1e-02  1.7e-01
]]] newton : constraint 3304 -> level 1                              6.816e-01  2.651e+00  2.203e-03
 10 0 i141 -3e-02    2820 i135
[[[ constraint   2532 -> level 3;          <<< inactivate constraint 2532 at postition 0; now active: 1

]]] in_out : constraint 282 -> level 1                            
 11 0 i141 -4e-03    2820 i135 -0.039  1.3e+00  7e-06  25.793956  4.1e-02  2.1e-01
]]] newton : constraint 282 -> level 2                              6.578e-01  2.432e+00  2.203e-03
 12 0 i141 -2e-02    2820 i134 -0.172  6.5e-01  4e-06  20.384272  4.1e-02  4.2e-01
]]] newton : constraint 282 -> level 3                            >>> newton activates constraint 282 (pos 0); now active: 2
                                                                     6.476e-01  1.067e+00  2.203e-03
 13 0 i141 -3e-02   25320 i135  3.033  1.4e+00  9e-06  24.671940  4.1e-02  1.3e-01
]]] newton : constraint 2532 -> level 3                            >>> newton activates constraint 2532 (pos 1); now active: 3
                                                                     6.275e-01  2.457e+00  2.203e-03
 14 0 i141 -3e-02   33040 i135 -0.107  1.1e+00  3e-06  22.648318  4.1e-02  1.7e-01
]]] newton : constraint 3304 -> level 2                              6.080e-01  1.920e+00  2.203e-03
 15 0 i138 -3e-02   33040 i135  0.127  1.2e+00  4e-06  23.325233  4.1e-02  1.6e-01
]]] newton : constraint 3304 -> level 3                            >>> newton activates constraint 3304 (pos 2); now active: 4
                                                                     5.891e-01  1.994e+00  2.088e-03
 16 0 i140 -3e-02    6010 i135
[[[ constraint   3304 -> level 4;           -0.094  1.0e+00  5e-06  22.172565  4.1e-02  2.4e-01
]]] newton : constraint 601 -> level 1                              5.708e-01  1.628e+00  1.644e-03
 17 0 i140 -2e-02    6020 i134
[[[ constraint   3304 -> level 3;          <<< inactivate constraint 3304 at postition 2; now active: 3

]]] in_out : constraint 602 -> level 1                            
 18 0 i140 -8e-03    6020 i134 -0.201  6.8e-01  4e-06  19.964454  4.1e-02  3.9e-01
]]] newton : constraint 602 -> level 2                              5.575e-01  1.023e+00  1.575e-03
 19 0 i140 -3e-02    6010 i135  0.235  7.9e-01  2e-06  20.316316  4.1e-02  1.9e-01
]]] newton : constraint 601 -> level 2                              5.402e-01  1.167e+00  1.575e-03
 20 0 i140 -3e-02    6010 i135  0.106  8.6e-01  2e-06  20.572816  4.1e-02  1.8e-01
]]] newton : constraint 601 -> level 3                            >>> newton activates constraint 601 (pos 1); now active: 4
                                                                     5.234e-01  1.261e+00  1.575e-03
 21 0 i141 -2e-02     800 i135
[[[ constraint    601 -> level 4;           -0.176  4.8e-01  2e-06  18.153289  4.1e-02  3.7e-01
]]] newton : constraint 80 -> level 1                              5.153e-01  7.468e-01  1.575e-03
 22 0 i141 -2e-02     800 i135
[[[ constraint    601 -> level 3;          <<< inactivate constraint 601 at postition 1; now active: 3

[[[ constraint    282 -> level 4;          
]]] in_out : constraint 80 -> level 2                            
 23 0 i141 -8e-03     800 i135  1.596  8.2e-01  2e-06  19.894896  4.1e-02  1.6e-01
]]] newton : constraint 80 -> level 3                            >>> newton activates constraint 80 (pos 0); now active: 4
                                                                     5.033e-01  1.170e+00  1.575e-03
 24 0 i141 -3e-02    6010 i134 -0.032  7.8e-01  1e-06  19.521892  4.1e-02  1.8e-01
]]] newton : constraint 601 -> level 3                            >>> newton activates constraint 601 (pos 2); now active: 5
                                                                     4.877e-01  1.100e+00  1.575e-03
 25 0 i141 -3e-02   33040 i135  0.142  8.6e-01  2e-06  19.856960  4.1e-02  1.7e-01
]]] newton : constraint 3304 -> level 3                            >>> newton activates constraint 3304 (pos 4); now active: 6
                                                                     4.725e-01  1.206e+00  1.575e-03
 26 0 i141 -6e-02   40840 i135
[[[ constraint   3304 -> level 4;          
[[[ constraint   2532 -> level 4;            1.638  1.6e+00  1e-05  22.570218  4.1e-02  8.9e-02
]]] newton : constraint 4084 -> level 1                              4.434e-01  2.983e+00  1.575e-03
 27 0 i141 -6e-02   40840 i136 -0.030  1.5e+00  1e-06  22.048246  4.1e-02  9.4e-02
]]] right : constraint 516 -> level 1                            
]]] newton : constraint 4084 -> level 2                              4.161e-01  2.760e+00  1.575e-03
 28 0 i142 -6e-08    5160 i136 -0.217  8.3e-01  0e+00  19.138661  4.1e-02  0.0e+00
]]] right : constraint 516 -> level 2                            
]]] newton : constraint 516 -> level 3                            >>> newton activates constraint 516 (pos 2); now active: 7
                                                                     4.161e-01  1.108e+00  1.575e-03
 29 0 i142 -3e-02   40840 i138
[[[ constraint   2532 -> level 3;          <<< inactivate constraint 2532 at postition 4; now active: 6

]]] in_out : constraint 4084 -> level 3                            >>> in_out activates constraint 4084 (pos 5); now active: 7
                                                                   
 30 0 i142 -2e-03    6440 i138  1.653  1.5e+00  1e-06  21.982569  4.1e-02  9.4e-02
]]] newton : constraint 644 -> level 1                              4.024e-01  2.748e+00  1.575e-03
 31 0 i140 -3e-02   25320 i136 -0.188  1.1e+00  3e-06  20.229749  4.1e-02  1.9e-01
]]] newton : constraint 2532 -> level 3                            >>> newton activates constraint 2532 (pos 4); now active: 8
                                                                     3.899e-01  1.664e+00  1.575e-03
 32 0 i143 -3e-02    1320 i137 -0.029  1.1e+00  3e-06  19.799412  4.1e-02  2.1e-01
]]] newton : constraint 132 -> level 1                              3.778e-01  1.547e+00  1.575e-03
 33 0 i143 -3e-02    1320 i137 -0.207  6.4e-01  4e-06  17.772415  4.1e-02  4.2e-01
]]] newton : constraint 132 -> level 2                              3.661e-01  7.795e-01  1.575e-03
 34 0 i141 -3e-02   13480 i137
[[[ constraint    282 -> level 3;          <<< inactivate constraint 282 at postition 1; now active: 7

]]] in_out : constraint 1348 -> level 1                            
 35 0 i143 -2e-02   13480 i138  0.795  9.2e-01  2e-06  18.768705  4.1e-02  1.6e-01
]]] newton : constraint 1348 -> level 2                              3.492e-01  1.193e+00  1.575e-03
 36 0 i143 -3e-02   13480 i138 -0.206  5.7e-01  3e-06  17.384961  4.1e-02  4.2e-01
]]] newton : constraint 1348 -> level 3                            >>> newton activates constraint 1348 (pos 3); now active: 8
                                                                     3.384e-01  6.654e-01  1.575e-03
 37 0 i144 -6e-02   13300 i140
[[[ constraint   2532 -> level 4;            2.180  1.1e+00  7e-07  19.036068  4.1e-02  8.8e-02
]]] right : constraint 256 -> level 1                            
]]] newton : constraint 1330 -> level 1                              3.176e-01  1.631e+00  1.575e-03
 38 0 i145 -1e-07    2560 i139 -0.124  4.0e-01  1e-06  16.387081  4.1e-02  4.2e-01
]]] newton : constraint 256 -> level 2                              3.176e-01  4.736e-01  1.575e-03
 39 0 i145 -8e-03    2560 i139  0.913  5.3e-01  3e-06  16.885334  4.1e-02  2.5e-01
]]] newton : constraint 256 -> level 3                            >>> newton activates constraint 256 (pos 1); now active: 9
                                                                     3.151e-01  5.948e-01  1.575e-03
 40 0 i144 -6e-02   13300 i139
[[[ constraint   2532 -> level 3;          <<< inactivate constraint 2532 at postition 5; now active: 8

]]] in_out : constraint 1330 -> level 2                            
 41 0 i144 -3e-02   13300 i139
[[[ constraint   3304 -> level 3;          <<< inactivate constraint 3304 at postition 5; now active: 7

]]] in_out : constraint 1330 -> level 3                            >>> in_out activates constraint 1330 (pos 4); now active: 8
                                                                   
 42 0 i143 -3e-02   25320 i138 11.534  2.0e+00  2e-05  21.047675  4.1e-02  4.9e-02
]]] newton : constraint 2532 -> level 3                            >>> newton activates constraint 2532 (pos 6); now active: 9
                                                                     2.776e-01  4.444e+00  1.575e-03
 43 0 i143 -6e-02   41240 i137 -0.192  1.1e+00  2e-06  18.148267  4.1e-02 -2.8e-02
]]] left : constraint 137 -> level 1                            
]]] newton : constraint 4124 -> level 1                              2.605e-01  1.415e+00  1.575e-03
 44 0 i143 -1e-06    1370 i137
[[[ constraint   2532 -> level 4;            0.001  1.1e+00  9e-07  17.909823  4.1e-02  1.3e-01
]]] newton : constraint 137 -> level 2                              2.606e-01  1.400e+00  1.575e-03
 45 0 i143 -6e-02   41240 i137
[[[ constraint   2532 -> level 3;          <<< inactivate constraint 2532 at postition 6; now active: 8

]]] in_out : constraint 4124 -> level 2                            
 46 0 i143 -3e-02   25320 i135  1.138  1.7e+00  2e-06  19.559285  4.1e-02  8.3e-02
]]] right : constraint 145 -> level 1                            
]]] newton : constraint 2532 -> level 3                            >>> newton activates constraint 2532 (pos 6); now active: 9
                                                                     2.369e-01  3.159e+00  1.575e-03
 47 0 i144 -3e-08    1450 i137
[[[ constraint   2532 -> level 4;          
[[[ constraint   1330 -> level 4;           -0.090  5.0e-01  5e-07  16.183768  4.1e-02  1.7e-01
]]] newton : constraint 145 -> level 2                              2.369e-01  4.917e-01  1.575e-03
 48 0 i143 -6e-02   33040 i138
[[[ constraint   2532 -> level 3;          <<< inactivate constraint 2532 at postition 6; now active: 8

[[[ constraint   1330 -> level 3;          <<< inactivate constraint 1330 at postition 4; now active: 7

]]] in_out : constraint 3304 -> level 3                            >>> in_out activates constraint 3304 (pos 5); now active: 8
                                                                   
 49 0 i145 -3e-02   25320 i138  8.906  1.7e+00  2e-06  19.202015  4.1e-02  1.6e-02
]]] right : constraint 4124 -> level 3                            >>> right activates constraint 4124 (pos 7); now active: 9
                                                                   
]]] newton : constraint 2532 -> level 3                            >>> newton activates constraint 2532 (pos 5); now active: 10
                                                                     2.154e-01  2.959e+00  1.575e-03
 50 0 i145 -2e-02    1370 i138  0.079  1.7e+00  3e-06  19.023217  4.1e-02  1.5e-01
]]] newton : constraint 137 -> level 3                            >>> newton activates constraint 137 (pos 1); now active: 11
                                                                     2.121e-01  3.247e+00  1.330e-03
 51 0 i144 -6e-02    6260 i137
[[[ constraint    137 -> level 4;           -0.207  8.3e-01  2e-06  16.916346  4.1e-02  3.0e-01
]]] newton : constraint 626 -> level 1                              1.990e-01  8.804e-01  1.266e-03
 52 0 i144 -6e-02    6260 i138  0.334  9.6e-01  8e-07  17.087785  4.1e-02  1.5e-01
]]] newton : constraint 626 -> level 2                              1.868e-01  1.114e+00  1.208e-03
 53 0 i144 -6e-02    6260 i138
[[[ constraint     80 -> level 4;           -0.165  7.1e-01  1e-06  16.528900  4.1e-02  2.8e-01
]]] newton : constraint 626 -> level 3                            >>> newton activates constraint 626 (pos 5); now active: 12
                                                                     1.753e-01  6.724e-01  1.208e-03
 54 0 i144 -1e-01   41480 i138
[[[ constraint     80 -> level 3;          <<< inactivate constraint 80 at postition 0; now active: 11

]]] in_out : constraint 4148 -> level 1                            
 55 0 i142 -6e-02   41480 i139  4.424  1.9e+00  1e-06  18.068348  4.1e-02  7.9e-02
]]] newton : constraint 4148 -> level 2                              1.445e-01  3.579e+00  1.208e-03
 56 0 i143 -1e-01   41480 i139 -0.227  1.1e+00  2e-06  16.843166  4.1e-02  2.3e-01
]]] right : constraint 145 -> level 3                            >>> right activates constraint 145 (pos 1); now active: 12
                                                                   
]]] newton : constraint 4148 -> level 3                            >>> newton activates constraint 4148 (pos 11); now active: 13
                                                                     1.270e-01  1.360e+00  1.208e-03
 57 0 i144 -1e-01    2810 i140
[[[ constraint   4148 -> level 4;            1.170  1.9e+00  3e-06  17.532758  4.1e-02  1.4e-01
]]] newton : constraint 281 -> level 1                              1.116e-01  3.549e+00  1.208e-03
 58 0 i143 -6e-02   27280 i140
[[[ constraint   4148 -> level 3;          <<< inactivate constraint 4148 at postition 11; now active: 12

]]] in_out : constraint 2728 -> level 1                            
 59 0 i144 -4e-03   27280 i140 -0.133  6.8e-01  7e-07  15.880202  4.1e-02  2.9e-01
]]] newton : constraint 2728 -> level 2                              1.043e-01  5.627e-01  1.208e-03
 60 0 i144 -2e-02   27280 i140
[[[ constraint    626 -> level 4;          
[[[ constraint    601 -> level 4;            0.392  5.9e-01  1e-06  15.721096  4.1e-02  2.1e-01
]]] newton : constraint 2728 -> level 3                            >>> newton activates constraint 2728 (pos 8); now active: 13
                                                                     1.027e-01  4.498e-01  1.208e-03
 61 0 i144 -2e-01   41480 i141  4.753  1.5e+00  7e-07  16.489360  4.1e-02  6.2e-02
]]] newton : constraint 4148 -> level 3                            >>> newton activates constraint 4148 (pos 12); now active: 14
                                                                     7.849e-02  2.369e+00  8.710e-04
 62 0 i145 -1e-01    6300 i141
[[[ constraint   4148 -> level 4;          
[[[ constraint    601 -> level 3;          <<< inactivate constraint 601 at postition 4; now active: 13

]]] in_out : constraint 630 -> level 1                            
 63 0 i147 -6e-02    6300 i141
[[[ constraint   4148 -> level 3;          <<< inactivate constraint 4148 at postition 11; now active: 12

]]] in_out : constraint 630 -> level 2                            
 64 0 i147 -2e-02    6300 i141 -0.054  1.2e+00  1e-06  15.998990  4.1e-02  1.7e-01
]]] newton : constraint 630 -> level 3                            >>> newton activates constraint 630 (pos 5); now active: 13
                                                                     6.368e-02  1.523e+00  6.782e-04
 65 0 i147 -2e-01   13300 i140  0.329  1.3e+00  8e-07  15.973946  4.1e-02  1.3e-01
]]] newton : constraint 1330 -> level 3                            >>> newton activates constraint 1330 (pos 6); now active: 14
                                                                     4.859e-02  1.678e+00  1.891e-04
 66 0 i148 -6e-02   13350 i141
[[[ constraint   1330 -> level 4;          
[[[ constraint    626 -> level 3;          <<< inactivate constraint 626 at postition 4; now active: 13

]]] in_out : constraint 1335 -> level 1                            
 67 0 i148 -3e-02   13350 i142
[[[ constraint   1330 -> level 3;          <<< inactivate constraint 1330 at postition 5; now active: 12

]]] in_out : constraint 1335 -> level 2                            
 68 0 i148 -2e-02   13350 i142 -0.143  4.8e-01  2e-07  15.468409  4.1e-02  2.7e-01
]]] newton : constraint 1335 -> level 3                            >>> newton activates constraint 1335 (pos 5); now active: 13
                                                                     4.349e-02  2.758e-01  1.000e-06
 69 0 i149 -3e-02    6250 i143
[[[ constraint   1335 -> level 4;            0.279  4.5e-01  1e-07  15.450256  4.1e-02  1.7e-01
]]] right : constraint 580 -> level 1                            
]]] newton : constraint 625 -> level 1                              4.214e-02  2.421e-01  1.000e-06
 70 0 i149 -3e-02    6250 i143
[[[ constraint   1335 -> level 3;          <<< inactivate constraint 1335 at postition 5; now active: 12

]]] in_out : constraint 625 -> level 2                            
 71 0 i148 -2e-02    6250 i142 -0.121  2.6e-01  5e-08  15.327863  4.1e-02  3.5e-01
]]] newton : constraint 625 -> level 3                            >>> newton activates constraint 625 (pos 4); now active: 13
                                                                     4.020e-02  1.087e-01  1.000e-06
 72 0 i148 -1e-01    5220 i142  1.352  4.2e-01  2e-07  15.413111  4.1e-02  1.7e-01
]]] right : constraint 580 -> level 2                            
]]] newton : constraint 522 -> level 1                              3.530e-02  2.114e-01  1.000e-06
 73 0 i149 -2e-01    5220 i143  0.432  5.5e-01  1e-07  15.435683  4.1e-02  1.4e-01
]]] newton : constraint 522 -> level 2                              2.689e-02  3.272e-01  1.000e-06
 74 0 i149 -2e-01    2630 i143
[[[ constraint    625 -> level 4;           -0.161  4.1e-01  6e-08  15.372405  4.1e-02  2.9e-01
]]] newton : constraint 263 -> level 1                              2.045e-02  1.907e-01  1.000e-06
 75 0 i149 -5e-01    2630 i141
[[[ constraint    625 -> level 3;          <<< inactivate constraint 625 at postition 4; now active: 12

]]] in_out : constraint 263 -> level 2                            
 76 0 i151 -2e-02    5220 i142  1.338  7.1e-01  6e-08  15.381085  4.1e-02  1.2e-01
]]] newton : constraint 522 -> level 3                            >>> newton activates constraint 522 (pos 4); now active: 13
                                                                     1.085e-02  5.112e-01  1.000e-06
 77 0 i151 -2e-01    6250 i143
[[[ constraint    522 -> level 4;           -0.107  2.4e-01  3e-08  15.309300  4.1e-02  2.9e-01
]]] newton : constraint 625 -> level 3                            >>> newton activates constraint 625 (pos 5); now active: 14
                                                                     8.222e-03  6.422e-02  1.000e-06
 78 0 i151 -5e-01   13110 i144
[[[ constraint    625 -> level 4;          
[[[ constraint    522 -> level 3;          <<< inactivate constraint 522 at postition 4; now active: 13

]]] in_out : constraint 1311 -> level 1                            
 79 0 i152 -5e-01    2630 i145
[[[ constraint    625 -> level 3;          <<< inactivate constraint 625 at postition 4; now active: 12

[[[ constraint    256 -> level 4;          
]]] in_out : constraint 263 -> level 3                            >>> in_out activates constraint 263 (pos 3); now active: 13
                                                                   
 80 0 i151 -6e-02   13110 i144
[[[ constraint    263 -> level 4;            4.782  6.0e-01  4e-10  15.342271  4.1e-02  3.5e-03
]]] right : constraint 1311 -> level 2                            
]]] newton : constraint 1311 -> level 3                            >>> newton activates constraint 1311 (pos 6); now active: 14
                                                                     2.109e-03  3.630e-01  1.000e-06
 81 0 i151 -1e+00     -10 i145
[[[ constraint  11628 -> level 4;          
[[[ constraint   4084 -> level 4;          
[[[ constraint   2728 -> level 4;          
[[[ constraint   2532 -> level 4;          
[[[ constraint    630 -> level 4;          
[[[ constraint    263 -> level 3;          <<< inactivate constraint 263 at postition 3; now active: 13

[[[ constraint    145 -> level 4;           82 0 i150 -1e+00     -10 i145
[[[ constraint  11628 -> level 3;          <<< inactivate constraint 11628 at postition 12; now active: 12

[[[ constraint   4124 -> level 4;          
[[[ constraint   4084 -> level 3;          <<< inactivate constraint 4084 at postition 10; now active: 11

[[[ constraint   3304 -> level 4;          
[[[ constraint   2728 -> level 3;          <<< inactivate constraint 2728 at postition 8; now active: 10

[[[ constraint   2532 -> level 3;          <<< inactivate constraint 2532 at postition 7; now active: 9

[[[ constraint    630 -> level 3;          <<< inactivate constraint 630 at postition 4; now active: 8

[[[ constraint    256 -> level 3;          <<< inactivate constraint 256 at postition 2; now active: 7

[[[ constraint    145 -> level 3;          <<< inactivate constraint 145 at postition 1; now active: 6

[[[ constraint    137 -> level 3;          <<< inactivate constraint 137 at postition 0; now active: 5
 83 0 i145 -1e+00     -10 i145
[[[ constraint   4124 -> level 3;          <<< inactivate constraint 4124 at postition 4; now active: 4

[[[ constraint   3304 -> level 3;          <<< inactivate constraint 3304 at postition 3; now active: 3
 84 0 i166 -1e+00     -10 i145  0.559  8.0e-01  1e-08  15.284497  4.1e-02  1.3e-01  2.076e-04  6.354e-01  1.000e-06
 85 0 i149 -1e+00     -10 i145  0.187  2.7e-01  3e-12  15.284182  4.1e-02  5.0e-03
]]] right : constraint 256 -> level 3                            >>> right activates constraint 256 (pos 0); now active: 4
                                                                     3.399e-06  7.173e-02  1.000e-06
 86 0 i148 -1e+00     -10 i145 -0.008  2.7e-01  5e-10  15.275405  4.1e-02  2.5e-01  4.822e-05  7.060e-02  1.000e-06
 87 0 i147 -1e+00     -10 i146  0.770  2.3e-01  2e-08  15.255219  4.1e-02  4.4e-01
]]] right : constraint 303 -> level 1                              2.231e-04  5.489e-02  1.000e-06
 88 0 i148 -5e-04    3030 i145  0.166  2.1e-01  3e-08  15.243786  4.1e-02  4.5e-01
]]] newton : constraint 303 -> level 2                              3.922e-04  4.517e-02  1.000e-06
 89 0 i148 -1e+00     -10 i145
[[[ constraint   1348 -> level 4;          
[[[ constraint    256 -> level 4;            1.752  2.7e-01  2e-08  15.230308  4.1e-02  2.2e-01
]]] right : constraint 145 -> level 3                            >>> right activates constraint 145 (pos 0); now active: 5
                                                                     3.350e-04  7.177e-02  1.000e-06
 90 0 i148 -1e+00     -10 i145
[[[ constraint   1348 -> level 3;          <<< inactivate constraint 1348 at postition 4; now active: 4

[[[ constraint    145 -> level 4;           91 0 i143 -1e+00     -10 i144
[[[ constraint    256 -> level 3;          <<< inactivate constraint 256 at postition 1; now active: 3

[[[ constraint    145 -> level 3;          <<< inactivate constraint 145 at postition 0; now active: 2
 92 0 i143 -1e+00     -10 i144  0.068  2.6e-01  5e-09  15.220890  4.1e-02  2.6e-01  1.695e-04  6.805e-02  1.000e-06
 93 0 i145 -1e+00     -10 i144  0.567  1.9e-01  4e-09  15.215035  4.1e-02  1.9e-01
]]] right : constraint 1348 -> level 3                            >>> right activates constraint 1348 (pos 2); now active: 3
                                                                     1.399e-04  3.462e-02  1.000e-06
 94 0 i147 -1e+00     -10 i145  0.018  1.7e-01  2e-09  15.208810  4.1e-02  4.4e-01  1.033e-04  2.792e-02  1.000e-06
 95 0 i147 -1e+00     -10 i145
[[[ constraint   1348 -> level 4;            1.541  2.1e-01  4e-08  15.185534  4.1e-02  6.6e-01
]]] right : constraint 145 -> level 3                            >>> right activates constraint 145 (pos 0); now active: 4
                                                                     5.030e-04  4.300e-02  1.000e-06
 96 0 i148 -1e+00     -10 i145
[[[ constraint   1348 -> level 3;          <<< inactivate constraint 1348 at postition 3; now active: 3
 97 0 i144 -1e+00     -10 i144
[[[ constraint    145 -> level 4;            0.547  2.3e-01  6e-08  15.171134  4.1e-02  4.2e-01  5.972e-04  5.202e-02  1.000e-06
 98 0 i145 -1e+00     -10 i144
[[[ constraint    145 -> level 3;          <<< inactivate constraint 145 at postition 0; now active: 2
 99 0 i144 -1e+00     -10 i144  1.356  2.2e-01  2e-09  15.169042  4.1e-02  3.8e-02
]]] right : constraint 303 -> level 3                            >>> right activates constraint 303 (pos 0); now active: 3
                                                                     1.114e-04  4.993e-02  1.000e-06
100 0 i145 -1e+00     -10 i144
[[[ constraint    303 -> level 4;            0.000  2.2e-01  1e-09  15.163700  4.1e-02  2.0e-01
]]] right : constraint 1348 -> level 3                            >>> right activates constraint 1348 (pos 3); now active: 4
                                                                     6.196e-05  4.826e-02  1.000e-06
101 0 i145 -1e+00     -10 i145
[[[ constraint   1348 -> level 4;          
[[[ constraint    303 -> level 3;          <<< inactivate constraint 303 at postition 0; now active: 3
102 0 i145 -1e+00     -10 i145
[[[ constraint   1348 -> level 3;          <<< inactivate constraint 1348 at postition 2; now active: 2
103 0 i147 -1e+00     -10 i144  0.204  1.2e-01  3e-08  15.157258  4.1e-02  7.8e-01  2.971e-04  1.569e-02  1.000e-06
104 0 i143 -1e+00     -10 i144
[[[ constraint    516 -> level 4;            3.791  2.4e-01  7e-07  15.135543  4.1e-02  4.2e-01
]]] right : constraint 83 -> level 1                              1.212e-03  5.905e-02  1.000e-06
105 0 i143 -1e+00     -10 i144
[[[ constraint    516 -> level 3;          <<< inactivate constraint 516 at postition 0; now active: 1
106 0 i142 -1e+00     -10 i144  0.130  2.4e-01  2e-07  15.126267  4.1e-02  2.7e-01  5.251e-04  5.737e-02  1.000e-06
107 0 i141 -1e+00     -10 i144  0.433  1.4e-01  1e-08  15.125096  4.1e-02  7.0e-02
]]] right : constraint 303 -> level 3                            >>> right activates constraint 303 (pos 0); now active: 2
                                                                     1.220e-04  1.862e-02  1.000e-06
108 0 i141 -1e+00     -10 i144 -0.068  1.1e-01  2e-09  15.122660  4.1e-02  4.1e-01  4.499e-05  1.322e-02  1.000e-06
109 0 i143 -1e+00     -10 i144
[[[ constraint    303 -> level 4;            1.484  1.4e-01  2e-08  15.109704  4.1e-02  8.1e-01  2.646e-04  2.057e-02  1.000e-06
110 0 i144 -1e+00     -10 i144  1.066  1.7e-01  2e-08  15.098571  4.1e-02  3.8e-01
]]] right : constraint 516 -> level 3                            >>> right activates constraint 516 (pos 1); now active: 3
                                                                     2.682e-04  2.828e-02  1.000e-06
111 0 i143 -1e+00     -10 i144
[[[ constraint    516 -> level 4;            0.626  1.3e-01  1e-07  15.086766  4.1e-02  6.5e-01
]]] right : constraint 1348 -> level 3                            >>> right activates constraint 1348 (pos 3); now active: 4
                                                                     5.713e-04  1.654e-02  1.000e-06
112 0 i144 -1e+00     -10 i145
[[[ constraint   1348 -> level 4;          
[[[ constraint    516 -> level 3;          <<< inactivate constraint 516 at postition 1; now active: 3
113 0 i145 -1e+00     -10 i145
[[[ constraint   1348 -> level 3;          <<< inactivate constraint 1348 at postition 2; now active: 2

[[[ constraint    303 -> level 3;          <<< inactivate constraint 303 at postition 0; now active: 1
114 0 i143 -1e+00     -10 i144  2.691  2.0e-01  3e-12  15.086570  4.1e-02  1.5e-03
]]] right : constraint 516 -> level 3                            >>> right activates constraint 516 (pos 0); now active: 2
                                                                     3.572e-06  3.920e-02  1.000e-06
115 0 i144 -1e+00     -10 i144
[[[ constraint    516 -> level 4;           -0.002  2.0e-01  4e-10  15.083059  4.1e-02  1.8e-01  3.214e-05  3.908e-02  1.000e-06
116 0 i144 -1e+00     -10 i144
[[[ constraint    516 -> level 3;          <<< inactivate constraint 516 at postition 0; now active: 1
117 0 i140 -1e+00     -10 i144  0.244  9.8e-02  6e-09  15.079860  4.1e-02  6.7e-01  1.338e-04  9.696e-03  1.000e-06
118 0 i143 -1e+00     -10 i144  2.626  1.6e-01  1e-07  15.065954  4.1e-02  6.9e-01
]]] right : constraint 303 -> level 3                            >>> right activates constraint 303 (pos 0); now active: 2
                                                                     6.002e-04  2.577e-02  1.000e-06
119 0 i144 -1e+00     -10 i144  0.650  1.8e-01  5e-07  15.056527  4.1e-02  4.1e-01  8.659e-04  3.426e-02  1.000e-06
120 0 i142 -1e+00     -10 i144  1.186  1.6e-01  7e-07  15.049378  4.1e-02  4.2e-01
]]] right : constraint 516 -> level 3                            >>> right activates constraint 516 (pos 1); now active: 3
                                                                     1.329e-03  2.793e-02  1.000e-06
121 0 i142 -1e+00     -10 i144
[[[ constraint    516 -> level 4;            1.055  2.1e-01  5e-07  15.036121  4.1e-02  3.4e-01
]]] right : constraint 145 -> level 3                            >>> right activates constraint 145 (pos 0); now active: 4
                                                                     1.199e-03  4.403e-02  1.000e-06
122 0 i143 -1e+00     -10 i144
[[[ constraint    516 -> level 3;          <<< inactivate constraint 516 at postition 2; now active: 3

[[[ constraint    145 -> level 4;          123 0 i143 -1e+00     -10 i144
[[[ constraint    303 -> level 4;          
[[[ constraint    145 -> level 3;          <<< inactivate constraint 145 at postition 0; now active: 2
124 0 i141 -1e+00     -10 i144
[[[ constraint    303 -> level 3;          <<< inactivate constraint 303 at postition 0; now active: 1
125 0 i148 -1e+00     -10 i144  0.420  1.7e-01  3e-08  15.029804  4.1e-02  3.0e-01  4.141e-04  3.087e-02  1.000e-06
126 0 i144 -1e+00     -10 i144  0.946  1.4e-01  1e-07  15.024413  4.1e-02  5.6e-01  1.010e-03  1.933e-02  1.000e-06
127 0 i144 -1e+00     -10 i143  1.604  2.2e-01  6e-08  15.015480  4.1e-02  2.2e-01
]]] right : constraint 303 -> level 3                            >>> right activates constraint 303 (pos 0); now active: 2
                                                                     7.295e-04  4.696e-02  1.000e-06
128 0 i144 -1e+00     -10 i143  0.059  1.5e-01  2e-08  15.010937  4.1e-02  3.4e-01  2.953e-04  2.248e-02  1.000e-06
129 0 i142 -1e+00     -10 i144  0.452  9.3e-02  1e-08  15.009373  4.1e-02  3.5e-01  2.317e-04  8.812e-03  1.000e-06
130 0 i141 -1e+00     -10 i143  0.979  9.3e-02  5e-08  15.004781  4.1e-02  7.0e-01  5.032e-04  9.146e-03  1.000e-06
131 0 i143 -1e+00     -10 i143  1.017  1.1e-01  3e-08  14.999200  4.1e-02  6.0e-01  4.924e-04  1.355e-02  1.000e-06
132 0 i143 -1e+00     -10 i143  2.690  1.7e-01  2e-07  14.992886  4.1e-02  3.0e-01
]]] right : constraint 145 -> level 3                            >>> right activates constraint 145 (pos 0); now active: 3
                                                                     8.812e-04  2.820e-02  1.000e-06
133 0 i143 -1e+00     -10 i143
[[[ constraint    303 -> level 4;            0.416  1.9e-01  3e-07  14.985821  4.1e-02  3.2e-01  7.494e-04  3.543e-02  1.000e-06
134 0 i142 -1e+00     -10 i143
[[[ constraint    303 -> level 3;          <<< inactivate constraint 303 at postition 1; now active: 2
135 0 i141 -1e+00     -10 i143
[[[ constraint    145 -> level 4;            0.974  1.6e-01  5e-07  14.981162  4.1e-02  3.7e-01  1.006e-03  2.618e-02  1.000e-06
136 0 i143 -1e+00     -10 i143  0.803  1.7e-01  4e-07  14.976124  4.1e-02  3.5e-01  9.143e-04  2.867e-02  1.000e-06
137 0 i142 -1e+00     -10 i143  0.898  1.6e-01  5e-07  14.970515  4.1e-02  4.0e-01
]]] right : constraint 303 -> level 3                            >>> right activates constraint 303 (pos 1); now active: 3
                                                                     9.924e-04  2.613e-02  1.000e-06
138 0 i142 -1e+00     -10 i143  0.752  1.5e-01  2e-06  14.965177  4.1e-02  3.7e-01  1.760e-03  2.415e-02  1.000e-06
139 0 i141 -1e+00     -10 i143  0.877  1.2e-01  3e-06  14.961072  4.1e-02  4.5e-01  2.010e-03  1.650e-02  1.000e-06
140 0 i141 -1e+00     -10 i143  1.443  1.5e-01  8e-06  14.954374  4.1e-02  4.9e-01  3.232e-03  2.574e-02  1.000e-06
141 0 i141 -1e+00     -10 i143  0.891  1.6e-01  3e-06  14.946961  4.1e-02  3.2e-01  1.986e-03  2.716e-02  1.000e-06
142 0 i142 -1e+00     -10 i143  0.792  1.2e-01  3e-06  14.941698  4.1e-02  4.2e-01
]]] right : constraint 139 -> level 1                              1.874e-03  1.666e-02  1.000e-06
143 0 i142 -1e+00     -10 i143  0.979  1.3e-01  2e-06  14.936382  4.1e-02  3.8e-01  1.647e-03  1.906e-02  1.000e-06
144 0 i143 -1e+00     -10 i143  1.098  1.2e-01  3e-06  14.931194  4.1e-02  4.5e-01  2.131e-03  1.774e-02  1.000e-06
145 0 i143 -1e+00     -10 i142  1.145  1.5e-01  3e-06  14.924413  4.1e-02  3.6e-01  1.950e-03  2.482e-02  1.000e-06
146 0 i143 -1e+00     -10 i142  0.966  1.4e-01  3e-06  14.918555  4.1e-02  4.2e-01  2.176e-03  2.052e-02  1.000e-06
147 0 i143 -1e+00     -10 i142  1.080  1.4e-01  3e-06  14.913005  4.1e-02  3.6e-01  2.069e-03  2.282e-02  1.000e-06
148 0 i143 -1e+00     -10 i142  0.805  1.4e-01  1e-06  14.908155  4.1e-02  3.3e-01  1.469e-03  2.003e-02  1.000e-06
149 0 i143 -1e+00     -10 i142  0.668  1.1e-01  8e-07  14.904921  4.1e-02  3.7e-01  1.072e-03  1.223e-02  1.000e-06
150 0 i143 -1e+00     -10 i142  1.021  1.0e-01  8e-07  14.902362  4.1e-02  3.8e-01  1.124e-03  1.155e-02  1.000e-06
151 0 i144 -1e+00     -10 i142  0.961  1.1e-01  7e-07  14.899729  4.1e-02  3.6e-01  1.033e-03  1.238e-02  1.000e-06
152 0 i144 -1e+00     -10 i142  0.811  9.9e-02  4e-07  14.897393  4.1e-02  3.3e-01  7.603e-04  1.062e-02  1.000e-06
153 0 i144 -1e+00     -10 i142  0.780  8.2e-02  3e-07  14.895629  4.1e-02  4.0e-01  7.159e-04  7.455e-03  1.000e-06
154 0 i144 -1e+00     -10 i141  1.094  8.5e-02  4e-07  14.893970  4.1e-02  4.1e-01  8.149e-04  7.987e-03  1.000e-06
155 0 i144 -1e+00     -10 i141  1.137  9.5e-02  4e-07  14.892088  4.1e-02  3.6e-01  8.116e-04  9.822e-03  1.000e-06
156 0 i144 -1e+00     -10 i140  0.757  8.5e-02  2e-07  14.890453  4.1e-02  3.4e-01  5.984e-04  7.742e-03  1.000e-06
157 0 i143 -1e+00     -10 i141  0.784  7.1e-02  2e-07  14.889221  4.1e-02  3.8e-01  5.227e-04  5.600e-03  1.000e-06
158 0 i143 -1e+00     -10 i141  0.943  6.9e-02  1e-07  14.888170  4.1e-02  3.8e-01  4.803e-04  5.187e-03  1.000e-06
159 0 i144 -1e+00     -10 i140  0.959  6.9e-02  1e-07  14.887136  4.1e-02  3.6e-01  4.396e-04  5.191e-03  1.000e-06
160 0 i144 -1e+00     -10 i142  0.902  6.5e-02  1e-07  14.886107  4.1e-02  4.0e-01  4.512e-04  4.722e-03  1.000e-06
161 0 i144 -1e+00     -10 i141  1.033  6.5e-02  1e-07  14.885150  4.1e-02  4.0e-01  4.726e-04  4.707e-03  1.000e-06
162 0 i145 -1e+00     -10 i141  1.033  6.7e-02  1e-07  14.884196  4.1e-02  3.8e-01  4.616e-04  4.937e-03  1.000e-06
163 0 i145 -1e+00     -10 i141  0.880  6.4e-02  7e-08  14.883341  4.1e-02  3.4e-01  3.683e-04  4.486e-03  1.000e-06
164 0 i144 -1e+00     -10 i142  0.782  5.6e-02  6e-08  14.882637  4.1e-02  3.8e-01  3.245e-04  3.412e-03  1.000e-06
165 0 i144 -1e+00     -10 i141  0.899  5.2e-02  4e-08  14.882065  4.1e-02  3.6e-01  2.739e-04  3.012e-03  1.000e-06
166 0 i144 -1e+00     -10 i141  0.858  4.9e-02  3e-08  14.881558  4.1e-02  3.7e-01  2.440e-04  2.611e-03  1.000e-06
167 0 i144 -1e+00     -10 i142  0.950  4.7e-02  3e-08  14.881064  4.1e-02  4.0e-01  2.483e-04  2.477e-03  1.000e-06
168 0 i144 -1e+00     -10 i141  1.026  4.8e-02  3e-08  14.880587  4.1e-02  3.9e-01  2.511e-04  2.526e-03  1.000e-06
169 0 i144 -1e+00     -10 i141  0.995  4.8e-02  3e-08  14.880109  4.1e-02  3.8e-01  2.444e-04  2.558e-03  1.000e-06
170 0 i144 -1e+00     -10 i141  0.902  4.6e-02  2e-08  14.879675  4.1e-02  3.6e-01  2.093e-04  2.331e-03  1.000e-06
171 0 i144 -1e+00     -10 i142  0.840  4.2e-02  2e-08  14.879318  4.1e-02  3.7e-01  1.799e-04  1.909e-03  1.000e-06
172 0 i144 -1e+00     -10 i141  0.915  4.0e-02  1e-08  14.878995  4.1e-02  3.9e-01  1.720e-04  1.734e-03  1.000e-06
173 0 i144 -1e+00     -10 i141  0.923  3.8e-02  1e-08  14.878710  4.1e-02  3.6e-01  1.469e-04  1.624e-03  1.000e-06
174 0 i144 -1e+00     -10 i142  0.855  3.6e-02  9e-09  14.878447  4.1e-02  3.8e-01  1.361e-04  1.397e-03  1.000e-06
175 0 i144 -1e+00     -10 i142  0.932  3.4e-02  8e-09  14.878212  4.1e-02  3.8e-01  1.277e-04  1.286e-03  1.000e-06
176 0 i144 -1e+00     -10 i142  0.977  3.4e-02  8e-09  14.877980  4.1e-02  3.9e-01  1.282e-04  1.259e-03  1.000e-06
177 0 i144 -1e+00     -10 i141  0.961  3.3e-02  6e-09  14.877764  4.1e-02  3.7e-01  1.163e-04  1.220e-03  1.000e-06
178 0 i145 -1e+00     -10 i141  0.908  3.2e-02  6e-09  14.877561  4.1e-02  3.9e-01  1.108e-04  1.110e-03  1.000e-06
179 0 i145 -1e+00     -10 i141  0.936  3.0e-02  5e-09  14.877376  4.1e-02  3.8e-01  1.021e-04  1.030e-03  1.000e-06
180 0 i145 -1e+00     -10 i141  0.937  3.0e-02  4e-09  14.877205  4.1e-02  3.7e-01  9.379e-05  9.686e-04  1.000e-06
181 0 i145 -1e+00     -10 i142  0.855  2.7e-02  3e-09  14.877059  4.1e-02  3.6e-01  7.858e-05  8.307e-04  1.000e-06
182 0 i146 -1e+00     -10 i141
[[[ constraint    303 -> level 4;          
[[[ constraint    145 -> level 3;          <<< inactivate constraint 145 at postition 0; now active: 2
183 0 i141 -1e+00     -10 i142
[[[ constraint    303 -> level 3;          <<< inactivate constraint 303 at postition 0; now active: 1
184 0 i148 -1e+00     -10 i142  6.822  7.2e-02  5e-10  14.876936  4.1e-02  5.0e-02  5.268e-05  5.171e-03  1.000e-06
185 0 i147 -1e+00     -10 i142  0.107  7.1e-02  3e-10  14.876475  4.1e-02  1.8e-01  2.858e-05  5.036e-03  1.000e-06
186 0 i146 -1e+00     -10 i142  0.126  2.5e-02  3e-11  14.876405  4.1e-02  2.2e-01  6.894e-06  6.243e-04  1.000e-06
187 0 i144 -1e+00     -10 i142  0.229  1.2e-02  4e-12  14.876381  4.1e-02  3.4e-01  2.962e-06  1.429e-04  1.000e-06
188 0 i144 -1e+00     -10 i142  0.542  8.7e-03  2e-12  14.876363  4.1e-02  4.7e-01  2.675e-06  7.893e-05  1.000e-06
189 0 i143 -1e+00     -10 i143  1.458  1.1e-02  2e-11  14.876318  4.1e-02  8.1e-01  7.867e-06  1.189e-04  1.000e-06
190 0 i143 -1e+00     -10 i142  2.897  1.8e-02  3e-10  14.876183  4.1e-02  8.4e-01  2.665e-05  3.483e-04  1.000e-06
191 0 i144 -1e+00     -10 i142  2.514  2.8e-02  8e-10  14.875976  4.1e-02  5.1e-01  4.311e-05  8.541e-04  1.000e-06
192 0 i144 -1e+00     -10 i142  1.144  3.0e-02  7e-10  14.875781  4.1e-02  4.2e-01  4.167e-05  9.662e-04  1.000e-06
193 0 i144 -1e+00     -10 i142  0.739  2.6e-02  3e-10  14.875656  4.1e-02  3.8e-01  2.831e-05  7.010e-04  1.000e-06
194 0 i145 -1e+00     -10 i142  0.613  2.0e-02  1e-10  14.875578  4.1e-02  3.6e-01  1.742e-05  4.375e-04  1.000e-06
195 0 i145 -1e+00     -10 i142  0.582  1.6e-02  3e-11  14.875539  4.1e-02  3.2e-01  9.444e-06  2.535e-04  1.000e-06
196 0 i145 -1e+00     -10 i142  0.506  1.1e-02  1e-11  14.875516  4.1e-02  3.8e-01  6.152e-06  1.279e-04  1.000e-06
197 0 i144 -1e+00     -10 i142  0.666  9.0e-03  6e-12  14.875501  4.1e-02  3.7e-01  4.365e-06  8.568e-05  1.000e-06
198 0 i145 -1e+00     -10 i142  0.689  7.5e-03  4e-12  14.875490  4.1e-02  3.9e-01  3.618e-06  5.991e-05  1.000e-06
199 0 i145 -1e+00     -10 i142  0.732  6.4e-03  3e-12  14.875481  4.1e-02  4.5e-01  3.328e-06  4.436e-05  1.000e-06
200 0 i145 -1e+00     -10 i142  1.024  6.5e-03  4e-12  14.875471  4.1e-02  4.8e-01  3.807e-06  4.583e-05  1.000e-06
201 0 i145 -1e+00     -10 i142  1.114  6.8e-03  6e-12  14.875460  4.1e-02  4.7e-01  4.264e-06  5.108e-05  1.000e-06
202 0 i145 -1e+00     -10 i142  1.056  7.0e-03  7e-12  14.875448  4.1e-02  4.9e-01  4.776e-06  5.431e-05  1.000e-06
203 0 i145 -1e+00     -10 i142  1.228  7.8e-03  1e-11  14.875432  4.1e-02  5.3e-01  6.456e-06  6.733e-05  1.000e-06
204 0 i145 -1e+00     -10 i142  1.327  9.0e-03  2e-11  14.875412  4.1e-02  4.8e-01  7.676e-06  8.836e-05  1.000e-06
205 0 i146 -1e+00     -10 i143  0.982  8.9e-03  1e-11  14.875395  4.1e-02  4.5e-01  7.203e-06  8.616e-05  1.000e-06
206 0 i146 -1e+00     -10 i142  0.942  8.7e-03  1e-11  14.875380  4.1e-02  3.9e-01  5.920e-06  8.089e-05  1.000e-06
207 0 i147 -1e+00     -10 i142  0.751  7.5e-03  6e-12  14.875369  4.1e-02  3.9e-01  4.509e-06  6.058e-05  1.000e-06
208 0 i147 -1e+00     -10 i142  0.675  6.2e-03  3e-12  14.875362  4.1e-02  3.9e-01  3.041e-06  4.090e-05  1.000e-06
209 0 i147 -1e+00     -10 i142  0.737  5.3e-03  2e-12  14.875356  4.1e-02  3.9e-01  2.309e-06  3.019e-05  1.000e-06
210 0 i147 -1e+00     -10 i142  0.755  4.6e-03  8e-13  14.875352  4.1e-02  3.7e-01  1.690e-06  2.271e-05  1.000e-06
211 0 i147 -1e+00     -10 i142  0.643  3.7e-03  4e-13  14.875349  4.1e-02  4.2e-01  1.227e-06  1.483e-05  1.000e-06
212 0 i147 -1e+00     -10 i142  0.841  3.4e-03  3e-13  14.875347  4.1e-02  4.0e-01  9.982e-07  1.243e-05  1.000e-06
213 0 i147 -1e+00     -10 i143  0.783  3.0e-03  2e-13  14.875345  4.1e-02  4.1e-01  8.118e-07  9.774e-06  1.000e-06
214 0 i147 -1e+00     -10 i142  0.884  2.8e-03  2e-13  14.875343  4.1e-02  4.8e-01  8.510e-07  8.798e-06  1.000e-06
215 0 i147 -1e+00     -10 i143  1.025  2.9e-03  2e-13  14.875342  4.1e-02  4.6e-01  8.533e-07  9.009e-06  1.000e-06
216 0 i147 -1e+00     -10 i142  1.068  2.9e-03  2e-13  14.875340  4.1e-02  4.3e-01  8.711e-07  9.553e-06  1.000e-06
217 0 i147 -1e+00     -10 i142  0.860  2.7e-03  2e-13  14.875338  4.1e-02  4.4e-01  7.786e-07  8.322e-06  1.000e-06
218 0 i147 -1e+00     -10 i142  0.983  2.7e-03  2e-13  14.875336  4.1e-02  4.6e-01  8.155e-07  8.215e-06  1.000e-06
219 0 i147 -1e+00     -10 i142  1.029  2.8e-03  2e-13  14.875335  4.1e-02  4.6e-01  8.515e-07  8.463e-06  1.000e-06
220 0 i147 -1e+00     -10 i142  1.019  2.8e-03  2e-13  14.875333  4.1e-02  4.8e-01  9.208e-07  8.705e-06  1.000e-06
221 0 i147 -1e+00     -10 i142  1.061  2.9e-03  2e-13  14.875331  4.1e-02  4.4e-01  9.073e-07  9.205e-06  1.000e-06
222 0 i147 -1e+00     -10 i143  1.030  2.9e-03  2e-13  14.875329  4.1e-02  4.6e-01  9.741e-07  9.490e-06  1.000e-06
223 0 i146 -1e+00     -10 i143  0.974  2.9e-03  2e-13  14.875327  4.1e-02  4.2e-01  9.000e-07  9.228e-06  1.000e-06
224 0 i146 -1e+00     -10 i142  0.861  2.7e-03  1e-13  14.875326  4.1e-02  4.2e-01  7.815e-07  7.990e-06  1.000e-06
225 0 i146 -1e+00     -10 i143  0.860  2.5e-03  9e-14  14.875324  4.1e-02  4.2e-01  6.838e-07  6.884e-06  1.000e-06
226 0 i146 -1e+00     -10 i142  0.901  2.4e-03  9e-14  14.875323  4.1e-02  4.7e-01  6.870e-07  6.256e-06  1.000e-06
227 0 i146 -1e+00     -10 i143  1.040  2.4e-03  8e-14  14.875322  4.1e-02  4.2e-01  6.424e-07  6.458e-06  1.000e-06
228 0 i146 -1e+00     -10 i143  0.847  2.2e-03  5e-14  14.875321  4.1e-02  4.0e-01  5.295e-07  5.489e-06  1.000e-06
229 0 i146 -1e+00     -10 i142  0.794  2.0e-03  4e-14  14.875320  4.1e-02  4.2e-01  4.441e-07  4.377e-06  1.000e-06
230 0 i146 -1e+00     -10 i142  0.897  1.9e-03  3e-14  14.875319  4.1e-02  4.2e-01  4.024e-07  3.951e-06  1.000e-06
231 0 i146 -1e+00     -10 i143  0.888  1.8e-03  2e-14  14.875319  4.1e-02  4.3e-01  3.675e-07  3.541e-06  1.000e-06
232 0 i146 -1e+00     -10 i142  0.925  1.7e-03  2e-14  14.875318  4.1e-02  4.2e-01  3.269e-07  3.255e-06  1.000e-06
233 0 i146 -1e+00     -10 i142  0.821  1.6e-03  1e-14  14.875317  4.1e-02  4.1e-01  2.613e-07  2.678e-06  1.000e-06
234 0 i146 -1e+00     -10 i143  0.918  1.5e-03  1e-14  14.875317  4.1e-02  4.5e-01  2.643e-07  2.485e-06  1.000e-06
235 0 i146 -1e+00     -10 i143  0.953  1.5e-03  9e-15  14.875317  4.1e-02  4.0e-01  2.275e-07  2.361e-06  1.000e-06
236 0 i146 -1e+00     -10 i142  0.805  1.3e-03  7e-15  14.875316  4.1e-02  4.2e-01  1.906e-07  1.931e-06  1.000e-06
237 0 i146 -1e+00     -10 i143  0.918  1.3e-03  6e-15  14.875316  4.1e-02  4.2e-01  1.762e-07  1.772e-06  1.000e-06
238 0 i146 -1e+00     -10 i143  0.873  1.2e-03  4e-15  14.875316  4.1e-02  4.2e-01  1.522e-07  1.561e-06  1.000e-06
239 0 i146 -1e+00     -10 i143  0.905  1.1e-03  3e-15  14.875315  4.1e-02  4.1e-01  1.358e-07  1.421e-06  1.000e-06
240 0 i147 -1e+00     -10 i143  0.904  1.1e-03  3e-15  14.875315  4.1e-02  4.1e-01  1.242e-07  1.292e-06  1.000e-06
241 0 i147 -1e+00     -10 i143  0.851  1.0e-03  2e-15  14.875315  4.1e-02  4.0e-01  1.018e-07  1.118e-06  1.000e-06
242 0 i147 -1e+00     -10 i142  0.850  9.3e-04  1e-15  14.875315  4.1e-02  4.1e-01  9.031e-08  9.599e-07  1.000e-06
243 0 i147 -1e+00     -10 i143  0.909  8.9e-04  1e-15  14.875315  4.1e-02  4.0e-01  8.066e-08  8.737e-07  1.000e-06
244 0 i147 -1e+00     -10 i142  0.857  8.3e-04  9e-16  14.875314  4.1e-02  3.9e-01  6.781e-08  7.639e-07  1.000e-06
245 0 i147 -1e+00     -10 i142  0.838  7.7e-04  6e-16  14.875314  4.1e-02  4.0e-01  5.837e-08  6.525e-07  1.000e-06
246 0 i147 -1e+00     -10 i142  0.885  7.3e-04  5e-16  14.875314  4.1e-02  3.9e-01  5.091e-08  5.837e-07  1.000e-06
247 0 i148 -1e+00     -10 i142  0.839  6.8e-04  3e-16  14.875314  4.1e-02  3.9e-01  4.271e-08  5.064e-07  1.000e-06
248 0 i147 -1e+00     -10 i143  0.882  6.4e-04  3e-16  14.875314  4.1e-02  3.9e-01  3.824e-08  4.482e-07  1.000e-06
249 0 i147 -1e+00     -10 i143  0.892  6.2e-04  2e-16  14.875314  4.1e-02  3.9e-01  3.402e-08  4.147e-07  1.000e-06
250 0 i147 -1e+00     -10 i142  0.901  5.9e-04  1e-16  14.875314  4.1e-02  3.6e-01  2.839e-08  3.750e-07  1.000e-06
251 0 i147 -1e+00     -10 i143  0.760  5.4e-04  9e-17  14.875314  4.1e-02  3.6e-01  2.174e-08  3.097e-07  1.000e-06
252 0 i147 -1e+00     -10 i143  0.864  5.0e-04  7e-17  14.875314  4.1e-02  3.8e-01  1.982e-08  2.657e-07  1.000e-06
253 0 i148 -1e+00     -10 i143  0.925  4.9e-04  5e-17  14.875314  4.1e-02  3.5e-01  1.711e-08  2.546e-07  1.000e-06
254 0 i147 -1e+00     -10 i142  0.813  4.6e-04  4e-17  14.875314  4.1e-02  3.6e-01  1.419e-08  2.235e-07  1.000e-06
255 0 i148 -1e+00     -10 i143  0.898  4.3e-04  3e-17  14.875314  4.1e-02  3.5e-01  1.260e-08  2.017e-07  1.000e-06
256 0 i148 -1e+00     -10 i142  0.860  4.2e-04  2e-17  14.875314  4.1e-02  3.6e-01  1.093e-08  1.900e-07  1.000e-06
257 0 i147 -1e+00     -10 i143  0.912  4.1e-04  2e-17  14.875314  4.1e-02  3.5e-01  9.772e-09  1.785e-07  1.000e-06
258 0 i147 -1e+00     -10 i142  0.884  4.0e-04  1e-17  14.875314  4.1e-02  3.3e-01  8.204e-09  1.675e-07  1.000e-06
259 0 i147 -1e+00     -10 i143  0.829  3.8e-04  9e-18  14.875314  4.1e-02  3.4e-01  7.037e-09  1.503e-07  1.000e-06
260 0 i145 -1e+00     -10 i142  0.943  3.8e-04  7e-18  14.875314  4.1e-02  3.3e-01  6.341e-09  1.472e-07  1.000e-06
261 0 i147 -1e+00     -10 i142  0.829  3.6e-04  5e-18  14.875314  4.1e-02  3.2e-01  5.203e-09  1.379e-07  1.000e-06
262 0 i147 -1e+00     -10 i142  0.872  3.5e-04  4e-18  14.875314  4.1e-02  3.2e-01  4.538e-09  1.254e-07  1.000e-06
263 0 i147 -1e+00     -10 i142  0.845  3.4e-04  2e-18  14.875313  4.1e-02  3.1e-01  3.729e-09  1.172e-07  1.000e-06
264 0 i148 -1e+00     -10 i143  0.837  3.2e-04  2e-18  14.875313  4.1e-02  3.0e-01  3.042e-09  1.047e-07  1.000e-06
265 0 i148 -1e+00     -10 i143  0.840  3.1e-04  1e-18  14.875313  4.1e-02  3.1e-01  2.624e-09  9.583e-08  1.000e-06
266 0 i147 -1e+00     -10 i142  0.883  3.0e-04  8e-19  14.875313  4.1e-02  2.9e-01  2.188e-09  9.218e-08  1.000e-06
267 0 i159 -1e+00     -10 i142  0.801  2.8e-04  5e-19  14.875313  4.1e-02  2.8e-01  1.723e-09  8.267e-08  1.000e-06
268 0 i162 -1e+00     -10 i142  0.783  2.6e-04  3e-19  14.875313  4.1e-02  2.6e-01  1.284e-09  7.151e-08  1.000e-06
269 0 i148 -1e+00     -10 i143  0.761  2.5e-04  1e-19  14.875313  4.1e-02  2.5e-01  9.337e-10  6.311e-08  1.000e-06
270 0 i148 -1e+00     -10 i143  0.705  2.3e-04  6e-20  14.875313  4.1e-02  2.4e-01  6.610e-10  5.330e-08  1.000e-06
271 0 i148 -1e+00     -10 i142  0.740  2.1e-04  3e-20  14.875313  4.1e-02  2.5e-01  5.417e-10  4.541e-08  1.000e-06
272 0 i148 -1e+00     -10 i142  0.857  2.1e-04  2e-20  14.875313  4.1e-02  2.4e-01  4.736e-10  4.403e-08  1.000e-06
273 0 i148 -1e+00     -10 i143  0.844  2.1e-04  1e-20  14.875313  4.1e-02  2.2e-01  4.061e-10  4.412e-08  1.000e-06
274 0 i162 -1e+00     -10 i142  0.785  2.0e-04  1e-20  14.875313  4.1e-02  2.4e-01  3.936e-10  4.195e-08  1.000e-06
275 0 i162 -1e+00     -10 i143  0.899  2.0e-04  7e-21  14.875313  4.1e-02  2.3e-01  3.787e-10  4.102e-08  1.000e-06
276 0 i162 -1e+00     -10 i142  0.816  2.0e-04  4e-21  14.875313  4.1e-02  2.2e-01  3.437e-10  4.236e-08  1.000e-06
277 0 i150 -1e+00     -10 i142  0.801  2.0e-04  3e-21  14.875313  4.1e-02  2.2e-01  3.230e-10  3.977e-08  1.000e-06
278 0 i163 -1e+00     -10 i143  0.829  1.9e-04  2e-21  14.875313  4.1e-02  1.9e-01  2.783e-10  3.772e-08  1.000e-06
279 0 i148 -1e+00     -10 i143  0.682  1.8e-04  1e-21  14.875313  4.1e-02  2.1e-01  2.534e-10  3.424e-08  1.000e-06
280 0 i149 -1e+00     -10 i143  0.849  1.8e-04  9e-22  14.875313  4.1e-02  1.8e-01  2.261e-10  3.182e-08  1.000e-06
281 0 i149 -1e+00     -10 i143  0.787  1.8e-04  1e-21  14.875313  4.1e-02  1.9e-01  2.376e-10  3.290e-08  1.000e-06
282 0 i150 -1e+00     -10 i142  0.847  1.8e-04  9e-22  14.875313  4.1e-02  1.7e-01  2.175e-10  3.142e-08  1.000e-06
283 0 i149 -1e+00     -10 i143  0.734  1.7e-04  7e-22  14.875313  4.1e-02  1.9e-01  2.232e-10  3.057e-08  1.000e-06
284 0 i149 -1e+00     -10 i142  0.843  1.7e-04  6e-22  14.875313  4.1e-02  1.7e-01  2.049e-10  2.916e-08  1.000e-06
285 0 i149 -1e+00     -10 i142  0.783  1.7e-04  3e-22  14.875313  4.1e-02  1.5e-01  1.860e-10  2.973e-08  1.000e-06
286 0 i150 -1e+00     -10 i143  0.695  1.6e-04  2e-22  14.875313  4.1e-02  1.6e-01  1.745e-10  2.612e-08  1.000e-06
287 0 i163 -1e+00     -10 i142  0.789  1.6e-04  3e-22  14.875313  4.1e-02  1.5e-01  1.573e-10  2.559e-08  1.000e-06
288 0 i163 -1e+00     -10 i142  0.839  1.6e-04  3e-22  14.875313  4.1e-02  1.5e-01  1.715e-10  2.657e-08  1.000e-06
289 0 i163 -1e+00     -10 i142  0.778  1.6e-04  5e-22  14.875313  4.1e-02  1.7e-01  1.907e-10  2.634e-08  1.000e-06
290 0 i149 -1e+00     -10 i142  0.839  1.6e-04  7e-22  14.875313  4.1e-02  1.6e-01  1.889e-10  2.668e-08  1.000e-06
291 0 i149 -1e+00     -10 i142  0.782  1.6e-04  6e-22  14.875313  4.1e-02  1.6e-01  1.899e-10  2.655e-08  1.000e-06
292 0 i150 -1e+00     -10 i143  0.824  1.6e-04  5e-22  14.875313  4.1e-02  1.6e-01  1.963e-10  2.677e-08  1.000e-06
293 0 i163 -1e+00     -10 i143  0.843  1.6e-04  4e-22  14.875313  4.1e-02  1.5e-01  1.862e-10  2.676e-08  1.000e-06
294 0 i163 -1e+00     -10 i143  0.756  1.6e-04  5e-22  14.875313  4.1e-02  1.5e-01  1.846e-10  2.688e-08  1.000e-06
295 0 i163 -1e+00     -10 i143  0.767  1.6e-04  4e-22  14.875313  4.1e-02  1.4e-01  1.677e-10  2.518e-08  1.000e-06
296 0 i149 -1e+00     -10 i143  0.742  1.5e-04  5e-22  14.875313  4.1e-02  1.6e-01  1.777e-10  2.357e-08  1.000e-06
297 0 i163 -1e+00     -10 i143  0.882  1.6e-04  3e-22  14.875313  4.1e-02  1.4e-01  1.703e-10  2.475e-08  1.000e-06
298 0 i149 -1e+00     -10 i142  0.787  1.6e-04  4e-22  14.875313  4.1e-02  1.5e-01  1.781e-10  2.475e-08  1.000e-06
299 0 i163 -1e+00     -10 i143  0.834  1.6e-04  4e-22  14.875313  4.1e-02  1.5e-01  1.811e-10  2.556e-08  1.000e-06
300 0 i163 -1e+00     -10 i142  0.862  1.6e-04  7e-22  14.875313  4.1e-02  1.4e-01  1.886e-10  2.600e-08  1.000e-06
301 0 i149 -1e+00     -10 i143  0.760  1.6e-04  5e-22  14.875313  4.1e-02  1.5e-01  1.866e-10  2.600e-08  1.000e-06
302 0 i150 -1e+00     -10 i143  0.741  1.6e-04  4e-22  14.875313  4.1e-02  1.4e-01  1.671e-10  2.457e-08  1.000e-06
303 0 i163 -1e+00     -10 i143  0.770  1.5e-04  2e-22  14.875313  4.1e-02  1.2e-01  1.372e-10  2.370e-08  1.000e-06
304 0 i163 -1e+00     -10 i142  0.702  1.5e-04  2e-22  14.875313  4.1e-02  1.4e-01  1.420e-10  2.155e-08  1.000e-06
305 0 i163 -1e+00     -10 i142  0.899  1.5e-04  2e-22  14.875313  4.1e-02  9.7e-02  1.136e-10  2.203e-08  1.000e-06
306 0 i163 -1e+00     -10 i143  0.726  1.5e-04  3e-22  14.875313  4.1e-02  9.7e-02  1.071e-10  2.190e-08  1.000e-06
307 0 i163 -1e+00     -10 i143  0.689  1.4e-04  3e-22  14.875313  4.1e-02  1.2e-01  1.200e-10  1.989e-08  1.000e-06
308 0 i163 -1e+00     -10 i143  0.845  1.4e-04  2e-22  14.875313  4.1e-02  1.0e-01  1.101e-10  1.938e-08  1.000e-06
309 0 i163 -1e+00     -10 i142  0.869  1.4e-04  4e-22  14.875313  4.1e-02  1.3e-01  1.502e-10  2.084e-08  1.000e-06
310 0 i163 -1e+00     -10 i142  0.859  1.5e-04  3e-22  14.875313  4.1e-02  1.1e-01  1.398e-10  2.172e-08  1.000e-06
311 0 i149 -1e+00     -10 i142  0.796  1.5e-04  5e-22  14.875313  4.1e-02  1.4e-01  1.742e-10  2.291e-08  1.000e-06
312 0 i149 -1e+00     -10 i142  0.860  1.5e-04  3e-22  14.875313  4.1e-02  1.1e-01  1.386e-10  2.301e-08  1.000e-06
313 0 i149 -1e+00     -10 i142  0.717  1.5e-04  3e-22  14.875313  4.1e-02  1.4e-01  1.639e-10  2.308e-08  1.000e-06
314 0 i163 -1e+00     -10 i142  0.783  1.4e-04  1e-22  14.875313  4.1e-02  1.1e-01  1.198e-10  2.060e-08  1.000e-06
315 0 i149 -1e+00     -10 i143  0.844  1.5e-04  2e-22  14.875313  4.1e-02  1.2e-01  1.422e-10  2.233e-08  1.000e-06
316 0 i163 -1e+00     -10 i142  0.726  1.4e-04  1e-22  14.875313  4.1e-02  9.6e-02  1.077e-10  2.035e-08  1.000e-06
317 0 i149 -1e+00     -10 i143  0.772  1.4e-04  1e-22  14.875313  4.1e-02  1.1e-01  1.256e-10  2.028e-08  1.000e-06
318 0 i163 -1e+00     -10 i142  0.825  1.4e-04  1e-22  14.875313  4.1e-02  9.4e-02  1.079e-10  1.944e-08  1.000e-06
319 0 i150 -1e+00     -10 i142  0.811  1.4e-04  2e-22  14.875313  4.1e-02  1.0e-01  1.189e-10  2.064e-08  1.000e-06
320 0 i148 -1e+00     -10 i143  0.790  1.4e-04  2e-22  14.875313  4.1e-02  1.1e-01  1.226e-10  1.989e-08  1.000e-06
321 0 i163 -1e+00     -10 i143  0.779  1.4e-04  1e-22  14.875313  4.1e-02  1.1e-01  1.275e-10  1.987e-08  1.000e-06
322 0 i163 -1e+00     -10 i142  0.814  1.4e-04  3e-22  14.875313  4.1e-02  1.3e-01  1.466e-10  1.974e-08  1.000e-06
323 0 i150 -1e+00     -10 i143  0.921  1.5e-04  1e-22  14.875313  4.1e-02  8.0e-02  1.041e-10  2.194e-08  1.000e-06
324 0 i163 -1e+00     -10 i142  0.664  1.5e-04  2e-22  14.875313  4.1e-02  1.2e-01  1.377e-10  2.140e-08  1.000e-06
325 0 i149 -1e+00     -10 i143  0.750  1.4e-04  2e-22  14.875313  4.1e-02  1.2e-01  1.246e-10  1.859e-08  1.000e-06
326 0 i149 -1e+00     -10 i142  0.935  1.4e-04  2e-22  14.875313  4.1e-02  1.0e-01  1.280e-10  2.088e-08  1.000e-06
327 0 i163 -1e+00     -10 i143  0.801  1.4e-04  1e-22  14.875313  4.1e-02  9.9e-02  1.202e-10  2.095e-08  1.000e-06
328 0 i163 -1e+00     -10 i143  0.729  1.4e-04  3e-22  14.875313  4.1e-02  1.2e-01  1.342e-10  2.080e-08  1.000e-06
329 0 i163 -1e+00     -10 i142  0.804  1.4e-04  1e-22  14.875313  4.1e-02  7.8e-02  9.117e-11  2.029e-08  1.000e-06
330 0 i163 -1e+00     -10 i142  0.707  1.4e-04  2e-22  14.875313  4.1e-02  1.1e-01  1.138e-10  1.906e-08  1.000e-06
331 0 i163 -1e+00     -10 i142  0.881  1.4e-04  1e-22  14.875313  4.1e-02  7.4e-02  8.731e-11  1.918e-08  1.000e-06
332 0 i163 -1e+00     -10 i142  0.737  1.4e-04  2e-22  14.875313  4.1e-02  9.7e-02  1.083e-10  1.901e-08  1.000e-06
333 0 i163 -1e+00     -10 i142  0.765  1.3e-04  2e-22  14.875313  4.1e-02  9.4e-02  1.029e-10  1.819e-08  1.000e-06
334 0 i163 -1e+00     -10 i143  0.865  1.4e-04  1e-22  14.875313  4.1e-02  8.2e-02  9.730e-11  1.913e-08  1.000e-06
335 0 i163 -1e+00     -10 i143  0.787  1.4e-04  2e-22  14.875313  4.1e-02  9.5e-02  1.125e-10  1.972e-08  1.000e-06
336 0 i163 -1e+00     -10 i142  0.800  1.4e-04  1e-22  14.875313  4.1e-02  9.5e-02  1.125e-10  1.920e-08  1.000e-06
337 0 i163 -1e+00     -10 i143  0.847  1.4e-04  2e-22  14.875313  4.1e-02  9.6e-02  1.195e-10  1.974e-08  1.000e-06
338 0 i163 -1e+00     -10 i143  0.817  1.4e-04  2e-22  14.875313  4.1e-02  1.0e-01  1.260e-10  2.099e-08  1.000e-06
339 0 i148 -1e+00     -10 i143  0.788  1.4e-04  2e-22  14.875313  4.1e-02  9.3e-02  1.150e-10  2.051e-08  1.000e-06
340 0 i163 -1e+00     -10 i143  0.727  1.4e-04  2e-22  14.875313  4.1e-02  1.2e-01  1.367e-10  1.901e-08  1.000e-06
341 0 i163 -1e+00     -10 i142  0.909  1.4e-04  9e-23  14.875313  4.1e-02  6.8e-02  8.717e-11  1.985e-08  1.000e-06
342 0 i163 -1e+00     -10 i142  0.676  1.4e-04  2e-22  14.875313  4.1e-02  1.1e-01  1.191e-10  1.926e-08  1.000e-06
343 0 i163 -1e+00     -10 i142  0.837  1.4e-04  1e-22  14.875313  4.1e-02  9.7e-02  1.108e-10  1.836e-08  1.000e-06
344 0 i163 -1e+00     -10 i142  0.883  1.4e-04  6e-23  14.875313  4.1e-02  6.0e-02  7.708e-11  1.978e-08  1.000e-06
345 0 i163 -1e+00     -10 i143  0.649  1.4e-04  1e-22  14.875313  4.1e-02  1.1e-01  1.175e-10  1.852e-08  1.000e-06
346 0 i163 -1e+00     -10 i143  0.879  1.4e-04  6e-23  14.875313  4.1e-02  6.4e-02  7.479e-11  1.858e-08  1.000e-06
347 0 i163 -1e+00     -10 i142  0.746  1.3e-04  6e-23  14.875313  4.1e-02  7.6e-02  8.384e-11  1.821e-08  1.000e-06
348 0 i149 -1e+00     -10 i142  0.729  1.3e-04  7e-23  14.875313  4.1e-02  7.6e-02  7.881e-11  1.755e-08  1.000e-06
349 0 i163 -1e+00     -10 i143  0.841  1.3e-04  6e-23  14.875313  4.1e-02  7.1e-02  7.999e-11  1.731e-08  1.000e-06
350 0 i149 -1e+00     -10 i143  0.827  1.3e-04  5e-23  14.875313  4.1e-02  5.8e-02  6.813e-11  1.744e-08  1.000e-06
351 0 i163 -1e+00     -10 i143  0.770  1.3e-04  6e-23  14.875313  4.1e-02  5.8e-02  6.703e-11  1.754e-08  1.000e-06
352 0 i163 -1e+00     -10 i142  0.764  1.3e-04  1e-22  14.875313  4.1e-02  8.6e-02  9.531e-11  1.709e-08  1.000e-06
353 0 i163 -1e+00     -10 i143  0.881  1.3e-04  7e-23  14.875313  4.1e-02  5.8e-02  7.134e-11  1.719e-08  1.000e-06
354 0 i163 -1e+00     -10 i142  0.846  1.4e-04  1e-22  14.875313  4.1e-02  7.3e-02  9.385e-11  1.870e-08  1.000e-06
355 0 i163 -1e+00     -10 i142  0.770  1.4e-04  1e-22  14.875313  4.1e-02  7.0e-02  8.687e-11  1.861e-08  1.000e-06
356 0 i163 -1e+00     -10 i142  0.701  1.3e-04  1e-22  14.875313  4.1e-02  9.7e-02  1.055e-10  1.697e-08  1.000e-06
357 0 i149 -1e+00     -10 i143  0.921  1.3e-04  1e-22  14.875313  4.1e-02  7.3e-02  9.073e-11  1.781e-08  1.000e-06
358 0 i163 -1e+00     -10 i142  0.811  1.3e-04  1e-22  14.875313  4.1e-02  7.9e-02  9.880e-11  1.832e-08  1.000e-06
359 0 i149 -1e+00     -10 i143  0.819  1.4e-04  2e-22  14.875313  4.1e-02  9.7e-02  1.208e-10  1.841e-08  1.000e-06
360 0 i163 -1e+00     -10 i142  0.866  1.4e-04  2e-22  14.875313  4.1e-02  8.8e-02  1.156e-10  1.897e-08  1.000e-06
361 0 i163 -1e+00     -10 i142  0.780  1.4e-04  9e-23  14.875313  4.1e-02  7.8e-02  9.861e-11  1.918e-08  1.000e-06
362 0 i148 -1e+00     -10 i143  0.747  1.4e-04  3e-22  14.875313  4.1e-02  1.0e-01  1.234e-10  1.851e-08  1.000e-06
363 0 i162 -1e+00     -10 i142  0.830  1.3e-04  3e-22  14.875313  4.1e-02  8.5e-02  1.048e-10  1.806e-08  1.000e-06
364 0 i163 -1e+00     -10 i142  0.847  1.4e-04  3e-22  14.875313  4.1e-02  8.3e-02  1.047e-10  1.912e-08  1.000e-06
365 0 i163 -1e+00     -10 i143  0.767  1.4e-04  3e-22  14.875313  4.1e-02  1.0e-01  1.200e-10  1.854e-08  1.000e-06
366 0 i163 -1e+00     -10 i142  0.856  1.4e-04  1e-22  14.875313  4.1e-02  5.0e-02  6.523e-11  1.897e-08  1.000e-06
367 0 i163 -1e+00     -10 i142  0.661  1.3e-04  2e-22  14.875313  4.1e-02  8.6e-02  9.393e-11  1.811e-08  1.000e-06
368 0 i163 -1e+00     -10 i142  0.775  1.3e-04  1e-22  14.875313  4.1e-02  7.5e-02  8.240e-11  1.687e-08  1.000e-06
369 0 i148 -1e+00     -10 i142  0.821  1.3e-04  1e-22  14.875313  4.1e-02  7.5e-02  8.545e-11  1.655e-08  1.000e-06
370 0 i163 -1e+00     -10 i143  0.903  1.3e-04  1e-22  14.875313  4.1e-02  6.3e-02  7.860e-11  1.787e-08  1.000e-06
371 0 i150 -1e+00     -10 i142  0.755  1.3e-04  2e-22  14.875313  4.1e-02  9.3e-02  1.099e-10  1.810e-08  1.000e-06
372 0 i163 -1e+00     -10 i142  0.852  1.3e-04  2e-22  14.875313  4.1e-02  8.6e-02  1.068e-10  1.759e-08  1.000e-06
373 0 i150 -1e+00     -10 i143  0.860  1.4e-04  1e-22  14.875313  4.1e-02  6.7e-02  8.797e-11  1.898e-08  1.000e-06
374 0 i163 -1e+00     -10 i143  0.721  1.3e-04  1e-22  14.875313  4.1e-02  7.7e-02  9.140e-11  1.822e-08  1.000e-06
375 0 i163 -1e+00     -10 i143  0.795  1.3e-04  1e-22  14.875313  4.1e-02  8.2e-02  9.720e-11  1.829e-08  1.000e-06
376 0 i163 -1e+00     -10 i142  0.784  1.3e-04  8e-23  14.875313  4.1e-02  6.7e-02  7.828e-11  1.720e-08  1.000e-06
377 0 i163 -1e+00     -10 i142  0.780  1.3e-04  7e-23  14.875313  4.1e-02  7.1e-02  8.118e-11  1.717e-08  1.000e-06
378 0 i163 -1e+00     -10 i143  0.853  1.3e-04  5e-23  14.875313  4.1e-02  5.3e-02  6.604e-11  1.783e-08  1.000e-06
379 0 i150 -1e+00     -10 i143  0.725  1.3e-04  1e-22  14.875313  4.1e-02  8.1e-02  9.053e-11  1.676e-08  1.000e-06
380 0 i148 -1e+00     -10 i142  0.904  1.3e-04  7e-23  14.875313  4.1e-02  5.7e-02  7.098e-11  1.713e-08  1.000e-06
381 0 i163 -1e+00     -10 i142  0.778  1.3e-04  9e-23  14.875313  4.1e-02  6.8e-02  8.276e-11  1.735e-08  1.000e-06
382 0 i150 -1e+00     -10 i142  0.800  1.3e-04  5e-23  14.875313  4.1e-02  6.2e-02  7.506e-11  1.734e-08  1.000e-06
383 0 i163 -1e+00     -10 i143  0.729  1.3e-04  4e-23  14.875313  4.1e-02  6.1e-02  6.897e-11  1.659e-08  1.000e-06
384 0 i149 -1e+00     -10 i143  0.811  1.3e-04  5e-23  14.875313  4.1e-02  6.9e-02  7.918e-11  1.669e-08  1.000e-06
385 0 i163 -1e+00     -10 i142  0.811  1.3e-04  3e-23  14.875313  4.1e-02  5.6e-02  6.661e-11  1.621e-08  1.000e-06
386 0 i163 -1e+00     -10 i143  0.834  1.3e-04  6e-23  14.875313  4.1e-02  6.9e-02  8.444e-11  1.691e-08  1.000e-06
387 0 i149 -1e+00     -10 i142  0.832  1.3e-04  9e-23  14.875313  4.1e-02  6.1e-02  7.625e-11  1.720e-08  1.000e-06
388 0 i163 -1e+00     -10 i143  0.807  1.3e-04  9e-23  14.875313  4.1e-02  6.9e-02  8.650e-11  1.749e-08  1.000e-06
389 0 i163 -1e+00     -10 i142  0.842  1.3e-04  1e-22  14.875313  4.1e-02  7.3e-02  9.479e-11  1.806e-08  1.000e-06
390 0 i163 -1e+00     -10 i143  0.811  1.3e-04  9e-23  14.875313  4.1e-02  6.8e-02  8.798e-11  1.778e-08  1.000e-06
391 0 i149 -1e+00     -10 i143  0.792  1.4e-04  2e-22  14.875313  4.1e-02  1.0e-01  1.255e-10  1.836e-08  1.000e-06
392 0 i149 -1e+00     -10 i142  0.872  1.3e-04  1e-22  14.875313  4.1e-02  7.2e-02  9.587e-11  1.823e-08  1.000e-06
393 0 i163 -1e+00     -10 i143  0.791  1.4e-04  1e-22  14.875313  4.1e-02  7.1e-02  9.261e-11  1.887e-08  1.000e-06
394 0 i163 -1e+00     -10 i142  0.706  1.3e-04  9e-23  14.875313  4.1e-02  7.1e-02  8.280e-11  1.760e-08  1.000e-06
395 0 i163 -1e+00     -10 i143  0.792  1.3e-04  6e-23  14.875313  4.1e-02  6.0e-02  6.980e-11  1.702e-08  1.000e-06
396 0 i149 -1e+00     -10 i142  0.799  1.3e-04  1e-22  14.875313  4.1e-02  7.7e-02  8.961e-11  1.653e-08  1.000e-06
397 0 i163 -1e+00     -10 i142  0.914  1.3e-04  4e-23  14.875313  4.1e-02  5.0e-02  6.617e-11  1.695e-08  1.000e-06
398 0 i163 -1e+00     -10 i142  0.793  1.3e-04  1e-22  14.875313  4.1e-02  7.7e-02  9.761e-11  1.792e-08  1.000e-06
399 0 i163 -1e+00     -10 i142  0.770  1.3e-04  1e-22  14.875313  4.1e-02  7.2e-02  8.732e-11  1.687e-08  1.000e-06
400 0 i163 -1e+00     -10 i143  0.855  1.3e-04  8e-23  14.875313  4.1e-02  5.5e-02  7.228e-11  1.792e-08  1.000e-06
401 0 i163 -1e+00     -10 i142  0.715  1.3e-04  1e-22  14.875313  4.1e-02  7.6e-02  8.738e-11  1.690e-08  1.000e-06
402 0 i149 -1e+00     -10 i143  0.786  1.3e-04  8e-23  14.875313  4.1e-02  6.6e-02  7.636e-11  1.602e-08  1.000e-06
403 0 i163 -1e+00     -10 i142  0.922  1.3e-04  7e-23  14.875313  4.1e-02  5.8e-02  7.462e-11  1.679e-08  1.000e-06
404 0 i163 -1e+00     -10 i142  0.793  1.3e-04  1e-22  14.875313  4.1e-02  7.3e-02  9.094e-11  1.651e-08  1.000e-06
405 0 i163 -1e+00     -10 i142  0.856  1.3e-04  7e-23  14.875313  4.1e-02  5.4e-02  7.224e-11  1.728e-08  1.000e-06
406 0 i163 -1e+00     -10 i143  0.751  1.3e-04  9e-23  14.875313  4.1e-02  6.8e-02  8.327e-11  1.691e-08  1.000e-06
407 0 i150 -1e+00     -10 i143  0.822  1.3e-04  1e-22  14.875313  4.1e-02  6.8e-02  8.511e-11  1.703e-08  1.000e-06
408 0 i163 -1e+00     -10 i142  0.805  1.3e-04  7e-23  14.875313  4.1e-02  6.3e-02  7.856e-11  1.689e-08  1.000e-06
409 0 i149 -1e+00     -10 i143  0.789  1.3e-04  1e-22  14.875313  4.1e-02  8.7e-02  1.049e-10  1.700e-08  1.000e-06
410 0 i162 -1e+00     -10 i142  0.866  1.3e-04  3e-23  14.875313  4.1e-02  4.9e-02  6.432e-11  1.697e-08  1.000e-06
411 0 i149 -1e+00     -10 i143  0.804  1.4e-04  9e-23  14.875313  4.1e-02  7.5e-02  9.478e-11  1.863e-08  1.000e-06
412 0 i162 -1e+00     -10 i142  0.732  1.3e-04  9e-23  14.875313  4.1e-02  7.3e-02  8.548e-11  1.738e-08  1.000e-06
413 0 i149 -1e+00     -10 i142  0.801  1.3e-04  5e-23  14.875313  4.1e-02  5.3e-02  6.409e-11  1.687e-08  1.000e-06
414 0 i163 -1e+00     -10 i142  0.779  1.3e-04  4e-23  14.875313  4.1e-02  5.7e-02  6.666e-11  1.711e-08  1.000e-06
415 0 i163 -1e+00     -10 i143  0.765  1.3e-04  8e-23  14.875313  4.1e-02  7.4e-02  8.461e-11  1.655e-08  1.000e-06
416 0 i149 -1e+00     -10 i142  0.895  1.3e-04  2e-23  14.875313  4.1e-02  2.8e-02  3.888e-11  1.625e-08  1.000e-06
417 0 i163 -1e+00     -10 i143  0.739  1.3e-04  4e-23  14.875313  4.1e-02  5.6e-02  6.535e-11  1.650e-08  1.000e-06
418 0 i163 -1e+00     -10 i142  0.815  1.3e-04  7e-23  14.875313  4.1e-02  6.8e-02  8.064e-11  1.593e-08  1.000e-06
419 0 i163 -1e+00     -10 i142  0.864  1.3e-04  3e-23  14.875313  4.1e-02  5.1e-02  6.521e-11  1.608e-08  1.000e-06
420 0 i163 -1e+00     -10 i142  0.809  1.3e-04  3e-23  14.875313  4.1e-02  5.1e-02  6.505e-11  1.647e-08  1.000e-06
421 0 i163 -1e+00     -10 i143  0.764  1.3e-04  4e-23  14.875313  4.1e-02  6.2e-02  7.457e-11  1.635e-08  1.000e-06
422 0 i163 -1e+00     -10 i142  0.794  1.3e-04  5e-23  14.875313  4.1e-02  6.2e-02  7.459e-11  1.598e-08  1.000e-06
423 0 i163 -1e+00     -10 i143  0.842  1.3e-04  3e-23  14.875313  4.1e-02  4.7e-02  6.002e-11  1.587e-08  1.000e-06
424 0 i150 -1e+00     -10 i143  0.821  1.3e-04  4e-23  14.875313  4.1e-02  5.6e-02  7.082e-11  1.605e-08  1.000e-06
425 0 i163 -1e+00     -10 i143  0.839  1.3e-04  6e-23  14.875313  4.1e-02  5.4e-02  7.148e-11  1.649e-08  1.000e-06
426 0 i149 -1e+00     -10 i142  0.815  1.3e-04  4e-23  14.875313  4.1e-02  4.1e-02  5.499e-11  1.593e-08  1.000e-06
427 0 i163 -1e+00     -10 i142  0.817  1.3e-04  5e-23  14.875313  4.1e-02  5.4e-02  7.050e-11  1.647e-08  1.000e-06
428 0 i163 -1e+00     -10 i143  0.836  1.3e-04  2e-23  14.875313  4.1e-02  3.7e-02  5.249e-11  1.657e-08  1.000e-06
429 0 i163 -1e+00     -10 i142  0.703  1.2e-04  6e-23  14.875313  4.1e-02  6.4e-02  7.510e-11  1.520e-08  1.000e-06
430 0 i150 -1e+00     -10 i143  0.916  1.3e-04  5e-23  14.875313  4.1e-02  5.2e-02  6.885e-11  1.589e-08  1.000e-06
431 0 i149 -1e+00     -10 i142  0.826  1.3e-04  4e-23  14.875313  4.1e-02  5.8e-02  7.636e-11  1.633e-08  1.000e-06
432 0 i163 -1e+00     -10 i143  0.859  1.3e-04  3e-23  14.875313  4.1e-02  4.4e-02  6.052e-11  1.678e-08  1.000e-06
433 0 i149 -1e+00     -10 i142  0.771  1.3e-04  1e-22  14.875313  4.1e-02  8.2e-02  1.039e-10  1.640e-08  1.000e-06
434 0 i163 -1e+00     -10 i142  0.873  1.3e-04  6e-23  14.875313  4.1e-02  6.1e-02  8.305e-11  1.635e-08  1.000e-06
435 0 i163 -1e+00     -10 i142  0.887  1.3e-04  5e-23  14.875313  4.1e-02  4.4e-02  6.433e-11  1.738e-08  1.000e-06
436 0 i163 -1e+00     -10 i142  0.736  1.3e-04  7e-23  14.875313  4.1e-02  5.5e-02  7.169e-11  1.738e-08  1.000e-06
437 0 i163 -1e+00     -10 i143  0.736  1.3e-04  5e-23  14.875313  4.1e-02  5.5e-02  6.648e-11  1.602e-08  1.000e-06
438 0 i150 -1e+00     -10 i143  0.773  1.2e-04  3e-23  14.875313  4.1e-02  4.9e-02  5.817e-11  1.496e-08  1.000e-06
439 0 i163 -1e+00     -10 i142  0.872  1.2e-04  4e-23  14.875313  4.1e-02  6.2e-02  7.690e-11  1.546e-08  1.000e-06
440 0 i150 -1e+00     -10 i143  0.862  1.2e-04  3e-23  14.875313  4.1e-02  4.6e-02  6.165e-11  1.543e-08  1.000e-06
441 0 i163 -1e+00     -10 i143  0.875  1.3e-04  5e-23  14.875313  4.1e-02  4.6e-02  6.472e-11  1.686e-08  1.000e-06
442 0 i163 -1e+00     -10 i142  0.749  1.2e-04  5e-23  14.875313  4.1e-02  5.8e-02  7.407e-11  1.566e-08  1.000e-06
443 0 i150 -1e+00     -10 i142  0.849  1.3e-04  4e-23  14.875313  4.1e-02  5.0e-02  6.657e-11  1.583e-08  1.000e-06
444 0 i150 -1e+00     -10 i143  0.787  1.2e-04  7e-23  14.875313  4.1e-02  6.6e-02  8.353e-11  1.563e-08  1.000e-06
445 0 i163 -1e+00     -10 i142  0.891  1.3e-04  8e-23  14.875313  4.1e-02  6.2e-02  8.390e-11  1.597e-08  1.000e-06
446 0 i150 -1e+00     -10 i142  0.884  1.3e-04  6e-23  14.875313  4.1e-02  4.7e-02  6.891e-11  1.739e-08  1.000e-06
447 0 i163 -1e+00     -10 i143  0.767  1.3e-04  5e-23  14.875313  4.1e-02  4.7e-02  6.457e-11  1.755e-08  1.000e-06
448 0 i163 -1e+00     -10 i142  0.768  1.3e-04  2e-22  14.875313  4.1e-02  6.1e-02  7.964e-11  1.712e-08  1.000e-06
449 0 i163 -1e+00     -10 i142  0.832  1.3e-04  1e-22  14.875313  4.1e-02  5.1e-02  6.900e-11  1.599e-08  1.000e-06
450 0 i163 -1e+00     -10 i142  0.810  1.3e-04  1e-22  14.875313  4.1e-02  5.1e-02  6.875e-11  1.599e-08  1.000e-06
451 0 i149 -1e+00     -10 i143  0.789  1.2e-04  6e-23  14.875313  4.1e-02  4.8e-02  6.209e-11  1.563e-08  1.000e-06
452 0 i163 -1e+00     -10 i142  0.853  1.3e-04  6e-23  14.875313  4.1e-02  5.1e-02  6.842e-11  1.618e-08  1.000e-06
453 0 i163 -1e+00     -10 i143  0.817  1.3e-04  4e-23  14.875313  4.1e-02  4.5e-02  5.997e-11  1.581e-08  1.000e-06
454 0 i149 -1e+00     -10 i142  0.784  1.3e-04  2e-23  14.875313  4.1e-02  3.3e-02  4.487e-11  1.567e-08  1.000e-06
455 0 i149 -1e+00     -10 i143  0.782  1.2e-04  3e-23  14.875313  4.1e-02  4.5e-02  5.700e-11  1.498e-08  1.000e-06
456 0 i163 -1e+00     -10 i142  0.841  1.2e-04  2e-23  14.875313  4.1e-02  4.0e-02  5.244e-11  1.532e-08  1.000e-06
457 0 i163 -1e+00     -10 i143  0.837  1.2e-04  3e-23  14.875313  4.1e-02  4.2e-02  5.628e-11  1.495e-08  1.000e-06
458 0 i150 -1e+00     -10 i143  0.844  1.2e-04  4e-23  14.875313  4.1e-02  4.0e-02  5.598e-11  1.508e-08  1.000e-06
459 0 i163 -1e+00     -10 i143  0.877  1.3e-04  4e-23  14.875313  4.1e-02  4.5e-02  6.499e-11  1.582e-08  1.000e-06
460 0 i163 -1e+00     -10 i143  0.848  1.3e-04  5e-23  14.875313  4.1e-02  4.0e-02  5.847e-11  1.607e-08  1.000e-06
461 0 i149 -1e+00     -10 i142  0.809  1.3e-04  8e-23  14.875313  4.1e-02  5.5e-02  7.733e-11  1.650e-08  1.000e-06
462 0 i163 -1e+00     -10 i142  0.801  1.2e-04  3e-23  14.875313  4.1e-02  3.4e-02  4.912e-11  1.560e-08  1.000e-06
463 0 i163 -1e+00     -10 i142  0.780  1.2e-04  4e-23  14.875313  4.1e-02  5.3e-02  6.956e-11  1.542e-08  1.000e-06
464 0 i163 -1e+00     -10 i143  0.853  1.3e-04  4e-23  14.875313  4.1e-02  4.8e-02  6.605e-11  1.587e-08  1.000e-06
465 0 i163 -1e+00     -10 i143  0.822  1.2e-04  7e-23  14.875313  4.1e-02  5.7e-02  7.698e-11  1.491e-08  1.000e-06
466 0 i149 -1e+00     -10 i142  0.934  1.3e-04  7e-23  14.875313  4.1e-02  4.8e-02  7.195e-11  1.627e-08  1.000e-06
467 0 i163 -1e+00     -10 i143  0.788  1.3e-04  5e-23  14.875313  4.1e-02  4.5e-02  6.480e-11  1.609e-08  1.000e-06
468 0 i163 -1e+00     -10 i142  0.731  1.2e-04  8e-23  14.875313  4.1e-02  7.4e-02  9.313e-11  1.513e-08  1.000e-06
469 0 i163 -1e+00     -10 i142  0.914  1.3e-04  3e-23  14.875313  4.1e-02  5.1e-02  7.136e-11  1.589e-08  1.000e-06
470 0 i163 -1e+00     -10 i143  0.848  1.3e-04  4e-23  14.875313  4.1e-02  5.1e-02  7.336e-11  1.652e-08  1.000e-06
471 0 i163 -1e+00     -10 i142  0.784  1.3e-04  5e-23  14.875313  4.1e-02  5.8e-02  7.770e-11  1.647e-08  1.000e-06
472 0 i163 -1e+00     -10 i142  0.814  1.3e-04  5e-23  14.875313  4.1e-02  5.8e-02  7.660e-11  1.636e-08  1.000e-06
473 0 i163 -1e+00     -10 i143  0.800  1.3e-04  4e-23  14.875313  4.1e-02  5.8e-02  7.568e-11  1.599e-08  1.000e-06
474 0 i163 -1e+00     -10 i143  0.871  1.3e-04  9e-23  14.875313  4.1e-02  5.5e-02  7.542e-11  1.683e-08  1.000e-06
475 0 i163 -1e+00     -10 i143  0.847  1.3e-04  1e-22  14.875313  4.1e-02  5.1e-02  7.368e-11  1.741e-08  1.000e-06
476 0 i163 -1e+00     -10 i143  0.762  1.3e-04  1e-22  14.875313  4.1e-02  5.1e-02  6.931e-11  1.682e-08  1.000e-06
477 0 i149 -1e+00     -10 i143  0.759  1.3e-04  7e-23  14.875313  4.1e-02  4.6e-02  5.882e-11  1.581e-08  1.000e-06
478 0 i163 -1e+00     -10 i143  0.838  1.3e-04  7e-23  14.875313  4.1e-02  4.7e-02  6.207e-11  1.642e-08  1.000e-06
479 0 i149 -1e+00     -10 i143  0.768  1.2e-04  4e-23  14.875313  4.1e-02  4.6e-02  5.808e-11  1.508e-08  1.000e-06
480 0 i163 -1e+00     -10 i143  0.879  1.2e-04  2e-23  14.875313  4.1e-02  2.9e-02  4.151e-11  1.533e-08  1.000e-06
481 0 i148 -1e+00     -10 i142  0.798  1.2e-04  5e-23  14.875313  4.1e-02  4.6e-02  6.027e-11  1.550e-08  1.000e-06
482 0 i163 -1e+00     -10 i142  0.819  1.2e-04  2e-23  14.875313  4.1e-02  2.8e-02  4.053e-11  1.493e-08  1.000e-06
483 0 i163 -1e+00     -10 i143  0.811  1.2e-04  2e-23  14.875313  4.1e-02  2.8e-02  3.924e-11  1.501e-08  1.000e-06
484 0 i163 -1e+00     -10 i143  0.786  1.2e-04  2e-23  14.875313  4.1e-02  3.5e-02  4.667e-11  1.452e-08  1.000e-06
485 0 i163 -1e+00     -10 i142  0.876  1.2e-04  7e-24  14.875313  4.1e-02  1.8e-02  2.936e-11  1.462e-08  1.000e-06
486 0 i149 -1e+00     -10 i142  0.821  1.2e-04  3e-23  14.875313  4.1e-02  3.3e-02  4.634e-11  1.468e-08  1.000e-06
487 0 i149 -1e+00     -10 i143  0.820  1.2e-04  6e-23  14.875313  4.1e-02  3.9e-02  5.449e-11  1.422e-08  1.000e-06
488 0 i149 -1e+00     -10 i142  0.880  1.2e-04  3e-23  14.875313  4.1e-02  2.7e-02  4.165e-11  1.430e-08  1.000e-06
489 0 i149 -1e+00     -10 i142  0.876  1.2e-04  4e-23  14.875313  4.1e-02  3.7e-02  5.564e-11  1.507e-08  1.000e-06
490 0 i163 -1e+00     -10 i142  0.863  1.2e-04  5e-23  14.875313  4.1e-02  3.9e-02  6.078e-11  1.555e-08  1.000e-06
491 0 i163 -1e+00     -10 i142  0.878  1.2e-04  6e-23  14.875313  4.1e-02  4.1e-02  6.489e-11  1.558e-08  1.000e-06
492 0 i163 -1e+00     -10 i142  0.836  1.3e-04  6e-23  14.875313  4.1e-02  4.1e-02  6.530e-11  1.601e-08  1.000e-06
493 0 i150 -1e+00     -10 i142  0.827  1.3e-04  1e-22  14.875313  4.1e-02  5.2e-02  7.871e-11  1.574e-08  1.000e-06
494 0 i163 -1e+00     -10 i143  0.910  1.3e-04  9e-23  14.875313  4.1e-02  5.2e-02  8.314e-11  1.669e-08  1.000e-06
495 0 i163 -1e+00     -10 i143  0.792  1.3e-04  3e-23  14.875313  4.1e-02  3.2e-02  5.166e-11  1.576e-08  1.000e-06
496 0 i163 -1e+00     -10 i143  0.762  1.3e-04  4e-23  14.875313  4.1e-02  4.1e-02  5.804e-11  1.599e-08  1.000e-06
497 0 i163 -1e+00     -10 i142  0.784  1.2e-04  5e-23  14.875313  4.1e-02  4.6e-02  6.224e-11  1.549e-08  1.000e-06
498 0 i163 -1e+00     -10 i142  0.825  1.2e-04  7e-23  14.875313  4.1e-02  5.3e-02  7.111e-11  1.530e-08  1.000e-06
499 0 i163 -1e+00     -10 i142  0.877  1.2e-04  4e-23  14.875313  4.1e-02  4.0e-02  5.791e-11  1.511e-08  1.000e-06
Computing done
