Reading Image: 
Creating Para Surface Mesh: 
Euler Number ok = 2
flag = 0 iterations performed: 101
flag = 0 iterations performed: 103
initially active: {}.
fromC[expr_] := expr /. (mant_Real)*e + (expon_Integer) :> mant*10^expon;
  0 0 i81 -3e-02   28880 i78  0.000  8.7e-01  2e-05  18.353848  3.0e-01  1.8e-01
]]] newton : constraint 2888 -> level 1                              1.023e+00  1.779e+00  5.521e-03
  1 0 i82 -6e-02   57780 i78  1.079  1.3e+00  3e-05  20.145141  1.1e-01  1.1e-01
]]] newton : constraint 5778 -> level 1                              9.592e-01  2.696e+00  2.425e-03
  2 0 i81 -6e-02   57780 i76  0.044  1.3e+00  7e-06  20.109043  5.9e-02  1.9e-01
]]] newton : constraint 5778 -> level 2                              8.996e-01  2.587e+00  2.425e-03
  3 0 i80 -6e-02   57780 i76 -0.121  1.0e+00  1e-05  19.147237  4.6e-02  2.7e-01
]]] newton : constraint 5778 -> level 3                            >>> newton activates constraint 5778 (pos 0); now active: 1
                                                                     8.437e-01  1.904e+00  2.386e-03
  4 0 i80 -6e-02   14610 i76 -0.076  8.8e-01  6e-06  18.458625  4.2e-02  2.4e-01
]]] newton : constraint 1461 -> level 1                              7.915e-01  1.571e+00  2.386e-03
  5 0 i79 -2e-02   33200 i76
[[[ constraint   5778 -> level 4;            0.025  4.4e-01  5e-06  16.651170  4.1e-02  3.9e-01
]]] newton : constraint 3320 -> level 1                              7.791e-01  9.695e-01  2.386e-03
  6 0 i79 -6e-02   64500 i77
[[[ constraint   5778 -> level 3;          <<< inactivate constraint 5778 at postition 0; now active: 0

]]] in_out : constraint 6450 -> level 1                            
  7 0 i79 -3e-02   64500 i75 10.567  1.4e+00  2e-05  19.144446  4.1e-02  2.2e-02
]]] right : constraint 3328 -> level 1                            
]]] newton : constraint 6450 -> level 2                              7.082e-01  2.743e+00  2.386e-03
  8 0 i79 -2e-02   64500 i75  0.100  1.5e+00  2e-05  18.913523  4.1e-02  1.5e-01
]]] newton : constraint 6450 -> level 3                            >>> newton activates constraint 6450 (pos 0); now active: 1
                                                                     6.972e-01  3.064e+00  4.665e-04
  9 0 i78 -6e-02   57780 i77
[[[ constraint   6450 -> level 4;           -0.189  7.5e-01  2e-07  17.559726  4.1e-02  3.0e-02
]]] right : constraint 3320 -> level 2                            
]]] newton : constraint 5778 -> level 3                            >>> newton activates constraint 5778 (pos 0); now active: 2
                                                                     6.541e-01  1.224e+00  4.665e-04
 10 0 i79 -2e-07   33200 i77
[[[ constraint   6450 -> level 3;          <<< inactivate constraint 6450 at postition 1; now active: 1

[[[ constraint   5778 -> level 4;          
]]] in_out : constraint 3320 -> level 3                            >>> in_out activates constraint 3320 (pos 0); now active: 2
                                                                   
 11 0 i79 -3e-02    3120 i77
[[[ constraint   5778 -> level 3;          <<< inactivate constraint 5778 at postition 1; now active: 1

]]] in_out : constraint 312 -> level 1                            
 12 0 i79 -2e-02    3120 i77  0.911  1.2e+00  7e-08  18.366307  4.1e-02  7.5e-03
]]] right : constraint 2419 -> level 1                            
]]] newton : constraint 312 -> level 2                              6.239e-01  2.013e+00  4.665e-04
 13 0 i79 -2e-07   24190 i77 -0.055  1.1e+00  0e+00  18.245786  4.1e-02  0.0e+00
]]] right : constraint 2419 -> level 2                            
]]] newton : constraint 2419 -> level 3                            >>> newton activates constraint 2419 (pos 0); now active: 2
                                                                     6.239e-01  1.855e+00  4.665e-04
 14 0 i79 -2e-02    3120 i77  0.175  1.3e+00  2e-07  18.494611  4.1e-02  3.7e-02
]]] newton : constraint 312 -> level 3                            >>> newton activates constraint 312 (pos 0); now active: 3
                                                                     6.142e-01  2.244e+00  1.000e-06
 15 0 i79 -8e-03    8920 i77
[[[ constraint    312 -> level 4;           -0.144  1.0e+00  3e-07  18.001811  4.1e-02  7.3e-02
]]] newton : constraint 892 -> level 1                              6.094e-01  1.678e+00  1.000e-06
 16 0 i78 -3e-02    3280 i77
[[[ constraint    312 -> level 3;          <<< inactivate constraint 312 at postition 0; now active: 2

]]] in_out : constraint 328 -> level 1                            
 17 0 i79 -5e-04    8920 i77  0.006  1.0e+00  2e-06  17.903666  4.1e-02  1.5e-01
]]] newton : constraint 892 -> level 2                              5.902e-01  1.650e+00  1.000e-06
 18 0 i79 -6e-02    3120 i77 -0.148  8.2e-01  2e-06  17.382878  4.1e-02  1.9e-01
]]] right : constraint 3328 -> level 2                            
]]] newton : constraint 312 -> level 3                            >>> newton activates constraint 312 (pos 0); now active: 3
                                                                     5.538e-01  1.230e+00  1.000e-06
 19 0 i79 -6e-02   28810 i77
[[[ constraint    312 -> level 4;           -0.074  7.5e-01  1e-06  17.123249  4.1e-02  1.8e-01
]]] right : constraint 3328 -> level 3                            >>> right activates constraint 3328 (pos 3); now active: 4
                                                                   
]]] newton : constraint 2881 -> level 1                              5.196e-01  1.077e+00  1.000e-06
 20 0 i79 -6e-02   28810 i77
[[[ constraint    312 -> level 3;          <<< inactivate constraint 312 at postition 0; now active: 3

]]] in_out : constraint 2881 -> level 2                            
 21 0 i80 -3e-02   28810 i77  0.255  9.0e-01  2e-06  17.211853  4.1e-02  1.6e-01
]]] newton : constraint 2881 -> level 3                            >>> newton activates constraint 2881 (pos 1); now active: 4
                                                                     4.724e-01  1.279e+00  1.000e-06
 22 0 i81 -1e-01    3120 i78
[[[ constraint   2881 -> level 4;            0.134  1.0e+00  2e-06  17.146971  4.1e-02  1.6e-01
]]] newton : constraint 312 -> level 3                            >>> newton activates constraint 312 (pos 0); now active: 5
                                                                     4.149e-01  1.415e+00  1.000e-06
 23 0 i81 -1e-01   64500 i79
[[[ constraint   2881 -> level 3;          <<< inactivate constraint 2881 at postition 2; now active: 4

[[[ constraint    312 -> level 4;          
]]] in_out : constraint 6450 -> level 3                            >>> in_out activates constraint 6450 (pos 4); now active: 5
                                                                   
 24 0 i81 -6e-02   73070 i79
[[[ constraint   6450 -> level 4;          
[[[ constraint    312 -> level 3;          <<< inactivate constraint 312 at postition 0; now active: 4

]]] in_out : constraint 7307 -> level 1                            
 25 0 i81 -5e-04   66010 i79
[[[ constraint   6450 -> level 3;          <<< inactivate constraint 6450 at postition 3; now active: 3

]]] in_out : constraint 6601 -> level 1                            
 26 0 i81 -2e-04   66010 i79  0.387  1.3e+00  3e-06  17.256054  4.1e-02  1.3e-01
]]] newton : constraint 6601 -> level 2                              3.416e-01  1.991e+00  1.000e-06
 27 0 i81 -1e-01    3280 i80 -0.206  8.1e-01  2e-06  16.628924  4.1e-02  2.7e-01
]]] newton : constraint 328 -> level 2                              3.000e-01  9.503e-01  1.000e-06
 28 0 i81 -1e-01    3120 i80  0.281  9.6e-01  2e-06  16.696868  4.1e-02  1.7e-01
]]] newton : constraint 312 -> level 3                            >>> newton activates constraint 312 (pos 0); now active: 4
                                                                     2.635e-01  1.184e+00  1.000e-06
 29 0 i82 -2e-01   73070 i80
[[[ constraint    312 -> level 4;            0.363  1.2e+00  1e-05  16.747420  4.1e-02  1.3e-01
]]] newton : constraint 7307 -> level 2                              2.011e-01  1.680e+00  1.000e-06
 30 0 i82 -2e-01   73070 i82
[[[ constraint    312 -> level 3;          <<< inactivate constraint 312 at postition 0; now active: 3

]]] in_out : constraint 7307 -> level 3                            >>> in_out activates constraint 7307 (pos 3); now active: 4
                                                                   
 31 0 i83 -6e-02    3280 i82
[[[ constraint   7307 -> level 4;           -0.008  1.2e+00  4e-06  16.613420  4.1e-02  1.8e-01
]]] newton : constraint 328 -> level 3                            >>> newton activates constraint 328 (pos 0); now active: 5
                                                                     1.439e-01  1.544e+00  1.000e-06
 32 0 i83 -2e-01   73590 i83
[[[ constraint   7307 -> level 3;          <<< inactivate constraint 7307 at postition 4; now active: 4

[[[ constraint    328 -> level 4;          
]]] in_out : constraint 7359 -> level 1                            
 33 0 i84 -6e-02   73070 i83
[[[ constraint    328 -> level 3;          <<< inactivate constraint 328 at postition 0; now active: 3

]]] in_out : constraint 7307 -> level 3                            >>> in_out activates constraint 7307 (pos 3); now active: 4
                                                                   
 34 0 i84 -1e-01   73590 i82
[[[ constraint   7307 -> level 4;           -0.019  1.1e+00  3e-06  16.490061  4.1e-02  1.9e-01
]]] newton : constraint 7359 -> level 2                              9.027e-02  1.412e+00  1.000e-06
 35 0 i84 -2e-01   73590 i84
[[[ constraint   7307 -> level 3;          <<< inactivate constraint 7307 at postition 3; now active: 3

]]] in_out : constraint 7359 -> level 3                            >>> in_out activates constraint 7359 (pos 3); now active: 4
                                                                   
 36 0 i85 -6e-02   73070 i84
[[[ constraint   7359 -> level 4;           -0.187  6.4e-01  1e-06  16.255294  4.1e-02  3.7e-01
]]] newton : constraint 7307 -> level 3                            >>> newton activates constraint 7307 (pos 3); now active: 5
                                                                     6.443e-02  4.760e-01  1.000e-06
 37 0 i85 -5e-01   65630 i84
[[[ constraint   7359 -> level 3;          <<< inactivate constraint 7359 at postition 4; now active: 4

]]] in_out : constraint 6563 -> level 1                            
 38 0 i86 -3e-02   73590 i84  0.512  7.9e-01  3e-05  16.246608  4.1e-02  1.6e-01
]]] newton : constraint 7359 -> level 3                            >>> newton activates constraint 7359 (pos 4); now active: 5
                                                                     3.369e-02  6.615e-01  1.000e-06
 39 0 i86 -1e+00     -10 i86
[[[ constraint   7359 -> level 4;          
[[[ constraint   7307 -> level 4;           -0.019  7.4e-01  1e-07  16.184196  4.1e-02  1.9e-01  4.815e-03  5.461e-01  1.000e-06
 40 0 i87 -1e+00     -10 i87
[[[ constraint   7359 -> level 3;          <<< inactivate constraint 7359 at postition 4; now active: 4

[[[ constraint   7307 -> level 3;          <<< inactivate constraint 7307 at postition 3; now active: 3

[[[ constraint   3328 -> level 4;           41 0 i86 -5e-01   73070 i87
[[[ constraint   3328 -> level 3;          <<< inactivate constraint 3328 at postition 2; now active: 2

]]] in_out : constraint 7307 -> level 3                            >>> in_out activates constraint 7307 (pos 2); now active: 3
                                                                   
 42 0 i86 -1e+00     -10 i87
[[[ constraint   7307 -> level 4;            0.183  3.5e-01  9e-09  16.149561  4.1e-02  3.8e-01  3.350e-04  1.252e-01  1.000e-06
 43 0 i88 -1e+00     -10 i87
[[[ constraint   7307 -> level 3;          <<< inactivate constraint 7307 at postition 2; now active: 2
 44 0 i86 -1e+00     -10 i87  0.696  3.5e-01  1e-07  16.106884  4.1e-02  5.3e-01
]]] right : constraint 7305 -> level 1                              9.004e-04  1.269e-01  1.000e-06
 45 0 i88 -1e+00     -10 i86  1.871  4.6e-01  4e-07  16.063494  4.1e-02  2.6e-01
]]] right : constraint 6618 -> level 1                              1.458e-03  2.091e-01  1.000e-06
 46 0 i87 -2e-04   66180 i86  0.026  3.8e-01  0e+00  16.062950  4.1e-02  0.0e+00
]]] right : constraint 6618 -> level 2                            
]]] newton : constraint 6618 -> level 3                            >>> newton activates constraint 6618 (pos 2); now active: 3
                                                                     1.458e-03  1.451e-01  1.000e-06
 47 0 i87 -1e+00     -10 i86 -0.004  3.8e-01  3e-08  16.045807  4.1e-02  2.5e-01  3.099e-04  1.422e-01  1.000e-06
 48 0 i85 -1e+00     -10 i86
[[[ constraint   6618 -> level 4;          
[[[ constraint   2419 -> level 4;            0.357  2.2e-01  3e-08  16.031124  4.1e-02  5.0e-01  4.733e-04  5.108e-02  1.000e-06
 49 0 i86 -1e+00     -10 i86
[[[ constraint   6618 -> level 3;          <<< inactivate constraint 6618 at postition 2; now active: 2
 50 0 i85 -1e+00     -10 i86  1.009  2.4e-01  8e-08  16.010354  4.1e-02  6.0e-01  8.576e-04  6.066e-02  1.000e-06
 51 0 i86 -1e+00     -10 i86  2.166  3.3e-01  6e-07  15.978966  4.1e-02  5.6e-01  2.202e-03  1.123e-01  1.000e-06
 52 0 i87 -1e+00     -10 i86  0.910  3.7e-01  4e-07  15.954721  4.1e-02  3.4e-01  1.680e-03  1.372e-01  1.000e-06
 53 0 i87 -1e+00     -10 i86  0.415  2.4e-01  1e-07  15.943623  4.1e-02  3.7e-01  9.442e-04  5.776e-02  1.000e-06
 54 0 i87 -1e+00     -10 i86  0.688  2.0e-01  5e-08  15.936911  4.1e-02  3.4e-01  6.323e-04  3.918e-02  1.000e-06
 55 0 i87 -1e+00     -10 i86
[[[ constraint   2419 -> level 3;          <<< inactivate constraint 2419 at postition 0; now active: 1
 56 0 i86 -1e+00     -10 i86  0.417  1.3e-01  9e-09  15.934174  4.1e-02  3.4e-01  2.936e-04  1.611e-02  1.000e-06
 57 0 i87 -1e+00     -10 i86  0.567  9.5e-02  5e-09  15.932251  4.1e-02  4.3e-01  2.337e-04  9.169e-03  1.000e-06
 58 0 i87 -1e+00     -10 i86  0.881  8.9e-02  4e-09  15.930553  4.1e-02  4.3e-01  2.219e-04  8.147e-03  1.000e-06
 59 0 i87 -1e+00     -10 i86  0.822  8.1e-02  3e-09  15.929009  4.1e-02  4.6e-01  2.119e-04  6.753e-03  1.000e-06
 60 0 i87 -1e+00     -10 i86  0.921  7.7e-02  2e-09  15.927718  4.1e-02  4.3e-01  1.891e-04  6.154e-03  1.000e-06
 61 0 i87 -1e+00     -10 i86  0.787  6.9e-02  1e-09  15.926825  4.1e-02  3.7e-01  1.351e-04  4.855e-03  1.000e-06
 62 0 i87 -1e+00     -10 i86  0.629  5.5e-02  6e-10  15.926231  4.1e-02  3.9e-01  9.295e-05  3.066e-03  1.000e-06
 63 0 i87 -1e+00     -10 i86  0.672  4.4e-02  3e-10  15.925848  4.1e-02  3.9e-01  6.310e-05  2.042e-03  1.000e-06
 64 0 i87 -1e+00     -10 i86  0.679  3.7e-02  1e-10  15.925565  4.1e-02  4.2e-01  4.722e-05  1.401e-03  1.000e-06
 65 0 i87 -1e+00     -10 i86  0.845  3.4e-02  1e-10  15.925299  4.1e-02  4.6e-01  4.545e-05  1.188e-03  1.000e-06
 66 0 i87 -1e+00     -10 i86  0.995  3.4e-02  1e-10  15.925032  4.1e-02  4.7e-01  4.690e-05  1.182e-03  1.000e-06
 67 0 i87 -1e+00     -10 i86  0.929  3.3e-02  9e-11  15.924819  4.1e-02  4.0e-01  3.790e-05  1.096e-03  1.000e-06
 68 0 i87 -1e+00     -10 i86  0.774  2.9e-02  5e-11  15.924639  4.1e-02  3.9e-01
]]] right : constraint 2419 -> level 3                            >>> right activates constraint 2419 (pos 0); now active: 2
                                                                     2.889e-05  8.462e-04  1.000e-06
 69 0 i87 -1e+00     -10 i86
[[[ constraint   2419 -> level 4;            0.509  2.3e-02  3e-10  15.924513  4.1e-02  4.4e-01  2.354e-05  5.446e-04  1.000e-06
 70 0 i87 -1e+00     -10 i86
[[[ constraint   2419 -> level 3;          <<< inactivate constraint 2419 at postition 0; now active: 1
 71 0 i86 -1e+00     -10 i86  1.099  2.2e-02  3e-11  15.924399  4.1e-02  4.7e-01  2.041e-05  5.085e-04  1.000e-06
 72 0 i88 -1e+00     -10 i86  0.888  2.2e-02  2e-11  15.924292  4.1e-02  4.3e-01  1.696e-05  5.190e-04  1.000e-06
 73 0 i88 -1e+00     -10 i86  0.808  2.0e-02  2e-11  15.924186  4.1e-02  5.2e-01  1.712e-05  4.234e-04  1.000e-06
 74 0 i88 -1e+00     -10 i86  1.206  2.2e-02  2e-11  15.924081  4.1e-02  4.3e-01  1.745e-05  5.065e-04  1.000e-06
 75 0 i89 -1e+00     -10 i86  0.833  2.0e-02  1e-11  15.923993  4.1e-02  4.3e-01  1.511e-05  4.229e-04  1.000e-06
 76 0 i88 -1e+00     -10 i86  0.805  1.8e-02  8e-12  15.923922  4.1e-02  4.3e-01  1.239e-05  3.410e-04  1.000e-06
 77 0 i89 -1e+00     -10 i86  0.812  1.6e-02  5e-12  15.923868  4.1e-02  4.1e-01  9.826e-06  2.766e-04  1.000e-06
 78 0 i88 -1e+00     -10 i86  0.710  1.4e-02  3e-12  15.923830  4.1e-02  4.0e-01  7.058e-06  1.965e-04  1.000e-06
 79 0 i88 -1e+00     -10 i86  0.723  1.2e-02  2e-12  15.923800  4.1e-02  4.4e-01  5.823e-06  1.427e-04  1.000e-06
 80 0 i88 -1e+00     -10 i86  0.864  1.1e-02  2e-12  15.923775  4.1e-02  4.2e-01  4.937e-06  1.233e-04  1.000e-06
 81 0 i88 -1e+00     -10 i86  0.825  9.9e-03  1e-12  15.923754  4.1e-02  4.3e-01  4.228e-06  1.020e-04  1.000e-06
 82 0 i88 -1e+00     -10 i86  0.818  8.9e-03  1e-12  15.923736  4.1e-02  4.5e-01  3.710e-06  8.365e-05  1.000e-06
 83 0 i88 -1e+00     -10 i86  0.832  8.2e-03  7e-13  15.923723  4.1e-02  4.0e-01  2.877e-06  6.935e-05  1.000e-06
 84 0 i87 -1e+00     -10 i86  0.727  7.0e-03  5e-13  15.923712  4.1e-02  4.4e-01  2.306e-06  5.066e-05  1.000e-06
 85 0 i87 -1e+00     -10 i86  0.844  6.4e-03  3e-13  15.923704  4.1e-02  4.2e-01  1.891e-06  4.274e-05  1.000e-06
 86 0 i87 -1e+00     -10 i86  0.745  5.5e-03  2e-13  15.923697  4.1e-02  4.3e-01  1.452e-06  3.187e-05  1.000e-06
 87 0 i87 -1e+00     -10 i86  0.932  5.3e-03  2e-13  15.923690  4.1e-02  5.1e-01  1.643e-06  3.001e-05  1.000e-06
 88 0 i87 -1e+00     -10 i86  1.152  5.7e-03  2e-13  15.923682  4.1e-02  4.5e-01  1.706e-06  3.436e-05  1.000e-06
 89 0 i88 -1e+00     -10 i86  0.853  5.3e-03  1e-13  15.923676  4.1e-02  4.3e-01  1.407e-06  2.931e-05  1.000e-06
 90 0 i87 -1e+00     -10 i86  0.892  5.0e-03  1e-13  15.923671  4.1e-02  4.3e-01  1.270e-06  2.613e-05  1.000e-06
 91 0 i87 -1e+00     -10 i86  0.760  4.3e-03  6e-14  15.923667  4.1e-02  4.1e-01  9.172e-07  1.983e-05  1.000e-06
 92 0 i87 -1e+00     -10 i86  0.778  3.8e-03  4e-14  15.923664  4.1e-02  4.2e-01  7.426e-07  1.548e-05  1.000e-06
 93 0 i88 -1e+00     -10 i86  0.820  3.5e-03  3e-14  15.923661  4.1e-02  4.6e-01  6.794e-07  1.272e-05  1.000e-06
 94 0 i87 -1e+00     -10 i86  0.911  3.3e-03  2e-14  15.923659  4.1e-02  4.4e-01  5.942e-07  1.161e-05  1.000e-06
 95 0 i87 -1e+00     -10 i86  0.841  3.0e-03  1e-14  15.923657  4.1e-02  4.3e-01  4.977e-07  9.734e-06  1.000e-06
 96 0 i87 -1e+00     -10 i86  0.852  2.8e-03  9e-15  15.923655  4.1e-02  4.3e-01  4.270e-07  8.327e-06  1.000e-06
 97 0 i87 -1e+00     -10 i86  0.782  2.5e-03  5e-15  15.923654  4.1e-02  4.3e-01  3.353e-07  6.483e-06  1.000e-06
 98 0 i88 -1e+00     -10 i86  0.773  2.2e-03  3e-15  15.923653  4.1e-02  4.3e-01  2.614e-07  5.031e-06  1.000e-06
 99 0 i88 -1e+00     -10 i86  0.838  2.0e-03  2e-15  15.923652  4.1e-02  4.1e-01  2.128e-07  4.207e-06  1.000e-06
100 0 i88 -1e+00     -10 i86  0.782  1.8e-03  1e-15  15.923651  4.1e-02  4.4e-01  1.759e-07  3.294e-06  1.000e-06
101 0 i88 -1e+00     -10 i86  0.821  1.6e-03  9e-16  15.923651  4.1e-02  4.3e-01  1.424e-07  2.712e-06  1.000e-06
102 0 i87 -1e+00     -10 i86  0.815  1.4e-03  5e-16  15.923650  4.1e-02  4.0e-01  1.108e-07  2.201e-06  1.000e-06
103 0 i88 -1e+00     -10 i86  0.750  1.3e-03  3e-16  15.923650  4.1e-02  4.3e-01  9.012e-08  1.656e-06  1.000e-06
104 0 i87 -1e+00     -10 i86  0.817  1.1e-03  2e-16  15.923650  4.1e-02  4.3e-01  7.344e-08  1.359e-06  1.000e-06
105 0 i87 -1e+00     -10 i86  0.791  1.0e-03  1e-16  15.923650  4.1e-02  4.1e-01  5.678e-08  1.069e-06  1.000e-06
106 0 i87 -1e+00     -10 i86  0.823  9.1e-04  1e-16  15.923649  4.1e-02  4.8e-01  5.491e-08  8.887e-07  1.000e-06
107 0 i87 -1e+00     -10 i86  0.971  9.0e-04  1e-16  15.923649  4.1e-02  4.8e-01  5.460e-08  8.659e-07  1.000e-06
108 0 i88 -1e+00     -10 i86  1.066  9.3e-04  1e-16  15.923649  4.1e-02  4.9e-01  5.990e-08  9.230e-07  1.000e-06
109 0 i87 -1e+00     -10 i86  1.022  9.4e-04  1e-16  15.923649  4.1e-02  4.6e-01  5.890e-08  9.435e-07  1.000e-06
110 0 i88 -1e+00     -10 i86  0.964  9.2e-04  1e-16  15.923649  4.1e-02  4.9e-01  5.979e-08  9.127e-07  1.000e-06
111 0 i88 -1e+00     -10 i86  1.035  9.4e-04  1e-16  15.923648  4.1e-02  4.3e-01  5.590e-08  9.352e-07  1.000e-06
112 0 i88 -1e+00     -10 i86  0.823  8.5e-04  7e-17  15.923648  4.1e-02  4.2e-01  4.558e-08  7.750e-07  1.000e-06
113 0 i88 -1e+00     -10 i86  0.784  7.5e-04  4e-17  15.923648  4.1e-02  4.2e-01  3.621e-08  6.055e-07  1.000e-06
114 0 i88 -1e+00     -10 i86  0.827  6.9e-04  3e-17  15.923648  4.1e-02  4.3e-01  3.097e-08  5.023e-07  1.000e-06
115 0 i88 -1e+00     -10 i86  0.830  6.3e-04  2e-17  15.923648  4.1e-02  4.5e-01  2.684e-08  4.192e-07  1.000e-06
116 0 i88 -1e+00     -10 i86  0.880  5.9e-04  2e-17  15.923648  4.1e-02  4.2e-01  2.267e-08  3.672e-07  1.000e-06
117 0 i88 -1e+00     -10 i86  0.808  5.3e-04  1e-17  15.923648  4.1e-02  4.3e-01  1.854e-08  3.016e-07  1.000e-06
118 0 i88 -1e+00     -10 i86  0.832  4.8e-04  9e-18  15.923648  4.1e-02  4.3e-01  1.563e-08  2.472e-07  1.000e-06
119 0 i87 -1e+00     -10 i86  0.794  4.3e-04  5e-18  15.923648  4.1e-02  4.3e-01  1.247e-08  1.968e-07  1.000e-06
120 0 i87 -1e+00     -10 i86  0.793  3.8e-04  3e-18  15.923648  4.1e-02  4.2e-01  9.642e-09  1.575e-07  1.000e-06
121 0 i87 -1e+00     -10 i86  0.809  3.4e-04  2e-18  15.923648  4.1e-02  4.2e-01  7.832e-09  1.264e-07  1.000e-06
122 0 i87 -1e+00     -10 i86  0.819  3.1e-04  1e-18  15.923648  4.1e-02  4.2e-01  6.550e-09  1.052e-07  1.000e-06
123 0 i87 -1e+00     -10 i86  0.747  2.7e-04  8e-19  15.923648  4.1e-02  4.1e-01  4.761e-09  7.839e-08  1.000e-06
124 0 i87 -1e+00     -10 i86  0.787  2.4e-04  5e-19  15.923648  4.1e-02  4.1e-01  3.757e-09  6.164e-08  1.000e-06
125 0 i87 -1e+00     -10 i86  0.730  2.1e-04  2e-19  15.923648  4.1e-02  4.0e-01  2.687e-09  4.519e-08  1.000e-06
126 0 i87 -1e+00     -10 i86  0.706  1.8e-04  1e-19  15.923648  4.1e-02  4.2e-01  2.008e-09  3.282e-08  1.000e-06
127 0 i87 -1e+00     -10 i86  0.866  1.6e-04  1e-19  15.923648  4.1e-02  4.3e-01  1.825e-09  2.818e-08  1.000e-06
128 0 i87 -1e+00     -10 i86  0.844  1.5e-04  8e-20  15.923648  4.1e-02  4.1e-01  1.459e-09  2.446e-08  1.000e-06
129 0 i87 -1e+00     -10 i86  0.774  1.3e-04  5e-20  15.923648  4.1e-02  4.1e-01  1.152e-09  1.914e-08  1.000e-06
130 0 i87 -1e+00     -10 i86  0.798  1.2e-04  2e-20  15.923648  4.1e-02  3.8e-01  8.382e-10  1.554e-08  1.000e-06
131 0 i87 -1e+00     -10 i86  0.663  1.0e-04  1e-20  15.923648  4.1e-02  3.6e-01  5.421e-10  1.088e-08  1.000e-06
132 0 i87 -1e+00     -10 i86  0.734  8.8e-05  6e-21  15.923648  4.1e-02  3.9e-01  4.240e-10  8.148e-09  1.000e-06
Computing done
