Reading Image: 
Creating Para Surface Mesh: 
Euler Number ok = 2
flag = 0 iterations performed: 160
flag = 0 iterations performed: 163
initially active: {}.
fromC[expr_] := expr /. (mant_Real)*e + (expon_Integer) :> mant*10^expon;
  0 0 i115 -6e-02   19620 i117  0.001  2.2e+00  2e-05  24.568300  3.0e-01  1.8e-01
]]] newton : constraint 1962 -> level 1                              6.890e-01  5.386e+00  1.000e-02
  1 0 i120 -6e-02   35600 i114  0.175  1.9e+00  2e-05  26.548563  1.1e-01  1.8e-01
]]] newton : constraint 3560 -> level 1                              6.463e-01  4.103e+00  1.000e-02
  2 0 i120 -3e-02   35600 i115 -0.104  9.5e-01  7e-06  21.401591  5.9e-02  3.7e-01
]]] newton : constraint 3560 -> level 2                              6.262e-01  1.520e+00  1.000e-02
  3 0 i119 -2e-02   35600 i113  0.486  8.1e-01  4e-06  19.818455  4.5e-02  2.0e-01
]]] newton : constraint 3560 -> level 3                            >>> newton activates constraint 3560 (pos 0); now active: 1
                                                                     6.164e-01  1.268e+00  1.000e-02
  4 0 i120 -3e-02   35700 i113  0.072  6.2e-01  9e-07  19.695777  4.2e-02  2.1e-01
]]] newton : constraint 3570 -> level 1                              5.973e-01  9.804e-01  1.000e-02
  5 0 i120 -3e-02   35700 i115  0.060  5.9e-01  1e-06  19.710338  4.1e-02  2.5e-01
]]] newton : constraint 3570 -> level 2                              5.787e-01  9.325e-01  1.000e-02
  6 0 i120 -2e-02   35700 i115 -0.092  3.5e-01  4e-06  18.217535  4.1e-02  5.0e-01
]]] newton : constraint 3570 -> level 3                            >>> newton activates constraint 3570 (pos 1); now active: 2
                                                                     5.697e-01  6.914e-01  1.000e-02
  7 0 i120 -3e-02   35710 i115  4.030  7.7e-01  3e-05  19.680080  4.1e-02  1.7e-01
]]] newton : constraint 3571 -> level 1                              5.520e-01  1.149e+00  1.000e-02
  8 0 i121 -1e-01   30660 i116  6.474  2.4e+00  9e-05  22.786710  4.2e-02  2.7e-02
]]] right : constraint 3559 -> level 1                            
]]] newton : constraint 3066 -> level 1                              4.849e-01  6.029e+00  1.000e-02
  9 0 i122 -1e-01   30660 i118  0.489  3.1e+00  4e-05  25.387677  4.1e-02  1.2e-02
]]] right : constraint 3556 -> level 1                            
]]] newton : constraint 3066 -> level 2                              4.260e-01  1.029e+01  1.000e-02
 10 0 i122 -3e-02   30660 i119 -0.004  3.1e+00  4e-06  25.105342  4.1e-02  1.3e-01
]]] newton : constraint 3066 -> level 3                            >>> newton activates constraint 3066 (pos 0); now active: 3
                                                                     4.127e-01  1.012e+01  1.000e-02
 11 0 i122 -2e-01   30610 i121  0.546  4.2e+00  1e-05  25.833386  4.1e-02  1.2e-01
]]] newton : constraint 3061 -> level 1                              3.157e-01  1.817e+01  1.000e-02
 12 0 i123 -2e-01   30710 i122
[[[ constraint   3560 -> level 4;           -0.137  3.0e+00  3e-05  21.759962  4.1e-02  2.5e-01
]]] newton : constraint 3071 -> level 1                              2.416e-01  9.041e+00  1.000e-02
 13 0 i123 -2e-01   30710 i123
[[[ constraint   3570 -> level 4;          
[[[ constraint   3560 -> level 3;          <<< inactivate constraint 3560 at postition 1; now active: 2

]]] in_out : constraint 3071 -> level 2                            
 14 0 i127 -1e-01   30710 i124  0.300  3.4e+00  8e-06  21.088322  4.1e-02  1.6e-01
]]] newton : constraint 3071 -> level 3                            >>> newton activates constraint 3071 (pos 1); now active: 3
                                                                     1.625e-01  1.166e+01  1.000e-02
 15 0 i125 -2e-01   30560 i125 -0.177  1.6e+00  2e-05  18.305087  4.1e-02  3.1e-01
]]] newton : constraint 3056 -> level 1                              1.245e-01  2.738e+00  1.000e-02
 16 0 i128 -2e-01   30560 i125  0.270  1.7e+00  6e-06  18.062939  4.1e-02  1.7e-01
]]] newton : constraint 3056 -> level 2                              9.525e-02  3.149e+00  1.000e-02
 17 0 i128 -2e-01   30560 i126
[[[ constraint   3570 -> level 3;          <<< inactivate constraint 3570 at postition 2; now active: 2

]]] in_out : constraint 3056 -> level 3                            >>> in_out activates constraint 3056 (pos 0); now active: 3
                                                                   
 18 0 i128 -5e-01   30510 i128  0.511  2.3e+00  2e-06  17.735914  4.1e-02  1.3e-01
]]] newton : constraint 3051 -> level 1                              4.047e-02  5.247e+00  1.000e-02
 19 0 i129 -3e-02   30510 i127
[[[ constraint   3066 -> level 4;            0.116  8.5e-01  2e-06  17.010095  4.1e-02  2.5e-01
]]] newton : constraint 3051 -> level 2                              3.944e-02  7.563e-01  1.000e-02
 20 0 i129 -1e-01   30510 i126
[[[ constraint   3066 -> level 3;          <<< inactivate constraint 3066 at postition 1; now active: 2

]]] in_out : constraint 3051 -> level 3                            >>> in_out activates constraint 3051 (pos 0); now active: 3
                                                                   
 21 0 i129 -1e+00     -10 i129  3.954  1.6e+00  7e-06  17.121606  4.1e-02  7.5e-02  8.724e-03  2.719e+00  1.000e-02
 22 0 i131 -1e+00     -10 i129  0.108  1.4e+00  1e-06  16.986349  4.1e-02  1.4e-01  1.957e-03  1.879e+00  1.000e-02
 23 0 i129 -1e+00     -10 i128  0.113  5.0e-01  7e-07  16.948878  4.1e-02  2.9e-01  1.167e-03  2.466e-01  1.000e-02
 24 0 i127 -1e+00     -10 i128  0.435  3.5e-01  3e-06  16.920618  4.1e-02  4.8e-01  2.352e-03  1.275e-01  1.000e-02
 25 0 i127 -1e+00     -10 i129  1.830  4.6e-01  5e-05  16.874905  4.1e-02  4.4e-01
]]] right : constraint 3064 -> level 1                              1.021e-02  2.264e-01  1.000e-02
 26 0 i126 -1e+00     -10 i129  0.677  4.3e-01  2e-05  16.845311  4.1e-02  2.7e-01
]]] right : constraint 3057 -> level 1                              6.202e-03  1.891e-01  1.000e-02
 27 0 i128 -1e+00     -10 i128  0.182  2.9e-01  1e-06  16.826639  4.1e-02  3.3e-01  1.747e-03  8.326e-02  1.000e-02
 28 0 i126 -1e+00     -10 i128
[[[ constraint   3071 -> level 4;            0.938  2.6e-01  1e-06  16.810421  4.1e-02  4.4e-01  1.533e-03  6.874e-02  1.000e-02
 29 0 i126 -1e+00     -10 i127
[[[ constraint   3071 -> level 3;          <<< inactivate constraint 3071 at postition 2; now active: 2

[[[ constraint   3056 -> level 4;          
[[[ constraint   3051 -> level 4;           30 0 i128 -1e+00     -10 i127  1.416  3.2e-01  1e-06  16.791931  4.1e-02  2.9e-01  1.727e-03  1.058e-01  1.000e-02
 31 0 i127 -1e+00     -10 i127
[[[ constraint   3056 -> level 3;          <<< inactivate constraint 3056 at postition 1; now active: 1

[[[ constraint   3051 -> level 3;          <<< inactivate constraint 3051 at postition 0; now active: 0
 32 0 i127 -1e+00     -10 i126  0.960  3.6e-01  5e-06  16.761198  4.1e-02  4.2e-01  4.523e-03  1.349e-01  1.000e-02
 33 0 i127 -1e+00     -10 i128  0.957  3.8e-01  2e-05  16.733080  4.1e-02  3.2e-01  6.333e-03  1.532e-01  7.180e-03
 34 0 i127 -1e+00     -10 i128  0.447  2.7e-01  1e-05  16.718155  4.1e-02  3.4e-01  4.657e-03  7.803e-02  6.165e-03
 35 0 i127 -1e+00     -10 i128  0.664  2.2e-01  1e-05  16.704049  4.1e-02  4.4e-01  3.907e-03  5.346e-02  5.686e-03
 36 0 i127 -1e+00     -10 i127  0.922  2.0e-01  7e-06  16.693479  4.1e-02  3.8e-01  3.048e-03  4.433e-02  5.478e-03
 37 0 i127 -1e+00     -10 i128  0.860  1.9e-01  6e-06  16.683860  4.1e-02  4.5e-01  2.924e-03  3.783e-02  4.258e-03
 38 0 i128 -1e+00     -10 i128  0.989  1.9e-01  7e-06  16.674050  4.1e-02  4.5e-01  2.945e-03  3.891e-02  4.258e-03
 39 0 i128 -1e+00     -10 i128  1.087  2.0e-01  8e-06  16.663670  4.1e-02  4.4e-01  3.230e-03  4.211e-02  4.258e-03
 40 0 i128 -1e+00     -10 i128  1.022  2.0e-01  8e-06  16.653265  4.1e-02  4.3e-01  3.218e-03  4.292e-02  4.258e-03
 41 0 i128 -1e+00     -10 i127  0.866  1.9e-01  5e-06  16.644853  4.1e-02  3.8e-01  2.500e-03  3.709e-02  4.258e-03
 42 0 i128 -1e+00     -10 i127  0.812  1.6e-01  3e-06  16.638545  4.1e-02  3.9e-01  1.957e-03  2.895e-02  4.258e-03
 43 0 i128 -1e+00     -10 i127  0.754  1.4e-01  1e-06  16.634147  4.1e-02  3.7e-01  1.294e-03  2.184e-02  4.258e-03
 44 0 i129 -1e+00     -10 i127  0.730  1.2e-01  6e-07  16.630752  4.1e-02  4.0e-01  9.196e-04  1.592e-02  4.258e-03
 45 0 i129 -1e+00     -10 i127  0.905  1.2e-01  4e-07  16.627650  4.1e-02  4.1e-01  8.046e-04  1.450e-02  4.258e-03
 46 0 i129 -1e+00     -10 i127  0.923  1.1e-01  3e-07  16.624691  4.1e-02  4.4e-01  7.525e-04  1.330e-02  4.258e-03
 47 0 i130 -1e+00     -10 i127  1.029  1.1e-01  3e-07  16.621620  4.1e-02  4.4e-01  7.546e-04  1.391e-02  4.258e-03
 48 0 i130 -1e+00     -10 i127  1.016  1.2e-01  2e-07  16.618513  4.1e-02  4.3e-01  7.398e-04  1.414e-02  4.258e-03
 49 0 i130 -1e+00     -10 i127  0.971  1.1e-01  2e-07  16.615654  4.1e-02  4.3e-01  7.093e-04  1.340e-02  4.258e-03
 50 0 i130 -1e+00     -10 i127  0.917  1.1e-01  1e-07  16.613228  4.1e-02  3.7e-01  5.586e-04  1.262e-02  4.258e-03
 51 0 i131 -1e+00     -10 i127  0.751  9.5e-02  5e-08  16.611242  4.1e-02  4.0e-01  4.363e-04  9.435e-03  4.258e-03
 52 0 i131 -1e+00     -10 i128  0.919  9.0e-02  4e-08  16.609488  4.1e-02  4.2e-01  4.045e-04  8.497e-03  4.258e-03
 53 0 i131 -1e+00     -10 i128  0.865  8.4e-02  2e-08  16.608057  4.1e-02  3.9e-01  3.219e-04  7.423e-03  4.258e-03
 54 0 i129 -1e+00     -10 i128  0.852  7.8e-02  2e-08  16.606684  4.1e-02  4.3e-01  3.026e-04  6.411e-03  4.258e-03
 55 0 i130 -1e+00     -10 i128  0.989  7.8e-02  2e-08  16.605335  4.1e-02  4.3e-01  2.957e-04  6.343e-03  4.258e-03
 56 0 i131 -1e+00     -10 i128  1.001  7.7e-02  2e-08  16.604019  4.1e-02  4.3e-01  2.946e-04  6.296e-03  4.258e-03
 57 0 i131 -1e+00     -10 i128  0.950  7.6e-02  2e-08  16.602771  4.1e-02  4.1e-01  2.758e-04  6.054e-03  4.258e-03
 58 0 i131 -1e+00     -10 i128  0.869  7.0e-02  2e-08  16.601702  4.1e-02  4.2e-01  2.460e-04  5.202e-03  4.258e-03
 59 0 i131 -1e+00     -10 i128  0.957  6.9e-02  2e-08  16.600716  4.1e-02  4.1e-01  2.338e-04  4.964e-03  4.258e-03
 60 0 i131 -1e+00     -10 i128  0.838  6.3e-02  1e-08  16.599885  4.1e-02  4.0e-01  1.933e-04  4.221e-03  4.258e-03
 61 0 i131 -1e+00     -10 i128  0.861  5.8e-02  1e-08  16.599158  4.1e-02  4.1e-01  1.777e-04  3.595e-03  4.258e-03
 62 0 i131 -1e+00     -10 i127  0.934  5.7e-02  9e-09  16.598457  4.1e-02  4.3e-01  1.746e-04  3.383e-03  4.258e-03
 63 0 i131 -1e+00     -10 i128  0.902  5.4e-02  7e-09  16.597861  4.1e-02  4.0e-01  1.530e-04  3.052e-03  4.258e-03
 64 0 i131 -1e+00     -10 i128  0.878  5.0e-02  6e-09  16.597336  4.1e-02  4.1e-01  1.400e-04  2.669e-03  4.258e-03
 65 0 i131 -1e+00     -10 i128  0.900  4.8e-02  5e-09  16.596854  4.1e-02  4.1e-01  1.295e-04  2.425e-03  4.258e-03
 66 0 i132 -1e+00     -10 i128  0.858  4.4e-02  4e-09  16.596447  4.1e-02  4.0e-01  1.118e-04  2.073e-03  4.258e-03
 67 0 i132 -1e+00     -10 i128  0.873  4.1e-02  3e-09  16.596100  4.1e-02  4.0e-01  9.833e-05  1.802e-03  4.258e-03
 68 0 i131 -1e+00     -10 i128  0.829  3.8e-02  2e-09  16.595807  4.1e-02  4.1e-01  8.589e-05  1.500e-03  4.258e-03
 69 0 i131 -1e+00     -10 i128  0.928  3.6e-02  2e-09  16.595525  4.1e-02  4.3e-01  8.497e-05  1.396e-03  4.258e-03
 70 0 i131 -1e+00     -10 i128  0.978  3.6e-02  2e-09  16.595239  4.1e-02  4.4e-01  8.672e-05  1.376e-03  4.258e-03
 71 0 i131 -1e+00     -10 i128  0.990  3.6e-02  2e-09  16.594955  4.1e-02  4.4e-01  8.750e-05  1.363e-03  4.258e-03
 72 0 i131 -1e+00     -10 i127  1.025  3.6e-02  2e-09  16.594667  4.1e-02  4.3e-01  9.129e-05  1.392e-03  4.258e-03
 73 0 i131 -1e+00     -10 i127  0.986  3.6e-02  2e-09  16.594389  4.1e-02  4.3e-01  9.073e-05  1.376e-03  4.258e-03
 74 0 i131 -1e+00     -10 i127  0.974  3.5e-02  2e-09  16.594125  4.1e-02  4.1e-01  8.740e-05  1.339e-03  4.258e-03
 75 0 i131 -1e+00     -10 i127  0.904  3.4e-02  2e-09  16.593880  4.1e-02  4.2e-01  8.210e-05  1.215e-03  4.258e-03
 76 0 i131 -1e+00     -10 i127  0.968  3.3e-02  2e-09  16.593638  4.1e-02  4.3e-01  8.257e-05  1.174e-03  4.258e-03
 77 0 i131 -1e+00     -10 i127  1.000  3.3e-02  2e-09  16.593397  4.1e-02  4.3e-01  8.355e-05  1.177e-03  4.258e-03
 78 0 i131 -1e+00     -10 i127  1.001  3.3e-02  2e-09  16.593154  4.1e-02  4.3e-01  8.488e-05  1.180e-03  4.258e-03
 79 0 i127 -1e+00     -10 i127  1.022  3.3e-02  2e-09  16.592910  4.1e-02  4.3e-01  8.698e-05  1.203e-03  4.258e-03
 80 0 i130 -1e+00     -10 i127  0.942  3.2e-02  2e-09  16.592681  4.1e-02  4.2e-01  8.190e-05  1.138e-03  4.258e-03
 81 0 i130 -1e+00     -10 i127  0.959  3.2e-02  2e-09  16.592467  4.1e-02  4.2e-01  7.851e-05  1.086e-03  4.258e-03
 82 0 i130 -1e+00     -10 i127  0.894  3.0e-02  1e-09  16.592281  4.1e-02  4.0e-01  6.953e-05  9.727e-04  4.258e-03
 83 0 i131 -1e+00     -10 i127  0.878  2.8e-02  1e-09  16.592118  4.1e-02  4.0e-01  6.135e-05  8.547e-04  4.258e-03
 84 0 i131 -1e+00     -10 i127  0.853  2.6e-02  8e-10  16.591979  4.1e-02  4.1e-01  5.424e-05  7.265e-04  4.258e-03
 85 0 i131 -1e+00     -10 i127  0.888  2.5e-02  7e-10  16.591854  4.1e-02  4.1e-01  4.912e-05  6.500e-04  4.258e-03
 86 0 i131 -1e+00     -10 i127  0.884  2.3e-02  5e-10  16.591746  4.1e-02  4.0e-01  4.237e-05  5.739e-04  4.258e-03
 87 0 i131 -1e+00     -10 i127  0.840  2.1e-02  4e-10  16.591655  4.1e-02  4.0e-01  3.665e-05  4.801e-04  4.258e-03
 88 0 i131 -1e+00     -10 i127  0.872  2.0e-02  3e-10  16.591577  4.1e-02  4.0e-01  3.163e-05  4.194e-04  4.258e-03
 89 0 i131 -1e+00     -10 i127  0.859  1.8e-02  2e-10  16.591510  4.1e-02  4.0e-01  2.789e-05  3.610e-04  4.258e-03
 90 0 i131 -1e+00     -10 i127  0.843  1.7e-02  2e-10  16.591452  4.1e-02  4.0e-01  2.371e-05  3.045e-04  4.258e-03
 91 0 i131 -1e+00     -10 i127  0.871  1.6e-02  1e-10  16.591403  4.1e-02  4.0e-01  2.091e-05  2.655e-04  4.258e-03
 92 0 i131 -1e+00     -10 i127  0.875  1.5e-02  1e-10  16.591360  4.1e-02  4.0e-01  1.852e-05  2.322e-04  4.258e-03
 93 0 i131 -1e+00     -10 i127  0.857  1.4e-02  7e-11  16.591323  4.1e-02  4.0e-01  1.587e-05  1.991e-04  4.258e-03
 94 0 i131 -1e+00     -10 i127  0.854  1.3e-02  6e-11  16.591290  4.1e-02  4.2e-01  1.451e-05  1.713e-04  4.258e-03
 95 0 i131 -1e+00     -10 i127  0.928  1.2e-02  5e-11  16.591260  4.1e-02  4.0e-01  1.297e-05  1.582e-04  4.258e-03
 96 0 i131 -1e+00     -10 i127  0.869  1.1e-02  4e-11  16.591235  4.1e-02  4.0e-01  1.131e-05  1.374e-04  4.258e-03
 97 0 i130 -1e+00     -10 i127  0.858  1.0e-02  3e-11  16.591213  4.1e-02  4.0e-01  9.839e-06  1.182e-04  4.258e-03
 98 0 i130 -1e+00     -10 i127  0.853  9.6e-03  2e-11  16.591195  4.1e-02  3.9e-01  8.247e-06  1.008e-04  4.258e-03
 99 0 i130 -1e+00     -10 i127  0.794  8.6e-03  1e-11  16.591181  4.1e-02  3.9e-01  6.608e-06  7.999e-05  4.258e-03
100 0 i130 -1e+00     -10 i127  0.841  7.9e-03  9e-12  16.591168  4.1e-02  4.0e-01  5.741e-06  6.759e-05  4.258e-03
101 0 i130 -1e+00     -10 i127  0.845  7.2e-03  7e-12  16.591158  4.1e-02  4.0e-01  4.860e-06  5.708e-05  4.258e-03
102 0 i130 -1e+00     -10 i127  0.840  6.6e-03  5e-12  16.591149  4.1e-02  3.9e-01  4.106e-06  4.802e-05  4.258e-03
103 0 i130 -1e+00     -10 i127  0.833  6.0e-03  4e-12  16.591142  4.1e-02  4.0e-01  3.484e-06  4.008e-05  4.258e-03
104 0 i130 -1e+00     -10 i127  0.842  5.6e-03  3e-12  16.591136  4.1e-02  4.1e-01  3.025e-06  3.387e-05  4.258e-03
105 0 i130 -1e+00     -10 i127  0.870  5.2e-03  2e-12  16.591130  4.1e-02  3.9e-01  2.569e-06  2.943e-05  4.258e-03
106 0 i129 -1e+00     -10 i127  0.843  4.8e-03  2e-12  16.591126  4.1e-02  4.0e-01  2.230e-06  2.499e-05  4.258e-03
107 0 i129 -1e+00     -10 i127  0.871  4.4e-03  1e-12  16.591122  4.1e-02  4.2e-01  2.052e-06  2.179e-05  4.258e-03
108 0 i129 -1e+00     -10 i127  0.940  4.3e-03  1e-12  16.591118  4.1e-02  4.1e-01  1.900e-06  2.048e-05  4.258e-03
109 0 i129 -1e+00     -10 i127  0.892  4.1e-03  1e-12  16.591114  4.1e-02  4.1e-01  1.714e-06  1.834e-05  4.258e-03
110 0 i129 -1e+00     -10 i127  0.927  3.9e-03  9e-13  16.591111  4.1e-02  4.1e-01  1.613e-06  1.708e-05  4.258e-03
111 0 i129 -1e+00     -10 i127  0.909  3.7e-03  7e-13  16.591108  4.1e-02  4.1e-01  1.459e-06  1.552e-05  4.258e-03
112 0 i129 -1e+00     -10 i127  0.896  3.5e-03  6e-13  16.591106  4.1e-02  4.0e-01  1.286e-06  1.389e-05  4.258e-03
113 0 i129 -1e+00     -10 i127  0.836  3.3e-03  4e-13  16.591104  4.1e-02  4.0e-01  1.095e-06  1.173e-05  4.258e-03
114 0 i129 -1e+00     -10 i127  0.868  3.0e-03  3e-13  16.591102  4.1e-02  4.0e-01  9.560e-07  1.014e-05  4.258e-03
115 0 i130 -1e+00     -10 i127  0.889  2.9e-03  3e-13  16.591100  4.1e-02  4.1e-01  8.800e-07  9.046e-06  4.258e-03
116 0 i130 -1e+00     -10 i127  0.896  2.7e-03  2e-13  16.591099  4.1e-02  4.1e-01  7.926e-07  8.163e-06  4.258e-03
117 0 i130 -1e+00     -10 i127  0.901  2.6e-03  2e-13  16.591097  4.1e-02  4.1e-01  7.164e-07  7.359e-06  4.258e-03
118 0 i130 -1e+00     -10 i127  0.896  2.4e-03  1e-13  16.591096  4.1e-02  4.0e-01  6.397e-07  6.596e-06  4.258e-03
119 0 i130 -1e+00     -10 i127  0.863  2.3e-03  1e-13  16.591095  4.1e-02  3.9e-01  5.444e-07  5.735e-06  4.258e-03
120 0 i130 -1e+00     -10 i127  0.847  2.1e-03  8e-14  16.591094  4.1e-02  4.0e-01  4.673e-07  4.826e-06  4.258e-03
121 0 i130 -1e+00     -10 i127  0.846  1.9e-03  6e-14  16.591094  4.1e-02  3.9e-01  3.925e-07  4.131e-06  4.258e-03
122 0 i130 -1e+00     -10 i127  0.814  1.8e-03  4e-14  16.591093  4.1e-02  3.9e-01  3.246e-07  3.388e-06  4.258e-03
123 0 i131 -1e+00     -10 i127  0.871  1.6e-03  3e-14  16.591092  4.1e-02  3.9e-01  2.859e-07  2.956e-06  4.258e-03
124 0 i131 -1e+00     -10 i127  0.845  1.5e-03  2e-14  16.591092  4.1e-02  4.0e-01  2.505e-07  2.523e-06  4.258e-03
125 0 i130 -1e+00     -10 i127  0.922  1.5e-03  2e-14  16.591092  4.1e-02  4.0e-01  2.311e-07  2.335e-06  4.258e-03
126 0 i131 -1e+00     -10 i127  0.891  1.4e-03  2e-14  16.591091  4.1e-02  4.0e-01  2.070e-07  2.107e-06  4.258e-03
127 0 i131 -1e+00     -10 i127  0.898  1.3e-03  1e-14  16.591091  4.1e-02  4.0e-01  1.867e-07  1.904e-06  4.258e-03
128 0 i131 -1e+00     -10 i127  0.893  1.2e-03  1e-14  16.591091  4.1e-02  3.9e-01  1.658e-07  1.717e-06  4.258e-03
129 0 i130 -1e+00     -10 i127  0.880  1.2e-03  9e-15  16.591090  4.1e-02  4.0e-01  1.487e-07  1.522e-06  4.258e-03
130 0 i130 -1e+00     -10 i127  0.895  1.1e-03  6e-15  16.591090  4.1e-02  3.8e-01  1.286e-07  1.374e-06  4.258e-03
131 0 i130 -1e+00     -10 i127  0.866  1.0e-03  5e-15  16.591090  4.1e-02  4.0e-01  1.161e-07  1.210e-06  4.258e-03
132 0 i130 -1e+00     -10 i127  0.916  1.0e-03  5e-15  16.591090  4.1e-02  4.0e-01  1.072e-07  1.126e-06  4.258e-03
133 0 i131 -1e+00     -10 i127  0.924  9.8e-04  4e-15  16.591089  4.1e-02  3.9e-01  9.836e-08  1.058e-06  4.258e-03
134 0 i131 -1e+00     -10 i127  0.935  9.5e-04  4e-15  16.591089  4.1e-02  4.0e-01  9.498e-08  9.967e-07  4.258e-03
135 0 i130 -1e+00     -10 i127  0.945  9.3e-04  3e-15  16.591089  4.1e-02  3.9e-01  8.859e-08  9.543e-07  4.258e-03
136 0 i130 -1e+00     -10 i127  0.932  9.1e-04  3e-15  16.591089  4.1e-02  3.8e-01  8.051e-08  9.124e-07  4.258e-03
137 0 i130 -1e+00     -10 i127  0.913  8.8e-04  2e-15  16.591089  4.1e-02  3.9e-01  7.605e-08  8.501e-07  4.258e-03
138 0 i130 -1e+00     -10 i127  0.961  8.6e-04  2e-15  16.591089  4.1e-02  3.8e-01  7.020e-08  8.179e-07  4.258e-03
139 0 i130 -1e+00     -10 i127  0.885  8.3e-04  2e-15  16.591089  4.1e-02  3.8e-01  6.212e-08  7.579e-07  4.258e-03
140 0 i130 -1e+00     -10 i127  0.895  7.9e-04  1e-15  16.591088  4.1e-02  3.8e-01  5.709e-08  6.868e-07  4.258e-03
141 0 i130 -1e+00     -10 i127  0.963  7.8e-04  1e-15  16.591088  4.1e-02  4.0e-01  5.736e-08  6.694e-07  4.258e-03
142 0 i130 -1e+00     -10 i127  0.994  7.9e-04  1e-15  16.591088  4.1e-02  3.9e-01  5.546e-08  6.860e-07  4.258e-03
143 0 i130 -1e+00     -10 i127  0.970  7.9e-04  1e-15  16.591088  4.1e-02  3.8e-01  5.359e-08  6.730e-07  4.258e-03
144 0 i130 -1e+00     -10 i127  0.947  7.8e-04  1e-15  16.591088  4.1e-02  3.9e-01  5.189e-08  6.550e-07  4.258e-03
145 0 i130 -1e+00     -10 i127  0.997  7.8e-04  1e-15  16.591088  4.1e-02  3.9e-01  5.138e-08  6.624e-07  4.258e-03
146 0 i130 -1e+00     -10 i127  0.964  7.8e-04  9e-16  16.591088  4.1e-02  3.7e-01  4.775e-08  6.612e-07  4.258e-03
147 0 i130 -1e+00     -10 i127  0.923  7.6e-04  8e-16  16.591088  4.1e-02  3.8e-01  4.485e-08  6.164e-07  4.258e-03
148 0 i130 -1e+00     -10 i127  0.974  7.6e-04  8e-16  16.591088  4.1e-02  3.8e-01  4.376e-08  6.144e-07  4.258e-03
149 0 i130 -1e+00     -10 i127  0.939  7.5e-04  6e-16  16.591087  4.1e-02  3.7e-01  3.978e-08  5.991e-07  4.258e-03
150 0 i130 -1e+00     -10 i127  0.914  7.2e-04  6e-16  16.591087  4.1e-02  3.8e-01  3.752e-08  5.626e-07  4.258e-03
151 0 i130 -1e+00     -10 i127  0.990  7.2e-04  6e-16  16.591087  4.1e-02  3.8e-01  3.736e-08  5.552e-07  4.258e-03
152 0 i130 -1e+00     -10 i127  0.934  7.2e-04  5e-16  16.591087  4.1e-02  3.6e-01  3.400e-08  5.589e-07  4.258e-03
153 0 i130 -1e+00     -10 i127  0.957  7.0e-04  5e-16  16.591087  4.1e-02  3.7e-01  3.348e-08  5.260e-07  4.258e-03
154 0 i130 -1e+00     -10 i127  0.938  7.0e-04  4e-16  16.591087  4.1e-02  3.6e-01  3.009e-08  5.163e-07  4.258e-03
155 0 i130 -1e+00     -10 i127  0.900  6.7e-04  3e-16  16.591087  4.1e-02  3.5e-01  2.674e-08  4.755e-07  4.258e-03
156 0 i130 -1e+00     -10 i127  0.888  6.4e-04  2e-16  16.591087  4.1e-02  3.4e-01  2.284e-08  4.328e-07  4.258e-03
157 0 i130 -1e+00     -10 i127  0.816  6.0e-04  1e-16  16.591087  4.1e-02  3.4e-01  1.871e-08  3.791e-07  4.258e-03
158 0 i130 -1e+00     -10 i127  0.863  5.6e-04  1e-16  16.591087  4.1e-02  3.4e-01  1.646e-08  3.319e-07  4.258e-03
159 0 i130 -1e+00     -10 i127  0.873  5.4e-04  8e-17  16.591087  4.1e-02  3.4e-01  1.425e-08  3.021e-07  4.258e-03
160 0 i130 -1e+00     -10 i127  0.881  5.2e-04  6e-17  16.591087  4.1e-02  3.2e-01  1.204e-08  2.775e-07  4.258e-03
161 0 i130 -1e+00     -10 i127  0.794  4.8e-04  4e-17  16.591087  4.1e-02  3.3e-01  9.740e-09  2.382e-07  4.258e-03
162 0 i130 -1e+00     -10 i127  0.861  4.5e-04  3e-17  16.591087  4.1e-02  3.2e-01  8.389e-09  2.105e-07  4.258e-03
163 0 i130 -1e+00     -10 i127  0.869  4.4e-04  2e-17  16.591087  4.1e-02  3.2e-01  7.236e-09  1.985e-07  4.258e-03
164 0 i130 -1e+00     -10 i127  0.899  4.3e-04  2e-17  16.591087  4.1e-02  3.0e-01  6.163e-09  1.884e-07  4.258e-03
165 0 i130 -1e+00     -10 i127  0.771  4.0e-04  1e-17  16.591087  4.1e-02  3.0e-01  4.760e-09  1.667e-07  4.258e-03
166 0 i130 -1e+00     -10 i127  0.819  3.7e-04  7e-18  16.591087  4.1e-02  2.9e-01  3.897e-09  1.418e-07  4.258e-03
167 0 i130 -1e+00     -10 i127  0.857  3.6e-04  5e-18  16.591086  4.1e-02  2.9e-01  3.334e-09  1.358e-07  4.258e-03
168 0 i130 -1e+00     -10 i127  0.828  3.5e-04  4e-18  16.591086  4.1e-02  2.9e-01  2.828e-09  1.245e-07  4.258e-03
169 0 i130 -1e+00     -10 i127  0.877  3.4e-04  3e-18  16.591086  4.1e-02  2.8e-01  2.382e-09  1.201e-07  4.258e-03
170 0 i130 -1e+00     -10 i127  0.785  3.3e-04  2e-18  16.591086  4.1e-02  2.8e-01  1.913e-09  1.084e-07  4.258e-03
171 0 i130 -1e+00     -10 i127  0.847  3.2e-04  1e-18  16.591086  4.1e-02  2.7e-01  1.630e-09  1.009e-07  4.258e-03
172 0 i144 -1e+00     -10 i127  0.823  3.0e-04  7e-19  16.591086  4.1e-02  2.5e-01  1.284e-09  9.381e-08  4.258e-03
173 0 i130 -1e+00     -10 i127  0.763  2.9e-04  4e-19  16.591086  4.1e-02  2.5e-01  1.011e-09  8.455e-08  4.258e-03
174 0 i130 -1e+00     -10 i127  0.832  2.8e-04  3e-19  16.591086  4.1e-02  2.5e-01  8.558e-10  7.791e-08  4.258e-03
175 0 i131 -1e+00     -10 i127  0.855  2.8e-04  2e-19  16.591086  4.1e-02  2.3e-01  7.003e-10  7.900e-08  4.258e-03
176 0 i145 -1e+00     -10 i127  0.728  2.6e-04  1e-19  16.591086  4.1e-02  2.5e-01  6.166e-10  6.883e-08  4.258e-03
177 0 i146 -1e+00     -10 i127  0.906  2.6e-04  8e-20  16.591086  4.1e-02  2.2e-01  5.343e-10  6.820e-08  4.258e-03
178 0 i131 -1e+00     -10 i127  0.798  2.6e-04  5e-20  16.591086  4.1e-02  2.2e-01  4.718e-10  6.797e-08  4.258e-03
179 0 i145 -1e+00     -10 i127  0.766  2.5e-04  3e-20  16.591086  4.1e-02  2.3e-01  4.246e-10  6.201e-08  4.258e-03
180 0 i145 -1e+00     -10 i127  0.840  2.4e-04  2e-20  16.591086  4.1e-02  2.0e-01  3.608e-10  6.002e-08  4.258e-03
181 0 i131 -1e+00     -10 i127  0.716  2.3e-04  1e-20  16.591086  4.1e-02  2.1e-01  3.229e-10  5.467e-08  4.258e-03
182 0 i144 -1e+00     -10 i127  0.833  2.3e-04  8e-21  16.591086  4.1e-02  2.1e-01  3.198e-10  5.194e-08  4.258e-03
183 0 i131 -1e+00     -10 i127  0.866  2.3e-04  7e-21  16.591086  4.1e-02  2.1e-01  3.308e-10  5.462e-08  4.258e-03
184 0 i144 -1e+00     -10 i127  0.846  2.3e-04  6e-21  16.591086  4.1e-02  2.1e-01  3.365e-10  5.524e-08  4.258e-03
185 0 i145 -1e+00     -10 i127  0.831  2.4e-04  3e-21  16.591086  4.1e-02  1.9e-01  3.115e-10  5.579e-08  4.258e-03
186 0 i131 -1e+00     -10 i127  0.741  2.3e-04  2e-21  16.591086  4.1e-02  2.0e-01  2.818e-10  5.202e-08  4.258e-03
187 0 i145 -1e+00     -10 i127  0.808  2.2e-04  2e-21  16.591086  4.1e-02  1.9e-01  2.712e-10  4.960e-08  4.258e-03
188 0 i146 -1e+00     -10 i127  0.849  2.2e-04  2e-21  16.591086  4.1e-02  1.9e-01  2.875e-10  5.037e-08  4.258e-03
189 0 i145 -1e+00     -10 i127  0.778  2.2e-04  1e-21  16.591086  4.1e-02  2.0e-01  2.839e-10  4.918e-08  4.258e-03
190 0 i145 -1e+00     -10 i127  0.821  2.2e-04  9e-22  16.591086  4.1e-02  2.0e-01  2.809e-10  4.722e-08  4.258e-03
191 0 i146 -1e+00     -10 i127  0.849  2.2e-04  7e-22  16.591086  4.1e-02  1.9e-01  2.833e-10  4.865e-08  4.258e-03
192 0 i131 -1e+00     -10 i127  0.829  2.2e-04  6e-22  16.591086  4.1e-02  1.9e-01  2.842e-10  4.845e-08  4.258e-03
193 0 i131 -1e+00     -10 i127  0.824  2.2e-04  5e-22  16.591086  4.1e-02  1.9e-01  2.842e-10  4.927e-08  4.258e-03
194 0 i146 -1e+00     -10 i127  0.811  2.2e-04  5e-22  16.591086  4.1e-02  2.0e-01  3.011e-10  4.810e-08  4.258e-03
195 0 i145 -1e+00     -10 i127  0.924  2.2e-04  6e-22  16.591086  4.1e-02  1.8e-01  2.954e-10  5.088e-08  4.258e-03
196 0 i145 -1e+00     -10 i127  0.785  2.3e-04  9e-22  16.591086  4.1e-02  2.0e-01  3.109e-10  5.329e-08  4.258e-03
197 0 i146 -1e+00     -10 i127  0.767  2.2e-04  5e-22  16.591086  4.1e-02  1.8e-01  2.736e-10  4.817e-08  4.258e-03
198 0 i145 -1e+00     -10 i127  0.804  2.2e-04  3e-22  16.591086  4.1e-02  1.6e-01  2.389e-10  4.761e-08  4.258e-03
199 0 i145 -1e+00     -10 i127  0.696  2.1e-04  2e-22  16.591086  4.1e-02  1.7e-01  2.263e-10  4.285e-08  4.258e-03
200 0 i145 -1e+00     -10 i127  0.851  2.1e-04  4e-22  16.591086  4.1e-02  1.6e-01  2.204e-10  4.299e-08  4.258e-03
201 0 i131 -1e+00     -10 i127  0.790  2.1e-04  5e-22  16.591086  4.1e-02  1.8e-01  2.443e-10  4.259e-08  4.258e-03
202 0 i145 -1e+00     -10 i127  0.896  2.1e-04  4e-22  16.591086  4.1e-02  1.7e-01  2.512e-10  4.545e-08  4.258e-03
203 0 i144 -1e+00     -10 i127  0.781  2.1e-04  6e-22  16.591086  4.1e-02  1.8e-01  2.647e-10  4.506e-08  4.258e-03
204 0 i146 -1e+00     -10 i127  0.836  2.1e-04  5e-22  16.591086  4.1e-02  1.6e-01  2.398e-10  4.474e-08  4.258e-03
205 0 i146 -1e+00     -10 i127  0.748  2.0e-04  3e-22  16.591086  4.1e-02  1.7e-01  2.345e-10  4.217e-08  4.258e-03
206 0 i146 -1e+00     -10 i127  0.831  2.0e-04  2e-22  16.591086  4.1e-02  1.5e-01  2.119e-10  4.144e-08  4.258e-03
207 0 i131 -1e+00     -10 i127  0.743  2.0e-04  2e-22  16.591086  4.1e-02  1.6e-01  2.106e-10  4.058e-08  4.258e-03
208 0 i146 -1e+00     -10 i127  0.850  2.0e-04  2e-22  16.591086  4.1e-02  1.5e-01  2.106e-10  4.081e-08  4.258e-03
209 0 i146 -1e+00     -10 i127  0.760  2.0e-04  2e-22  16.591086  4.1e-02  1.5e-01  1.980e-10  4.011e-08  4.258e-03
210 0 i132 -1e+00     -10 i127  0.763  2.0e-04  1e-22  16.591086  4.1e-02  1.4e-01  1.799e-10  3.953e-08  4.258e-03
211 0 i146 -1e+00     -10 i127  0.750  1.9e-04  1e-22  16.591086  4.1e-02  1.3e-01  1.659e-10  3.628e-08  4.258e-03
212 0 i131 -1e+00     -10 i127  0.780  1.9e-04  2e-22  16.591086  4.1e-02  1.7e-01  2.067e-10  3.573e-08  4.258e-03
213 0 i131 -1e+00     -10 i127  0.973  2.0e-04  3e-22  16.591086  4.1e-02  1.3e-01  1.947e-10  3.979e-08  4.258e-03
214 0 i146 -1e+00     -10 i127  0.725  2.0e-04  3e-22  16.591086  4.1e-02  1.8e-01  2.364e-10  4.057e-08  4.258e-03
215 0 i146 -1e+00     -10 i127  0.844  2.0e-04  2e-22  16.591086  4.1e-02  1.5e-01  2.070e-10  3.862e-08  4.258e-03
216 0 i144 -1e+00     -10 i127  0.836  2.0e-04  3e-22  16.591086  4.1e-02  1.6e-01  2.281e-10  4.110e-08  4.258e-03
217 0 i132 -1e+00     -10 i127  0.786  2.0e-04  3e-22  16.591086  4.1e-02  1.5e-01  2.133e-10  3.944e-08  4.258e-03
218 0 i146 -1e+00     -10 i127  0.846  2.0e-04  2e-22  16.591086  4.1e-02  1.3e-01  1.899e-10  4.081e-08  4.258e-03
219 0 i146 -1e+00     -10 i127  0.658  1.9e-04  4e-22  16.591086  4.1e-02  1.4e-01  1.753e-10  3.780e-08  4.258e-03
220 0 i146 -1e+00     -10 i127  0.822  1.9e-04  4e-22  16.591086  4.1e-02  1.3e-01  1.713e-10  3.541e-08  4.258e-03
221 0 i144 -1e+00     -10 i127  0.810  1.9e-04  3e-22  16.591086  4.1e-02  1.4e-01  1.790e-10  3.618e-08  4.258e-03
222 0 i131 -1e+00     -10 i127  0.808  1.9e-04  4e-22  16.591086  4.1e-02  1.4e-01  1.816e-10  3.686e-08  4.258e-03
223 0 i131 -1e+00     -10 i127  0.793  1.9e-04  3e-22  16.591086  4.1e-02  1.3e-01  1.649e-10  3.627e-08  4.258e-03
224 0 i146 -1e+00     -10 i127  0.795  1.9e-04  6e-22  16.591086  4.1e-02  1.4e-01  1.828e-10  3.667e-08  4.258e-03
225 0 i146 -1e+00     -10 i127  0.832  1.9e-04  3e-22  16.591086  4.1e-02  1.2e-01  1.630e-10  3.603e-08  4.258e-03
226 0 i131 -1e+00     -10 i127  0.756  1.9e-04  4e-22  16.591086  4.1e-02  1.4e-01  1.848e-10  3.595e-08  4.258e-03
227 0 i145 -1e+00     -10 i127  0.818  1.9e-04  3e-22  16.591086  4.1e-02  1.4e-01  1.850e-10  3.517e-08  4.258e-03
228 0 i146 -1e+00     -10 i127  0.834  1.9e-04  3e-22  16.591086  4.1e-02  1.5e-01  2.023e-10  3.633e-08  4.258e-03
229 0 i146 -1e+00     -10 i127  0.829  1.9e-04  3e-22  16.591086  4.1e-02  1.5e-01  2.029e-10  3.684e-08  4.258e-03
230 0 i146 -1e+00     -10 i127  0.835  2.0e-04  3e-22  16.591086  4.1e-02  1.3e-01  1.922e-10  3.845e-08  4.258e-03
231 0 i132 -1e+00     -10 i127  0.748  1.9e-04  4e-22  16.591086  4.1e-02  1.5e-01  1.995e-10  3.750e-08  4.258e-03
232 0 i146 -1e+00     -10 i127  0.792  1.9e-04  2e-22  16.591086  4.1e-02  1.5e-01  1.974e-10  3.563e-08  4.258e-03
233 0 i146 -1e+00     -10 i127  0.902  1.9e-04  2e-22  16.591086  4.1e-02  1.3e-01  1.919e-10  3.804e-08  4.258e-03
234 0 i145 -1e+00     -10 i127  0.772  2.0e-04  2e-22  16.591086  4.1e-02  1.3e-01  1.827e-10  3.821e-08  4.258e-03
235 0 i147 -1e+00     -10 i127  0.711  1.9e-04  1e-22  16.591086  4.1e-02  1.5e-01  1.842e-10  3.513e-08  4.258e-03
236 0 i146 -1e+00     -10 i127  0.832  1.8e-04  1e-22  16.591086  4.1e-02  1.2e-01  1.562e-10  3.415e-08  4.258e-03
237 0 i145 -1e+00     -10 i127  0.787  1.9e-04  1e-22  16.591086  4.1e-02  1.1e-01  1.441e-10  3.523e-08  4.258e-03
238 0 i132 -1e+00     -10 i127  0.727  1.8e-04  1e-22  16.591086  4.1e-02  1.3e-01  1.603e-10  3.352e-08  4.258e-03
239 0 i131 -1e+00     -10 i127  0.840  1.8e-04  7e-23  16.591086  4.1e-02  9.9e-02  1.271e-10  3.312e-08  4.258e-03
240 0 i145 -1e+00     -10 i127  0.768  1.8e-04  9e-23  16.591086  4.1e-02  1.1e-01  1.394e-10  3.367e-08  4.258e-03
241 0 i132 -1e+00     -10 i127  0.791  1.8e-04  1e-22  16.591086  4.1e-02  1.1e-01  1.381e-10  3.272e-08  4.258e-03
242 0 i131 -1e+00     -10 i127  0.762  1.8e-04  1e-22  16.591086  4.1e-02  1.2e-01  1.503e-10  3.114e-08  4.258e-03
243 0 i145 -1e+00     -10 i127  0.876  1.8e-04  9e-23  16.591086  4.1e-02  1.1e-01  1.537e-10  3.305e-08  4.258e-03
244 0 i132 -1e+00     -10 i127  0.784  1.8e-04  1e-22  16.591086  4.1e-02  1.1e-01  1.380e-10  3.365e-08  4.258e-03
245 0 i131 -1e+00     -10 i127  0.786  1.8e-04  9e-23  16.591086  4.1e-02  1.2e-01  1.513e-10  3.319e-08  4.258e-03
246 0 i146 -1e+00     -10 i127  0.826  1.8e-04  6e-23  16.591086  4.1e-02  8.7e-02  1.185e-10  3.326e-08  4.258e-03
247 0 i145 -1e+00     -10 i127  0.727  1.8e-04  7e-23  16.591086  4.1e-02  1.0e-01  1.303e-10  3.283e-08  4.258e-03
248 0 i132 -1e+00     -10 i127  0.778  1.8e-04  8e-23  16.591086  4.1e-02  1.0e-01  1.318e-10  3.156e-08  4.258e-03
249 0 i145 -1e+00     -10 i127  0.773  1.7e-04  8e-23  16.591086  4.1e-02  1.1e-01  1.294e-10  3.018e-08  4.258e-03
250 0 i146 -1e+00     -10 i127  0.820  1.8e-04  7e-23  16.591086  4.1e-02  9.9e-02  1.248e-10  3.146e-08  4.258e-03
251 0 i146 -1e+00     -10 i127  0.756  1.7e-04  8e-23  16.591086  4.1e-02  1.0e-01  1.270e-10  3.046e-08  4.258e-03
252 0 i145 -1e+00     -10 i127  0.834  1.8e-04  1e-22  16.591086  4.1e-02  1.2e-01  1.505e-10  3.117e-08  4.258e-03
253 0 i131 -1e+00     -10 i127  0.850  1.8e-04  1e-22  16.591086  4.1e-02  1.1e-01  1.429e-10  3.211e-08  4.258e-03
254 0 i146 -1e+00     -10 i127  0.793  1.8e-04  1e-22  16.591086  4.1e-02  1.1e-01  1.433e-10  3.389e-08  4.258e-03
255 0 i146 -1e+00     -10 i127  0.751  1.8e-04  1e-22  16.591086  4.1e-02  1.1e-01  1.373e-10  3.265e-08  4.258e-03
256 0 i146 -1e+00     -10 i127  0.769  1.8e-04  6e-23  16.591086  4.1e-02  1.1e-01  1.351e-10  3.169e-08  4.258e-03
257 0 i146 -1e+00     -10 i127  0.805  1.8e-04  8e-23  16.591086  4.1e-02  1.2e-01  1.529e-10  3.186e-08  4.258e-03
258 0 i131 -1e+00     -10 i127  0.825  1.8e-04  8e-23  16.591086  4.1e-02  1.1e-01  1.514e-10  3.167e-08  4.258e-03
259 0 i130 -1e+00     -10 i127  0.868  1.9e-04  1e-22  16.591086  4.1e-02  1.3e-01  1.859e-10  3.447e-08  4.258e-03
260 0 i131 -1e+00     -10 i127  0.824  1.9e-04  7e-23  16.591086  4.1e-02  9.8e-02  1.405e-10  3.497e-08  4.258e-03
261 0 i131 -1e+00     -10 i127  0.668  1.8e-04  1e-22  16.591086  4.1e-02  1.4e-01  1.750e-10  3.295e-08  4.258e-03
262 0 i131 -1e+00     -10 i127  0.867  1.8e-04  6e-23  16.591086  4.1e-02  9.7e-02  1.282e-10  3.190e-08  4.258e-03
263 0 i146 -1e+00     -10 i127  0.765  1.8e-04  9e-23  16.591086  4.1e-02  1.3e-01  1.704e-10  3.260e-08  4.258e-03
264 0 i145 -1e+00     -10 i127  0.933  1.9e-04  7e-23  16.591086  4.1e-02  1.0e-01  1.483e-10  3.458e-08  4.258e-03
265 0 i146 -1e+00     -10 i127  0.718  1.9e-04  1e-22  16.591086  4.1e-02  1.2e-01  1.552e-10  3.481e-08  4.258e-03
266 0 i134 -1e+00     -10 i127  0.728  1.8e-04  1e-22  16.591086  4.1e-02  1.2e-01  1.428e-10  3.273e-08  4.258e-03
267 0 i146 -1e+00     -10 i127  0.815  1.8e-04  1e-22  16.591086  4.1e-02  1.0e-01  1.306e-10  3.167e-08  4.258e-03
268 0 i133 -1e+00     -10 i127  0.809  1.8e-04  1e-22  16.591086  4.1e-02  1.0e-01  1.310e-10  3.174e-08  4.258e-03
269 0 i133 -1e+00     -10 i127  0.789  1.8e-04  1e-22  16.591086  4.1e-02  9.5e-02  1.220e-10  3.185e-08  4.258e-03
270 0 i145 -1e+00     -10 i127  0.753  1.8e-04  2e-22  16.591086  4.1e-02  1.1e-01  1.324e-10  3.079e-08  4.258e-03
271 0 i146 -1e+00     -10 i127  0.833  1.7e-04  3e-22  16.591086  4.1e-02  1.0e-01  1.339e-10  3.067e-08  4.258e-03
272 0 i145 -1e+00     -10 i127  0.849  1.8e-04  4e-22  16.591086  4.1e-02  9.6e-02  1.326e-10  3.225e-08  4.258e-03
273 0 i146 -1e+00     -10 i127  0.756  1.8e-04  2e-22  16.591086  4.1e-02  9.6e-02  1.249e-10  3.102e-08  4.258e-03
274 0 i146 -1e+00     -10 i127  0.763  1.7e-04  2e-22  16.591086  4.1e-02  1.2e-01  1.472e-10  2.998e-08  4.258e-03
275 0 i146 -1e+00     -10 i127  0.857  1.7e-04  2e-22  16.591086  4.1e-02  9.1e-02  1.222e-10  3.036e-08  4.258e-03
276 0 i146 -1e+00     -10 i127  0.813  1.8e-04  1e-22  16.591086  4.1e-02  9.5e-02  1.292e-10  3.205e-08  4.258e-03
277 0 i146 -1e+00     -10 i127  0.746  1.7e-04  1e-22  16.591086  4.1e-02  1.1e-01  1.360e-10  2.985e-08  4.258e-03
278 0 i146 -1e+00     -10 i127  0.829  1.7e-04  1e-22  16.591086  4.1e-02  1.1e-01  1.405e-10  3.028e-08  4.258e-03
279 0 i131 -1e+00     -10 i127  0.849  1.8e-04  1e-22  16.591086  4.1e-02  9.9e-02  1.377e-10  3.177e-08  4.258e-03
280 0 i146 -1e+00     -10 i127  0.806  1.8e-04  6e-23  16.591086  4.1e-02  8.7e-02  1.201e-10  3.205e-08  4.258e-03
281 0 i146 -1e+00     -10 i127  0.752  1.8e-04  1e-22  16.591086  4.1e-02  1.1e-01  1.428e-10  3.142e-08  4.258e-03
282 0 i146 -1e+00     -10 i127  0.787  1.7e-04  5e-23  16.591086  4.1e-02  8.1e-02  1.060e-10  2.995e-08  4.258e-03
283 0 i146 -1e+00     -10 i127  0.804  1.8e-04  9e-23  16.591086  4.1e-02  1.0e-01  1.321e-10  3.098e-08  4.258e-03
284 0 i146 -1e+00     -10 i127  0.777  1.7e-04  1e-22  16.591086  4.1e-02  1.1e-01  1.371e-10  2.964e-08  4.258e-03
285 0 i146 -1e+00     -10 i127  0.869  1.8e-04  2e-22  16.591086  4.1e-02  8.8e-02  1.223e-10  3.094e-08  4.258e-03
286 0 i131 -1e+00     -10 i127  0.809  1.8e-04  2e-22  16.591086  4.1e-02  9.9e-02  1.395e-10  3.261e-08  4.258e-03
287 0 i146 -1e+00     -10 i127  0.755  1.8e-04  1e-22  16.591086  4.1e-02  9.4e-02  1.236e-10  3.098e-08  4.258e-03
288 0 i146 -1e+00     -10 i127  0.763  1.7e-04  1e-22  16.591086  4.1e-02  9.4e-02  1.185e-10  2.974e-08  4.258e-03
289 0 i145 -1e+00     -10 i127  0.813  1.7e-04  9e-23  16.591086  4.1e-02  8.8e-02  1.137e-10  3.021e-08  4.258e-03
290 0 i145 -1e+00     -10 i127  0.781  1.7e-04  1e-22  16.591086  4.1e-02  8.7e-02  1.113e-10  2.982e-08  4.258e-03
291 0 i146 -1e+00     -10 i127  0.753  1.7e-04  1e-22  16.591086  4.1e-02  1.0e-01  1.232e-10  2.852e-08  4.258e-03
292 0 i146 -1e+00     -10 i127  0.890  1.7e-04  1e-22  16.591086  4.1e-02  8.2e-02  1.113e-10  3.002e-08  4.258e-03
293 0 i146 -1e+00     -10 i127  0.769  1.7e-04  8e-23  16.591086  4.1e-02  8.4e-02  1.101e-10  3.025e-08  4.258e-03
294 0 i146 -1e+00     -10 i127  0.763  1.7e-04  9e-23  16.591086  4.1e-02  8.8e-02  1.111e-10  2.904e-08  4.258e-03
295 0 i146 -1e+00     -10 i127  0.777  1.7e-04  4e-23  16.591086  4.1e-02  7.1e-02  8.884e-11  2.861e-08  4.258e-03
296 0 i146 -1e+00     -10 i127  0.725  1.6e-04  6e-23  16.591086  4.1e-02  9.7e-02  1.120e-10  2.720e-08  4.258e-03
297 0 i145 -1e+00     -10 i127  0.903  1.7e-04  6e-23  16.591086  4.1e-02  8.5e-02  1.113e-10  2.829e-08  4.258e-03
298 0 i130 -1e+00     -10 i127  0.822  1.7e-04  4e-23  16.591086  4.1e-02  7.4e-02  9.864e-11  2.895e-08  4.258e-03
299 0 i145 -1e+00     -10 i127  0.783  1.7e-04  9e-23  16.591086  4.1e-02  1.0e-01  1.351e-10  2.994e-08  4.258e-03
300 0 i145 -1e+00     -10 i127  0.833  1.7e-04  1e-22  16.591086  4.1e-02  8.0e-02  1.103e-10  2.978e-08  4.258e-03
301 0 i146 -1e+00     -10 i127  0.812  1.7e-04  1e-22  16.591086  4.1e-02  8.4e-02  1.168e-10  3.038e-08  4.258e-03
302 0 i146 -1e+00     -10 i127  0.798  1.7e-04  2e-22  16.591086  4.1e-02  1.0e-01  1.441e-10  3.028e-08  4.258e-03
303 0 i131 -1e+00     -10 i127  0.864  1.8e-04  7e-23  16.591086  4.1e-02  7.8e-02  1.155e-10  3.106e-08  4.258e-03
304 0 i146 -1e+00     -10 i127  0.726  1.7e-04  1e-22  16.591086  4.1e-02  8.4e-02  1.118e-10  3.008e-08  4.258e-03
305 0 i145 -1e+00     -10 i127  0.761  1.7e-04  6e-23  16.591086  4.1e-02  7.4e-02  9.436e-11  2.875e-08  4.258e-03
306 0 i131 -1e+00     -10 i127  0.763  1.6e-04  5e-23  16.591086  4.1e-02  8.3e-02  1.026e-10  2.714e-08  4.258e-03
307 0 i145 -1e+00     -10 i127  0.874  1.7e-04  3e-23  16.591086  4.1e-02  6.8e-02  9.337e-11  2.788e-08  4.258e-03
308 0 i146 -1e+00     -10 i127  0.805  1.7e-04  3e-23  16.591086  4.1e-02  7.3e-02  9.875e-11  2.818e-08  4.258e-03
309 0 i145 -1e+00     -10 i127  0.778  1.7e-04  5e-23  16.591086  4.1e-02  9.1e-02  1.199e-10  2.835e-08  4.258e-03
310 0 i145 -1e+00     -10 i127  0.849  1.7e-04  4e-23  16.591086  4.1e-02  8.5e-02  1.183e-10  2.869e-08  4.258e-03
311 0 i145 -1e+00     -10 i127  0.821  1.7e-04  5e-23  16.591086  4.1e-02  9.5e-02  1.338e-10  3.029e-08  4.258e-03
312 0 i145 -1e+00     -10 i127  0.816  1.7e-04  7e-23  16.591086  4.1e-02  9.6e-02  1.355e-10  3.047e-08  4.258e-03
313 0 i133 -1e+00     -10 i127  0.783  1.7e-04  9e-23  16.591086  4.1e-02  1.1e-01  1.491e-10  3.024e-08  4.258e-03
314 0 i134 -1e+00     -10 i127  0.862  1.7e-04  7e-23  16.591086  4.1e-02  8.9e-02  1.292e-10  3.056e-08  4.258e-03
315 0 i134 -1e+00     -10 i127  0.772  1.7e-04  6e-23  16.591086  4.1e-02  9.8e-02  1.360e-10  3.064e-08  4.258e-03
316 0 i145 -1e+00     -10 i127  0.823  1.8e-04  6e-23  16.591086  4.1e-02  8.0e-02  1.127e-10  3.085e-08  4.258e-03
317 0 i146 -1e+00     -10 i127  0.742  1.7e-04  4e-23  16.591086  4.1e-02  8.5e-02  1.121e-10  3.022e-08  4.258e-03
318 0 i145 -1e+00     -10 i127  0.752  1.7e-04  3e-23  16.591086  4.1e-02  8.4e-02  1.053e-10  2.849e-08  4.258e-03
319 0 i146 -1e+00     -10 i127  0.825  1.7e-04  3e-23  16.591086  4.1e-02  8.9e-02  1.151e-10  2.787e-08  4.258e-03
320 0 i146 -1e+00     -10 i127  0.856  1.7e-04  2e-23  16.591086  4.1e-02  7.0e-02  9.490e-11  2.851e-08  4.258e-03
321 0 i146 -1e+00     -10 i127  0.761  1.7e-04  6e-23  16.591086  4.1e-02  9.2e-02  1.197e-10  2.920e-08  4.258e-03
322 0 i146 -1e+00     -10 i127  0.826  1.7e-04  7e-23  16.591086  4.1e-02  7.3e-02  9.857e-11  2.875e-08  4.258e-03
323 0 i146 -1e+00     -10 i127  0.808  1.7e-04  5e-23  16.591086  4.1e-02  7.3e-02  1.000e-10  2.971e-08  4.258e-03
324 0 i131 -1e+00     -10 i127  0.748  1.7e-04  8e-23  16.591086  4.1e-02  1.0e-01  1.280e-10  2.766e-08  4.258e-03
325 0 i146 -1e+00     -10 i127  0.897  1.7e-04  6e-23  16.591086  4.1e-02  8.8e-02  1.230e-10  2.846e-08  4.258e-03
326 0 i146 -1e+00     -10 i127  0.853  1.7e-04  7e-23  16.591086  4.1e-02  9.8e-02  1.427e-10  3.074e-08  4.258e-03
327 0 i146 -1e+00     -10 i127  0.793  1.7e-04  4e-23  16.591086  4.1e-02  7.4e-02  1.046e-10  3.037e-08  4.258e-03
328 0 i146 -1e+00     -10 i127  0.740  1.7e-04  1e-22  16.591086  4.1e-02  1.1e-01  1.397e-10  2.969e-08  4.258e-03
329 0 i145 -1e+00     -10 i127  0.892  1.7e-04  5e-23  16.591086  4.1e-02  6.6e-02  9.680e-11  2.971e-08  4.258e-03
330 0 i131 -1e+00     -10 i127  0.731  1.7e-04  1e-22  16.591086  4.1e-02  1.2e-01  1.530e-10  2.932e-08  4.258e-03
331 0 i146 -1e+00     -10 i127  0.952  1.8e-04  4e-23  16.591086  4.1e-02  5.6e-02  8.686e-11  3.086e-08  4.258e-03
332 0 i131 -1e+00     -10 i127  0.682  1.7e-04  6e-23  16.591086  4.1e-02  8.6e-02  1.130e-10  3.017e-08  4.258e-03
333 0 i131 -1e+00     -10 i127  0.740  1.7e-04  7e-23  16.591086  4.1e-02  8.3e-02  1.034e-10  2.783e-08  4.258e-03
334 0 i132 -1e+00     -10 i127  0.835  1.7e-04  4e-23  16.591086  4.1e-02  6.5e-02  8.527e-11  2.758e-08  4.258e-03
335 0 i132 -1e+00     -10 i127  0.772  1.7e-04  8e-23  16.591086  4.1e-02  9.8e-02  1.240e-10  2.795e-08  4.258e-03
336 0 i145 -1e+00     -10 i127  0.890  1.7e-04  8e-23  16.591086  4.1e-02  7.5e-02  1.040e-10  2.841e-08  4.258e-03
337 0 i145 -1e+00     -10 i127  0.839  1.7e-04  1e-22  16.591086  4.1e-02  9.4e-02  1.342e-10  2.996e-08  4.258e-03
338 0 i146 -1e+00     -10 i127  0.800  1.7e-04  7e-23  16.591086  4.1e-02  7.3e-02  1.029e-10  2.938e-08  4.258e-03
339 0 i146 -1e+00     -10 i127  0.742  1.7e-04  1e-22  16.591086  4.1e-02  1.1e-01  1.462e-10  2.895e-08  4.258e-03
340 0 i131 -1e+00     -10 i127  0.897  1.7e-04  3e-23  16.591086  4.1e-02  5.6e-02  8.142e-11  2.930e-08  4.258e-03
341 0 i131 -1e+00     -10 i127  0.715  1.7e-04  9e-23  16.591086  4.1e-02  9.1e-02  1.170e-10  2.908e-08  4.258e-03
342 0 i146 -1e+00     -10 i127  0.811  1.7e-04  5e-23  16.591086  4.1e-02  7.2e-02  9.442e-11  2.847e-08  4.258e-03
343 0 i132 -1e+00     -10 i127  0.770  1.7e-04  5e-23  16.591086  4.1e-02  8.0e-02  1.025e-10  2.794e-08  4.258e-03
344 0 i145 -1e+00     -10 i127  0.834  1.7e-04  6e-23  16.591086  4.1e-02  8.5e-02  1.131e-10  2.820e-08  4.258e-03
345 0 i145 -1e+00     -10 i127  0.807  1.7e-04  3e-23  16.591086  4.1e-02  5.3e-02  7.207e-11  2.817e-08  4.258e-03
346 0 i145 -1e+00     -10 i127  0.727  1.7e-04  6e-23  16.591086  4.1e-02  9.2e-02  1.145e-10  2.781e-08  4.258e-03
347 0 i146 -1e+00     -10 i127  0.841  1.6e-04  3e-23  16.591086  4.1e-02  5.1e-02  6.787e-11  2.686e-08  4.258e-03
348 0 i144 -1e+00     -10 i127  0.731  1.6e-04  4e-23  16.591086  4.1e-02  7.9e-02  9.631e-11  2.573e-08  4.258e-03
349 0 i146 -1e+00     -10 i127  0.914  1.6e-04  3e-23  16.591086  4.1e-02  5.9e-02  8.228e-11  2.717e-08  4.258e-03
350 0 i146 -1e+00     -10 i127  0.793  1.6e-04  3e-23  16.591086  4.1e-02  5.9e-02  8.126e-11  2.709e-08  4.258e-03
351 0 i145 -1e+00     -10 i127  0.753  1.6e-04  2e-23  16.591086  4.1e-02  5.8e-02  7.495e-11  2.573e-08  4.258e-03
352 0 i145 -1e+00     -10 i127  0.816  1.6e-04  3e-23  16.591086  4.1e-02  6.2e-02  8.273e-11  2.625e-08  4.258e-03
353 0 i146 -1e+00     -10 i127  0.810  1.6e-04  4e-23  16.591086  4.1e-02  7.4e-02  9.838e-11  2.598e-08  4.258e-03
354 0 i131 -1e+00     -10 i127  0.882  1.6e-04  2e-23  16.591086  4.1e-02  6.0e-02  8.601e-11  2.682e-08  4.258e-03
355 0 i131 -1e+00     -10 i127  0.787  1.6e-04  1e-22  16.591086  4.1e-02  8.6e-02  1.196e-10  2.707e-08  4.258e-03
356 0 i145 -1e+00     -10 i127  0.868  1.7e-04  8e-23  16.591086  4.1e-02  7.1e-02  1.042e-10  2.756e-08  4.258e-03
357 0 i132 -1e+00     -10 i127  0.812  1.7e-04  9e-23  16.591086  4.1e-02  7.9e-02  1.151e-10  2.778e-08  4.258e-03
358 0 i146 -1e+00     -10 i127  0.805  1.7e-04  7e-23  16.591086  4.1e-02  6.9e-02  9.946e-11  2.788e-08  4.258e-03
359 0 i147 -1e+00     -10 i127  0.785  1.7e-04  1e-22  16.591086  4.1e-02  7.5e-02  1.037e-10  2.767e-08  4.258e-03
360 0 i145 -1e+00     -10 i127  0.826  1.6e-04  8e-23  16.591086  4.1e-02  6.5e-02  9.299e-11  2.723e-08  4.258e-03
361 0 i145 -1e+00     -10 i127  0.806  1.7e-04  1e-22  16.591086  4.1e-02  6.5e-02  9.241e-11  2.774e-08  4.258e-03
362 0 i131 -1e+00     -10 i127  0.808  1.7e-04  7e-23  16.591086  4.1e-02  6.9e-02  9.778e-11  2.772e-08  4.258e-03
363 0 i131 -1e+00     -10 i127  0.748  1.6e-04  4e-23  16.591086  4.1e-02  5.3e-02  7.035e-11  2.632e-08  4.258e-03
364 0 i146 -1e+00     -10 i127  0.814  1.6e-04  4e-23  16.591086  4.1e-02  5.1e-02  7.017e-11  2.728e-08  4.258e-03
365 0 i131 -1e+00     -10 i127  0.740  1.6e-04  5e-23  16.591086  4.1e-02  7.3e-02  9.148e-11  2.565e-08  4.258e-03
366 0 i146 -1e+00     -10 i127  0.850  1.6e-04  2e-23  16.591086  4.1e-02  3.7e-02  5.158e-11  2.517e-08  4.258e-03
367 0 i146 -1e+00     -10 i127  0.778  1.6e-04  3e-23  16.591086  4.1e-02  6.1e-02  7.845e-11  2.503e-08  4.258e-03
368 0 i146 -1e+00     -10 i127  0.808  1.6e-04  6e-23  16.591086  4.1e-02  7.6e-02  9.836e-11  2.497e-08  4.258e-03
369 0 i145 -1e+00     -10 i127  0.885  1.6e-04  5e-23  16.591086  4.1e-02  5.4e-02  7.681e-11  2.581e-08  4.258e-03
370 0 i145 -1e+00     -10 i127  0.791  1.6e-04  3e-23  16.591086  4.1e-02  5.4e-02  7.568e-11  2.671e-08  4.258e-03
371 0 i146 -1e+00     -10 i127  0.754  1.6e-04  4e-23  16.591086  4.1e-02  7.7e-02  1.003e-10  2.601e-08  4.258e-03
372 0 i131 -1e+00     -10 i127  0.896  1.6e-04  3e-23  16.591086  4.1e-02  5.3e-02  7.608e-11  2.650e-08  4.258e-03
373 0 i131 -1e+00     -10 i127  0.793  1.6e-04  4e-23  16.591086  4.1e-02  6.6e-02  9.192e-11  2.666e-08  4.258e-03
374 0 i147 -1e+00     -10 i127  0.836  1.7e-04  2e-23  16.591086  4.1e-02  5.8e-02  8.300e-11  2.736e-08  4.258e-03
375 0 i131 -1e+00     -10 i127  0.721  1.6e-04  3e-23  16.591086  4.1e-02  8.6e-02  1.113e-10  2.567e-08  4.258e-03
376 0 i145 -1e+00     -10 i127  0.878  1.6e-04  2e-23  16.591086  4.1e-02  6.5e-02  9.101e-11  2.598e-08  4.258e-03
377 0 i132 -1e+00     -10 i127  0.862  1.7e-04  2e-23  16.591086  4.1e-02  6.7e-02  9.850e-11  2.796e-08  4.258e-03
378 0 i145 -1e+00     -10 i127  0.737  1.6e-04  3e-23  16.591086  4.1e-02  7.2e-02  9.539e-11  2.681e-08  4.258e-03
379 0 i145 -1e+00     -10 i127  0.823  1.7e-04  2e-23  16.591086  4.1e-02  6.3e-02  8.614e-11  2.758e-08  4.258e-03
380 0 i146 -1e+00     -10 i127  0.835  1.6e-04  2e-23  16.591086  4.1e-02  5.1e-02  7.313e-11  2.713e-08  4.258e-03
381 0 i131 -1e+00     -10 i127  0.771  1.6e-04  5e-23  16.591086  4.1e-02  8.9e-02  1.220e-10  2.674e-08  4.258e-03
382 0 i145 -1e+00     -10 i127  0.924  1.6e-04  3e-23  16.591086  4.1e-02  6.1e-02  9.397e-11  2.722e-08  4.258e-03
383 0 i146 -1e+00     -10 i127  0.801  1.7e-04  7e-23  16.591086  4.1e-02  7.7e-02  1.155e-10  2.911e-08  4.258e-03
384 0 i145 -1e+00     -10 i127  0.754  1.7e-04  5e-23  16.591086  4.1e-02  7.9e-02  1.094e-10  2.777e-08  4.258e-03
385 0 i145 -1e+00     -10 i127  0.811  1.7e-04  3e-23  16.591086  4.1e-02  7.4e-02  1.031e-10  2.762e-08  4.258e-03
386 0 i146 -1e+00     -10 i127  0.775  1.6e-04  2e-23  16.591086  4.1e-02  6.2e-02  8.427e-11  2.658e-08  4.258e-03
387 0 i145 -1e+00     -10 i127  0.830  1.6e-04  3e-23  16.591086  4.1e-02  7.0e-02  9.658e-11  2.711e-08  4.258e-03
388 0 i131 -1e+00     -10 i127  0.829  1.6e-04  3e-23  16.591086  4.1e-02  6.1e-02  8.724e-11  2.698e-08  4.258e-03
389 0 i145 -1e+00     -10 i127  0.794  1.6e-04  3e-23  16.591086  4.1e-02  5.8e-02  8.032e-11  2.624e-08  4.258e-03
390 0 i145 -1e+00     -10 i127  0.789  1.6e-04  5e-23  16.591086  4.1e-02  8.0e-02  1.075e-10  2.638e-08  4.258e-03
391 0 i145 -1e+00     -10 i127  0.879  1.6e-04  3e-23  16.591086  4.1e-02  6.5e-02  9.422e-11  2.680e-08  4.258e-03
392 0 i145 -1e+00     -10 i127  0.819  1.7e-04  4e-23  16.591086  4.1e-02  6.5e-02  9.468e-11  2.749e-08  4.258e-03
393 0 i146 -1e+00     -10 i127  0.764  1.6e-04  5e-23  16.591086  4.1e-02  7.7e-02  1.048e-10  2.629e-08  4.258e-03
394 0 i146 -1e+00     -10 i127  0.856  1.7e-04  5e-23  16.591086  4.1e-02  7.5e-02  1.068e-10  2.802e-08  4.258e-03
395 0 i146 -1e+00     -10 i127  0.821  1.7e-04  4e-23  16.591086  4.1e-02  6.0e-02  8.762e-11  2.787e-08  4.258e-03
396 0 i132 -1e+00     -10 i127  0.776  1.7e-04  6e-23  16.591086  4.1e-02  7.6e-02  1.053e-10  2.762e-08  4.258e-03
397 0 i131 -1e+00     -10 i127  0.796  1.6e-04  4e-23  16.591086  4.1e-02  7.2e-02  9.842e-11  2.692e-08  4.258e-03
398 0 i132 -1e+00     -10 i127  0.854  1.7e-04  3e-23  16.591086  4.1e-02  5.5e-02  7.934e-11  2.792e-08  4.258e-03
399 0 i146 -1e+00     -10 i127  0.775  1.7e-04  3e-23  16.591086  4.1e-02  6.4e-02  8.883e-11  2.754e-08  4.258e-03
400 0 i145 -1e+00     -10 i127  0.765  1.6e-04  7e-23  16.591086  4.1e-02  8.4e-02  1.106e-10  2.578e-08  4.258e-03
401 0 i145 -1e+00     -10 i127  0.904  1.6e-04  5e-23  16.591086  4.1e-02  7.5e-02  1.094e-10  2.697e-08  4.258e-03
402 0 i131 -1e+00     -10 i127  0.853  1.7e-04  4e-23  16.591086  4.1e-02  6.4e-02  9.780e-11  2.880e-08  4.258e-03
403 0 i134 -1e+00     -10 i127  0.763  1.7e-04  5e-23  16.591086  4.1e-02  7.6e-02  1.085e-10  2.881e-08  4.258e-03
404 0 i145 -1e+00     -10 i127  0.763  1.7e-04  6e-23  16.591086  4.1e-02  7.6e-02  1.034e-10  2.744e-08  4.258e-03
405 0 i146 -1e+00     -10 i127  0.815  1.6e-04  3e-23  16.591086  4.1e-02  6.2e-02  8.459e-11  2.724e-08  4.258e-03
406 0 i145 -1e+00     -10 i127  0.805  1.6e-04  3e-23  16.591086  4.1e-02  6.1e-02  8.401e-11  2.684e-08  4.258e-03
407 0 i131 -1e+00     -10 i127  0.797  1.6e-04  2e-23  16.591086  4.1e-02  4.6e-02  6.340e-11  2.648e-08  4.258e-03
408 0 i145 -1e+00     -10 i127  0.751  1.6e-04  2e-23  16.591086  4.1e-02  5.4e-02  7.102e-11  2.575e-08  4.258e-03
409 0 i145 -1e+00     -10 i127  0.809  1.6e-04  2e-23  16.591086  4.1e-02  5.7e-02  7.483e-11  2.534e-08  4.258e-03
410 0 i145 -1e+00     -10 i127  0.815  1.6e-04  2e-23  16.591086  4.1e-02  5.6e-02  7.521e-11  2.484e-08  4.258e-03
411 0 i145 -1e+00     -10 i127  0.865  1.6e-04  2e-23  16.591086  4.1e-02  4.7e-02  6.785e-11  2.567e-08  4.258e-03
412 0 i145 -1e+00     -10 i127  0.808  1.6e-04  8e-23  16.591086  4.1e-02  6.9e-02  9.773e-11  2.616e-08  4.258e-03
413 0 i146 -1e+00     -10 i127  0.833  1.6e-04  4e-23  16.591086  4.1e-02  5.2e-02  7.526e-11  2.596e-08  4.258e-03
414 0 i146 -1e+00     -10 i127  0.783  1.6e-04  7e-23  16.591086  4.1e-02  7.9e-02  1.073e-10  2.580e-08  4.258e-03
415 0 i146 -1e+00     -10 i127  0.863  1.6e-04  5e-23  16.591086  4.1e-02  6.0e-02  8.688e-11  2.599e-08  4.258e-03
416 0 i145 -1e+00     -10 i127  0.821  1.6e-04  5e-23  16.591086  4.1e-02  6.7e-02  9.720e-11  2.623e-08  4.258e-03
417 0 i131 -1e+00     -10 i127  0.834  1.7e-04  7e-23  16.591086  4.1e-02  7.6e-02  1.113e-10  2.751e-08  4.258e-03
418 0 i146 -1e+00     -10 i127  0.811  1.6e-04  5e-23  16.591086  4.1e-02  6.6e-02  9.683e-11  2.709e-08  4.258e-03
419 0 i145 -1e+00     -10 i127  0.830  1.7e-04  7e-23  16.591086  4.1e-02  7.5e-02  1.106e-10  2.791e-08  4.258e-03
420 0 i131 -1e+00     -10 i127  0.804  1.7e-04  6e-23  16.591086  4.1e-02  7.5e-02  1.095e-10  2.775e-08  4.258e-03
421 0 i146 -1e+00     -10 i127  0.802  1.7e-04  4e-23  16.591086  4.1e-02  7.1e-02  1.024e-10  2.755e-08  4.258e-03
422 0 i131 -1e+00     -10 i127  0.820  1.7e-04  5e-23  16.591086  4.1e-02  6.3e-02  9.234e-11  2.807e-08  4.258e-03
423 0 i146 -1e+00     -10 i127  0.773  1.6e-04  4e-23  16.591086  4.1e-02  5.8e-02  8.051e-11  2.669e-08  4.258e-03
424 0 i131 -1e+00     -10 i127  0.749  1.6e-04  3e-23  16.591086  4.1e-02  5.5e-02  7.157e-11  2.606e-08  4.258e-03
425 0 i131 -1e+00     -10 i127  0.775  1.6e-04  2e-23  16.591086  4.1e-02  4.7e-02  6.062e-11  2.485e-08  4.258e-03
426 0 i147 -1e+00     -10 i127  0.813  1.6e-04  2e-23  16.591086  4.1e-02  4.5e-02  5.823e-11  2.426e-08  4.258e-03
427 0 i145 -1e+00     -10 i127  0.802  1.6e-04  4e-23  16.591086  4.1e-02  5.9e-02  7.729e-11  2.475e-08  4.258e-03
428 0 i131 -1e+00     -10 i127  0.836  1.6e-04  2e-23  16.591086  4.1e-02  4.1e-02  5.661e-11  2.434e-08  4.258e-03
429 0 i146 -1e+00     -10 i127  0.810  1.6e-04  4e-23  16.591086  4.1e-02  6.1e-02  8.300e-11  2.480e-08  4.258e-03
430 0 i146 -1e+00     -10 i127  0.897  1.6e-04  2e-23  16.591086  4.1e-02  4.8e-02  7.219e-11  2.646e-08  4.258e-03
431 0 i131 -1e+00     -10 i127  0.772  1.6e-04  4e-23  16.591086  4.1e-02  6.0e-02  8.558e-11  2.618e-08  4.258e-03
432 0 i143 -1e+00     -10 i127  0.800  1.6e-04  4e-23  16.591086  4.1e-02  6.0e-02  8.356e-11  2.531e-08  4.258e-03
433 0 i145 -1e+00     -10 i127  0.833  1.6e-04  2e-23  16.591086  4.1e-02  4.4e-02  6.336e-11  2.514e-08  4.258e-03
434 0 i144 -1e+00     -10 i127  0.779  1.6e-04  1e-23  16.591086  4.1e-02  4.9e-02  6.806e-11  2.600e-08  4.258e-03
435 0 i145 -1e+00     -10 i127  0.758  1.6e-04  2e-23  16.591086  4.1e-02  6.3e-02  8.181e-11  2.459e-08  4.258e-03
436 0 i131 -1e+00     -10 i127  0.885  1.6e-04  1e-23  16.591086  4.1e-02  3.9e-02  5.667e-11  2.526e-08  4.258e-03
437 0 i146 -1e+00     -10 i127  0.802  1.6e-04  1e-23  16.591086  4.1e-02  4.9e-02  6.986e-11  2.552e-08  4.258e-03
438 0 i146 -1e+00     -10 i127  0.824  1.6e-04  2e-23  16.591086  4.1e-02  4.9e-02  7.091e-11  2.536e-08  4.258e-03
439 0 i146 -1e+00     -10 i127  0.800  1.6e-04  1e-23  16.591086  4.1e-02  4.3e-02  6.150e-11  2.463e-08  4.258e-03
440 0 i146 -1e+00     -10 i127  0.840  1.6e-04  2e-23  16.591086  4.1e-02  4.7e-02  6.821e-11  2.513e-08  4.258e-03
441 0 i146 -1e+00     -10 i127  0.812  1.6e-04  3e-23  16.591086  4.1e-02  5.4e-02  7.887e-11  2.487e-08  4.258e-03
442 0 i145 -1e+00     -10 i127  0.840  1.6e-04  1e-23  16.591086  4.1e-02  3.9e-02  5.829e-11  2.472e-08  4.258e-03
443 0 i145 -1e+00     -10 i127  0.790  1.6e-04  2e-23  16.591086  4.1e-02  5.9e-02  8.373e-11  2.469e-08  4.258e-03
444 0 i146 -1e+00     -10 i127  0.898  1.6e-04  2e-23  16.591086  4.1e-02  4.2e-02  6.664e-11  2.578e-08  4.258e-03
445 0 i145 -1e+00     -10 i127  0.768  1.6e-04  2e-23  16.591086  4.1e-02  5.0e-02  7.368e-11  2.550e-08  4.258e-03
446 0 i132 -1e+00     -10 i127  0.802  1.6e-04  2e-23  16.591086  4.1e-02  5.0e-02  7.259e-11  2.474e-08  4.258e-03
447 0 i145 -1e+00     -10 i127  0.835  1.6e-04  3e-23  16.591086  4.1e-02  6.1e-02  8.937e-11  2.467e-08  4.258e-03
448 0 i146 -1e+00     -10 i127  0.897  1.6e-04  3e-23  16.591086  4.1e-02  4.8e-02  7.626e-11  2.580e-08  4.258e-03
449 0 i131 -1e+00     -10 i127  0.794  1.6e-04  4e-23  16.591086  4.1e-02  6.5e-02  9.929e-11  2.582e-08  4.258e-03
450 0 i146 -1e+00     -10 i127  0.836  1.6e-04  5e-23  16.591086  4.1e-02  6.1e-02  9.456e-11  2.616e-08  4.258e-03
451 0 i146 -1e+00     -10 i127  0.836  1.6e-04  1e-23  16.591086  4.1e-02  3.1e-02  4.923e-11  2.669e-08  4.258e-03
452 0 i146 -1e+00     -10 i127  0.681  1.6e-04  3e-23  16.591086  4.1e-02  5.8e-02  7.766e-11  2.566e-08  4.258e-03
453 0 i131 -1e+00     -10 i127  0.804  1.6e-04  2e-23  16.591086  4.1e-02  5.9e-02  7.968e-11  2.449e-08  4.258e-03
454 0 i146 -1e+00     -10 i127  0.874  1.6e-04  7e-24  16.591086  4.1e-02  3.0e-02  4.397e-11  2.471e-08  4.258e-03
455 0 i145 -1e+00     -10 i127  0.811  1.6e-04  2e-23  16.591086  4.1e-02  4.0e-02  5.911e-11  2.523e-08  4.258e-03
456 0 i131 -1e+00     -10 i127  0.814  1.6e-04  1e-23  16.591086  4.1e-02  4.2e-02  6.195e-11  2.491e-08  4.258e-03
457 0 i146 -1e+00     -10 i127  0.800  1.5e-04  5e-23  16.591086  4.1e-02  6.2e-02  8.892e-11  2.407e-08  4.258e-03
458 0 i145 -1e+00     -10 i127  0.897  1.6e-04  3e-24  16.591086  4.1e-02  1.6e-02  2.784e-11  2.470e-08  4.258e-03
459 0 i132 -1e+00     -10 i127  0.762  1.6e-04  3e-23  16.591086  4.1e-02  5.7e-02  8.189e-11  2.497e-08  4.258e-03
460 0 i145 -1e+00     -10 i127  0.845  1.6e-04  3e-23  16.591086  4.1e-02  5.0e-02  7.441e-11  2.486e-08  4.258e-03
461 0 i144 -1e+00     -10 i127  0.826  1.6e-04  2e-23  16.591086  4.1e-02  4.5e-02  6.780e-11  2.432e-08  4.258e-03
462 0 i145 -1e+00     -10 i127  0.860  1.6e-04  3e-23  16.591086  4.1e-02  5.6e-02  8.711e-11  2.483e-08  4.258e-03
463 0 i145 -1e+00     -10 i127  0.867  1.6e-04  1e-23  16.591086  4.1e-02  3.4e-02  5.485e-11  2.527e-08  4.258e-03
464 0 i145 -1e+00     -10 i127  0.790  1.6e-04  2e-23  16.591086  4.1e-02  5.4e-02  8.341e-11  2.535e-08  4.258e-03
465 0 i145 -1e+00     -10 i127  0.863  1.6e-04  3e-23  16.591086  4.1e-02  6.1e-02  9.708e-11  2.563e-08  4.258e-03
466 0 i145 -1e+00     -10 i127  0.807  1.6e-04  2e-23  16.591086  4.1e-02  5.3e-02  8.140e-11  2.503e-08  4.258e-03
467 0 i145 -1e+00     -10 i127  0.795  1.6e-04  3e-23  16.591086  4.1e-02  6.3e-02  9.351e-11  2.558e-08  4.258e-03
468 0 i131 -1e+00     -10 i127  0.813  1.6e-04  4e-23  16.591086  4.1e-02  7.1e-02  1.042e-10  2.556e-08  4.258e-03
469 0 i145 -1e+00     -10 i127  0.904  1.6e-04  5e-23  16.591086  4.1e-02  5.4e-02  8.737e-11  2.681e-08  4.258e-03
470 0 i145 -1e+00     -10 i127  0.768  1.6e-04  4e-23  16.591086  4.1e-02  5.4e-02  8.078e-11  2.609e-08  4.258e-03
471 0 i145 -1e+00     -10 i127  0.824  1.6e-04  7e-23  16.591086  4.1e-02  7.2e-02  1.069e-10  2.728e-08  4.258e-03
472 0 i145 -1e+00     -10 i127  0.835  1.6e-04  2e-23  16.591086  4.1e-02  4.6e-02  7.049e-11  2.650e-08  4.258e-03
473 0 i146 -1e+00     -10 i127  0.763  1.6e-04  4e-23  16.591086  4.1e-02  6.5e-02  9.365e-11  2.630e-08  4.258e-03
474 0 i145 -1e+00     -10 i127  0.816  1.6e-04  6e-23  16.591086  4.1e-02  6.2e-02  8.946e-11  2.605e-08  4.258e-03
475 0 i145 -1e+00     -10 i127  0.818  1.6e-04  6e-23  16.591086  4.1e-02  6.0e-02  8.746e-11  2.598e-08  4.258e-03
476 0 i145 -1e+00     -10 i127  0.852  1.6e-04  7e-23  16.591086  4.1e-02  6.1e-02  9.195e-11  2.693e-08  4.258e-03
477 0 i131 -1e+00     -10 i127  0.785  1.6e-04  5e-23  16.591086  4.1e-02  6.1e-02  8.869e-11  2.640e-08  4.258e-03
478 0 i130 -1e+00     -10 i127  0.816  1.6e-04  4e-23  16.591086  4.1e-02  6.1e-02  8.876e-11  2.602e-08  4.258e-03
479 0 i146 -1e+00     -10 i127  0.840  1.6e-04  4e-23  16.591086  4.1e-02  6.3e-02  9.300e-11  2.660e-08  4.258e-03
480 0 i131 -1e+00     -10 i127  0.834  1.6e-04  2e-23  16.591086  4.1e-02  4.8e-02  7.139e-11  2.595e-08  4.258e-03
481 0 i131 -1e+00     -10 i127  0.792  1.6e-04  3e-23  16.591086  4.1e-02  6.1e-02  8.892e-11  2.632e-08  4.258e-03
482 0 i146 -1e+00     -10 i127  0.804  1.6e-04  5e-23  16.591086  4.1e-02  5.7e-02  8.252e-11  2.565e-08  4.258e-03
483 0 i146 -1e+00     -10 i127  0.827  1.6e-04  3e-23  16.591086  4.1e-02  5.4e-02  7.908e-11  2.579e-08  4.258e-03
484 0 i146 -1e+00     -10 i127  0.793  1.6e-04  3e-23  16.591086  4.1e-02  6.4e-02  9.068e-11  2.587e-08  4.258e-03
485 0 i146 -1e+00     -10 i127  0.856  1.6e-04  2e-23  16.591086  4.1e-02  4.9e-02  7.348e-11  2.676e-08  4.258e-03
486 0 i145 -1e+00     -10 i127  0.736  1.6e-04  3e-23  16.591086  4.1e-02  5.2e-02  7.118e-11  2.587e-08  4.258e-03
487 0 i146 -1e+00     -10 i127  0.821  1.6e-04  2e-23  16.591086  4.1e-02  4.5e-02  6.281e-11  2.550e-08  4.258e-03
488 0 i146 -1e+00     -10 i127  0.768  1.6e-04  2e-23  16.591086  4.1e-02  4.8e-02  6.439e-11  2.497e-08  4.258e-03
489 0 i146 -1e+00     -10 i127  0.783  1.5e-04  4e-23  16.591086  4.1e-02  5.9e-02  7.787e-11  2.367e-08  4.258e-03
490 0 i146 -1e+00     -10 i127  0.888  1.6e-04  1e-23  16.591086  4.1e-02  4.5e-02  6.397e-11  2.463e-08  4.258e-03
491 0 i145 -1e+00     -10 i127  0.825  1.6e-04  2e-23  16.591086  4.1e-02  4.7e-02  6.835e-11  2.517e-08  4.258e-03
492 0 i145 -1e+00     -10 i127  0.803  1.6e-04  2e-23  16.591086  4.1e-02  4.8e-02  6.757e-11  2.527e-08  4.258e-03
493 0 i145 -1e+00     -10 i127  0.793  1.6e-04  2e-23  16.591086  4.1e-02  5.8e-02  8.046e-11  2.483e-08  4.258e-03
494 0 i145 -1e+00     -10 i127  0.843  1.6e-04  1e-23  16.591086  4.1e-02  4.7e-02  6.893e-11  2.521e-08  4.258e-03
495 0 i131 -1e+00     -10 i127  0.818  1.6e-04  2e-23  16.591086  4.1e-02  5.2e-02  7.552e-11  2.524e-08  4.258e-03
496 0 i145 -1e+00     -10 i127  0.801  1.6e-04  2e-23  16.591086  4.1e-02  5.2e-02  7.440e-11  2.510e-08  4.258e-03
497 0 i145 -1e+00     -10 i127  0.765  1.5e-04  2e-23  16.591086  4.1e-02  4.6e-02  6.206e-11  2.384e-08  4.258e-03
498 0 i146 -1e+00     -10 i127  0.832  1.6e-04  3e-23  16.591086  4.1e-02  6.9e-02  9.391e-11  2.476e-08  4.258e-03
499 0 i146 -1e+00     -10 i127  0.883  1.6e-04  2e-23  16.591086  4.1e-02  5.0e-02  7.355e-11  2.522e-08  4.258e-03
Computing done
