Reading Image: 
Creating Para Surface Mesh: 
Euler Number ok = 2
flag = 0 iterations performed: 163
flag = 0 iterations performed: 166
initially active: {}.
fromC[expr_] := expr /. (mant_Real)*e + (expon_Integer) :> mant*10^expon;
  0 0 i138 -6e-02   28800 i135  0.001  2.4e+00  3e-05  24.979827  3.0e-01  1.7e-01
]]] newton : constraint 2880 -> level 1                              7.202e-01  6.286e+00  4.925e-03
  1 0 i141 -3e-02   28920 i133 -0.017  1.2e+00  1e-05  23.444147  1.1e-01  2.5e-01
]]] newton : constraint 2892 -> level 1                              6.978e-01  2.121e+00  4.056e-03
  2 0 i140 -6e-02   28930 i133  1.215  1.8e+00  3e-05  25.257816  6.0e-02  1.2e-01
]]] newton : constraint 2893 -> level 1                              6.545e-01  3.763e+00  4.056e-03
  3 0 i138 -3e-02   28840 i133 -0.105  1.1e+00  7e-06  21.923260  4.6e-02  2.4e-01
]]] newton : constraint 2884 -> level 1                              6.342e-01  1.756e+00  3.311e-03
  4 0 i138 -2e-02   28840 i132  0.333  8.5e-01  8e-06  20.797938  4.2e-02  2.5e-01
]]] newton : constraint 2884 -> level 2                              6.243e-01  1.347e+00  3.105e-03
  5 0 i137 -3e-02   28840 i131 -0.011  5.9e-01  3e-06  19.584247  4.1e-02  2.9e-01
]]] newton : constraint 2884 -> level 3                            >>> newton activates constraint 2884 (pos 0); now active: 1
                                                                     6.049e-01  9.492e-01  2.772e-03
  6 0 i137 -6e-02   34880 i132  2.711  1.2e+00  1e-05  21.645952  4.1e-02  1.0e-01
]]] newton : constraint 3488 -> level 1                              5.675e-01  2.052e+00  2.772e-03
  7 0 i136 -3e-02   34880 i130 -0.126  7.5e-01  4e-06  19.544322  4.1e-02  2.2e-01
]]] newton : constraint 3488 -> level 2                              5.499e-01  1.115e+00  2.772e-03
  8 0 i136 -6e-02  211540 i131  2.780  1.5e+00  1e-06  21.946271  4.1e-02  3.1e-02
]]] right : constraint 3511 -> level 1                            
]]] newton : constraint 21154 -> level 1                              5.159e-01  2.758e+00  2.772e-03
  9 0 i137 -2e-06   35110 i131 -0.123  1.2e+00  2e-06  20.838679  4.1e-02  1.9e-01
]]] newton : constraint 3511 -> level 2                              5.159e-01  2.041e+00  2.772e-03
 10 0 i136 -3e-02   34880 i131  0.063  8.9e-01  4e-06  19.748621  4.1e-02  2.1e-01
]]] newton : constraint 3488 -> level 3                            >>> newton activates constraint 3488 (pos 1); now active: 2
                                                                     4.999e-01  1.295e+00  2.497e-03
 11 0 i136 -6e-02  211540 i131  0.340  9.8e-01  4e-06  19.702779  4.1e-02  1.7e-01
]]] newton : constraint 21154 -> level 2                              4.691e-01  1.427e+00  2.497e-03
 12 0 i136 -6e-02   28920 i128 -0.073  8.9e-01  5e-06  19.226930  4.1e-02  2.4e-01
]]] newton : constraint 2892 -> level 2                              4.402e-01  1.228e+00  2.281e-03
 13 0 i136 -6e-02  211540 i131 -0.035  8.4e-01  4e-06  18.908185  4.1e-02  2.3e-01
]]] newton : constraint 21154 -> level 3                            >>> newton activates constraint 21154 (pos 2); now active: 3
                                                                     4.131e-01  1.114e+00  1.759e-03
 14 0 i136 -6e-02   28920 i131
[[[ constraint   3488 -> level 4;           -0.058  7.7e-01  4e-06  18.497884  4.1e-02  2.4e-01
]]] newton : constraint 2892 -> level 3                            >>> newton activates constraint 2892 (pos 1); now active: 4
                                                                     3.876e-01  9.730e-01  1.277e-03
 15 0 i136 -6e-02  211780 i131
[[[ constraint  21154 -> level 4;          
[[[ constraint   3488 -> level 3;          <<< inactivate constraint 3488 at postition 2; now active: 3

]]] in_out : constraint 21178 -> level 1                            
 16 0 i136 -3e-02  211780 i130
[[[ constraint  21154 -> level 3;          <<< inactivate constraint 21154 at postition 2; now active: 2

]]] in_out : constraint 21178 -> level 2                            
 17 0 i135 -2e-02  211780 i131  1.088  1.2e+00  2e-06  19.342840  4.1e-02  1.2e-01
]]] newton : constraint 21178 -> level 3                            >>> newton activates constraint 21178 (pos 2); now active: 3
                                                                     3.470e-01  1.886e+00  8.794e-04
 18 0 i135 -3e-02   34880 i130
[[[ constraint  21178 -> level 4;           -0.112  4.8e-01  1e-06  17.366749  4.1e-02  2.4e-01
]]] newton : constraint 3488 -> level 3                            >>> newton activates constraint 3488 (pos 2); now active: 4
                                                                     3.362e-01  5.643e-01  3.044e-04
 19 0 i134 -3e-02   25130 i130
[[[ constraint  21178 -> level 3;          <<< inactivate constraint 21178 at postition 3; now active: 3

[[[ constraint   3488 -> level 4;          
]]] in_out : constraint 2513 -> level 1                            
 20 0 i136 -4e-03   25130 i130
[[[ constraint   3488 -> level 3;          <<< inactivate constraint 3488 at postition 2; now active: 2

]]] in_out : constraint 2513 -> level 2                            
 21 0 i135 -2e-03   25130 i130  1.690  7.8e-01  4e-06  18.082400  4.1e-02  1.5e-01
]]] right : constraint 3492 -> level 1                            
]]] newton : constraint 2513 -> level 3                            >>> newton activates constraint 2513 (pos 0); now active: 3
                                                                     3.239e-01  9.384e-01  3.044e-04
 22 0 i135 -6e-02  204940 i130  0.177  8.9e-01  1e-06  18.019211  4.1e-02  1.5e-01
]]] newton : constraint 20494 -> level 1                              3.039e-01  1.090e+00  3.044e-04
 23 0 i135 -6e-02  211540 i130 -0.129  6.5e-01  1e-06  17.640299  4.1e-02  2.6e-01
]]] newton : constraint 21154 -> level 3                            >>> newton activates constraint 21154 (pos 3); now active: 4
                                                                     2.852e-01  7.024e-01  3.044e-04
 24 0 i135 -6e-02  211780 i130 -0.066  5.8e-01  1e-06  17.430638  4.1e-02  2.2e-01
]]] newton : constraint 21178 -> level 3                            >>> newton activates constraint 21178 (pos 4); now active: 5
                                                                     2.676e-01  6.011e-01  2.237e-04
 25 0 i135 -6e-02   29070 i129
[[[ constraint  21178 -> level 4;          
[[[ constraint   2513 -> level 4;           -0.020  5.4e-01  1e-06  17.299951  4.1e-02  2.4e-01
]]] newton : constraint 2907 -> level 1                              2.512e-01  5.422e-01  2.237e-04
 26 0 i136 -6e-02   29070 i129
[[[ constraint  21178 -> level 3;          <<< inactivate constraint 21178 at postition 4; now active: 4

[[[ constraint  21154 -> level 4;          
[[[ constraint   2513 -> level 3;          <<< inactivate constraint 2513 at postition 0; now active: 3

]]] in_out : constraint 2907 -> level 2                            
 27 0 i136 -3e-02   29070 i129
[[[ constraint  21154 -> level 3;          <<< inactivate constraint 21154 at postition 2; now active: 2

]]] in_out : constraint 2907 -> level 3                            >>> in_out activates constraint 2907 (pos 2); now active: 3
                                                                   
 28 0 i136 -3e-02  204940 i131  1.524  9.6e-01  8e-07  17.823813  4.1e-02  1.1e-01
]]] newton : constraint 20494 -> level 2                              2.213e-01  1.147e+00  2.237e-04
 29 0 i136 -3e-02   25130 i130
[[[ constraint   2907 -> level 4;           -0.099  3.3e-01  3e-07  16.777539  4.1e-02  2.4e-01
]]] newton : constraint 2513 -> level 3                            >>> newton activates constraint 2513 (pos 0); now active: 4
                                                                     2.144e-01  3.259e-01  1.000e-06
 30 0 i136 -6e-02  211540 i131
[[[ constraint   2907 -> level 3;          <<< inactivate constraint 2907 at postition 3; now active: 3

]]] in_out : constraint 21154 -> level 3                            >>> in_out activates constraint 21154 (pos 3); now active: 4
                                                                   
 31 0 i136 -2e-03   29070 i131
[[[ constraint  21154 -> level 4;            3.835  7.6e-01  8e-06  17.405044  4.1e-02  1.3e-01
]]] right : constraint 21176 -> level 1                            
]]] newton : constraint 2907 -> level 3                            >>> newton activates constraint 2907 (pos 3); now active: 5
                                                                     2.008e-01  7.756e-01  1.000e-06
 32 0 i136 -6e-02  198420 i131
[[[ constraint   2907 -> level 4;            0.247  8.6e-01  3e-06  17.281097  4.1e-02  1.5e-01
]]] newton : constraint 19842 -> level 1                              1.885e-01  9.273e-01  1.000e-06
 33 0 i136 -1e-01  204940 i131
[[[ constraint   2907 -> level 3;          <<< inactivate constraint 2907 at postition 3; now active: 4

[[[ constraint   2892 -> level 4;          
]]] in_out : constraint 20494 -> level 3                            >>> in_out activates constraint 20494 (pos 3); now active: 5
                                                                   
 34 0 i134 -2e-02    9520 i131
[[[ constraint  20494 -> level 4;          
[[[ constraint   2892 -> level 3;          <<< inactivate constraint 2892 at postition 2; now active: 4

]]] in_out : constraint 952 -> level 1                            
 35 0 i135 -4e-03   28920 i131
[[[ constraint  20494 -> level 3;          <<< inactivate constraint 20494 at postition 2; now active: 3

]]] in_out : constraint 2892 -> level 3                            >>> in_out activates constraint 2892 (pos 2); now active: 4
                                                                   
 36 0 i134 -4e-03    9520 i131
[[[ constraint   2892 -> level 4;            0.213  9.4e-01  7e-07  17.404684  4.1e-02  1.4e-01
]]] newton : constraint 952 -> level 2                              1.617e-01  1.052e+00  1.000e-06
 37 0 i134 -6e-02  211780 i131
[[[ constraint   2892 -> level 3;          <<< inactivate constraint 2892 at postition 2; now active: 3

]]] in_out : constraint 21178 -> level 3                            >>> in_out activates constraint 21178 (pos 3); now active: 4
                                                                   
 38 0 i134 -3e-02   28920 i131
[[[ constraint  21178 -> level 4;           -0.185  5.9e-01  6e-07  17.009863  4.1e-02  2.7e-01
]]] newton : constraint 2892 -> level 3                            >>> newton activates constraint 2892 (pos 2); now active: 5
                                                                     1.471e-01  4.975e-01  1.000e-06
 39 0 i134 -1e-01  202180 i131
[[[ constraint  21178 -> level 3;          <<< inactivate constraint 21178 at postition 4; now active: 4

[[[ constraint  21154 -> level 3;          <<< inactivate constraint 21154 at postition 3; now active: 3

[[[ constraint   2892 -> level 4;          
]]] in_out : constraint 20218 -> level 1                            
 40 0 i134 -3e-02  202180 i131
[[[ constraint   2892 -> level 3;          <<< inactivate constraint 2892 at postition 2; now active: 2

]]] in_out : constraint 20218 -> level 2                            
 41 0 i135 -4e-03  202180 i131  1.139  9.6e-01  5e-07  17.255558  4.1e-02  1.2e-01
]]] right : constraint 2893 -> level 2                            
]]] newton : constraint 20218 -> level 3                            >>> newton activates constraint 20218 (pos 2); now active: 3
                                                                     1.247e-01  1.039e+00  1.000e-06
 42 0 i135 -1e-01  211540 i132
[[[ constraint  20218 -> level 4;           -0.204  6.3e-01  3e-07  16.943910  4.1e-02  2.7e-01
]]] newton : constraint 21154 -> level 3                            >>> newton activates constraint 21154 (pos 3); now active: 4
                                                                     1.095e-01  5.023e-01  1.000e-06
 43 0 i135 -1e-01    9520 i132
[[[ constraint  20218 -> level 3;          <<< inactivate constraint 20218 at postition 2; now active: 3

]]] in_out : constraint 952 -> level 3                            >>> in_out activates constraint 952 (pos 0); now active: 4
                                                                   
 44 0 i135 -6e-02  202180 i132
[[[ constraint    952 -> level 4;            0.671  8.8e-01  6e-06  17.067249  4.1e-02  1.4e-01
]]] newton : constraint 20218 -> level 3                            >>> newton activates constraint 20218 (pos 3); now active: 5
                                                                     9.029e-02  8.648e-01  1.000e-06
 45 0 i135 -2e-01  204940 i132
[[[ constraint  20218 -> level 4;          
[[[ constraint   2513 -> level 4;          
[[[ constraint    952 -> level 3;          <<< inactivate constraint 952 at postition 0; now active: 4

]]] in_out : constraint 20494 -> level 3                            >>> in_out activates constraint 20494 (pos 3); now active: 5
                                                                   
 46 0 i136 -2e-02  213100 i132
[[[ constraint  20494 -> level 4;          
[[[ constraint  20218 -> level 3;          <<< inactivate constraint 20218 at postition 2; now active: 4

[[[ constraint   2513 -> level 3;          <<< inactivate constraint 2513 at postition 0; now active: 3

]]] in_out : constraint 21310 -> level 1                            
 47 0 i136 -4e-03  213100 i132
[[[ constraint  20494 -> level 3;          <<< inactivate constraint 20494 at postition 1; now active: 2

]]] in_out : constraint 21310 -> level 2                            
 48 0 i136 -2e-03  213100 i132  0.090  9.5e-01  5e-07  17.007817  4.1e-02  1.6e-01
]]] newton : constraint 21310 -> level 3                            >>> newton activates constraint 21310 (pos 2); now active: 3
                                                                     6.745e-02  9.621e-01  1.000e-06
 49 0 i136 -2e-01  211780 i132
[[[ constraint  21310 -> level 4;          
[[[ constraint  21154 -> level 4;           -0.181  6.9e-01  6e-07  16.827686  4.1e-02  2.8e-01
]]] newton : constraint 21178 -> level 3                            >>> newton activates constraint 21178 (pos 2); now active: 4
                                                                     5.145e-02  5.243e-01  1.000e-06
 50 0 i137 -5e-01  204940 i134
[[[ constraint  21310 -> level 3;          <<< inactivate constraint 21310 at postition 3; now active: 3

[[[ constraint  21178 -> level 4;          
[[[ constraint  21154 -> level 3;          <<< inactivate constraint 21154 at postition 1; now active: 2

]]] in_out : constraint 20494 -> level 3                            >>> in_out activates constraint 20494 (pos 1); now active: 3
                                                                   
 51 0 i139 -6e-02  208220 i134
[[[ constraint  21178 -> level 3;          <<< inactivate constraint 21178 at postition 2; now active: 2

[[[ constraint  20494 -> level 4;          
]]] in_out : constraint 20822 -> level 1                            
 52 0 i139 -2e-02     560 i134
[[[ constraint  20494 -> level 3;          <<< inactivate constraint 20494 at postition 1; now active: 1

]]] in_out : constraint 56 -> level 1                            
 53 0 i139 -2e-03     560 i134  1.046  1.1e+00  2e-07  16.830706  4.1e-02  1.2e-01
]]] newton : constraint 56 -> level 2                              2.603e-02  1.241e+00  1.000e-06
 54 0 i139 -2e-01  213100 i134 -0.125  3.5e-01  5e-08  16.673626  4.1e-02  2.8e-01
]]] newton : constraint 21310 -> level 3                            >>> newton activates constraint 21310 (pos 1); now active: 2
                                                                     1.979e-02  1.408e-01  1.000e-06
 55 0 i140 -5e-01    9520 i135
[[[ constraint  21310 -> level 4;            2.811  7.1e-01  6e-06  16.687236  4.1e-02  1.6e-01
]]] right : constraint 21152 -> level 1                            
]]] newton : constraint 952 -> level 3                            >>> newton activates constraint 952 (pos 0); now active: 3
                                                                     1.067e-02  5.176e-01  1.000e-06
 56 0 i140 -1e+00     -10 i136
[[[ constraint  21310 -> level 3;          <<< inactivate constraint 21310 at postition 2; now active: 2

[[[ constraint   2884 -> level 4;          
[[[ constraint    952 -> level 4;           57 0 i138 -1e+00     -10 i136
[[[ constraint   2884 -> level 3;          <<< inactivate constraint 2884 at postition 1; now active: 1

[[[ constraint    952 -> level 3;          <<< inactivate constraint 952 at postition 0; now active: 0
 58 0 i135 -1e+00     -10 i136 -0.079  5.9e-01  9e-10  16.642459  4.1e-02  1.6e-01  9.615e-05  3.424e-01  1.000e-06
 59 0 i138 -1e+00     -10 i136  0.097  2.1e-01  5e-10  16.631633  4.1e-02  3.1e-01  5.704e-05  4.481e-02  1.000e-06
 60 0 i136 -1e+00     -10 i136  0.290  1.9e-01  6e-10  16.612668  4.1e-02  6.3e-01  1.004e-04  3.670e-02  1.000e-06
 61 0 i137 -1e+00     -10 i135  1.643  2.6e-01  2e-08  16.573889  4.1e-02  8.3e-01  6.684e-04  6.652e-02  1.000e-06
 62 0 i137 -1e+00     -10 i135  3.951  4.5e-01  3e-07  16.541603  4.1e-02  3.2e-01  2.224e-03  2.006e-01  1.000e-06
 63 0 i137 -1e+00     -10 i135  0.159  4.3e-01  6e-09  16.521686  4.1e-02  1.9e-01  3.179e-04  1.877e-01  1.000e-06
 64 0 i137 -1e+00     -10 i135  0.314  2.4e-01  6e-09  16.504421  4.1e-02  4.2e-01  2.843e-04  5.762e-02  1.000e-06
 65 0 i137 -1e+00     -10 i135  0.345  2.2e-01  1e-09  16.494592  4.1e-02  3.5e-01  1.534e-04  4.645e-02  1.000e-06
 66 0 i136 -1e+00     -10 i135  1.231  2.1e-01  5e-08  16.479432  4.1e-02  6.7e-01  8.017e-04  4.612e-02  1.000e-06
 67 0 i136 -1e+00     -10 i135  0.932  2.6e-01  2e-08  16.470538  4.1e-02  2.6e-01  4.319e-04  6.834e-02  1.000e-06
 68 0 i134 -1e+00     -10 i135  0.378  1.6e-01  2e-08  16.460809  4.1e-02  6.7e-01  4.749e-04  2.609e-02  1.000e-06
 69 0 i135 -1e+00     -10 i135  1.558  2.1e-01  5e-08  16.447518  4.1e-02  5.4e-01  6.860e-04  4.377e-02  1.000e-06
 70 0 i136 -1e+00     -10 i135  1.410  2.2e-01  6e-08  16.437290  4.1e-02  4.1e-01  8.305e-04  4.997e-02  1.000e-06
 71 0 i136 -1e+00     -10 i134  0.799  2.2e-01  5e-08  16.426044  4.1e-02  4.6e-01  8.171e-04  4.781e-02  1.000e-06
 72 0 i136 -1e+00     -10 i134  1.295  2.5e-01  1e-07  16.408064  4.1e-02  5.6e-01  1.367e-03  6.234e-02  1.000e-06
 73 0 i136 -1e+00     -10 i133  0.974  2.4e-01  6e-08  16.395472  4.1e-02  3.8e-01  9.677e-04  5.997e-02  1.000e-06
 74 0 i137 -1e+00     -10 i133  0.711  2.0e-01  4e-08  16.386310  4.1e-02  4.2e-01  8.032e-04  4.108e-02  1.000e-06
 75 0 i137 -1e+00     -10 i133  0.950  2.0e-01  3e-08  16.377508  4.1e-02  4.3e-01  7.967e-04  3.950e-02  1.000e-06
 76 0 i137 -1e+00     -10 i134  0.805  1.8e-01  1e-08  16.371805  4.1e-02  3.4e-01  5.305e-04  3.163e-02  1.000e-06
 77 0 i137 -1e+00     -10 i134  0.516  1.2e-01  7e-09  16.368179  4.1e-02  4.4e-01  3.731e-04  1.598e-02  1.000e-06
 78 0 i137 -1e+00     -10 i134  0.984  1.2e-01  7e-09  16.364865  4.1e-02  4.2e-01  3.631e-04  1.568e-02  1.000e-06
 79 0 i137 -1e+00     -10 i134  0.762  1.1e-01  3e-09  16.362574  4.1e-02  3.7e-01  2.493e-04  1.213e-02  1.000e-06
 80 0 i137 -1e+00     -10 i134  0.735  9.3e-02  2e-09  16.360574  4.1e-02  4.5e-01  2.290e-04  8.864e-03  1.000e-06
 81 0 i137 -1e+00     -10 i134  1.057  9.5e-02  3e-09  16.358329  4.1e-02  4.8e-01  2.672e-04  9.373e-03  1.000e-06
 82 0 i137 -1e+00     -10 i134  0.900  9.1e-02  2e-09  16.356653  4.1e-02  3.9e-01  2.000e-04  8.476e-03  1.000e-06
 83 0 i137 -1e+00     -10 i134  0.855  8.4e-02  2e-09  16.354877  4.1e-02  4.9e-01  2.217e-04  7.252e-03  1.000e-06
 84 0 i137 -1e+00     -10 i134  1.210  9.2e-02  3e-09  16.352886  4.1e-02  4.6e-01  2.549e-04  8.769e-03  1.000e-06
 85 0 i138 -1e+00     -10 i134  0.951  9.0e-02  3e-09  16.351161  4.1e-02  4.1e-01  2.246e-04  8.329e-03  1.000e-06
 86 0 i138 -1e+00     -10 i134  0.847  8.3e-02  3e-09  16.349465  4.1e-02  4.8e-01  2.227e-04  7.120e-03  1.000e-06
 87 0 i138 -1e+00     -10 i134  1.065  8.6e-02  2e-09  16.347835  4.1e-02  4.3e-01  2.177e-04  7.545e-03  1.000e-06
 88 0 i138 -1e+00     -10 i134  0.830  7.8e-02  1e-09  16.346616  4.1e-02  3.9e-01  1.690e-04  6.192e-03  1.000e-06
 89 0 i138 -1e+00     -10 i134  0.779  6.9e-02  1e-09  16.345598  4.1e-02  4.2e-01  1.428e-04  4.862e-03  1.000e-06
 90 0 i138 -1e+00     -10 i134  0.884  6.5e-02  7e-10  16.344725  4.1e-02  4.1e-01  1.246e-04  4.288e-03  1.000e-06
 91 0 i138 -1e+00     -10 i134  0.766  5.6e-02  4e-10  16.344098  4.1e-02  3.9e-01  9.105e-05  3.277e-03  1.000e-06
 92 0 i138 -1e+00     -10 i134  0.736  4.8e-02  2e-10  16.343604  4.1e-02  4.2e-01  7.311e-05  2.417e-03  1.000e-06
 93 0 i138 -1e+00     -10 i134  0.861  4.5e-02  2e-10  16.343148  4.1e-02  4.5e-01  6.906e-05  2.085e-03  1.000e-06
 94 0 i138 -1e+00     -10 i135  0.932  4.3e-02  2e-10  16.342752  4.1e-02  4.2e-01  6.047e-05  1.945e-03  1.000e-06
 95 0 i138 -1e+00     -10 i135  0.852  4.0e-02  1e-10  16.342405  4.1e-02  4.3e-01  5.400e-05  1.656e-03  1.000e-06
 96 0 i138 -1e+00     -10 i135  0.926  3.9e-02  1e-10  16.342076  4.1e-02  4.4e-01  5.191e-05  1.537e-03  1.000e-06
 97 0 i138 -1e+00     -10 i135  0.935  3.7e-02  8e-11  16.341780  4.1e-02  4.2e-01  4.718e-05  1.435e-03  1.000e-06
 98 0 i137 -1e+00     -10 i135  0.834  3.4e-02  6e-11  16.341527  4.1e-02  4.3e-01  4.069e-05  1.200e-03  1.000e-06
 99 0 i138 -1e+00     -10 i135  0.942  3.3e-02  6e-11  16.341276  4.1e-02  4.5e-01  4.062e-05  1.131e-03  1.000e-06
100 0 i138 -1e+00     -10 i135  0.988  3.3e-02  5e-11  16.341048  4.1e-02  4.2e-01  3.764e-05  1.113e-03  1.000e-06
101 0 i138 -1e+00     -10 i135  0.875  3.1e-02  4e-11  16.340842  4.1e-02  4.3e-01  3.416e-05  9.778e-04  1.000e-06
102 0 i138 -1e+00     -10 i135  0.910  2.9e-02  4e-11  16.340648  4.1e-02  4.5e-01  3.251e-05  8.897e-04  1.000e-06
103 0 i138 -1e+00     -10 i135  0.976  2.9e-02  3e-11  16.340473  4.1e-02  4.2e-01  2.968e-05  8.669e-04  1.000e-06
104 0 i138 -1e+00     -10 i135  0.835  2.6e-02  2e-11  16.340322  4.1e-02  4.3e-01  2.572e-05  7.252e-04  1.000e-06
105 0 i138 -1e+00     -10 i135  0.922  2.5e-02  2e-11  16.340179  4.1e-02  4.4e-01  2.458e-05  6.683e-04  1.000e-06
106 0 i138 -1e+00     -10 i135  0.910  2.4e-02  2e-11  16.340053  4.1e-02  4.3e-01  2.191e-05  6.091e-04  1.000e-06
107 0 i138 -1e+00     -10 i135  0.891  2.3e-02  1e-11  16.339938  4.1e-02  4.4e-01  2.032e-05  5.421e-04  1.000e-06
108 0 i138 -1e+00     -10 i135  0.999  2.3e-02  1e-11  16.339814  4.1e-02  4.7e-01  2.195e-05  5.439e-04  1.000e-06
109 0 i138 -1e+00     -10 i135  1.070  2.4e-02  2e-11  16.339686  4.1e-02  4.6e-01  2.284e-05  5.815e-04  1.000e-06
110 0 i138 -1e+00     -10 i135  1.014  2.4e-02  2e-11  16.339551  4.1e-02  4.8e-01  2.432e-05  5.903e-04  1.000e-06
111 0 i138 -1e+00     -10 i135  1.095  2.5e-02  2e-11  16.339404  4.1e-02  4.7e-01  2.680e-05  6.459e-04  1.000e-06
112 0 i138 -1e+00     -10 i135  1.068  2.6e-02  2e-11  16.339255  4.1e-02  4.4e-01  2.712e-05  6.906e-04  1.000e-06
113 0 i138 -1e+00     -10 i135  0.940  2.5e-02  2e-11  16.339119  4.1e-02  4.4e-01  2.517e-05  6.478e-04  1.000e-06
114 0 i138 -1e+00     -10 i135  0.915  2.4e-02  1e-11  16.338996  4.1e-02  4.3e-01  2.300e-05  5.918e-04  1.000e-06
115 0 i138 -1e+00     -10 i135  0.904  2.3e-02  1e-11  16.338887  4.1e-02  4.2e-01  2.041e-05  5.364e-04  1.000e-06
116 0 i139 -1e+00     -10 i135  0.842  2.1e-02  7e-12  16.338797  4.1e-02  4.1e-01  1.706e-05  4.497e-04  1.000e-06
117 0 i139 -1e+00     -10 i135  0.822  1.9e-02  5e-12  16.338722  4.1e-02  4.2e-01  1.432e-05  3.705e-04  1.000e-06
118 0 i139 -1e+00     -10 i135  0.825  1.7e-02  3e-12  16.338661  4.1e-02  4.2e-01  1.186e-05  3.053e-04  1.000e-06
119 0 i139 -1e+00     -10 i135  0.848  1.6e-02  2e-12  16.338610  4.1e-02  4.1e-01  9.996e-06  2.591e-04  1.000e-06
120 0 i139 -1e+00     -10 i135  0.851  1.5e-02  2e-12  16.338564  4.1e-02  4.3e-01  9.048e-06  2.207e-04  1.000e-06
121 0 i139 -1e+00     -10 i135  0.913  1.4e-02  1e-12  16.338523  4.1e-02  4.2e-01  8.116e-06  2.013e-04  1.000e-06
122 0 i139 -1e+00     -10 i135  0.857  1.3e-02  1e-12  16.338487  4.1e-02  4.3e-01  7.158e-06  1.733e-04  1.000e-06
123 0 i138 -1e+00     -10 i135  0.904  1.2e-02  9e-13  16.338454  4.1e-02  4.4e-01  6.626e-06  1.563e-04  1.000e-06
124 0 i138 -1e+00     -10 i135  0.953  1.2e-02  8e-13  16.338422  4.1e-02  4.4e-01  6.392e-06  1.493e-04  1.000e-06
125 0 i137 -1e+00     -10 i135  0.929  1.2e-02  7e-13  16.338394  4.1e-02  4.3e-01  5.891e-06  1.389e-04  1.000e-06
126 0 i138 -1e+00     -10 i135  0.920  1.1e-02  6e-13  16.338367  4.1e-02  4.4e-01  5.512e-06  1.276e-04  1.000e-06
127 0 i138 -1e+00     -10 i135  0.908  1.1e-02  4e-13  16.338343  4.1e-02  4.2e-01  4.853e-06  1.160e-04  1.000e-06
128 0 i138 -1e+00     -10 i135  0.873  9.8e-03  3e-13  16.338323  4.1e-02  4.2e-01  4.227e-06  1.012e-04  1.000e-06
129 0 i139 -1e+00     -10 i135  0.829  9.0e-03  2e-13  16.338306  4.1e-02  4.1e-01  3.483e-06  8.387e-05  1.000e-06
130 0 i139 -1e+00     -10 i135  0.813  8.1e-03  1e-13  16.338293  4.1e-02  4.1e-01  2.827e-06  6.812e-05  1.000e-06
131 0 i138 -1e+00     -10 i134  0.822  7.3e-03  1e-13  16.338282  4.1e-02  4.1e-01  2.364e-06  5.614e-05  1.000e-06
132 0 i138 -1e+00     -10 i134  0.847  6.7e-03  8e-14  16.338273  4.1e-02  4.1e-01  2.000e-06  4.746e-05  1.000e-06
133 0 i138 -1e+00     -10 i134  0.821  6.1e-03  5e-14  16.338265  4.1e-02  4.2e-01  1.678e-06  3.905e-05  1.000e-06
134 0 i138 -1e+00     -10 i134  0.850  5.6e-03  4e-14  16.338258  4.1e-02  4.2e-01  1.443e-06  3.317e-05  1.000e-06
135 0 i138 -1e+00     -10 i134  0.861  5.2e-03  3e-14  16.338252  4.1e-02  4.2e-01  1.257e-06  2.863e-05  1.000e-06
136 0 i138 -1e+00     -10 i134  0.896  5.0e-03  3e-14  16.338247  4.1e-02  4.4e-01  1.167e-06  2.573e-05  1.000e-06
137 0 i137 -1e+00     -10 i134  0.951  4.8e-03  3e-14  16.338242  4.1e-02  4.4e-01  1.126e-06  2.457e-05  1.000e-06
138 0 i137 -1e+00     -10 i134  0.926  4.7e-03  2e-14  16.338237  4.1e-02  4.3e-01  1.035e-06  2.271e-05  1.000e-06
139 0 i137 -1e+00     -10 i134  0.911  4.4e-03  2e-14  16.338233  4.1e-02  4.3e-01  9.383e-07  2.070e-05  1.000e-06
140 0 i138 -1e+00     -10 i134  0.905  4.2e-03  1e-14  16.338229  4.1e-02  4.3e-01  8.580e-07  1.871e-05  1.000e-06
141 0 i138 -1e+00     -10 i134  0.931  4.1e-03  1e-14  16.338225  4.1e-02  4.3e-01  8.072e-07  1.754e-05  1.000e-06
142 0 i139 -1e+00     -10 i134  0.915  3.9e-03  1e-14  16.338222  4.1e-02  4.4e-01  7.501e-07  1.607e-05  1.000e-06
143 0 i139 -1e+00     -10 i134  0.908  3.7e-03  8e-15  16.338219  4.1e-02  4.1e-01  6.537e-07  1.449e-05  1.000e-06
144 0 i139 -1e+00     -10 i134  0.835  3.4e-03  6e-15  16.338217  4.1e-02  4.0e-01  5.363e-07  1.219e-05  1.000e-06
145 0 i138 -1e+00     -10 i134  0.822  3.1e-03  4e-15  16.338215  4.1e-02  4.2e-01  4.569e-07  1.006e-05  1.000e-06
146 0 i138 -1e+00     -10 i134  0.863  2.9e-03  3e-15  16.338213  4.1e-02  4.2e-01  4.026e-07  8.665e-06  1.000e-06
147 0 i138 -1e+00     -10 i134  0.886  2.7e-03  3e-15  16.338212  4.1e-02  4.2e-01  3.556e-07  7.721e-06  1.000e-06
148 0 i138 -1e+00     -10 i134  0.865  2.5e-03  2e-15  16.338210  4.1e-02  4.2e-01  3.073e-07  6.705e-06  1.000e-06
149 0 i138 -1e+00     -10 i134  0.846  2.3e-03  1e-15  16.338209  4.1e-02  4.1e-01  2.587e-07  5.692e-06  1.000e-06
150 0 i138 -1e+00     -10 i134  0.860  2.2e-03  1e-15  16.338208  4.1e-02  4.2e-01  2.275e-07  4.927e-06  1.000e-06
151 0 i138 -1e+00     -10 i134  0.868  2.0e-03  8e-16  16.338207  4.1e-02  4.0e-01  1.925e-07  4.281e-06  1.000e-06
152 0 i138 -1e+00     -10 i135  0.830  1.8e-03  6e-16  16.338207  4.1e-02  4.1e-01  1.617e-07  3.584e-06  1.000e-06
153 0 i138 -1e+00     -10 i135  0.843  1.7e-03  4e-16  16.338206  4.1e-02  4.1e-01  1.382e-07  3.036e-06  1.000e-06
154 0 i138 -1e+00     -10 i135  0.880  1.6e-03  3e-16  16.338206  4.1e-02  4.2e-01  1.256e-07  2.699e-06  1.000e-06
155 0 i138 -1e+00     -10 i135  0.932  1.6e-03  3e-16  16.338205  4.1e-02  4.2e-01  1.175e-07  2.524e-06  1.000e-06
156 0 i138 -1e+00     -10 i135  0.897  1.5e-03  2e-16  16.338205  4.1e-02  4.1e-01  1.022e-07  2.309e-06  1.000e-06
157 0 i138 -1e+00     -10 i135  0.856  1.4e-03  2e-16  16.338204  4.1e-02  3.9e-01  8.523e-08  1.959e-06  1.000e-06
158 0 i138 -1e+00     -10 i135  0.814  1.3e-03  1e-16  16.338204  4.1e-02  3.9e-01  6.916e-08  1.632e-06  1.000e-06
159 0 i138 -1e+00     -10 i135  0.834  1.1e-03  7e-17  16.338204  4.1e-02  3.9e-01  5.817e-08  1.363e-06  1.000e-06
160 0 i138 -1e+00     -10 i135  0.850  1.1e-03  5e-17  16.338203  4.1e-02  3.9e-01  4.970e-08  1.187e-06  1.000e-06
161 0 i138 -1e+00     -10 i135  0.833  9.8e-04  3e-17  16.338203  4.1e-02  3.9e-01  4.132e-08  1.009e-06  1.000e-06
162 0 i138 -1e+00     -10 i135  0.850  9.2e-04  2e-17  16.338203  4.1e-02  3.8e-01  3.474e-08  8.768e-07  1.000e-06
163 0 i138 -1e+00     -10 i135  0.842  8.5e-04  2e-17  16.338203  4.1e-02  3.9e-01  2.987e-08  7.553e-07  1.000e-06
164 0 i138 -1e+00     -10 i135  0.894  8.1e-04  1e-17  16.338203  4.1e-02  3.8e-01  2.644e-08  6.896e-07  1.000e-06
165 0 i138 -1e+00     -10 i135  0.885  7.8e-04  1e-17  16.338203  4.1e-02  3.8e-01  2.321e-08  6.341e-07  1.000e-06
166 0 i138 -1e+00     -10 i135  0.871  7.5e-04  8e-18  16.338203  4.1e-02  3.7e-01  2.013e-08  5.803e-07  1.000e-06
167 0 i138 -1e+00     -10 i135  0.874  7.1e-04  6e-18  16.338203  4.1e-02  3.7e-01  1.770e-08  5.266e-07  1.000e-06
168 0 i137 -1e+00     -10 i135  0.904  6.9e-04  4e-18  16.338202  4.1e-02  3.6e-01  1.548e-08  4.856e-07  1.000e-06
169 0 i138 -1e+00     -10 i135  0.829  6.5e-04  3e-18  16.338202  4.1e-02  3.6e-01  1.281e-08  4.300e-07  1.000e-06
170 0 i138 -1e+00     -10 i135  0.859  6.1e-04  2e-18  16.338202  4.1e-02  3.6e-01  1.114e-08  3.821e-07  1.000e-06
171 0 i138 -1e+00     -10 i135  0.909  6.0e-04  2e-18  16.338202  4.1e-02  3.6e-01  1.030e-08  3.693e-07  1.000e-06
172 0 i138 -1e+00     -10 i135  0.913  5.9e-04  2e-18  16.338202  4.1e-02  3.7e-01  9.571e-09  3.540e-07  1.000e-06
173 0 i138 -1e+00     -10 i135  0.953  5.9e-04  1e-18  16.338202  4.1e-02  3.5e-01  8.675e-09  3.513e-07  1.000e-06
174 0 i138 -1e+00     -10 i135  0.855  5.6e-04  1e-18  16.338202  4.1e-02  3.4e-01  7.412e-09  3.246e-07  1.000e-06
175 0 i138 -1e+00     -10 i135  0.894  5.4e-04  8e-19  16.338202  4.1e-02  3.4e-01  6.595e-09  2.977e-07  1.000e-06
176 0 i154 -1e+00     -10 i135  0.875  5.3e-04  6e-19  16.338202  4.1e-02  3.3e-01  5.730e-09  2.861e-07  1.000e-06
177 0 i139 -1e+00     -10 i135  0.913  5.2e-04  5e-19  16.338202  4.1e-02  3.3e-01  5.275e-09  2.721e-07  1.000e-06
178 0 i138 -1e+00     -10 i135  0.856  5.0e-04  3e-19  16.338202  4.1e-02  3.2e-01  4.320e-09  2.521e-07  1.000e-06
179 0 i138 -1e+00     -10 i135  0.854  4.8e-04  2e-19  16.338202  4.1e-02  3.1e-01  3.656e-09  2.296e-07  1.000e-06
180 0 i138 -1e+00     -10 i135  0.816  4.5e-04  1e-19  16.338202  4.1e-02  3.0e-01  2.954e-09  2.081e-07  1.000e-06
181 0 i138 -1e+00     -10 i135  0.836  4.3e-04  9e-20  16.338202  4.1e-02  3.0e-01  2.496e-09  1.875e-07  1.000e-06
182 0 i138 -1e+00     -10 i135  0.891  4.3e-04  7e-20  16.338202  4.1e-02  3.0e-01  2.294e-09  1.840e-07  1.000e-06
183 0 i138 -1e+00     -10 i135  0.886  4.2e-04  5e-20  16.338202  4.1e-02  2.9e-01  1.958e-09  1.793e-07  1.000e-06
184 0 i154 -1e+00     -10 i135  0.790  4.0e-04  3e-20  16.338202  4.1e-02  2.9e-01  1.599e-09  1.628e-07  1.000e-06
185 0 i153 -1e+00     -10 i135  0.853  3.8e-04  2e-20  16.338202  4.1e-02  2.9e-01  1.418e-09  1.470e-07  1.000e-06
186 0 i139 -1e+00     -10 i135  0.898  3.8e-04  2e-20  16.338202  4.1e-02  2.9e-01  1.339e-09  1.465e-07  1.000e-06
187 0 i153 -1e+00     -10 i135  0.848  3.8e-04  1e-20  16.338202  4.1e-02  2.7e-01  1.118e-09  1.429e-07  1.000e-06
188 0 i153 -1e+00     -10 i135  0.786  3.6e-04  6e-21  16.338202  4.1e-02  2.8e-01  9.668e-10  1.272e-07  1.000e-06
189 0 i153 -1e+00     -10 i135  0.913  3.5e-04  5e-21  16.338202  4.1e-02  2.5e-01  8.543e-10  1.234e-07  1.000e-06
190 0 i139 -1e+00     -10 i135  0.745  3.4e-04  4e-21  16.338202  4.1e-02  2.5e-01  6.926e-10  1.162e-07  1.000e-06
191 0 i139 -1e+00     -10 i135  0.775  3.1e-04  2e-21  16.338202  4.1e-02  2.3e-01  5.590e-10  9.922e-08  1.000e-06
192 0 i154 -1e+00     -10 i135  0.791  3.0e-04  2e-21  16.338202  4.1e-02  2.4e-01  5.074e-10  9.208e-08  1.000e-06
193 0 i154 -1e+00     -10 i135  0.856  3.0e-04  1e-21  16.338202  4.1e-02  2.4e-01  5.111e-10  9.070e-08  1.000e-06
194 0 i154 -1e+00     -10 i135  0.818  3.0e-04  9e-22  16.338202  4.1e-02  2.3e-01  4.607e-10  8.831e-08  1.000e-06
195 0 i154 -1e+00     -10 i135  0.826  2.9e-04  1e-21  16.338202  4.1e-02  2.2e-01  4.291e-10  8.615e-08  1.000e-06
196 0 i154 -1e+00     -10 i135  0.826  2.9e-04  1e-21  16.338202  4.1e-02  2.1e-01  4.034e-10  8.351e-08  1.000e-06
197 0 i154 -1e+00     -10 i135  0.769  2.8e-04  1e-21  16.338202  4.1e-02  2.0e-01  3.609e-10  8.009e-08  1.000e-06
198 0 i140 -1e+00     -10 i135  0.767  2.7e-04  9e-22  16.338202  4.1e-02  1.9e-01  3.164e-10  7.458e-08  1.000e-06
199 0 i154 -1e+00     -10 i135  0.713  2.6e-04  8e-22  16.338202  4.1e-02  2.0e-01  2.986e-10  6.753e-08  1.000e-06
200 0 i154 -1e+00     -10 i135  0.857  2.6e-04  7e-22  16.338202  4.1e-02  2.0e-01  3.092e-10  6.595e-08  1.000e-06
201 0 i154 -1e+00     -10 i135  0.817  2.6e-04  7e-22  16.338202  4.1e-02  2.0e-01  3.121e-10  6.836e-08  1.000e-06
202 0 i154 -1e+00     -10 i135  0.808  2.6e-04  6e-22  16.338202  4.1e-02  1.9e-01  2.977e-10  6.749e-08  1.000e-06
203 0 i154 -1e+00     -10 i135  0.763  2.5e-04  4e-22  16.338202  4.1e-02  1.7e-01  2.677e-10  6.405e-08  1.000e-06
204 0 i154 -1e+00     -10 i135  0.756  2.5e-04  4e-22  16.338202  4.1e-02  2.0e-01  2.904e-10  6.153e-08  1.000e-06
205 0 i140 -1e+00     -10 i135  0.926  2.5e-04  4e-22  16.338202  4.1e-02  1.8e-01  3.007e-10  6.395e-08  1.000e-06
206 0 i140 -1e+00     -10 i135  0.856  2.6e-04  5e-22  16.338202  4.1e-02  1.8e-01  3.149e-10  6.845e-08  1.000e-06
207 0 i154 -1e+00     -10 i135  0.668  2.5e-04  3e-22  16.338202  4.1e-02  2.0e-01  2.856e-10  6.160e-08  1.000e-06
208 0 i154 -1e+00     -10 i135  0.872  2.4e-04  3e-22  16.338202  4.1e-02  1.9e-01  2.922e-10  5.970e-08  1.000e-06
209 0 i154 -1e+00     -10 i135  0.868  2.5e-04  4e-22  16.338202  4.1e-02  1.8e-01  2.963e-10  6.461e-08  1.000e-06
210 0 i154 -1e+00     -10 i135  0.788  2.5e-04  4e-22  16.338202  4.1e-02  1.8e-01  2.904e-10  6.507e-08  1.000e-06
211 0 i140 -1e+00     -10 i135  0.690  2.4e-04  3e-22  16.338202  4.1e-02  1.8e-01  2.492e-10  5.744e-08  1.000e-06
212 0 i141 -1e+00     -10 i135  0.834  2.4e-04  2e-22  16.338202  4.1e-02  1.6e-01  2.426e-10  5.587e-08  1.000e-06
213 0 i141 -1e+00     -10 i135  0.825  2.4e-04  2e-22  16.338202  4.1e-02  1.6e-01  2.433e-10  5.780e-08  1.000e-06
214 0 i140 -1e+00     -10 i135  0.764  2.3e-04  2e-22  16.338202  4.1e-02  1.5e-01  2.153e-10  5.492e-08  1.000e-06
215 0 i154 -1e+00     -10 i135  0.736  2.3e-04  4e-22  16.338202  4.1e-02  1.7e-01  2.412e-10  5.350e-08  1.000e-06
216 0 i154 -1e+00     -10 i135  0.892  2.3e-04  3e-22  16.338202  4.1e-02  1.5e-01  2.331e-10  5.460e-08  1.000e-06
217 0 i154 -1e+00     -10 i135  0.784  2.4e-04  2e-22  16.338202  4.1e-02  1.6e-01  2.421e-10  5.669e-08  1.000e-06
218 0 i140 -1e+00     -10 i135  0.764  2.3e-04  1e-22  16.338202  4.1e-02  1.5e-01  2.216e-10  5.364e-08  1.000e-06
219 0 i154 -1e+00     -10 i135  0.780  2.3e-04  1e-22  16.338202  4.1e-02  1.4e-01  2.073e-10  5.305e-08  1.000e-06
220 0 i154 -1e+00     -10 i135  0.777  2.3e-04  2e-22  16.338202  4.1e-02  1.6e-01  2.205e-10  5.110e-08  1.000e-06
221 0 i154 -1e+00     -10 i135  0.854  2.3e-04  2e-22  16.338202  4.1e-02  1.5e-01  2.266e-10  5.181e-08  1.000e-06
222 0 i154 -1e+00     -10 i135  0.798  2.3e-04  2e-22  16.338202  4.1e-02  1.6e-01  2.475e-10  5.342e-08  1.000e-06
223 0 i154 -1e+00     -10 i135  0.803  2.3e-04  2e-22  16.338202  4.1e-02  1.4e-01  2.160e-10  5.194e-08  1.000e-06
224 0 i140 -1e+00     -10 i135  0.782  2.3e-04  2e-22  16.338202  4.1e-02  1.5e-01  2.202e-10  5.270e-08  1.000e-06
225 0 i140 -1e+00     -10 i135  0.789  2.2e-04  2e-22  16.338202  4.1e-02  1.5e-01  2.202e-10  4.940e-08  1.000e-06
226 0 i154 -1e+00     -10 i135  0.856  2.3e-04  2e-22  16.338202  4.1e-02  1.4e-01  2.205e-10  5.169e-08  1.000e-06
227 0 i140 -1e+00     -10 i135  0.749  2.2e-04  2e-22  16.338202  4.1e-02  1.6e-01  2.267e-10  4.964e-08  1.000e-06
228 0 i154 -1e+00     -10 i135  0.808  2.2e-04  1e-22  16.338202  4.1e-02  1.4e-01  1.982e-10  4.998e-08  1.000e-06
229 0 i154 -1e+00     -10 i135  0.777  2.2e-04  2e-22  16.338202  4.1e-02  1.5e-01  2.098e-10  4.899e-08  1.000e-06
230 0 i154 -1e+00     -10 i135  0.830  2.2e-04  2e-22  16.338202  4.1e-02  1.4e-01  2.158e-10  4.901e-08  1.000e-06
231 0 i154 -1e+00     -10 i135  0.810  2.2e-04  3e-22  16.338202  4.1e-02  1.6e-01  2.444e-10  4.987e-08  1.000e-06
232 0 i140 -1e+00     -10 i135  0.863  2.3e-04  2e-22  16.338202  4.1e-02  1.4e-01  2.304e-10  5.197e-08  1.000e-06
233 0 i154 -1e+00     -10 i135  0.763  2.3e-04  2e-22  16.338202  4.1e-02  1.5e-01  2.313e-10  5.182e-08  1.000e-06
234 0 i154 -1e+00     -10 i135  0.808  2.2e-04  2e-22  16.338202  4.1e-02  1.5e-01  2.285e-10  5.014e-08  1.000e-06
235 0 i140 -1e+00     -10 i135  0.814  2.3e-04  2e-22  16.338202  4.1e-02  1.4e-01  2.205e-10  5.126e-08  1.000e-06
236 0 i153 -1e+00     -10 i135  0.778  2.2e-04  2e-22  16.338202  4.1e-02  1.4e-01  2.158e-10  5.047e-08  1.000e-06
237 0 i140 -1e+00     -10 i135  0.814  2.2e-04  1e-22  16.338202  4.1e-02  1.2e-01  1.905e-10  5.013e-08  1.000e-06
238 0 i154 -1e+00     -10 i135  0.715  2.2e-04  1e-22  16.338202  4.1e-02  1.2e-01  1.744e-10  4.798e-08  1.000e-06
239 0 i153 -1e+00     -10 i135  0.705  2.1e-04  8e-23  16.338202  4.1e-02  1.4e-01  1.804e-10  4.271e-08  1.000e-06
240 0 i154 -1e+00     -10 i135  0.939  2.1e-04  9e-23  16.338202  4.1e-02  1.2e-01  1.792e-10  4.543e-08  1.000e-06
241 0 i153 -1e+00     -10 i135  0.779  2.2e-04  1e-22  16.338202  4.1e-02  1.2e-01  1.792e-10  4.675e-08  1.000e-06
242 0 i154 -1e+00     -10 i135  0.717  2.1e-04  7e-23  16.338202  4.1e-02  1.3e-01  1.732e-10  4.480e-08  1.000e-06
243 0 i141 -1e+00     -10 i135  0.790  2.1e-04  7e-23  16.338202  4.1e-02  1.1e-01  1.531e-10  4.277e-08  1.000e-06
244 0 i154 -1e+00     -10 i135  0.802  2.1e-04  8e-23  16.338202  4.1e-02  1.2e-01  1.660e-10  4.387e-08  1.000e-06
245 0 i154 -1e+00     -10 i135  0.853  2.1e-04  9e-23  16.338202  4.1e-02  1.2e-01  1.791e-10  4.505e-08  1.000e-06
246 0 i153 -1e+00     -10 i135  0.800  2.1e-04  9e-23  16.338202  4.1e-02  1.1e-01  1.572e-10  4.609e-08  1.000e-06
247 0 i140 -1e+00     -10 i135  0.696  2.1e-04  9e-23  16.338202  4.1e-02  1.3e-01  1.666e-10  4.396e-08  1.000e-06
248 0 i153 -1e+00     -10 i135  0.813  2.1e-04  1e-22  16.338202  4.1e-02  1.2e-01  1.643e-10  4.284e-08  1.000e-06
249 0 i153 -1e+00     -10 i135  0.870  2.1e-04  7e-23  16.338202  4.1e-02  9.7e-02  1.449e-10  4.394e-08  1.000e-06
250 0 i153 -1e+00     -10 i135  0.733  2.1e-04  1e-22  16.338202  4.1e-02  1.2e-01  1.641e-10  4.558e-08  1.000e-06
251 0 i154 -1e+00     -10 i135  0.791  2.1e-04  1e-22  16.338202  4.1e-02  1.2e-01  1.669e-10  4.340e-08  1.000e-06
252 0 i141 -1e+00     -10 i135  0.840  2.1e-04  1e-22  16.338202  4.1e-02  1.1e-01  1.650e-10  4.341e-08  1.000e-06
253 0 i154 -1e+00     -10 i135  0.796  2.1e-04  1e-22  16.338202  4.1e-02  1.2e-01  1.712e-10  4.383e-08  1.000e-06
254 0 i154 -1e+00     -10 i135  0.817  2.1e-04  1e-22  16.338202  4.1e-02  1.2e-01  1.860e-10  4.489e-08  1.000e-06
255 0 i154 -1e+00     -10 i135  0.810  2.1e-04  1e-22  16.338202  4.1e-02  1.2e-01  1.885e-10  4.516e-08  1.000e-06
256 0 i154 -1e+00     -10 i135  0.815  2.1e-04  1e-22  16.338202  4.1e-02  1.2e-01  1.877e-10  4.529e-08  1.000e-06
257 0 i141 -1e+00     -10 i135  0.791  2.1e-04  2e-22  16.338202  4.1e-02  1.3e-01  1.923e-10  4.573e-08  1.000e-06
258 0 i154 -1e+00     -10 i135  0.809  2.1e-04  1e-22  16.338202  4.1e-02  1.2e-01  1.796e-10  4.566e-08  1.000e-06
259 0 i154 -1e+00     -10 i135  0.811  2.1e-04  1e-22  16.338202  4.1e-02  1.3e-01  1.983e-10  4.641e-08  1.000e-06
260 0 i154 -1e+00     -10 i135  0.766  2.1e-04  1e-22  16.338202  4.1e-02  1.2e-01  1.757e-10  4.441e-08  1.000e-06
261 0 i154 -1e+00     -10 i135  0.777  2.1e-04  2e-22  16.338202  4.1e-02  1.2e-01  1.701e-10  4.463e-08  1.000e-06
262 0 i140 -1e+00     -10 i135  0.823  2.1e-04  1e-22  16.338202  4.1e-02  1.0e-01  1.558e-10  4.434e-08  1.000e-06
263 0 i154 -1e+00     -10 i135  0.732  2.0e-04  1e-22  16.338202  4.1e-02  1.2e-01  1.674e-10  4.184e-08  1.000e-06
264 0 i154 -1e+00     -10 i135  0.861  2.1e-04  9e-23  16.338202  4.1e-02  1.0e-01  1.566e-10  4.316e-08  1.000e-06
265 0 i153 -1e+00     -10 i135  0.764  2.1e-04  9e-23  16.338202  4.1e-02  1.2e-01  1.681e-10  4.221e-08  1.000e-06
266 0 i153 -1e+00     -10 i135  0.823  2.1e-04  7e-23  16.338202  4.1e-02  9.6e-02  1.435e-10  4.238e-08  1.000e-06
267 0 i141 -1e+00     -10 i135  0.725  2.0e-04  5e-23  16.338202  4.1e-02  9.6e-02  1.313e-10  4.145e-08  1.000e-06
268 0 i138 -1e+00     -10 i135  0.698  1.9e-04  5e-23  16.338202  4.1e-02  9.6e-02  1.185e-10  3.787e-08  1.000e-06
269 0 i153 -1e+00     -10 i135  0.813  1.9e-04  4e-23  16.338202  4.1e-02  9.0e-02  1.166e-10  3.727e-08  1.000e-06
270 0 i153 -1e+00     -10 i135  0.864  2.0e-04  6e-23  16.338202  4.1e-02  8.7e-02  1.235e-10  3.892e-08  1.000e-06
271 0 i154 -1e+00     -10 i135  0.812  2.0e-04  5e-23  16.338202  4.1e-02  8.6e-02  1.235e-10  3.984e-08  1.000e-06
272 0 i154 -1e+00     -10 i135  0.801  2.0e-04  5e-23  16.338202  4.1e-02  9.3e-02  1.361e-10  4.017e-08  1.000e-06
273 0 i154 -1e+00     -10 i135  0.812  2.0e-04  5e-23  16.338202  4.1e-02  9.9e-02  1.466e-10  4.085e-08  1.000e-06
274 0 i154 -1e+00     -10 i135  0.814  2.0e-04  7e-23  16.338202  4.1e-02  1.0e-01  1.565e-10  4.161e-08  1.000e-06
275 0 i154 -1e+00     -10 i135  0.793  2.0e-04  6e-23  16.338202  4.1e-02  1.1e-01  1.593e-10  4.139e-08  1.000e-06
276 0 i154 -1e+00     -10 i135  0.791  2.0e-04  5e-23  16.338202  4.1e-02  9.5e-02  1.389e-10  4.124e-08  1.000e-06
277 0 i140 -1e+00     -10 i135  0.777  2.0e-04  5e-23  16.338202  4.1e-02  1.0e-01  1.452e-10  4.108e-08  1.000e-06
278 0 i154 -1e+00     -10 i135  0.783  2.0e-04  4e-23  16.338202  4.1e-02  8.8e-02  1.261e-10  3.970e-08  1.000e-06
279 0 i154 -1e+00     -10 i135  0.787  2.0e-04  4e-23  16.338202  4.1e-02  8.8e-02  1.254e-10  3.993e-08  1.000e-06
280 0 i141 -1e+00     -10 i135  0.789  2.0e-04  6e-23  16.338202  4.1e-02  9.4e-02  1.329e-10  3.954e-08  1.000e-06
281 0 i154 -1e+00     -10 i135  0.784  1.9e-04  4e-23  16.338202  4.1e-02  8.3e-02  1.153e-10  3.806e-08  1.000e-06
282 0 i154 -1e+00     -10 i135  0.794  2.0e-04  7e-23  16.338202  4.1e-02  1.1e-01  1.532e-10  3.871e-08  1.000e-06
283 0 i140 -1e+00     -10 i135  0.916  2.0e-04  7e-23  16.338202  4.1e-02  9.3e-02  1.485e-10  4.074e-08  1.000e-06
284 0 i141 -1e+00     -10 i135  0.803  2.0e-04  8e-23  16.338202  4.1e-02  9.8e-02  1.533e-10  4.168e-08  1.000e-06
285 0 i154 -1e+00     -10 i135  0.752  2.0e-04  7e-23  16.338202  4.1e-02  1.1e-01  1.660e-10  3.983e-08  1.000e-06
286 0 i154 -1e+00     -10 i135  0.862  2.0e-04  1e-22  16.338202  4.1e-02  1.1e-01  1.779e-10  4.088e-08  1.000e-06
287 0 i154 -1e+00     -10 i135  0.872  2.1e-04  9e-23  16.338202  4.1e-02  9.6e-02  1.580e-10  4.334e-08  1.000e-06
288 0 i154 -1e+00     -10 i135  0.725  2.1e-04  1e-22  16.338202  4.1e-02  1.1e-01  1.703e-10  4.336e-08  1.000e-06
289 0 i140 -1e+00     -10 i135  0.776  2.0e-04  8e-23  16.338202  4.1e-02  9.6e-02  1.398e-10  4.076e-08  1.000e-06
290 0 i154 -1e+00     -10 i135  0.776  2.0e-04  6e-23  16.338202  4.1e-02  9.2e-02  1.303e-10  4.041e-08  1.000e-06
291 0 i154 -1e+00     -10 i135  0.770  2.0e-04  4e-23  16.338202  4.1e-02  8.0e-02  1.113e-10  3.878e-08  1.000e-06
292 0 i154 -1e+00     -10 i135  0.760  1.9e-04  4e-23  16.338202  4.1e-02  8.4e-02  1.138e-10  3.773e-08  1.000e-06
293 0 i154 -1e+00     -10 i135  0.775  1.9e-04  5e-23  16.338202  4.1e-02  9.5e-02  1.266e-10  3.573e-08  1.000e-06
294 0 i154 -1e+00     -10 i135  0.907  2.0e-04  4e-23  16.338202  4.1e-02  7.1e-02  1.084e-10  3.872e-08  1.000e-06
295 0 i154 -1e+00     -10 i135  0.752  2.0e-04  5e-23  16.338202  4.1e-02  9.8e-02  1.404e-10  3.822e-08  1.000e-06
296 0 i141 -1e+00     -10 i135  0.851  2.0e-04  3e-23  16.338202  4.1e-02  8.0e-02  1.221e-10  3.928e-08  1.000e-06
297 0 i154 -1e+00     -10 i135  0.754  1.9e-04  5e-23  16.338202  4.1e-02  1.0e-01  1.432e-10  3.787e-08  1.000e-06
298 0 i154 -1e+00     -10 i135  0.841  2.0e-04  6e-23  16.338202  4.1e-02  9.7e-02  1.445e-10  3.884e-08  1.000e-06
299 0 i154 -1e+00     -10 i135  0.861  2.0e-04  5e-23  16.338202  4.1e-02  8.4e-02  1.326e-10  4.171e-08  1.000e-06
300 0 i154 -1e+00     -10 i135  0.712  2.0e-04  4e-23  16.338202  4.1e-02  1.0e-01  1.421e-10  3.965e-08  1.000e-06
301 0 i154 -1e+00     -10 i135  0.836  2.0e-04  4e-23  16.338201  4.1e-02  8.1e-02  1.210e-10  3.886e-08  1.000e-06
302 0 i154 -1e+00     -10 i135  0.775  2.0e-04  5e-23  16.338201  4.1e-02  9.1e-02  1.319e-10  3.898e-08  1.000e-06
303 0 i153 -1e+00     -10 i135  0.801  1.9e-04  3e-23  16.338201  4.1e-02  7.4e-02  1.082e-10  3.803e-08  1.000e-06
304 0 i153 -1e+00     -10 i135  0.752  1.9e-04  3e-23  16.338201  4.1e-02  7.4e-02  1.029e-10  3.749e-08  1.000e-06
305 0 i140 -1e+00     -10 i135  0.754  1.9e-04  4e-23  16.338201  4.1e-02  8.7e-02  1.158e-10  3.510e-08  1.000e-06
306 0 i154 -1e+00     -10 i135  0.885  1.9e-04  3e-23  16.338201  4.1e-02  6.5e-02  9.675e-11  3.640e-08  1.000e-06
307 0 i153 -1e+00     -10 i135  0.790  1.9e-04  4e-23  16.338201  4.1e-02  7.9e-02  1.147e-10  3.697e-08  1.000e-06
308 0 i154 -1e+00     -10 i135  0.849  2.0e-04  3e-23  16.338201  4.1e-02  6.9e-02  1.068e-10  3.834e-08  1.000e-06
309 0 i154 -1e+00     -10 i135  0.755  1.9e-04  4e-23  16.338201  4.1e-02  7.5e-02  1.110e-10  3.796e-08  1.000e-06
310 0 i141 -1e+00     -10 i135  0.770  1.9e-04  3e-23  16.338201  4.1e-02  7.4e-02  1.054e-10  3.603e-08  1.000e-06
311 0 i141 -1e+00     -10 i135  0.800  1.9e-04  3e-23  16.338201  4.1e-02  8.1e-02  1.157e-10  3.572e-08  1.000e-06
312 0 i154 -1e+00     -10 i135  0.879  1.9e-04  5e-23  16.338201  4.1e-02  7.9e-02  1.231e-10  3.660e-08  1.000e-06
313 0 i153 -1e+00     -10 i135  0.829  1.9e-04  4e-23  16.338201  4.1e-02  8.4e-02  1.326e-10  3.784e-08  1.000e-06
314 0 i154 -1e+00     -10 i135  0.840  2.0e-04  4e-23  16.338201  4.1e-02  7.9e-02  1.277e-10  3.939e-08  1.000e-06
315 0 i153 -1e+00     -10 i135  0.762  2.0e-04  5e-23  16.338201  4.1e-02  8.9e-02  1.361e-10  3.882e-08  1.000e-06
316 0 i141 -1e+00     -10 i135  0.832  2.0e-04  5e-23  16.338201  4.1e-02  8.3e-02  1.311e-10  3.916e-08  1.000e-06
317 0 i154 -1e+00     -10 i135  0.794  2.0e-04  5e-23  16.338201  4.1e-02  9.9e-02  1.525e-10  3.951e-08  1.000e-06
318 0 i154 -1e+00     -10 i135  0.836  2.0e-04  5e-23  16.338201  4.1e-02  9.9e-02  1.567e-10  3.972e-08  1.000e-06
319 0 i140 -1e+00     -10 i135  0.819  2.0e-04  6e-23  16.338201  4.1e-02  9.3e-02  1.477e-10  4.070e-08  1.000e-06
320 0 i154 -1e+00     -10 i135  0.776  2.0e-04  5e-23  16.338201  4.1e-02  1.0e-01  1.581e-10  4.062e-08  1.000e-06
321 0 i154 -1e+00     -10 i135  0.813  2.0e-04  3e-23  16.338201  4.1e-02  7.1e-02  1.101e-10  3.979e-08  1.000e-06
322 0 i153 -1e+00     -10 i135  0.717  2.0e-04  4e-23  16.338201  4.1e-02  9.0e-02  1.270e-10  4.034e-08  1.000e-06
323 0 i141 -1e+00     -10 i135  0.757  1.9e-04  2e-23  16.338201  4.1e-02  6.2e-02  8.569e-11  3.666e-08  1.000e-06
324 0 i153 -1e+00     -10 i135  0.724  1.9e-04  4e-23  16.338201  4.1e-02  8.5e-02  1.092e-10  3.509e-08  1.000e-06
325 0 i154 -1e+00     -10 i135  0.866  1.9e-04  3e-23  16.338201  4.1e-02  6.4e-02  9.025e-11  3.508e-08  1.000e-06
326 0 i153 -1e+00     -10 i135  0.791  1.9e-04  1e-22  16.338201  4.1e-02  7.8e-02  1.106e-10  3.548e-08  1.000e-06
327 0 i154 -1e+00     -10 i135  0.856  1.9e-04  8e-23  16.338201  4.1e-02  6.9e-02  1.032e-10  3.678e-08  1.000e-06
328 0 i154 -1e+00     -10 i135  0.806  1.9e-04  8e-23  16.338201  4.1e-02  8.6e-02  1.291e-10  3.770e-08  1.000e-06
329 0 i153 -1e+00     -10 i135  0.808  1.9e-04  7e-23  16.338201  4.1e-02  7.2e-02  1.088e-10  3.723e-08  1.000e-06
330 0 i154 -1e+00     -10 i135  0.742  1.9e-04  9e-23  16.338201  4.1e-02  9.9e-02  1.383e-10  3.617e-08  1.000e-06
331 0 i154 -1e+00     -10 i135  0.879  1.9e-04  7e-23  16.338201  4.1e-02  7.5e-02  1.160e-10  3.722e-08  1.000e-06
332 0 i141 -1e+00     -10 i135  0.840  2.0e-04  1e-22  16.338201  4.1e-02  9.3e-02  1.485e-10  3.951e-08  1.000e-06
333 0 i154 -1e+00     -10 i135  0.783  2.0e-04  7e-23  16.338201  4.1e-02  8.7e-02  1.333e-10  3.901e-08  1.000e-06
334 0 i154 -1e+00     -10 i135  0.762  1.9e-04  5e-23  16.338201  4.1e-02  7.6e-02  1.112e-10  3.810e-08  1.000e-06
335 0 i154 -1e+00     -10 i135  0.803  2.0e-04  5e-23  16.338201  4.1e-02  8.1e-02  1.200e-10  3.885e-08  1.000e-06
336 0 i154 -1e+00     -10 i135  0.740  1.9e-04  5e-23  16.338201  4.1e-02  9.1e-02  1.261e-10  3.657e-08  1.000e-06
337 0 i153 -1e+00     -10 i135  0.897  2.0e-04  3e-23  16.338201  4.1e-02  7.1e-02  1.102e-10  3.815e-08  1.000e-06
338 0 i154 -1e+00     -10 i135  0.764  1.9e-04  3e-23  16.338201  4.1e-02  8.0e-02  1.179e-10  3.770e-08  1.000e-06
339 0 i154 -1e+00     -10 i135  0.780  1.9e-04  6e-23  16.338201  4.1e-02  9.3e-02  1.336e-10  3.703e-08  1.000e-06
340 0 i140 -1e+00     -10 i135  0.844  1.9e-04  3e-23  16.338201  4.1e-02  7.5e-02  1.137e-10  3.737e-08  1.000e-06
341 0 i140 -1e+00     -10 i135  0.793  1.9e-04  3e-23  16.338201  4.1e-02  7.7e-02  1.153e-10  3.747e-08  1.000e-06
342 0 i154 -1e+00     -10 i135  0.818  2.0e-04  3e-23  16.338201  4.1e-02  7.3e-02  1.115e-10  3.840e-08  1.000e-06
343 0 i141 -1e+00     -10 i135  0.747  1.9e-04  4e-23  16.338201  4.1e-02  7.3e-02  1.041e-10  3.678e-08  1.000e-06
344 0 i154 -1e+00     -10 i135  0.818  1.9e-04  2e-23  16.338201  4.1e-02  5.9e-02  8.751e-11  3.666e-08  1.000e-06
345 0 i154 -1e+00     -10 i135  0.777  1.9e-04  4e-23  16.338201  4.1e-02  7.4e-02  1.078e-10  3.590e-08  1.000e-06
346 0 i141 -1e+00     -10 i135  0.815  1.9e-04  2e-23  16.338201  4.1e-02  5.5e-02  8.194e-11  3.501e-08  1.000e-06
347 0 i153 -1e+00     -10 i135  0.775  1.9e-04  3e-23  16.338201  4.1e-02  5.5e-02  7.927e-11  3.468e-08  1.000e-06
348 0 i140 -1e+00     -10 i135  0.811  1.9e-04  2e-23  16.338201  4.1e-02  5.5e-02  8.137e-11  3.553e-08  1.000e-06
349 0 i154 -1e+00     -10 i135  0.757  1.8e-04  2e-23  16.338201  4.1e-02  6.4e-02  9.035e-11  3.327e-08  1.000e-06
350 0 i154 -1e+00     -10 i135  0.908  1.8e-04  1e-23  16.338201  4.1e-02  4.4e-02  6.966e-11  3.419e-08  1.000e-06
351 0 i154 -1e+00     -10 i135  0.777  1.8e-04  2e-23  16.338201  4.1e-02  6.0e-02  9.205e-11  3.361e-08  1.000e-06
352 0 i154 -1e+00     -10 i135  0.844  1.9e-04  1e-23  16.338201  4.1e-02  5.1e-02  8.057e-11  3.478e-08  1.000e-06
353 0 i154 -1e+00     -10 i135  0.777  1.8e-04  2e-23  16.338201  4.1e-02  6.0e-02  9.161e-11  3.361e-08  1.000e-06
354 0 i140 -1e+00     -10 i135  0.859  1.9e-04  2e-23  16.338201  4.1e-02  5.4e-02  8.665e-11  3.457e-08  1.000e-06
355 0 i154 -1e+00     -10 i135  0.787  1.8e-04  2e-23  16.338201  4.1e-02  6.1e-02  9.404e-11  3.393e-08  1.000e-06
356 0 i140 -1e+00     -10 i135  0.853  1.9e-04  2e-23  16.338201  4.1e-02  5.9e-02  9.497e-11  3.444e-08  1.000e-06
357 0 i154 -1e+00     -10 i135  0.772  1.8e-04  2e-23  16.338201  4.1e-02  6.0e-02  9.267e-11  3.340e-08  1.000e-06
358 0 i154 -1e+00     -10 i135  0.854  1.8e-04  6e-23  16.338201  4.1e-02  7.4e-02  1.182e-10  3.423e-08  1.000e-06
359 0 i154 -1e+00     -10 i135  0.890  1.9e-04  8e-23  16.338201  4.1e-02  7.4e-02  1.268e-10  3.576e-08  1.000e-06
360 0 i154 -1e+00     -10 i135  0.815  1.9e-04  3e-23  16.338201  4.1e-02  5.5e-02  9.410e-11  3.694e-08  1.000e-06
361 0 i154 -1e+00     -10 i135  0.745  1.9e-04  3e-23  16.338201  4.1e-02  6.4e-02  1.001e-10  3.745e-08  1.000e-06
362 0 i154 -1e+00     -10 i135  0.733  1.9e-04  3e-23  16.338201  4.1e-02  6.5e-02  9.517e-11  3.449e-08  1.000e-06
363 0 i154 -1e+00     -10 i135  0.845  1.9e-04  2e-23  16.338201  4.1e-02  5.9e-02  9.014e-11  3.443e-08  1.000e-06
364 0 i154 -1e+00     -10 i135  0.774  1.8e-04  1e-23  16.338201  4.1e-02  4.6e-02  6.791e-11  3.315e-08  1.000e-06
365 0 i154 -1e+00     -10 i135  0.810  1.9e-04  1e-23  16.338201  4.1e-02  5.4e-02  8.087e-11  3.467e-08  1.000e-06
366 0 i154 -1e+00     -10 i135  0.785  1.8e-04  2e-23  16.338201  4.1e-02  6.8e-02  9.922e-11  3.346e-08  1.000e-06
367 0 i154 -1e+00     -10 i135  0.839  1.8e-04  1e-23  16.338201  4.1e-02  4.3e-02  6.506e-11  3.297e-08  1.000e-06
368 0 i154 -1e+00     -10 i135  0.793  1.8e-04  3e-23  16.338201  4.1e-02  7.2e-02  1.065e-10  3.421e-08  1.000e-06
369 0 i154 -1e+00     -10 i135  0.848  1.9e-04  2e-23  16.338201  4.1e-02  5.2e-02  8.138e-11  3.466e-08  1.000e-06
370 0 i154 -1e+00     -10 i135  0.791  1.9e-04  4e-23  16.338201  4.1e-02  6.9e-02  1.050e-10  3.519e-08  1.000e-06
371 0 i154 -1e+00     -10 i135  0.842  1.9e-04  4e-23  16.338201  4.1e-02  6.6e-02  1.046e-10  3.471e-08  1.000e-06
372 0 i154 -1e+00     -10 i135  0.852  1.9e-04  2e-23  16.338201  4.1e-02  4.9e-02  8.204e-11  3.609e-08  1.000e-06
373 0 i154 -1e+00     -10 i135  0.704  1.8e-04  3e-23  16.338201  4.1e-02  6.6e-02  9.550e-11  3.393e-08  1.000e-06
374 0 i154 -1e+00     -10 i135  0.821  1.8e-04  1e-23  16.338201  4.1e-02  4.8e-02  7.116e-11  3.324e-08  1.000e-06
375 0 i154 -1e+00     -10 i135  0.792  1.8e-04  2e-23  16.338201  4.1e-02  6.0e-02  8.721e-11  3.277e-08  1.000e-06
376 0 i154 -1e+00     -10 i135  0.823  1.8e-04  3e-23  16.338201  4.1e-02  7.0e-02  1.040e-10  3.205e-08  1.000e-06
377 0 i140 -1e+00     -10 i135  0.886  1.8e-04  2e-23  16.338201  4.1e-02  4.9e-02  7.770e-11  3.291e-08  1.000e-06
378 0 i154 -1e+00     -10 i135  0.822  1.9e-04  3e-23  16.338201  4.1e-02  5.8e-02  9.314e-11  3.507e-08  1.000e-06
379 0 i154 -1e+00     -10 i135  0.758  1.8e-04  3e-23  16.338201  4.1e-02  6.4e-02  9.680e-11  3.305e-08  1.000e-06
380 0 i140 -1e+00     -10 i135  0.872  1.9e-04  2e-23  16.338201  4.1e-02  4.9e-02  7.974e-11  3.443e-08  1.000e-06
381 0 i141 -1e+00     -10 i135  0.785  1.9e-04  2e-23  16.338201  4.1e-02  6.0e-02  9.362e-11  3.467e-08  1.000e-06
382 0 i154 -1e+00     -10 i135  0.831  1.8e-04  3e-23  16.338201  4.1e-02  6.0e-02  9.584e-11  3.387e-08  1.000e-06
383 0 i141 -1e+00     -10 i135  0.842  1.8e-04  4e-23  16.338201  4.1e-02  7.5e-02  1.212e-10  3.382e-08  1.000e-06
384 0 i140 -1e+00     -10 i135  0.859  1.9e-04  3e-23  16.338201  4.1e-02  6.2e-02  1.042e-10  3.468e-08  1.000e-06
385 0 i154 -1e+00     -10 i135  0.822  1.9e-04  5e-23  16.338201  4.1e-02  7.4e-02  1.233e-10  3.656e-08  1.000e-06
386 0 i154 -1e+00     -10 i135  0.849  1.9e-04  5e-23  16.338201  4.1e-02  7.6e-02  1.317e-10  3.804e-08  1.000e-06
387 0 i154 -1e+00     -10 i135  0.789  1.9e-04  3e-23  16.338201  4.1e-02  7.1e-02  1.181e-10  3.665e-08  1.000e-06
388 0 i140 -1e+00     -10 i135  0.762  1.9e-04  2e-23  16.338201  4.1e-02  5.4e-02  8.511e-11  3.549e-08  1.000e-06
389 0 i154 -1e+00     -10 i135  0.776  1.9e-04  3e-23  16.338201  4.1e-02  7.5e-02  1.125e-10  3.566e-08  1.000e-06
390 0 i154 -1e+00     -10 i135  0.831  1.9e-04  2e-23  16.338201  4.1e-02  5.1e-02  8.101e-11  3.526e-08  1.000e-06
391 0 i154 -1e+00     -10 i135  0.776  1.9e-04  4e-23  16.338201  4.1e-02  7.1e-02  1.066e-10  3.459e-08  1.000e-06
392 0 i154 -1e+00     -10 i135  0.836  1.9e-04  2e-23  16.338201  4.1e-02  6.2e-02  9.621e-11  3.492e-08  1.000e-06
393 0 i154 -1e+00     -10 i135  0.809  1.9e-04  2e-23  16.338201  4.1e-02  6.5e-02  1.009e-10  3.514e-08  1.000e-06
394 0 i154 -1e+00     -10 i135  0.809  1.9e-04  8e-24  16.338201  4.1e-02  4.0e-02  6.378e-11  3.468e-08  1.000e-06
395 0 i154 -1e+00     -10 i135  0.745  1.9e-04  2e-23  16.338201  4.1e-02  6.2e-02  9.060e-11  3.467e-08  1.000e-06
396 0 i154 -1e+00     -10 i135  0.819  1.8e-04  2e-23  16.338201  4.1e-02  6.2e-02  9.314e-11  3.355e-08  1.000e-06
397 0 i140 -1e+00     -10 i135  0.841  1.8e-04  8e-24  16.338201  4.1e-02  3.7e-02  5.877e-11  3.338e-08  1.000e-06
398 0 i154 -1e+00     -10 i135  0.790  1.8e-04  3e-23  16.338201  4.1e-02  7.0e-02  1.054e-10  3.415e-08  1.000e-06
399 0 i154 -1e+00     -10 i135  0.818  1.8e-04  1e-23  16.338201  4.1e-02  5.3e-02  8.185e-11  3.305e-08  1.000e-06
400 0 i154 -1e+00     -10 i135  0.813  1.8e-04  1e-23  16.338201  4.1e-02  5.2e-02  8.005e-11  3.401e-08  1.000e-06
401 0 i154 -1e+00     -10 i135  0.808  1.8e-04  2e-23  16.338201  4.1e-02  6.8e-02  1.039e-10  3.422e-08  1.000e-06
402 0 i154 -1e+00     -10 i135  0.829  1.8e-04  3e-23  16.338201  4.1e-02  6.6e-02  1.028e-10  3.389e-08  1.000e-06
403 0 i153 -1e+00     -10 i135  0.883  1.9e-04  3e-23  16.338201  4.1e-02  6.4e-02  1.074e-10  3.614e-08  1.000e-06
404 0 i154 -1e+00     -10 i135  0.778  1.9e-04  2e-23  16.338201  4.1e-02  5.6e-02  9.018e-11  3.608e-08  1.000e-06
405 0 i154 -1e+00     -10 i135  0.755  1.9e-04  3e-23  16.338201  4.1e-02  6.5e-02  9.777e-11  3.531e-08  1.000e-06
406 0 i154 -1e+00     -10 i135  0.785  1.8e-04  2e-23  16.338201  4.1e-02  5.8e-02  8.476e-11  3.375e-08  1.000e-06
407 0 i154 -1e+00     -10 i135  0.812  1.8e-04  9e-24  16.338201  4.1e-02  4.0e-02  6.050e-11  3.327e-08  1.000e-06
408 0 i154 -1e+00     -10 i135  0.773  1.8e-04  1e-23  16.338201  4.1e-02  4.7e-02  6.853e-11  3.289e-08  1.000e-06
409 0 i140 -1e+00     -10 i135  0.845  1.8e-04  1e-23  16.338201  4.1e-02  4.8e-02  7.359e-11  3.314e-08  1.000e-06
410 0 i154 -1e+00     -10 i135  0.795  1.8e-04  5e-24  16.338201  4.1e-02  2.8e-02  4.427e-11  3.223e-08  1.000e-06
411 0 i154 -1e+00     -10 i135  0.759  1.8e-04  8e-24  16.338201  4.1e-02  4.1e-02  6.028e-11  3.171e-08  1.000e-06
412 0 i154 -1e+00     -10 i135  0.812  1.8e-04  1e-23  16.338201  4.1e-02  4.1e-02  6.176e-11  3.157e-08  1.000e-06
413 0 i141 -1e+00     -10 i135  0.840  1.8e-04  9e-24  16.338201  4.1e-02  3.5e-02  5.428e-11  3.182e-08  1.000e-06
414 0 i154 -1e+00     -10 i135  0.852  1.8e-04  2e-23  16.338201  4.1e-02  4.8e-02  7.810e-11  3.212e-08  1.000e-06
415 0 i154 -1e+00     -10 i135  0.872  1.8e-04  2e-23  16.338201  4.1e-02  5.0e-02  8.521e-11  3.300e-08  1.000e-06
416 0 i154 -1e+00     -10 i135  0.825  1.8e-04  1e-23  16.338201  4.1e-02  3.5e-02  5.991e-11  3.288e-08  1.000e-06
417 0 i154 -1e+00     -10 i135  0.807  1.8e-04  2e-23  16.338201  4.1e-02  5.2e-02  8.654e-11  3.370e-08  1.000e-06
418 0 i154 -1e+00     -10 i135  0.768  1.8e-04  2e-23  16.338201  4.1e-02  5.3e-02  8.335e-11  3.189e-08  1.000e-06
419 0 i154 -1e+00     -10 i135  0.839  1.8e-04  7e-24  16.338201  4.1e-02  3.3e-02  5.507e-11  3.240e-08  1.000e-06
420 0 i154 -1e+00     -10 i135  0.767  1.8e-04  2e-23  16.338201  4.1e-02  6.1e-02  9.189e-11  3.201e-08  1.000e-06
421 0 i154 -1e+00     -10 i135  0.882  1.8e-04  8e-24  16.338201  4.1e-02  3.8e-02  6.211e-11  3.267e-08  1.000e-06
422 0 i154 -1e+00     -10 i135  0.781  1.8e-04  1e-23  16.338201  4.1e-02  4.7e-02  7.454e-11  3.170e-08  1.000e-06
423 0 i154 -1e+00     -10 i135  0.863  1.8e-04  8e-24  16.338201  4.1e-02  3.5e-02  5.851e-11  3.269e-08  1.000e-06
424 0 i154 -1e+00     -10 i135  0.774  1.8e-04  2e-23  16.338201  4.1e-02  5.7e-02  8.896e-11  3.177e-08  1.000e-06
425 0 i154 -1e+00     -10 i135  0.851  1.8e-04  1e-23  16.338201  4.1e-02  4.3e-02  6.953e-11  3.175e-08  1.000e-06
426 0 i154 -1e+00     -10 i135  0.863  1.8e-04  2e-23  16.338201  4.1e-02  5.1e-02  8.607e-11  3.300e-08  1.000e-06
427 0 i154 -1e+00     -10 i135  0.872  1.8e-04  3e-23  16.338201  4.1e-02  5.1e-02  9.126e-11  3.430e-08  1.000e-06
428 0 i154 -1e+00     -10 i135  0.837  1.9e-04  3e-23  16.338201  4.1e-02  5.5e-02  9.864e-11  3.507e-08  1.000e-06
429 0 i154 -1e+00     -10 i135  0.840  1.9e-04  3e-23  16.338201  4.1e-02  4.9e-02  8.931e-11  3.582e-08  1.000e-06
430 0 i141 -1e+00     -10 i135  0.753  1.9e-04  3e-23  16.338201  4.1e-02  6.0e-02  9.902e-11  3.497e-08  1.000e-06
431 0 i154 -1e+00     -10 i135  0.774  1.8e-04  5e-23  16.338201  4.1e-02  7.4e-02  1.177e-10  3.376e-08  1.000e-06
432 0 i154 -1e+00     -10 i135  0.868  1.8e-04  1e-23  16.338201  4.1e-02  3.7e-02  6.314e-11  3.312e-08  1.000e-06
433 0 i154 -1e+00     -10 i135  0.791  1.8e-04  3e-23  16.338201  4.1e-02  6.3e-02  1.005e-10  3.385e-08  1.000e-06
434 0 i154 -1e+00     -10 i135  0.820  1.8e-04  2e-23  16.338201  4.1e-02  5.1e-02  8.273e-11  3.346e-08  1.000e-06
435 0 i153 -1e+00     -10 i135  0.787  1.8e-04  4e-23  16.338201  4.1e-02  7.6e-02  1.187e-10  3.278e-08  1.000e-06
436 0 i141 -1e+00     -10 i135  0.887  1.8e-04  1e-23  16.338201  4.1e-02  4.8e-02  7.989e-11  3.371e-08  1.000e-06
437 0 i154 -1e+00     -10 i135  0.800  1.9e-04  4e-23  16.338201  4.1e-02  7.1e-02  1.145e-10  3.467e-08  1.000e-06
438 0 i154 -1e+00     -10 i135  0.806  1.8e-04  3e-23  16.338201  4.1e-02  4.5e-02  7.310e-11  3.371e-08  1.000e-06
439 0 i154 -1e+00     -10 i135  0.752  1.8e-04  3e-23  16.338201  4.1e-02  6.8e-02  1.005e-10  3.276e-08  1.000e-06
440 0 i154 -1e+00     -10 i135  0.885  1.8e-04  1e-23  16.338201  4.1e-02  4.2e-02  6.949e-11  3.360e-08  1.000e-06
441 0 i154 -1e+00     -10 i135  0.778  1.8e-04  1e-23  16.338201  4.1e-02  4.2e-02  6.683e-11  3.292e-08  1.000e-06
442 0 i154 -1e+00     -10 i135  0.795  1.8e-04  2e-23  16.338201  4.1e-02  5.7e-02  8.734e-11  3.249e-08  1.000e-06
443 0 i153 -1e+00     -10 i135  0.826  1.8e-04  2e-23  16.338201  4.1e-02  5.7e-02  8.840e-11  3.168e-08  1.000e-06
444 0 i154 -1e+00     -10 i135  0.892  1.8e-04  3e-23  16.338201  4.1e-02  5.0e-02  8.497e-11  3.359e-08  1.000e-06
445 0 i154 -1e+00     -10 i135  0.804  1.8e-04  4e-23  16.338201  4.1e-02  6.3e-02  1.038e-10  3.412e-08  1.000e-06
446 0 i154 -1e+00     -10 i135  0.821  1.8e-04  3e-23  16.338201  4.1e-02  5.8e-02  9.610e-11  3.409e-08  1.000e-06
447 0 i154 -1e+00     -10 i135  0.811  1.8e-04  2e-23  16.338201  4.1e-02  4.6e-02  7.485e-11  3.364e-08  1.000e-06
448 0 i154 -1e+00     -10 i135  0.841  1.9e-04  3e-23  16.338201  4.1e-02  5.7e-02  9.435e-11  3.471e-08  1.000e-06
449 0 i140 -1e+00     -10 i135  0.794  1.8e-04  6e-24  16.338201  4.1e-02  2.8e-02  4.743e-11  3.322e-08  1.000e-06
450 0 i153 -1e+00     -10 i135  0.737  1.8e-04  9e-24  16.338201  4.1e-02  4.3e-02  6.377e-11  3.210e-08  1.000e-06
451 0 i154 -1e+00     -10 i135  0.825  1.8e-04  1e-23  16.338201  4.1e-02  4.0e-02  6.157e-11  3.144e-08  1.000e-06
452 0 i154 -1e+00     -10 i135  0.831  1.8e-04  6e-24  16.338201  4.1e-02  3.4e-02  5.469e-11  3.082e-08  1.000e-06
453 0 i154 -1e+00     -10 i135  0.831  1.8e-04  2e-23  16.338201  4.1e-02  5.2e-02  8.152e-11  3.095e-08  1.000e-06
454 0 i154 -1e+00     -10 i135  0.917  1.8e-04  2e-23  16.338201  4.1e-02  4.4e-02  7.606e-11  3.181e-08  1.000e-06
455 0 i140 -1e+00     -10 i135  0.848  1.8e-04  7e-24  16.338201  4.1e-02  3.3e-02  5.903e-11  3.292e-08  1.000e-06
456 0 i154 -1e+00     -10 i135  0.777  1.8e-04  3e-23  16.338201  4.1e-02  6.0e-02  9.841e-11  3.362e-08  1.000e-06
457 0 i154 -1e+00     -10 i135  0.862  1.8e-04  2e-23  16.338201  4.1e-02  5.0e-02  8.749e-11  3.346e-08  1.000e-06
458 0 i140 -1e+00     -10 i135  0.806  1.8e-04  2e-23  16.338201  4.1e-02  4.4e-02  7.481e-11  3.326e-08  1.000e-06
459 0 i154 -1e+00     -10 i135  0.789  1.8e-04  3e-23  16.338201  4.1e-02  6.4e-02  1.045e-10  3.278e-08  1.000e-06
460 0 i154 -1e+00     -10 i135  0.840  1.8e-04  1e-23  16.338201  4.1e-02  3.8e-02  6.354e-11  3.272e-08  1.000e-06
461 0 i153 -1e+00     -10 i135  0.788  1.8e-04  3e-23  16.338201  4.1e-02  5.9e-02  9.325e-11  3.223e-08  1.000e-06
462 0 i154 -1e+00     -10 i135  0.857  1.8e-04  2e-23  16.338201  4.1e-02  4.8e-02  8.004e-11  3.269e-08  1.000e-06
463 0 i154 -1e+00     -10 i135  0.844  1.8e-04  1e-23  16.338201  4.1e-02  3.7e-02  6.413e-11  3.267e-08  1.000e-06
464 0 i154 -1e+00     -10 i135  0.788  1.8e-04  2e-23  16.338201  4.1e-02  4.8e-02  7.825e-11  3.280e-08  1.000e-06
465 0 i154 -1e+00     -10 i135  0.832  1.8e-04  1e-23  16.338201  4.1e-02  3.6e-02  6.035e-11  3.314e-08  1.000e-06
466 0 i154 -1e+00     -10 i135  0.764  1.8e-04  2e-23  16.338201  4.1e-02  5.4e-02  8.467e-11  3.174e-08  1.000e-06
467 0 i141 -1e+00     -10 i135  0.864  1.8e-04  2e-23  16.338201  4.1e-02  4.2e-02  6.997e-11  3.165e-08  1.000e-06
468 0 i154 -1e+00     -10 i135  0.840  1.8e-04  2e-23  16.338201  4.1e-02  4.2e-02  7.021e-11  3.220e-08  1.000e-06
469 0 i154 -1e+00     -10 i135  0.819  1.8e-04  2e-23  16.338201  4.1e-02  5.6e-02  9.314e-11  3.283e-08  1.000e-06
470 0 i154 -1e+00     -10 i135  0.825  1.8e-04  1e-23  16.338201  4.1e-02  4.5e-02  7.536e-11  3.250e-08  1.000e-06
471 0 i140 -1e+00     -10 i135  0.828  1.8e-04  2e-23  16.338201  4.1e-02  5.4e-02  9.027e-11  3.395e-08  1.000e-06
472 0 i154 -1e+00     -10 i135  0.830  1.8e-04  1e-23  16.338201  4.1e-02  3.7e-02  6.255e-11  3.346e-08  1.000e-06
473 0 i154 -1e+00     -10 i135  0.775  1.8e-04  2e-23  16.338201  4.1e-02  5.0e-02  8.069e-11  3.251e-08  1.000e-06
474 0 i154 -1e+00     -10 i135  0.844  1.8e-04  1e-23  16.338201  4.1e-02  4.4e-02  7.317e-11  3.174e-08  1.000e-06
475 0 i154 -1e+00     -10 i135  0.843  1.8e-04  1e-23  16.338201  4.1e-02  3.4e-02  5.858e-11  3.298e-08  1.000e-06
476 0 i154 -1e+00     -10 i135  0.773  1.8e-04  1e-23  16.338201  4.1e-02  3.9e-02  6.262e-11  3.195e-08  1.000e-06
477 0 i140 -1e+00     -10 i135  0.825  1.8e-04  1e-23  16.338201  4.1e-02  3.6e-02  5.920e-11  3.178e-08  1.000e-06
478 0 i140 -1e+00     -10 i135  0.781  1.7e-04  8e-24  16.338201  4.1e-02  3.6e-02  5.693e-11  3.049e-08  1.000e-06
479 0 i154 -1e+00     -10 i135  0.808  1.7e-04  3e-23  16.338201  4.1e-02  5.9e-02  8.985e-11  2.994e-08  1.000e-06
480 0 i154 -1e+00     -10 i135  0.928  1.8e-04  6e-24  16.338201  4.1e-02  2.7e-02  4.859e-11  3.127e-08  1.000e-06
481 0 i154 -1e+00     -10 i135  0.786  1.8e-04  2e-23  16.338201  4.1e-02  4.8e-02  7.798e-11  3.165e-08  1.000e-06
482 0 i154 -1e+00     -10 i135  0.846  1.8e-04  8e-24  16.338201  4.1e-02  3.3e-02  5.589e-11  3.174e-08  1.000e-06
483 0 i141 -1e+00     -10 i135  0.816  1.8e-04  1e-23  16.338201  4.1e-02  4.5e-02  7.450e-11  3.128e-08  1.000e-06
484 0 i154 -1e+00     -10 i135  0.828  1.8e-04  2e-23  16.338201  4.1e-02  5.4e-02  8.905e-11  3.098e-08  1.000e-06
485 0 i154 -1e+00     -10 i135  0.926  1.8e-04  1e-23  16.338201  4.1e-02  4.0e-02  7.371e-11  3.206e-08  1.000e-06
486 0 i154 -1e+00     -10 i135  0.847  1.8e-04  3e-23  16.338201  4.1e-02  6.0e-02  1.100e-10  3.300e-08  1.000e-06
487 0 i141 -1e+00     -10 i135  0.874  1.8e-04  2e-23  16.338201  4.1e-02  5.3e-02  1.001e-10  3.417e-08  1.000e-06
488 0 i141 -1e+00     -10 i135  0.802  1.9e-04  2e-23  16.338201  4.1e-02  5.2e-02  9.505e-11  3.434e-08  1.000e-06
489 0 i153 -1e+00     -10 i135  0.797  1.8e-04  1e-23  16.338201  4.1e-02  4.5e-02  7.882e-11  3.378e-08  1.000e-06
490 0 i154 -1e+00     -10 i135  0.755  1.8e-04  2e-23  16.338201  4.1e-02  6.5e-02  1.043e-10  3.270e-08  1.000e-06
491 0 i154 -1e+00     -10 i135  0.865  1.8e-04  9e-24  16.338201  4.1e-02  3.9e-02  6.587e-11  3.232e-08  1.000e-06
492 0 i153 -1e+00     -10 i135  0.793  1.8e-04  3e-23  16.338201  4.1e-02  6.3e-02  1.026e-10  3.222e-08  1.000e-06
493 0 i154 -1e+00     -10 i135  0.874  1.8e-04  6e-24  16.338201  4.1e-02  3.0e-02  5.203e-11  3.268e-08  1.000e-06
494 0 i154 -1e+00     -10 i135  0.746  1.8e-04  2e-23  16.338201  4.1e-02  5.3e-02  8.346e-11  3.201e-08  1.000e-06
495 0 i154 -1e+00     -10 i135  0.872  1.8e-04  7e-24  16.338201  4.1e-02  3.0e-02  5.151e-11  3.301e-08  1.000e-06
496 0 i154 -1e+00     -10 i135  0.775  1.8e-04  2e-23  16.338201  4.1e-02  5.0e-02  7.970e-11  3.173e-08  1.000e-06
497 0 i154 -1e+00     -10 i135  0.873  1.8e-04  5e-24  16.338201  4.1e-02  2.5e-02  4.413e-11  3.219e-08  1.000e-06
498 0 i141 -1e+00     -10 i135  0.793  1.8e-04  1e-23  16.338201  4.1e-02  3.8e-02  6.294e-11  3.201e-08  1.000e-06
499 0 i154 -1e+00     -10 i135  0.816  1.8e-04  1e-23  16.338201  4.1e-02  3.8e-02  6.243e-11  3.144e-08  1.000e-06
Computing done
